Loading openmpi-geib-cuda10.2-intel/4.0.5
  Loading requirement: hpcx/2.10 intel/psxe/intel64/2020.4
    cuda10.2/toolkit/10.2.89
 MPI INITIALIZED
 PARSERING OF USER INPUT
 rows in Input          23
 WARNING: MAXIMUM IMPACT PARAMETER SHOULD BE SMALLER THAN RMAX
 MAXIMUM IMPACT PARAMETER WAS SET TO RMAX NOW
 ARRAY_INI_STARTED
 STATES_SIZE_FOUND          35
 number_of_channels           9
 jmax_included           2
 BASIS ARRAYS CREATED
ARRAYS ALLOCATION TOOK TIME, s =             0.000
 TOTAL_SIZE_OF_M =          147
  MAKING AN EQUIDIST GRID	
THE SIZE OF THE Mij COMPUTED BY EACH PROCESSOR= 147
 MATRIX_INI_STARTED
 COMPUTING MATRIX ELEMENTS STARTED
 THE GRID INI
 Using Equidistant Grid for Angle Gamma

 GAUSS-LEGENDRE GRID DONE
           1  -12.181442594954420     
           2  -9.2215935689950204     
           1  -9.2595904653246723     
           2  -9.0252000367550753     
           1   1.6891056695694795E-015
           2  -2.3538029164660301E-016
           1  -18.025146854260694     
           2  -9.6143806335103505     
           1  -9.2595904653246723     
           2  -9.0252000367550753     
           1   5.4863611483740859E-015
           2  -3.3207757290515394E-016
           1  -12.224117269172368     
           2  -9.1251201643633006     
           1  -5.4366310304723058     
           2  0.71629886070794746     
           1  -1.0493992827487197E-015
           2  -1.9660651145309016E-016
           1  -12.096093246518564     
           2  -9.4145403782584829     
           1  -3.5584057402060498E-015
           2   7.7065768046627459E-016
           1  -12.224117269172369     
           2  -9.1251201643633024     
           1  -4.7082605833978093     
           2  0.62033301007572650     
           1   1.1764948824183330E-015
           2   1.0083961118380336E-015
           1  -15.060620050397375     
           2  -9.5144605058904315     
           1  -5.1306717135735871E-015
           2   6.7408726452486668E-016
           1   5.4622262117738590E-030
           2   3.7305022281537710E-030
           1  -5.3234681294104109E-015
           2  -6.6991828446244253E-016
           1  -6.4230876841153091     
           2  -8.6358596952396169     
           1   4.7082605833978093     
           2 -0.62033301007572694     
           1   3.5306772696447331E-015
           2  -2.0937976829768501E-016
           1  -15.060620050397372     
           2  -9.5144605058904315     
           1  -7.7634900498415140     
           2  -8.8601619954086068     
           1   1.7203577971913742E-015
           2   8.3727512770193080E-017
           1  -3.7898034580475106     
           2  0.54643108468911272     
           1  -4.2925190311959849E-015
           2   1.7206288477344955E-016
           1  -13.565265865929872     
           2  -9.4161814996085891     
           1   5.9674555104272873     
           2  0.36581193247588945     
           1  -6.8768233295324332E-016
           2   6.3089724416931503E-016
           1 -0.90499461369661727     
           2   3.7642265563572905E-002
           1  -7.9174075316481547E-016
           2   3.2032996540835183E-017
           1  -18.249701143212540     
           2  -9.5552808549280073     
           1   1.0818169277060363E-015
           2  -1.8656408883044318E-016
           1  -3.7898034580475111     
           2  0.54643108468911106     
           1  -2.1363661707740622E-015
           2   8.0426117154974719E-016
           1  -13.565265865929872     
           2  -9.4161814996085909     
           1  -7.7634900498415131     
           2  -8.8601619954086068     
           1   2.1867544667403260E-015
           2  -2.7962929281116766E-016
           1  -7.8098885780621616     
           2  -8.8174196671601699     
           1  -2.2895581072249818     
           2  0.23953888348321242     
           1  -1.1027149245806944E-015
           2  -3.0040531694142114E-016
           1   3.8271876469160504     
           2  0.12899633007427291     
           1  -1.8756697583999227E-017
           2  -9.5409791178724390E-017
           1  -15.271771385464671     
           2  -9.3739544919754376     
           1  -7.6907881105259257E-016
           2   2.1570202221599111E-016
           1  -6.5623597516654115     
           2  0.97221326263514651     
           1  -6.1321390673607645E-015
           2   1.2961636972064206E-016
           1  -1.6258700590517045E-030
           2   1.0236317654418159E-031
           1   1.7973361514378450E-015
           2   1.0768838078212273E-016
           1  -14.743893047796401     
           2  -9.7252195267629240     
           1  -2.2895581072249822     
           2  0.23953888348321209     
           1   1.5365042137921447E-015
           2  -2.6834003769016235E-018
           1  -3.8271876469160531     
           2 -0.12899633007427369     
           1  -2.9108659926890823E-015
           2   3.5174228980860978E-016
           1  -15.271771385464675     
           2  -9.3739544919754376     
           1  -7.1600711470942713E-016
           2   1.4104115011320806E-016
           1  -7.8098885780621643     
           2  -8.8174196671601699     
           1   4.1053920117811549     
           2 -0.49700207700312349     
           1  -2.2876123738357901E-015
           2   2.8797764953930605E-016
           1  -12.097007012928374     
           2  -9.3462681148953450     
           1  -7.3652564082371530E-016
           2  -3.0173346460271588E-016
           1   7.4890969912762291     
           2  0.63163254963922555     
           1   4.4658829585764170E-015
           2  -8.5760391843603401E-017
           1   4.1717931411603502     
           2 -0.63745214052704646     
           1   1.8158489035330350E-015
           2   1.0452115518574945E-015
           1  -12.305811552046615     
           2  -9.2052624086119454     
           1  -5.4035978558768549E-018
           2   3.7882217324271206E-017
           1   2.5159623919285783E-015
           2  -3.7477185227143380E-016
           1   5.6656023241587542E-016
           2  -7.8261555763375415E-017
           1   2.5670327075893370E-015
           2   8.0064257400718291E-017
           1   2.0047038304585164E-015
           2   9.9497619788740303E-016
           1   1.4752917136467206E-015
           2   5.6666988739194057E-016
           1  -12.101575844900049     
           2  -9.0049067980194941     
           1   2.6196763942137880E-015
           2   9.7171619709013335E-017
           1  -7.4890969912762273     
           2 -0.63163254963922599     
           1  -7.0037834039304858E-015
           2  -1.0913579068239088E-015
           1  -4.1717931411603475     
           2  0.63745214052704757     
           1   2.3895544831037396E-015
           2  -3.4855744592693361E-016
           1  -12.305811552046617     
           2  -9.2052624086119472     
           1  -4.1053920117811522     
           2  0.49700207700312371     
           1  -2.2941717969793274E-016
           2   6.0769531767812524E-017
           1  -12.097007012928374     
           2  -9.3462681148953415     
           1  -1.0685517141256762E-014
           2  -2.0734282346612787E-015
           1  -3.7553246205901982     
           2  0.48585021740287909     
           1   4.0668775855637329E-014
           2  -6.4385888114137924E-015
           1  -16.394752204795491     
           2  -9.4994148952508954     
           1  -3.6619093443649682     
           2 -0.50263621956535443     
           1   3.3670115306971837E-014
           2  -4.4759118286719080E-015
           1  -4.0493945594519518     
           2  0.60947814096641773     
           1   6.5511289969177877E-015
           2   2.3272670682944474E-015
           1 -0.33645173114928290     
           2   6.2187915320452564E-002
           1   6.7071727945927639E-015
           2   8.1938579185591998E-017
           1  -9.9374648038947413     
           2  -9.0922759252893179     
           1   4.0972856133933907E-014
           2   4.9070560874378851E-015
           1   7.4302377254459559E-030
           2   4.3032978677388398E-030
           1   3.6308561357727442E-014
           2  -5.4741180374358371E-015
           1  -3.5142336033965349     
           2  0.33145967295992296     
           1   1.4277268647023345E-014
           2   1.7382472493776525E-015
           1  -2.4312939617944465E-030
           2   1.4045036712438356E-029
           1   8.8172480288310081E-016
           2   2.2959552314672162E-016
           1  -8.2427789574695662     
           2  -8.9245862039536821     
           1   3.6619093443649682     
           2  0.50263621956535487     
           1   3.6314918086532977E-014
           2  -3.9812445874753966E-015
           1  -4.0493945594519527     
           2  0.60947814096641595     
           1  -7.2392179056857131E-016
           2   1.6504538621203713E-015
           1  0.33645173114928356     
           2  -6.2187915320452092E-002
           1  -7.2391365905227767E-015
           2  -3.3699714026280692E-016
           1  -9.9374648038947484     
           2  -9.0922759252893162     
           1  -7.2208948889707081E-015
           2  -1.8552325474485709E-015
           1   3.7553246205901987     
           2 -0.48585021740287926     
           1  -4.2536558043232420E-014
           2   5.7229611674647352E-015
           1  -16.394752204795491     
           2  -9.4994148952508919     
           1  -1.0398466048141939     
           2 -0.24343882692208213     
           1   3.8716696949131491E-014
           2  -4.6006763936706774E-015
           1   4.4438468104941782     
           2 -0.64913711123658013     
           1  -5.1933013011512541E-015
           2  -9.1075015367855783E-016
           1  -16.842075129182764     
           2  -9.5847031722897302     
           1   3.0272307013565203E-014
           2   4.6497771995571147E-015
           1   3.4345420720625919     
           2 -0.40064649504498651     
           1   4.1902977398686203E-014
           2  -5.7666816200702131E-015
           1  0.26324995400096235     
           2  0.16004213422959707     
           1   1.9350027222891919E-015
           2  -6.3249644237373115E-016
           1  0.75490755499107143     
           2   2.7821216208514049E-002
           1   1.4248856001347621E-015
           2   9.1544610433813567E-016
           1  -9.8268993674772762     
           2  -9.0202935195196741     
           1   4.5260528183851223     
           2  0.55828030309822751     
           1  -3.0466081046842675E-017
           2   9.5333897026650405E-016
           1   3.6427016588696435     
           2 -0.56978052646559552     
           1   3.5439567012666172E-014
           2  -3.5577672755208682E-015
           1   1.5531933016391422     
           2  0.16679338539456817     
           1  -3.6935515410063680E-015
           2  -5.4952787112427792E-016
           1  -1.1962992920378883E-015
           2  -1.1870114082737214E-015
           1   6.4295352346942225E-015
           2   4.6545901688006198E-016
           1  -7.5692639814315239     
           2  -8.8979744613408354     
           1  -3.6743232154773375E-014
           2  -4.6539513779211839E-015
           1   3.4345420720625919     
           2 -0.40064649504498651     
           1   3.8473700137223177E-014
           2  -6.0184536933120814E-015
           1  0.26324995400096196     
           2  0.16004213422959734     
           1  -4.9710398557917257E-015
           2   3.4695824772251749E-016
           1 -0.75490755499107420     
           2  -2.7821216208515801E-002
           1   7.3145699566734557E-016
           2   9.6296126454731290E-016
           1  -9.8268993674772780     
           2  -9.0202935195196758     
           1  -1.0398466048141934     
           2 -0.24343882692208224     
           1  -3.3041223836821620E-014
           2   5.0097187682951461E-015
           1  -4.4438468104941817     
           2  0.64913711123658080     
           1  -3.1266493300680098E-015
           2  -4.0081599064073492E-017
           1  -16.842075129182764     
           2  -9.5847031722897285     
 SPLINING OF Mij STARTED
 SPLINING OF Mij FINISHED
 SYSTEM_SETUP_DONE
MATRIX HAS BEEN SAVED INTO THE FILE  "   MTRX.DAT "
TIME SPENT ON MATRIX Mij READING/COMPUTING/SAVING ON DISK ,s       0.4
        TIME SPENT ON MATRIX Mij SAVING ON DISK ,s       0.0
 ALL WORK ON MATRIX IS DONE
Note: The following floating-point exceptions are signalling: IEEE_DENORMAL

real	0m1.463s
user	0m0.272s
sys	0m0.178s
