 MPI INITIALIZED
 PARSERING OF USER INPUT
 WARNING: MAXIMUM IMPACT PARAMETER SHOULD BE SMALLER THAN RMAX
 MAXIMUM IMPACT PARAMETER WAS SET TO RMAX NOW
 WARNING: MAXIMUM IMPACT PARAMETER SHOULD BE SMALLER THAN RMAX
 MAXIMUM IMPACT PARAMETER WAS SET TO RMAX NOW
 WARNING: MAXIMUM IMPACT PARAMETER SHOULD BE SMALLER THAN RMAX
 MAXIMUM IMPACT PARAMETER WAS SET TO RMAX NOW
 WARNING: MAXIMUM IMPACT PARAMETER SHOULD BE SMALLER THAN RMAX
 MAXIMUM IMPACT PARAMETER WAS SET TO RMAX NOW
 WARNING: MAXIMUM IMPACT PARAMETER SHOULD BE SMALLER THAN RMAX
 MAXIMUM IMPACT PARAMETER WAS SET TO RMAX NOW
 WARNING: MAXIMUM IMPACT PARAMETER SHOULD BE SMALLER THAN RMAX
 MAXIMUM IMPACT PARAMETER WAS SET TO RMAX NOW
 WARNING: MAXIMUM IMPACT PARAMETER SHOULD BE SMALLER THAN RMAX
 MAXIMUM IMPACT PARAMETER WAS SET TO RMAX NOW
 WARNING: MAXIMUM IMPACT PARAMETER SHOULD BE SMALLER THAN RMAX
 MAXIMUM IMPACT PARAMETER WAS SET TO RMAX NOW
 WARNING: MAXIMUM IMPACT PARAMETER SHOULD BE SMALLER THAN RMAX
 MAXIMUM IMPACT PARAMETER WAS SET TO RMAX NOW
 WARNING: MAXIMUM IMPACT PARAMETER SHOULD BE SMALLER THAN RMAX
 MAXIMUM IMPACT PARAMETER WAS SET TO RMAX NOW
 WARNING: MAXIMUM IMPACT PARAMETER SHOULD BE SMALLER THAN RMAX
 MAXIMUM IMPACT PARAMETER WAS SET TO RMAX NOW
 WARNING: MAXIMUM IMPACT PARAMETER SHOULD BE SMALLER THAN RMAX
 MAXIMUM IMPACT PARAMETER WAS SET TO RMAX NOW
 WARNING: MAXIMUM IMPACT PARAMETER SHOULD BE SMALLER THAN RMAX
 MAXIMUM IMPACT PARAMETER WAS SET TO RMAX NOW
 WARNING: MAXIMUM IMPACT PARAMETER SHOULD BE SMALLER THAN RMAX
 MAXIMUM IMPACT PARAMETER WAS SET TO RMAX NOW
 WARNING: MAXIMUM IMPACT PARAMETER SHOULD BE SMALLER THAN RMAX
 MAXIMUM IMPACT PARAMETER WAS SET TO RMAX NOW
 WARNING: MAXIMUM IMPACT PARAMETER SHOULD BE SMALLER THAN RMAX
 MAXIMUM IMPACT PARAMETER WAS SET TO RMAX NOW
 WARNING: MAXIMUM IMPACT PARAMETER SHOULD BE SMALLER THAN RMAX
 MAXIMUM IMPACT PARAMETER WAS SET TO RMAX NOW
 WARNING: MAXIMUM IMPACT PARAMETER SHOULD BE SMALLER THAN RMAX
 MAXIMUM IMPACT PARAMETER WAS SET TO RMAX NOW
 WARNING: MAXIMUM IMPACT PARAMETER SHOULD BE SMALLER THAN RMAX
 MAXIMUM IMPACT PARAMETER WAS SET TO RMAX NOW
 WARNING: MAXIMUM IMPACT PARAMETER SHOULD BE SMALLER THAN RMAX
 MAXIMUM IMPACT PARAMETER WAS SET TO RMAX NOW
 WARNING: MAXIMUM IMPACT PARAMETER SHOULD BE SMALLER THAN RMAX
 MAXIMUM IMPACT PARAMETER WAS SET TO RMAX NOW
 WARNING: MAXIMUM IMPACT PARAMETER SHOULD BE SMALLER THAN RMAX
 MAXIMUM IMPACT PARAMETER WAS SET TO RMAX NOW
 WARNING: MAXIMUM IMPACT PARAMETER SHOULD BE SMALLER THAN RMAX
 MAXIMUM IMPACT PARAMETER WAS SET TO RMAX NOW
 WARNING: MAXIMUM IMPACT PARAMETER SHOULD BE SMALLER THAN RMAX
 MAXIMUM IMPACT PARAMETER WAS SET TO RMAX NOW
 WARNING: MAXIMUM IMPACT PARAMETER SHOULD BE SMALLER THAN RMAX
 MAXIMUM IMPACT PARAMETER WAS SET TO RMAX NOW
 WARNING: MAXIMUM IMPACT PARAMETER SHOULD BE SMALLER THAN RMAX
 MAXIMUM IMPACT PARAMETER WAS SET TO RMAX NOW
 WARNING: MAXIMUM IMPACT PARAMETER SHOULD BE SMALLER THAN RMAX
 MAXIMUM IMPACT PARAMETER WAS SET TO RMAX NOW
 WARNING: MAXIMUM IMPACT PARAMETER SHOULD BE SMALLER THAN RMAX
 WARNING: MAXIMUM IMPACT PARAMETER SHOULD BE SMALLER THAN RMAX
 MAXIMUM IMPACT PARAMETER WAS SET TO RMAX NOW
 MAXIMUM IMPACT PARAMETER WAS SET TO RMAX NOW
 WARNING: MAXIMUM IMPACT PARAMETER SHOULD BE SMALLER THAN RMAX
 MAXIMUM IMPACT PARAMETER WAS SET TO RMAX NOW
 WARNING: MAXIMUM IMPACT PARAMETER SHOULD BE SMALLER THAN RMAX
 WARNING: MAXIMUM IMPACT PARAMETER SHOULD BE SMALLER THAN RMAX
 MAXIMUM IMPACT PARAMETER WAS SET TO RMAX NOW
 MAXIMUM IMPACT PARAMETER WAS SET TO RMAX NOW
 WARNING: MAXIMUM IMPACT PARAMETER SHOULD BE SMALLER THAN RMAX
 MAXIMUM IMPACT PARAMETER WAS SET TO RMAX NOW
 WARNING: MAXIMUM IMPACT PARAMETER SHOULD BE SMALLER THAN RMAX
 MAXIMUM IMPACT PARAMETER WAS SET TO RMAX NOW
 WARNING: MAXIMUM IMPACT PARAMETER SHOULD BE SMALLER THAN RMAX
 MAXIMUM IMPACT PARAMETER WAS SET TO RMAX NOW
 WARNING: MAXIMUM IMPACT PARAMETER SHOULD BE SMALLER THAN RMAX
 WARNING: MAXIMUM IMPACT PARAMETER SHOULD BE SMALLER THAN RMAX
 MAXIMUM IMPACT PARAMETER WAS SET TO RMAX NOW
 MAXIMUM IMPACT PARAMETER WAS SET TO RMAX NOW
 WARNING: MAXIMUM IMPACT PARAMETER SHOULD BE SMALLER THAN RMAX
 MAXIMUM IMPACT PARAMETER WAS SET TO RMAX NOW
 WARNING: MAXIMUM IMPACT PARAMETER SHOULD BE SMALLER THAN RMAX
 WARNING: MAXIMUM IMPACT PARAMETER SHOULD BE SMALLER THAN RMAX
 MAXIMUM IMPACT PARAMETER WAS SET TO RMAX NOW
 MAXIMUM IMPACT PARAMETER WAS SET TO RMAX NOW
 WARNING: MAXIMUM IMPACT PARAMETER SHOULD BE SMALLER THAN RMAX
 MAXIMUM IMPACT PARAMETER WAS SET TO RMAX NOW
 WARNING: MAXIMUM IMPACT PARAMETER SHOULD BE SMALLER THAN RMAX
 WARNING: MAXIMUM IMPACT PARAMETER SHOULD BE SMALLER THAN RMAX
 MAXIMUM IMPACT PARAMETER WAS SET TO RMAX NOW
 MAXIMUM IMPACT PARAMETER WAS SET TO RMAX NOW
 WARNING: MAXIMUM IMPACT PARAMETER SHOULD BE SMALLER THAN RMAX
 WARNING: MAXIMUM IMPACT PARAMETER SHOULD BE SMALLER THAN RMAX
 MAXIMUM IMPACT PARAMETER WAS SET TO RMAX NOW
 WARNING: MAXIMUM IMPACT PARAMETER SHOULD BE SMALLER THAN RMAX
 MAXIMUM IMPACT PARAMETER WAS SET TO RMAX NOW
 MAXIMUM IMPACT PARAMETER WAS SET TO RMAX NOW
 WARNING: MAXIMUM IMPACT PARAMETER SHOULD BE SMALLER THAN RMAX
 MAXIMUM IMPACT PARAMETER WAS SET TO RMAX NOW
 WARNING: MAXIMUM IMPACT PARAMETER SHOULD BE SMALLER THAN RMAX
 MAXIMUM IMPACT PARAMETER WAS SET TO RMAX NOW
 WARNING: MAXIMUM IMPACT PARAMETER SHOULD BE SMALLER THAN RMAX
 WARNING: MAXIMUM IMPACT PARAMETER SHOULD BE SMALLER THAN RMAX
 MAXIMUM IMPACT PARAMETER WAS SET TO RMAX NOW
 WARNING: MAXIMUM IMPACT PARAMETER SHOULD BE SMALLER THAN RMAX
 MAXIMUM IMPACT PARAMETER WAS SET TO RMAX NOW
 WARNING: MAXIMUM IMPACT PARAMETER SHOULD BE SMALLER THAN RMAX
 MAXIMUM IMPACT PARAMETER WAS SET TO RMAX NOW
 WARNING: MAXIMUM IMPACT PARAMETER SHOULD BE SMALLER THAN RMAX
 ARRAY_INI_STARTED
 MAXIMUM IMPACT PARAMETER WAS SET TO RMAX NOW
 WARNING: MAXIMUM IMPACT PARAMETER SHOULD BE SMALLER THAN RMAX
 WARNING: MAXIMUM IMPACT PARAMETER SHOULD BE SMALLER THAN RMAX
 MAXIMUM IMPACT PARAMETER WAS SET TO RMAX NOW
 WARNING: MAXIMUM IMPACT PARAMETER SHOULD BE SMALLER THAN RMAX
 MAXIMUM IMPACT PARAMETER WAS SET TO RMAX NOW
 MAXIMUM IMPACT PARAMETER WAS SET TO RMAX NOW
 WARNING: MAXIMUM IMPACT PARAMETER SHOULD BE SMALLER THAN RMAX
 MAXIMUM IMPACT PARAMETER WAS SET TO RMAX NOW
 WARNING: MAXIMUM IMPACT PARAMETER SHOULD BE SMALLER THAN RMAX
 MAXIMUM IMPACT PARAMETER WAS SET TO RMAX NOW
 WARNING: MAXIMUM IMPACT PARAMETER SHOULD BE SMALLER THAN RMAX
 MAXIMUM IMPACT PARAMETER WAS SET TO RMAX NOW
 MAXIMUM IMPACT PARAMETER WAS SET TO RMAX NOW
 WARNING: MAXIMUM IMPACT PARAMETER SHOULD BE SMALLER THAN RMAX
 WARNING: MAXIMUM IMPACT PARAMETER SHOULD BE SMALLER THAN RMAX
 WARNING: MAXIMUM IMPACT PARAMETER SHOULD BE SMALLER THAN RMAX
 MAXIMUM IMPACT PARAMETER WAS SET TO RMAX NOW
 MAXIMUM IMPACT PARAMETER WAS SET TO RMAX NOW
 MAXIMUM IMPACT PARAMETER WAS SET TO RMAX NOW
 WARNING: MAXIMUM IMPACT PARAMETER SHOULD BE SMALLER THAN RMAX
 STATES_SIZE_FOUND          35
 number_of_channels           9
 jmax_included           2
 MAXIMUM IMPACT PARAMETER WAS SET TO RMAX NOW
 WARNING: MAXIMUM IMPACT PARAMETER SHOULD BE SMALLER THAN RMAX
 WARNING: MAXIMUM IMPACT PARAMETER SHOULD BE SMALLER THAN RMAX
 MAXIMUM IMPACT PARAMETER WAS SET TO RMAX NOW
 BASIS ARRAYS CREATED
 WARNING: MAXIMUM IMPACT PARAMETER SHOULD BE SMALLER THAN RMAX
 WARNING: MAXIMUM IMPACT PARAMETER SHOULD BE SMALLER THAN RMAX
 MAXIMUM IMPACT PARAMETER WAS SET TO RMAX NOW
 WARNING: MAXIMUM IMPACT PARAMETER SHOULD BE SMALLER THAN RMAX
 MAXIMUM IMPACT PARAMETER WAS SET TO RMAX NOW
 MAXIMUM IMPACT PARAMETER WAS SET TO RMAX NOW
 WARNING: MAXIMUM IMPACT PARAMETER SHOULD BE SMALLER THAN RMAX
 WARNING: MAXIMUM IMPACT PARAMETER SHOULD BE SMALLER THAN RMAX
 MAXIMUM IMPACT PARAMETER WAS SET TO RMAX NOW
 MAXIMUM IMPACT PARAMETER WAS SET TO RMAX NOW
 WARNING: MAXIMUM IMPACT PARAMETER SHOULD BE SMALLER THAN RMAX
 WARNING: MAXIMUM IMPACT PARAMETER SHOULD BE SMALLER THAN RMAX
 MAXIMUM IMPACT PARAMETER WAS SET TO RMAX NOW
 MAXIMUM IMPACT PARAMETER WAS SET TO RMAX NOW
 WARNING: MAXIMUM IMPACT PARAMETER SHOULD BE SMALLER THAN RMAX
 MAXIMUM IMPACT PARAMETER WAS SET TO RMAX NOW
 WARNING: MAXIMUM IMPACT PARAMETER SHOULD BE SMALLER THAN RMAX
 MAXIMUM IMPACT PARAMETER WAS SET TO RMAX NOW
 MAXIMUM IMPACT PARAMETER WAS SET TO RMAX NOW
 WARNING: MAXIMUM IMPACT PARAMETER SHOULD BE SMALLER THAN RMAX
 WARNING: MAXIMUM IMPACT PARAMETER SHOULD BE SMALLER THAN RMAX
 WARNING: MAXIMUM IMPACT PARAMETER SHOULD BE SMALLER THAN RMAX
 WARNING: MAXIMUM IMPACT PARAMETER SHOULD BE SMALLER THAN RMAX
 MAXIMUM IMPACT PARAMETER WAS SET TO RMAX NOW
 MAXIMUM IMPACT PARAMETER WAS SET TO RMAX NOW
 MAXIMUM IMPACT PARAMETER WAS SET TO RMAX NOW
 MAXIMUM IMPACT PARAMETER WAS SET TO RMAX NOW
 WARNING: MAXIMUM IMPACT PARAMETER SHOULD BE SMALLER THAN RMAX
 MAXIMUM IMPACT PARAMETER WAS SET TO RMAX NOW
 WARNING: MAXIMUM IMPACT PARAMETER SHOULD BE SMALLER THAN RMAX
 WARNING: MAXIMUM IMPACT PARAMETER SHOULD BE SMALLER THAN RMAX
 MAXIMUM IMPACT PARAMETER WAS SET TO RMAX NOW
 MAXIMUM IMPACT PARAMETER WAS SET TO RMAX NOW
ARRAYS ALLOCATION TOOK TIME, s =             0.003
 TOTAL_SIZE_OF_M =          147
 WARNING: MAXIMUM IMPACT PARAMETER SHOULD BE SMALLER THAN RMAX
 WARNING: MAXIMUM IMPACT PARAMETER SHOULD BE SMALLER THAN RMAX
 MAXIMUM IMPACT PARAMETER WAS SET TO RMAX NOW
 WARNING: MAXIMUM IMPACT PARAMETER SHOULD BE SMALLER THAN RMAX
 WARNING: MAXIMUM IMPACT PARAMETER SHOULD BE SMALLER THAN RMAX
 MAXIMUM IMPACT PARAMETER WAS SET TO RMAX NOW
 WARNING: MAXIMUM IMPACT PARAMETER SHOULD BE SMALLER THAN RMAX
 MAXIMUM IMPACT PARAMETER WAS SET TO RMAX NOW
 MAXIMUM IMPACT PARAMETER WAS SET TO RMAX NOW
 WARNING: MAXIMUM IMPACT PARAMETER SHOULD BE SMALLER THAN RMAX
 WARNING: MAXIMUM IMPACT PARAMETER SHOULD BE SMALLER THAN RMAX
 MAXIMUM IMPACT PARAMETER WAS SET TO RMAX NOW
 MAXIMUM IMPACT PARAMETER WAS SET TO RMAX NOW
 WARNING: MAXIMUM IMPACT PARAMETER SHOULD BE SMALLER THAN RMAX
 WARNING: MAXIMUM IMPACT PARAMETER SHOULD BE SMALLER THAN RMAX
 MAXIMUM IMPACT PARAMETER WAS SET TO RMAX NOW
 MAXIMUM IMPACT PARAMETER WAS SET TO RMAX NOW
  MAKING AN EQUIDIST GRID	
 WARNING: MAXIMUM IMPACT PARAMETER SHOULD BE SMALLER THAN RMAX
 WARNING: MAXIMUM IMPACT PARAMETER SHOULD BE SMALLER THAN RMAX
 MAXIMUM IMPACT PARAMETER WAS SET TO RMAX NOW
 MAXIMUM IMPACT PARAMETER WAS SET TO RMAX NOW
 WARNING: MAXIMUM IMPACT PARAMETER SHOULD BE SMALLER THAN RMAX
 WARNING: MAXIMUM IMPACT PARAMETER SHOULD BE SMALLER THAN RMAX
 WARNING: MAXIMUM IMPACT PARAMETER SHOULD BE SMALLER THAN RMAX
 WARNING: MAXIMUM IMPACT PARAMETER SHOULD BE SMALLER THAN RMAX
 MAXIMUM IMPACT PARAMETER WAS SET TO RMAX NOW
 MAXIMUM IMPACT PARAMETER WAS SET TO RMAX NOW
 WARNING: MAXIMUM IMPACT PARAMETER SHOULD BE SMALLER THAN RMAX
 WARNING: MAXIMUM IMPACT PARAMETER SHOULD BE SMALLER THAN RMAX
 MAXIMUM IMPACT PARAMETER WAS SET TO RMAX NOW
 MAXIMUM IMPACT PARAMETER WAS SET TO RMAX NOW
 MAXIMUM IMPACT PARAMETER WAS SET TO RMAX NOW
 WARNING: MAXIMUM IMPACT PARAMETER SHOULD BE SMALLER THAN RMAX
 WARNING: MAXIMUM IMPACT PARAMETER SHOULD BE SMALLER THAN RMAX
 WARNING: MAXIMUM IMPACT PARAMETER SHOULD BE SMALLER THAN RMAX
 WARNING: MAXIMUM IMPACT PARAMETER SHOULD BE SMALLER THAN RMAX
 WARNING: MAXIMUM IMPACT PARAMETER SHOULD BE SMALLER THAN RMAX
 MAXIMUM IMPACT PARAMETER WAS SET TO RMAX NOW
 MAXIMUM IMPACT PARAMETER WAS SET TO RMAX NOW
 MAXIMUM IMPACT PARAMETER WAS SET TO RMAX NOW
 MAXIMUM IMPACT PARAMETER WAS SET TO RMAX NOW
 WARNING: MAXIMUM IMPACT PARAMETER SHOULD BE SMALLER THAN RMAX
 WARNING: MAXIMUM IMPACT PARAMETER SHOULD BE SMALLER THAN RMAX
 MAXIMUM IMPACT PARAMETER WAS SET TO RMAX NOW
 MAXIMUM IMPACT PARAMETER WAS SET TO RMAX NOW
 MAXIMUM IMPACT PARAMETER WAS SET TO RMAX NOW
proc_id =    56, Progress =   100%, Time(sec.) =        0.000
 WARNING: MAXIMUM IMPACT PARAMETER SHOULD BE SMALLER THAN RMAX
 MAXIMUM IMPACT PARAMETER WAS SET TO RMAX NOW
 WARNING: MAXIMUM IMPACT PARAMETER SHOULD BE SMALLER THAN RMAX
 MAXIMUM IMPACT PARAMETER WAS SET TO RMAX NOW
 WARNING: MAXIMUM IMPACT PARAMETER SHOULD BE SMALLER THAN RMAX
 WARNING: MAXIMUM IMPACT PARAMETER SHOULD BE SMALLER THAN RMAX
 MAXIMUM IMPACT PARAMETER WAS SET TO RMAX NOW
 MAXIMUM IMPACT PARAMETER WAS SET TO RMAX NOW
 MAXIMUM IMPACT PARAMETER WAS SET TO RMAX NOW
 WARNING: MAXIMUM IMPACT PARAMETER SHOULD BE SMALLER THAN RMAX
 MAXIMUM IMPACT PARAMETER WAS SET TO RMAX NOW
proc_id =    43, Progress =   100%, Time(sec.) =        0.000
 MAXIMUM IMPACT PARAMETER WAS SET TO RMAX NOW
 WARNING: MAXIMUM IMPACT PARAMETER SHOULD BE SMALLER THAN RMAX
 WARNING: MAXIMUM IMPACT PARAMETER SHOULD BE SMALLER THAN RMAX
 WARNING: MAXIMUM IMPACT PARAMETER SHOULD BE SMALLER THAN RMAX
 MAXIMUM IMPACT PARAMETER WAS SET TO RMAX NOW
proc_id =   127, Progress =   100%, Time(sec.) =        0.000
 WARNING: MAXIMUM IMPACT PARAMETER SHOULD BE SMALLER THAN RMAX
 MAXIMUM IMPACT PARAMETER WAS SET TO RMAX NOW
 WARNING: MAXIMUM IMPACT PARAMETER SHOULD BE SMALLER THAN RMAX
 MAXIMUM IMPACT PARAMETER WAS SET TO RMAX NOW
proc_id =     6, Progress =   100%, Time(sec.) =        0.000
proc_id =    71, Progress =   100%, Time(sec.) =        0.000
 MAXIMUM IMPACT PARAMETER WAS SET TO RMAX NOW
 WARNING: MAXIMUM IMPACT PARAMETER SHOULD BE SMALLER THAN RMAX
 MAXIMUM IMPACT PARAMETER WAS SET TO RMAX NOW
 WARNING: MAXIMUM IMPACT PARAMETER SHOULD BE SMALLER THAN RMAX
proc_id =    67, Progress =   100%, Time(sec.) =        0.000
 MAXIMUM IMPACT PARAMETER WAS SET TO RMAX NOW
 WARNING: MAXIMUM IMPACT PARAMETER SHOULD BE SMALLER THAN RMAX
 WARNING: MAXIMUM IMPACT PARAMETER SHOULD BE SMALLER THAN RMAX
 WARNING: MAXIMUM IMPACT PARAMETER SHOULD BE SMALLER THAN RMAX
proc_id =    34, Progress =   100%, Time(sec.) =        0.000
 MAXIMUM IMPACT PARAMETER WAS SET TO RMAX NOW
proc_id =     5, Progress =   100%, Time(sec.) =        0.000
 WARNING: MAXIMUM IMPACT PARAMETER SHOULD BE SMALLER THAN RMAX
 MAXIMUM IMPACT PARAMETER WAS SET TO RMAX NOW
 WARNING: MAXIMUM IMPACT PARAMETER SHOULD BE SMALLER THAN RMAX
proc_id =     1, Progress =   100%, Time(sec.) =        0.000
 WARNING: MAXIMUM IMPACT PARAMETER SHOULD BE SMALLER THAN RMAX
 MAXIMUM IMPACT PARAMETER WAS SET TO RMAX NOW
 MAXIMUM IMPACT PARAMETER WAS SET TO RMAX NOW
 WARNING: MAXIMUM IMPACT PARAMETER SHOULD BE SMALLER THAN RMAX
proc_id =    65, Progress =   100%, Time(sec.) =        0.000
proc_id =    69, Progress =   100%, Time(sec.) =        0.000
 MAXIMUM IMPACT PARAMETER WAS SET TO RMAX NOW
 WARNING: MAXIMUM IMPACT PARAMETER SHOULD BE SMALLER THAN RMAX
proc_id =    38, Progress =   100%, Time(sec.) =        0.000
 MAXIMUM IMPACT PARAMETER WAS SET TO RMAX NOW
 MAXIMUM IMPACT PARAMETER WAS SET TO RMAX NOW
 WARNING: MAXIMUM IMPACT PARAMETER SHOULD BE SMALLER THAN RMAX
 MAXIMUM IMPACT PARAMETER WAS SET TO RMAX NOW
proc_id =    41, Progress =   100%, Time(sec.) =        0.000
 WARNING: MAXIMUM IMPACT PARAMETER SHOULD BE SMALLER THAN RMAX
 MAXIMUM IMPACT PARAMETER WAS SET TO RMAX NOW
proc_id =    70, Progress =   100%, Time(sec.) =        0.000
proc_id =    92, Progress =   100%, Time(sec.) =        0.000
 MAXIMUM IMPACT PARAMETER WAS SET TO RMAX NOW
proc_id =    84, Progress =   100%, Time(sec.) =        0.000
 MAXIMUM IMPACT PARAMETER WAS SET TO RMAX NOW
 WARNING: MAXIMUM IMPACT PARAMETER SHOULD BE SMALLER THAN RMAX
proc_id =   120, Progress =   100%, Time(sec.) =        0.000
 MAXIMUM IMPACT PARAMETER WAS SET TO RMAX NOW
proc_id =    97, Progress =   100%, Time(sec.) =        0.000
THE SIZE OF THE Mij COMPUTED BY EACH PROCESSOR= 1
proc_id =    58, Progress =   100%, Time(sec.) =        0.000
proc_id =    42, Progress =   100%, Time(sec.) =        0.000
proc_id =    35, Progress =   100%, Time(sec.) =        0.000
 MATRIX_INI_STARTED
proc_id =    68, Progress =   100%, Time(sec.) =        0.000
proc_id =    72, Progress =   100%, Time(sec.) =        0.000
proc_id =   116, Progress =   100%, Time(sec.) =        0.000
proc_id =   104, Progress =   100%, Time(sec.) =        0.000
proc_id =   111, Progress =   100%, Time(sec.) =        0.000
proc_id =    48, Progress =   100%, Time(sec.) =        0.000
proc_id =    96, Progress =   100%, Time(sec.) =        0.000
proc_id =     4, Progress =   100%, Time(sec.) =        0.000
proc_id =    57, Progress =   100%, Time(sec.) =        0.000
 COMPUTING MATRIX ELEMENTS STARTED
proc_id =     0, Progress =   100%, Time(sec.) =        0.000
proc_id =    80, Progress =   100%, Time(sec.) =        0.000
proc_id =    89, Progress =   100%, Time(sec.) =        0.000
proc_id =    51, Progress =   100%, Time(sec.) =        0.000
proc_id =    54, Progress =   100%, Time(sec.) =        0.000
proc_id =    40, Progress =   100%, Time(sec.) =        0.000
proc_id =    90, Progress =   100%, Time(sec.) =        0.000
proc_id =   124, Progress =   100%, Time(sec.) =        0.000
proc_id =   102, Progress =   100%, Time(sec.) =        0.000
proc_id =   123, Progress =   100%, Time(sec.) =        0.000
proc_id =   112, Progress =   100%, Time(sec.) =        0.000
proc_id =    78, Progress =   100%, Time(sec.) =        0.000
proc_id =   122, Progress =   100%, Time(sec.) =        0.000
proc_id =    25, Progress =   100%, Time(sec.) =        0.000
proc_id =    55, Progress =   100%, Time(sec.) =        0.000
proc_id =    59, Progress =   100%, Time(sec.) =        0.000
proc_id =    64, Progress =   100%, Time(sec.) =        0.000
proc_id =    29, Progress =   100%, Time(sec.) =        0.000
 
proc_id =    39, Progress =   100%, Time(sec.) =        0.000
proc_id =    32, Progress =   100%, Time(sec.) =        0.000
proc_id =    44, Progress =   100%, Time(sec.) =        0.000
 
 
proc_id =    91, Progress =   100%, Time(sec.) =        0.000
proc_id =    23, Progress =   100%, Time(sec.) =        0.000
 THE GRID INI
 
proc_id =     7, Progress =   100%, Time(sec.) =        0.000
 
 
proc_id =    14, Progress =   100%, Time(sec.) =        0.000
 
proc_id =    19, Progress =   100%, Time(sec.) =        0.000
 
proc_id =    27, Progress =   100%, Time(sec.) =        0.000
 
 
 Using Equidistant Grid for Angle Gamma
 
 
 
proc_id =    79, Progress =   100%, Time(sec.) =        0.000
proc_id =     3, Progress =   100%, Time(sec.) =        0.000
 
 
 
proc_id =    60, Progress =   100%, Time(sec.) =        0.000
 
 
 
proc_id =    99, Progress =   100%, Time(sec.) =        0.000
 
 
proc_id =     8, Progress =   100%, Time(sec.) =        0.000
 
proc_id =    95, Progress =   100%, Time(sec.) =        0.000
proc_id =    85, Progress =   100%, Time(sec.) =        0.000
 
proc_id =    24, Progress =   100%, Time(sec.) =        0.000
 
proc_id =   109, Progress =   100%, Time(sec.) =        0.000
 
 
proc_id =    21, Progress =   100%, Time(sec.) =        0.000
 
proc_id =    66, Progress =   100%, Time(sec.) =        0.000
proc_id =    75, Progress =   100%, Time(sec.) =        0.000
proc_id =   103, Progress =   100%, Time(sec.) =        0.000
 
 
 
proc_id =   118, Progress =   100%, Time(sec.) =        0.000
 
 
proc_id =    20, Progress =   100%, Time(sec.) =        0.000
proc_id =   107, Progress =   100%, Time(sec.) =        0.000
 
 
 
proc_id =    63, Progress =   100%, Time(sec.) =        0.000
proc_id =   108, Progress =   100%, Time(sec.) =        0.000
 
 
 
 
proc_id =    31, Progress =   100%, Time(sec.) =        0.000
proc_id =   126, Progress =   100%, Time(sec.) =        0.000
 
 
proc_id =    10, Progress =   100%, Time(sec.) =        0.000
 
proc_id =    73, Progress =   100%, Time(sec.) =        0.000
 
 
 
 
proc_id =   115, Progress =   100%, Time(sec.) =        0.000
 
proc_id =    61, Progress =   100%, Time(sec.) =        0.000
proc_id =    16, Progress =   100%, Time(sec.) =        0.000
 
 
 
 
proc_id =     2, Progress =   100%, Time(sec.) =        0.000
 
proc_id =    18, Progress =   100%, Time(sec.) =        0.000
proc_id =    45, Progress =   100%, Time(sec.) =        0.000
proc_id =    74, Progress =   100%, Time(sec.) =        0.000
 
 
proc_id =    36, Progress =   100%, Time(sec.) =        0.000
proc_id =    82, Progress =   100%, Time(sec.) =        0.000
 
 
proc_id =    49, Progress =   100%, Time(sec.) =        0.000
 
 
 
 
proc_id =    81, Progress =   100%, Time(sec.) =        0.000
proc_id =    12, Progress =   100%, Time(sec.) =        0.000
 
 
 
proc_id =    94, Progress =   100%, Time(sec.) =        0.000
proc_id =    37, Progress =   100%, Time(sec.) =        0.000
 
 
 
proc_id =   121, Progress =   100%, Time(sec.) =        0.000
 
proc_id =   106, Progress =   100%, Time(sec.) =        0.000
 
 
 
 
proc_id =    46, Progress =   100%, Time(sec.) =        0.000
 
proc_id =   125, Progress =   100%, Time(sec.) =        0.000
proc_id =    47, Progress =   100%, Time(sec.) =        0.000
 
proc_id =    53, Progress =   100%, Time(sec.) =        0.000
 
 
proc_id =    22, Progress =   100%, Time(sec.) =        0.000
proc_id =    52, Progress =   100%, Time(sec.) =        0.000
 
proc_id =    50, Progress =   100%, Time(sec.) =        0.000
proc_id =    93, Progress =   100%, Time(sec.) =        0.000
proc_id =    87, Progress =   100%, Time(sec.) =        0.000
 
 
proc_id =   113, Progress =   100%, Time(sec.) =        0.000
 
 
proc_id =    26, Progress =   100%, Time(sec.) =        0.000
 
 
 
proc_id =    98, Progress =   100%, Time(sec.) =        0.000
proc_id =    11, Progress =   100%, Time(sec.) =        0.000
 
proc_id =    88, Progress =   100%, Time(sec.) =        0.000
 
 
proc_id =    77, Progress =   100%, Time(sec.) =        0.000
 
proc_id =    83, Progress =   100%, Time(sec.) =        0.000
proc_id =    86, Progress =   100%, Time(sec.) =        0.000
proc_id =    30, Progress =   100%, Time(sec.) =        0.000
 
 
proc_id =    17, Progress =   100%, Time(sec.) =        0.000
proc_id =    62, Progress =   100%, Time(sec.) =        0.000
proc_id =   110, Progress =   100%, Time(sec.) =        0.000
proc_id =   114, Progress =   100%, Time(sec.) =        0.000
 
 
proc_id =    15, Progress =   100%, Time(sec.) =        0.000
proc_id =    33, Progress =   100%, Time(sec.) =        0.000
proc_id =    13, Progress =   100%, Time(sec.) =        0.000
 
proc_id =   119, Progress =   100%, Time(sec.) =        0.000
 
proc_id =   105, Progress =   100%, Time(sec.) =        0.000
 
proc_id =     9, Progress =   100%, Time(sec.) =        0.000
 
 
 
 
proc_id =   117, Progress =   100%, Time(sec.) =        0.000
 
proc_id =   100, Progress =   100%, Time(sec.) =        0.000
proc_id =   101, Progress =   100%, Time(sec.) =        0.000
proc_id =    28, Progress =   100%, Time(sec.) =        0.000
 
proc_id =    76, Progress =   100%, Time(sec.) =        0.000
 
 
 
 
 
 
 
 
 
 
 
 
 
 
 
 
 
 
 
 
 
 
 
 
 
 
 
 
 GAUSS-LEGENDRE GRID DONE
Truncation #1 at #R = 1, R = 6.000, and #2 at #R = 2, R = 8.000
 SPLINING OF Mij STARTED
 SPLINING OF Mij FINISHED
 COMPUTING THE RESIDUE OF Mij
 SPLINING RESIDUE OF Mij
 SYSTEM_SETUP_DONE
MATRIX HAS BEEN SAVED INTO THE FILE  "   MTRX.DAT "
TIME SPENT ON MATRIX Mij READING/COMPUTING/SAVING ON DISK ,s       0.0
        TIME SPENT ON MATRIX Mij SAVING ON DISK ,s       0.0
 ALL WORK ON MATRIX IS DONE

real	0m2.621s
user	0m0.052s
sys	0m0.048s
