|----------------------------------------------------------|
|                      	    MQCT                           |
|          THE PROGRAM IS TO PERFORM ROTATIONALLY          |
|   AND VIBRATIONALLY INELASTIC SCATTERING CALCULATIONS.   |
|      	     TO SITE THIS WORK, PLEASE REFER TO:           |
|          A. SEMENOV, B. MANDAL, and D. BABIKOV,          |
|          COMPUTER PHYSICS COMMUNICATIONS, 2020           |
|----------------------------------------------------------|

THIS RUN PERFORMED ON  8/15/2022 at   3 p.m. 22 minutes, LOCAL MACHINE TIME
YOUR JOB NAME: H2O+He

REDUCED MASS,A.M.U.: MASS =    3.275

THE POTENTIAL RANGE: FROM Rmin =   6.00 TO Rmax =  8.00 BOHR

COLLISIONAL ENERGIES, CM-1:
E(   1)=   10.000;

MAX IMPACT PARAMETER IS,a.u =      8.000
ORBITAL ANGULAR MOMENTUM STEP_SIZE:=   1


ALL TRAJECTORIES WILL BE STOPPED AFTER TIME_LIMT=  0.3500E+07

TRAPPED TRAJECTIRY WILL STOP AFTER   1 ROUNDS AND    1 OSCILLATIONS

PROPAGATOR TYPE: RUNGE-KUTTA 4-TH ORDER
TIME STEP IN RUNGE-KUTT A 4TH ORDE         1.00

THE COLLISIONAL SYSTEM: RIGID ASYMMETRIC TOP + ATOM
WARNING  THE WAVEFUNCTIONS AND ENERGY LEVELS MUST BE SUPPLIED BY USER
ROT. CONST WILL BE INGNORED
CHANNELS ENERGIES, CM-1:
#N =           J         KA         KC          E
    1          0          0          0      0.000
    2          1          0          1     23.797
    3          1          1          1     37.162
    4          1          1          0     42.389
    5          2          0          2     70.133
    6          2          1          2     79.529
    7          2          1          1     95.210
    8          2          2          1    135.305
    9          2          2          0    136.563
INITIAL STATE IS:J =    0; KA =    0; KC =    0

THE POTENTIAL R-UNITS ARE BOHRS
THE POTENTIAL ENERGY IS IN CM-1

COULPING MATRIX WILL BE COMPUTED USING NUMERICAL  INTEGRATION OF POTENTIAL OVER THE WAVEFUNCTIONS

THE SYSTEM SETUP DONE SUCCESFULLY
