 ___________________________________________________
 
 H20-H2 5D PES, Version 1.1, Valiron et al, january 2004.
 
 H2O-H2, vibrationally averaged 5-D PES, truncated to 83 basis terms
 ___________________________________________________
 
 ********************** CCSD(T)/CP rigid-body reference
 
 Number of distances          25
   3.000 ./H2Ov000_H2v0/ref.0300.dat        
 Ngeom =         3000     Nfunc =          149
   3.250 ./H2Ov000_H2v0/ref.0325.dat        
   3.500 ./H2Ov000_H2v0/ref.0350.dat        
   3.750 ./H2Ov000_H2v0/ref.0375.dat        
   4.000 ./H2Ov000_H2v0/ref.0400.dat        
   4.250 ./H2Ov000_H2v0/ref.0425.dat        
   4.500 ./H2Ov000_H2v0/ref.0450.dat        
   4.750 ./H2Ov000_H2v0/ref.0475.dat        
   5.000 ./H2Ov000_H2v0/ref.0500.dat        
   5.250 ./H2Ov000_H2v0/ref.0525.dat        
   5.500 ./H2Ov000_H2v0/ref.0550.dat        
   5.750 ./H2Ov000_H2v0/ref.0575.dat        
   6.000 ./H2Ov000_H2v0/ref.0600.dat        
   6.250 ./H2Ov000_H2v0/ref.0625.dat        
   6.500 ./H2Ov000_H2v0/ref.0650.dat        
   7.000 ./H2Ov000_H2v0/ref.0700.dat        
   7.500 ./H2Ov000_H2v0/ref.0750.dat        
   8.000 ./H2Ov000_H2v0/ref.0800.dat        
   9.000 ./H2Ov000_H2v0/ref.0900.dat        
  10.000 ./H2Ov000_H2v0/ref.1000.dat        
  11.000 ./H2Ov000_H2v0/ref.1100.dat        
  12.000 ./H2Ov000_H2v0/ref.1200.dat        
  13.000 ./H2Ov000_H2v0/ref.1300.dat        
  14.000 ./H2Ov000_H2v0/ref.1400.dat        
  15.000 ./H2Ov000_H2v0/ref.1500.dat        
 
          25  Distances
 
    Dist  Ngeom Nfunc  Sinv       RMS         ERR
   3.000  3000   149   2.005  697.592800  320.966300
   3.250  3000   149   2.005  195.911400   90.139930
   3.500  3000   149   2.005   62.762340   28.877300
   3.750  3000   149   2.005   22.571340   10.385200
   4.000  3000   149   2.005    8.608695    3.960908
   4.250  3000   149   2.005    3.251452    1.496011
   4.500  3000   149   2.005    1.193149    0.548974
   4.750  3000   149   2.005    0.484723    0.223024
   5.000  3000   149   2.005    0.286441    0.131793
   5.250  3000   149   2.005    0.224174    0.103143
   5.500  3000   149   2.005    0.192127    0.088399
   5.750  3000   149   2.005    0.157315    0.072382
   6.000  3000   149   2.005    0.119577    0.055018
   6.250  3000   149   2.005    0.091140    0.041934
   6.500  3000   149   2.005    0.069887    0.032156
   7.000  3000   149   2.005    0.038440    0.017687
   7.500  3000   149   2.005    0.024073    0.011076
   8.000  3000   149   2.005    0.017434    0.008022
   9.000  3000   149   2.005    0.006134    0.002822
  10.000  3000   149   2.005    0.002592    0.001193
  11.000  3000   149   2.005    0.000959    0.000441
  12.000  3000   149   2.005    0.000299    0.000138
  13.000  3000   149   2.005    0.000145    0.000067
  14.000  3000   149   2.005    0.000110    0.000051
  15.000  3000   149   2.005    0.000095    0.000044
 
 Original terms from ref.DDDD.dat files         149
 
   1    0  0  0  0      2    0  0  2  2      3    0  0  4  4
   4    0  0  6  6      5    1  0  0  1      6    1  0  2  1
   7    1  0  2  3      8    1  0  4  3      9    1  0  4  5
  10    1  0  6  7     11    2  0  0  2     12    2  0  2  0
  13    2  0  2  2     14    2  0  2  4     15    2  0  4  4
  16    2  0  4  6     17    2  2  0  2     18    2  2  2  0
  19    2  2  2  1     20    2  2  2  2     21    2  2  2  3
  22    2  2  2  4     23    2  2  4  2     24    2  2  4  4
  25    2  2  4  5     26    2  2  4  6     27    2  2  6  8
  28    3  0  0  3     29    3  0  2  1     30    3  0  2  3
  31    3  0  2  5     32    3  0  4  1     33    3  0  4  7
  34    3  0  6  9     35    3  2  0  3     36    3  2  2  1
  37    3  2  2  2     38    3  2  2  3     39    3  2  2  4
  40    3  2  2  5     41    3  2  4  1     42    3  2  4  6
  43    3  2  4  7     44    3  2  6  7     45    3  2  6  9
  46    4  0  0  4     47    4  0  2  2     48    4  0  2  4
  49    4  0  2  6     50    4  0  4  6     51    4  0  4  8
  52    4  0  6 10     53    4  2  0  4     54    4  2  2  2
  55    4  2  2  4     56    4  2  2  6     57    4  2  4  6
  58    4  2  4  8     59    4  2  6 10     60    4  4  0  4
  61    4  4  2  2     62    4  4  2  3     63    4  4  2  4
  64    4  4  2  5     65    4  4  2  6     66    4  4  4  8
  67    4  4  6 10     68    5  0  0  5     69    5  0  2  5
  70    5  0  2  7     71    5  0  4  9     72    5  2  0  5
  73    5  2  2  6     74    5  2  2  7     75    5  2  4  9
  76    5  4  0  5     77    5  4  2  3     78    5  4  2  4
  79    5  4  2  5     80    5  4  2  6     81    5  4  2  7
  82    5  4  4  7     83    5  4  4  9     84    5  4  6  9
  85    5  4  6 11     86    6  0  0  6     87    6  0  2  8
  88    6  0  4 10     89    6  2  0  6     90    6  2  2  4
  91    6  2  2  6     92    6  2  2  7     93    6  2  2  8
  94    6  2  4 10     95    6  4  0  6     96    6  4  2  4
  97    6  4  2  6     98    6  4  2  8     99    6  4  4 10
 100    6  4  6 10    101    6  4  6 12    102    6  6  0  6
 103    6  6  2  8    104    6  6  4 10    105    7  0  0  7
 106    7  0  2  9    107    7  0  4 11    108    7  2  0  7
 109    7  2  2  5    110    7  2  2  9    111    7  2  4 11
 112    7  4  0  7    113    7  4  2  5    114    7  4  2  9
 115    7  4  4 11    116    7  6  0  7    117    7  6  2  5
 118    7  6  2  7    119    7  6  2  9    120    7  6  4 11
 121    8  0  0  8    122    8  0  2 10    123    8  2  0  8
 124    8  2  2 10    125    8  4  0  8    126    8  4  2 10
 127    8  6  0  8    128    8  6  2 10    129    8  6  4 12
 130    8  8  0  8    131    8  8  2 10    132    8  8  4 12
 133    9  0  2 11    134    9  2  2 11    135    9  4  0  9
 136    9  4  2 11    137    9  4  4 13    138    9  6  0  9
 139    9  6  2 11    140    9  6  4 13    141    9  8  0  9
 142    9  8  2 11    143    9  8  4 13    144   10  0  2 12
 145   10  2  2 12    146   10  4  2 12    147   10  6  2 12
 148   10  8  2 12    149   11  8  2 13
 
 ********************** vibrational corrections
 
   3.000 ./H2Ov000_H2v0/vib.0300.dat        
   3.250 ./H2Ov000_H2v0/vib.0325.dat        
   3.500 ./H2Ov000_H2v0/vib.0350.dat        
   3.750 ./H2Ov000_H2v0/vib.0375.dat        
   4.000 ./H2Ov000_H2v0/vib.0400.dat        
   4.250 ./H2Ov000_H2v0/vib.0425.dat        
   4.500 ./H2Ov000_H2v0/vib.0450.dat        
   4.750 ./H2Ov000_H2v0/vib.0475.dat        
   5.000 ./H2Ov000_H2v0/vib.0500.dat        
   5.250 ./H2Ov000_H2v0/vib.0525.dat        
   5.500 ./H2Ov000_H2v0/vib.0550.dat        
   5.750 ./H2Ov000_H2v0/vib.0575.dat        
   6.000 ./H2Ov000_H2v0/vib.0600.dat        
   6.250 ./H2Ov000_H2v0/vib.0625.dat        
   6.500 ./H2Ov000_H2v0/vib.0650.dat        
   7.000 ./H2Ov000_H2v0/vib.0700.dat        
   7.500 ./H2Ov000_H2v0/vib.0750.dat        
   8.000 ./H2Ov000_H2v0/vib.0800.dat        
   9.000 ./H2Ov000_H2v0/vib.0900.dat        
  10.000 ./H2Ov000_H2v0/vib.1000.dat        
  11.000 ./H2Ov000_H2v0/vib.1100.dat        
  12.000 ./H2Ov000_H2v0/vib.1200.dat        
  13.000 ./H2Ov000_H2v0/vib.1300.dat        
  14.000 ./H2Ov000_H2v0/vib.1400.dat        
  15.000 ./H2Ov000_H2v0/vib.1500.dat        
 
 -------------------------------
 Vibrational correction applied
 -------------------------------
 
 
 Final expansion terms          83
 
   1    0  0  0  0      2    0  0  2  2      3    0  0  4  4
   4    1  0  0  1      5    1  0  2  1      6    1  0  2  3
   7    1  0  4  3      8    1  0  4  5      9    1  0  6  7
  10    2  0  0  2     11    2  0  2  0     12    2  0  2  2
  13    2  0  2  4     14    2  0  4  6     15    2  2  0  2
  16    2  2  2  0     17    2  2  2  1     18    2  2  2  2
  19    2  2  2  3     20    2  2  2  4     21    2  2  4  6
  22    2  2  6  8     23    3  0  0  3     24    3  0  2  1
  25    3  0  2  3     26    3  0  2  5     27    3  0  4  7
  28    3  2  0  3     29    3  2  2  1     30    3  2  2  3
  31    3  2  2  4     32    3  2  2  5     33    3  2  4  7
  34    3  2  6  9     35    4  0  0  4     36    4  0  2  4
  37    4  0  2  6     38    4  0  4  8     39    4  2  0  4
  40    4  2  2  2     41    4  2  2  4     42    4  2  2  6
  43    4  2  4  8     44    4  4  0  4     45    4  4  2  2
  46    4  4  2  4     47    4  4  2  5     48    4  4  2  6
  49    4  4  4  8     50    5  0  0  5     51    5  0  2  7
  52    5  2  0  5     53    5  2  2  7     54    5  4  0  5
  55    5  4  2  5     56    5  4  2  7     57    5  4  4  9
  58    6  0  0  6     59    6  0  2  8     60    6  0  4 10
  61    6  2  0  6     62    6  2  2  8     63    6  2  4 10
  64    6  4  0  6     65    6  4  2  8     66    6  4  4 10
  67    6  6  0  6     68    6  6  2  8     69    6  6  4 10
  70    7  0  0  7     71    7  0  2  9     72    7  2  0  7
  73    7  2  2  9     74    7  2  4 11     75    7  4  0  7
  76    7  4  2  9     77    7  6  0  7     78    7  6  2  9
  79    7  6  4 11     80    8  6  0  8     81    8  6  2 10
  82    9  4  2 11     83    9  6  2 11
 
 Pointers to original fit expansion terms
 
   1 ->  1      2 ->  2      3 ->  3      4 ->  5      5 ->  6
   6 ->  7      7 ->  8      8 ->  9      9 -> 10     10 -> 11
  11 -> 12     12 -> 13     13 -> 14     14 -> 16     15 -> 17
  16 -> 18     17 -> 19     18 -> 20     19 -> 21     20 -> 22
  21 -> 26     22 -> 27     23 -> 28     24 -> 29     25 -> 30
  26 -> 31     27 -> 33     28 -> 35     29 -> 36     30 -> 38
  31 -> 39     32 -> 40     33 -> 43     34 -> 45     35 -> 46
  36 -> 48     37 -> 49     38 -> 51     39 -> 53     40 -> 54
  41 -> 55     42 -> 56     43 -> 58     44 -> 60     45 -> 61
  46 -> 63     47 -> 64     48 -> 65     49 -> 66     50 -> 68
  51 -> 70     52 -> 72     53 -> 74     54 -> 76     55 -> 79
  56 -> 81     57 -> 83     58 -> 86     59 -> 87     60 -> 88
  61 -> 89     62 -> 93     63 -> 94     64 -> 95     65 -> 98
  66 -> 99     67 ->102     68 ->103     69 ->104     70 ->105
  71 ->106     72 ->108     73 ->110     74 ->111     75 ->112
  76 ->114     77 ->116     78 ->119     79 ->120     80 ->127
  81 ->128     82 ->136     83 ->139
 
 Copy original expansion coeffs to final cc matrix
 
 Set up long range extrapolation
 All terms above 0.001 at R=14 and 15 au are extrapolated
 
  #term          term            C                beta
     1     0     0     0     0   -1.360533E+08    6.202729
     2     0     0     2     2   -1.210123E+07    6.357712
     4     1     0     0     1   -6.571100E+08    7.634637
     6     1     0     2     3    1.578098E+06    4.000346
     8     1     0     4     5    1.708971E+06    5.887521
    10     2     0     0     2   -4.855697E+06    5.865141
    11     2     0     2     0   -8.591892E+04    5.760989
    12     2     0     2     2   -4.711630E+05    6.273508
    13     2     0     2     4   -1.198290E+06    5.222636
    15     2     2     0     2   -1.202527E+08    7.264684
    17     2     2     2     1   -1.807150E+05    6.074898
    19     2     2     2     3   -9.706176E+05    6.541230
    20     2     2     2     4    7.227314E+06    4.998771
    21     2     2     4     6    1.691186E+07    7.038376
    23     3     0     0     3    5.798677E+08    8.090119
    26     3     0     2     5   -1.516775E+07    6.001925
    27     3     0     4     7   -4.979597E+06    7.318394
    28     3     2     0     3   -2.941525E+08    7.556037
    32     3     2     2     5    1.812511E+07    5.979687
    33     3     2     4     7    2.895122E+06    6.833894
    35     4     0     0     4    2.357073E+08    8.166689
    37     4     0     2     6   -3.890248E+07    6.971371
    38     4     0     4     8   -6.736225E+03    4.947138
    39     4     2     0     4   -9.469236E+08    8.692272
    42     4     2     2     6    4.272141E+07    7.059692
    44     4     4     0     4   -4.544249E+08    8.562907
    48     4     4     2     6    3.653170E+07    6.996535
    56     5     4     2     7    4.501516E+08    8.408173
    58     6     0     0     6   -2.529182E+04    5.411748
    62     6     2     2     8   -1.686605E+06    6.917509
    65     6     4     2     8    8.155064E+08    9.228450
 
          31  terms extrapolated beyond R=15 au
 
 Monitor exponential short range extrapolation
 Select terms above TRES =    2.00E+04  at R=   3.000
   1      0  0  0  0     5.730E+07       1.746
   2      0  0  2  2     2.191E+07       2.103
   4      1  0  0  1     3.578E+07       1.899
   6      1  0  2  3     3.214E+07       2.116
  15      2  2  0  2     8.943E+07       2.257
  20      2  2  2  4     5.185E+07       2.208
  28      3  2  0  3     1.009E+08       2.228
  32      3  2  2  5     2.894E+08       2.732
  33      3  2  4  7     1.282E+09       3.632
  39      4  2  0  4     1.855E+08       2.715
  42      4  2  2  6     6.271E+08       3.122
  44      4  4  0  4     1.850E+08       2.791
  48      4  4  2  6     2.899E+08       2.961
  54      5  4  0  5     6.526E+08       3.139
  56      5  4  2  7     1.268E+09       3.309
  57      5  4  4  9     3.022E+09       3.938
  59      6  0  2  8     8.138E+08       3.477
  64      6  4  0  6     1.191E+09       3.455
  65      6  4  2  8     3.428E+09       3.681
  66      6  4  4 10     9.536E+09       4.269
  71      7  0  2  9     1.675E+09       3.730
  78      7  6  2  9     2.061E+09       3.801
  81      8  6  2 10     5.072E+09       4.099
 
     Dist      Isotropic   Sigma(Aniso)    Ratio
     0.000     5.730E+07     3.191E+10    556.92
     0.100     4.812E+07     2.170E+10    451.01
     0.200     4.041E+07     1.479E+10    365.90
     0.300     3.394E+07     1.009E+10    297.43
     0.400     2.850E+07     6.905E+09    242.26
     0.500     2.394E+07     4.733E+09    197.75
     0.600     2.010E+07     3.252E+09    161.78
     0.700     1.688E+07     2.240E+09    132.67
     0.800     1.418E+07     1.546E+09    109.08
     0.900     1.191E+07     1.071E+09     89.92
     1.000     9.999E+06     7.434E+08     74.34
     1.100     8.398E+06     5.177E+08     61.64
     1.200     7.052E+06     3.616E+08     51.28
     1.300     5.923E+06     2.535E+08     42.80
     1.400     4.974E+06     1.783E+08     35.85
     1.500     4.177E+06     1.259E+08     30.13
     1.600     3.508E+06     8.921E+07     25.43
     1.700     2.946E+06     6.348E+07     21.55
     1.800     2.474E+06     4.536E+07     18.33
     1.900     2.078E+06     3.255E+07     15.67
     2.000     1.745E+06     2.347E+07     13.45
     2.100     1.465E+06     1.700E+07     11.60
     2.200     1.231E+06     1.237E+07     10.05
     2.300     1.034E+06     9.042E+06      8.75
     2.400     8.680E+05     6.644E+06      7.65
     2.500     7.290E+05     4.905E+06      6.73
     2.600     6.122E+05     3.639E+06      5.94
     2.700     5.141E+05     2.713E+06      5.28
     2.800     4.318E+05     2.033E+06      4.71
     2.900     3.626E+05     1.530E+06      4.22
     3.000     3.045E+05     1.157E+06      3.80
     3.100     2.558E+05     8.789E+05      3.44
     3.200     2.148E+05     6.706E+05      3.12
     3.300     1.804E+05     5.137E+05      2.85
     3.400     1.515E+05     3.952E+05      2.61
     3.500     1.272E+05     3.051E+05      2.40
   ==> Anisotropic terms grow faster than isotropic one;
   ==> blind extrapolation of anisotropic terms is DANGEROUS
   ==> proportional extrapolation more secure
 
 Set up smooth transition domains...
 Anisotropy fraction kept at shorter range     1.000
 Left  domain     3.000  ->      3.500
 Right domain    14.000  ->     15.000
 
 Set up spline coefficients...
 
 ********************** R12-CCSD(T) corrections
 
 Number of distances          14
   3.000 ./H2Ov000_H2v0/cal.0300.dat        
 Nfunc =            9
   3.500 ./H2Ov000_H2v0/cal.0350.dat        
   4.000 ./H2Ov000_H2v0/cal.0400.dat        
   4.500 ./H2Ov000_H2v0/cal.0450.dat        
   5.000 ./H2Ov000_H2v0/cal.0500.dat        
   5.500 ./H2Ov000_H2v0/cal.0550.dat        
   6.000 ./H2Ov000_H2v0/cal.0600.dat        
   6.500 ./H2Ov000_H2v0/cal.0650.dat        
   7.000 ./H2Ov000_H2v0/cal.0700.dat        
   8.000 ./H2Ov000_H2v0/cal.0800.dat        
   9.000 ./H2Ov000_H2v0/cal.0900.dat        
  10.000 ./H2Ov000_H2v0/cal.1000.dat        
  11.000 ./H2Ov000_H2v0/cal.1100.dat        
  12.000 ./H2Ov000_H2v0/cal.1200.dat        
 
          14  R12 Distances
 
    Dist  Ngeom Nfunc  Sinv       RMS         ERR
   3.000   103     9   1.196  156.437700  231.621300
   3.500   103     9   1.196   49.684920   73.563370
   4.000   103     9   1.196   10.970180   16.242420
   4.500   103     9   1.196    4.338733    6.423918
   5.000    40     9   2.474    2.171004   10.670600
   5.500    40     9   2.474    1.557989    7.657600
   6.000    40     9   2.474    1.050566    5.163591
   6.500    40     9   2.474    0.834116    4.099726
   7.000    40     9   2.474    0.739658    3.635459
   8.000    40     9   2.474    0.494831    2.432121
   9.000    40     9   2.474    0.267243    1.313513
  10.000    40     9   2.474    0.139190    0.684125
  11.000    40     9   2.474    0.073726    0.362367
  12.000    40     9   2.474    0.041109    0.202051
 
 Original terms from cal.DDD.dat files           9
 
   1    0  0  0  0      2    0  0  2  2      3    1  0  0  1
   4    1  0  2  3      5    2  0  0  2      6    2  2  0  2
   7    2  2  2  4      8    3  0  0  3      9    3  2  0  3
 
 Set up smooth transition domains for R12...
 Left  domain     3.000  ->      3.500
 Right domain    11.000  ->     12.000
 
 Set up long range extrapolation for R12 correction
  #term          term            C                beta
     1     0     0     0     0   -5.560372E+08    8.008866
     2     0     0     2     2    1.907688E+10    9.911171
     3     1     0     0     1    5.384379E+09    9.132647
     4     1     0     2     3    4.336244E+04    3.631369
     5     2     0     0     2   -5.192012E+05    5.622889
     6     2     2     0     2    8.849748E+08    8.417587
     7     2     2     2     4    2.832805E+05    4.799592
     8     3     0     0     3   -6.812843E+06    6.927926
     9     3     2     0     3    3.877395E+08    8.422781
 
 Set up spline coefficients...
 
 R12 correction pointers to final expansion
 
   1 ->  1      2 ->  2      3 ->  4      4 ->  6      5 -> 10
   6 -> 15      7 -> 20      8 -> 23      9 -> 28
 
 ----------------------
 R12 correction applied
 ----------------------
 
 
 Initialization done.
 
 NLAM          83   MXLAM          83
