|----------------------------------------------------------|
|                      	    MQCT                           |
|          THE PROGRAM IS TO PERFORM ROTATIONALLY          |
|   AND VIBRATIONALLY INELASTIC SCATTERING CALCULATIONS.   |
|      	     TO SITE THIS WORK, PLEASE REFER TO:           |
|          A. SEMENOV, B. MANDAL, and D. BABIKOV,          |
|          COMPUTER PHYSICS COMMUNICATIONS, 2020           |
|----------------------------------------------------------|
 
THIS RUN PERFORMED ON 11/ 3/2022 at   1 p.m.  1 minutes, LOCAL MACHINE TIME
YOUR JOB NAME: ND3+D2
 
REDUCED MASS,A.M.U.: MASS =    3.354
 
THE POTENTIAL RANGE: FROM Rmin =   3.50 TO Rmax = 25.00 BOHR
 
COLLISIONAL ENERGIES, CM-1:
E(   1)=  100.000;
 
MAX IMPACT PARAMETER IS,a.u =     15.000
ORBITAL ANGULAR MOMENTUM STEP_SIZE:=   1
 
 
ALL TRAJECTORIES WILL BE STOPPED AFTER TIME_LIMT=  0.3500E+07
 
TRAPPED TRAJECTIRY WILL STOP AFTER   1 ROUNDS AND    1 OSCILLATIONS
 
PROPAGATOR TYPE: RUNGE-KUTTA 4-TH ORDER
TIME STEP IN RUNGE-KUTTA 4TH ORDER        50.00
 
 SYMMETRIC TOP + DIATOMC TOP
ROTATIONAL CONSTANTS OF SYMMETRIC TOP ARE, CM-1: A = B =    5.14; C =    3.10 ;
ROT.CONSTANT OF DIATOMIC MOLECULE, CM-1, BE =    30.4430
DISTORTION, CM-1, DE =    0.0000000
CHANNELS ENERGIES, CM-1:
#N =          J1          K          P         J2          E
    1          1          1          0          0 0.8244700000000000E+01
    2          1          1          1          0 0.8244700000000000E+01
    3          2          1          0          0 0.2881750000000000E+02
INITIAL STATE IS:J1 =    1; K =    1; P =	   1; J2 =	   0
 
THE POTENTIAL R-UNITS ARE BOHRS
THE POTENTIAL ENERGY IS IN CM-1
 
COULPING MATRIX WILL BE COMPUTED USING NUMERICAL  INTEGRATION OF POTENTIAL OVER THE WAVEFUNCTIONS
 
 
THE SYSTEM SETUP DONE SUCCESFULLY
