 energy           1
 state =            1
 j12=           0
 m12=           0
          ANGLE,deg DIFF. CROSS.,angs^2
      0.0000000E+00       0.3894855E+05
      0.9004502E-01       0.3883261E+05
      0.1800900E+00       0.3848663E+05
      0.2701351E+00       0.3791611E+05
      0.3601801E+00       0.3713007E+05
      0.4502251E+00       0.3614083E+05
      0.5402701E+00       0.3496375E+05
      0.6303152E+00       0.3361684E+05
      0.7203602E+00       0.3212040E+05
      0.8104052E+00       0.3049652E+05
      0.9004502E+00       0.2876861E+05
      0.9904952E+00       0.2696089E+05
      0.1080540E+01       0.2509792E+05
      0.1170585E+01       0.2320403E+05
      0.1260630E+01       0.2130290E+05
      0.1350675E+01       0.1941710E+05
      0.1440720E+01       0.1756769E+05
      0.1530765E+01       0.1577388E+05
      0.1620810E+01       0.1405273E+05
      0.1710855E+01       0.1241896E+05
      0.1800900E+01       0.1088478E+05
      0.1890945E+01       0.9459805E+04
      0.1980990E+01       0.8151040E+04
      0.2071036E+01       0.6962938E+04
      0.2161081E+01       0.5897495E+04
      0.2251126E+01       0.4954405E+04
      0.2341171E+01       0.4131262E+04
      0.2431216E+01       0.3423794E+04
      0.2521261E+01       0.2826122E+04
      0.2611306E+01       0.2331038E+04
      0.2701351E+01       0.1930289E+04
      0.2791396E+01       0.1614863E+04
      0.2881441E+01       0.1375265E+04
      0.2971486E+01       0.1201777E+04
      0.3061531E+01       0.1084699E+04
      0.3151576E+01       0.1014562E+04
      0.3241621E+01       0.9823185E+03
      0.3331666E+01       0.9794895E+03
      0.3421711E+01       0.9982923E+03
      0.3511756E+01       0.1031728E+04
      0.3601801E+01       0.1073641E+04
      0.3691846E+01       0.1118749E+04
      0.3781891E+01       0.1162646E+04
      0.3871936E+01       0.1201784E+04
      0.3961981E+01       0.1233431E+04
      0.4052026E+01       0.1255617E+04
      0.4142071E+01       0.1267065E+04
      0.4232116E+01       0.1267116E+04
      0.4322161E+01       0.1255647E+04
      0.4412206E+01       0.1232986E+04
      0.4502251E+01       0.1199827E+04
      0.4592296E+01       0.1157156E+04
      0.4682341E+01       0.1106170E+04
      0.4772386E+01       0.1048208E+04
      0.4862431E+01       0.9846952E+03
      0.4952476E+01       0.9170811E+03
      0.5042521E+01       0.8467996E+03
      0.5132566E+01       0.7752287E+03
      0.5222611E+01       0.7036607E+03
      0.5312656E+01       0.6332797E+03
      0.5402701E+01       0.5651444E+03
      0.5492746E+01       0.5001776E+03
      0.5582791E+01       0.4391605E+03
      0.5672836E+01       0.3827307E+03
      0.5762881E+01       0.3313838E+03
      0.5852926E+01       0.2854781E+03
      0.5942971E+01       0.2452412E+03
      0.6033017E+01       0.2107776E+03
      0.6123062E+01       0.1820787E+03
      0.6213107E+01       0.1590323E+03
      0.6303152E+01       0.1414338E+03
      0.6393197E+01       0.1289967E+03
      0.6483242E+01       0.1213639E+03
      0.6573287E+01       0.1181192E+03
      0.6663332E+01       0.1187982E+03
      0.6753377E+01       0.1228991E+03
      0.6843422E+01       0.1298943E+03
      0.6933467E+01       0.1392404E+03
      0.7023512E+01       0.1503889E+03
      0.7113557E+01       0.1627958E+03
      0.7203602E+01       0.1759315E+03
      0.7293647E+01       0.1892891E+03
      0.7383692E+01       0.2023930E+03
      0.7473737E+01       0.2148058E+03
      0.7563782E+01       0.2261349E+03
      0.7653827E+01       0.2360378E+03
      0.7743872E+01       0.2442262E+03
      0.7833917E+01       0.2504694E+03
      0.7923962E+01       0.2545956E+03
      0.8014007E+01       0.2564929E+03
      0.8104052E+01       0.2561085E+03
      0.8194097E+01       0.2534468E+03
      0.8284142E+01       0.2485662E+03
      0.8374187E+01       0.2415758E+03
      0.8464232E+01       0.2326296E+03
      0.8554277E+01       0.2219212E+03
      0.8644322E+01       0.2096775E+03
      0.8734367E+01       0.1961516E+03
      0.8824412E+01       0.1816161E+03
      0.8914457E+01       0.1663555E+03
      0.9004502E+01       0.1506593E+03
      0.9094547E+01       0.1348152E+03
      0.9184592E+01       0.1191022E+03
      0.9274637E+01       0.1037851E+03
      0.9364682E+01       0.8910899E+02
      0.9454727E+01       0.7529452E+02
      0.9544772E+01       0.6253437E+02
      0.9634817E+01       0.5099018E+02
      0.9724862E+01       0.4079062E+02
      0.9814907E+01       0.3203018E+02
      0.9904952E+01       0.2476893E+02
      0.9994997E+01       0.1903305E+02
      0.1008504E+02       0.1481606E+02
      0.1017509E+02       0.1208080E+02
      0.1026513E+02       0.1076195E+02
      0.1035518E+02       0.1076902E+02
      0.1044522E+02       0.1198974E+02
      0.1053527E+02       0.1429369E+02
      0.1062531E+02       0.1753617E+02
      0.1071536E+02       0.2156200E+02
      0.1080540E+02       0.2620946E+02
      0.1089545E+02       0.3131399E+02
      0.1098549E+02       0.3671174E+02
      0.1107554E+02       0.4224291E+02
      0.1116558E+02       0.4775475E+02
      0.1125563E+02       0.5310419E+02
      0.1134567E+02       0.5816019E+02
      0.1143572E+02       0.6280558E+02
      0.1152576E+02       0.6693859E+02
      0.1161581E+02       0.7047399E+02
      0.1170585E+02       0.7334374E+02
      0.1179590E+02       0.7549738E+02
      0.1188594E+02       0.7690202E+02
      0.1197599E+02       0.7754198E+02
      0.1206603E+02       0.7741819E+02
      0.1215608E+02       0.7654724E+02
      0.1224612E+02       0.7496028E+02
      0.1233617E+02       0.7270166E+02
      0.1242621E+02       0.6982742E+02
      0.1251626E+02       0.6640364E+02
      0.1260630E+02       0.6250467E+02
      0.1269635E+02       0.5821137E+02
      0.1278639E+02       0.5360920E+02
      0.1287644E+02       0.4878638E+02
      0.1296648E+02       0.4383211E+02
      0.1305653E+02       0.3883474E+02
      0.1314657E+02       0.3388012E+02
      0.1323662E+02       0.2905003E+02
      0.1332666E+02       0.2442076E+02
      0.1341671E+02       0.2006183E+02
      0.1350675E+02       0.1603491E+02
      0.1359680E+02       0.1239289E+02
      0.1368684E+02       0.9179230E+01
      0.1377689E+02       0.6427441E+01
      0.1386693E+02       0.4160834E+01
      0.1395698E+02       0.2392454E+01
      0.1404702E+02       0.1125239E+01
      0.1413707E+02       0.3523613E+00
      0.1422711E+02       0.5776599E-01
      0.1431716E+02       0.2168650E+00
      0.1440720E+02       0.7973831E+00
      0.1449725E+02       0.1760324E+01
      0.1458729E+02       0.3061034E+01
      0.1467734E+02       0.4650338E+01
      0.1476738E+02       0.6475716E+01
      0.1485743E+02       0.8482499E+01
      0.1494747E+02       0.1061506E+02
      0.1503752E+02       0.1281796E+02
      0.1512756E+02       0.1503705E+02
      0.1521761E+02       0.1722047E+02
      0.1530765E+02       0.1931962E+02
      0.1539770E+02       0.2128992E+02
      0.1548774E+02       0.2309151E+02
      0.1557779E+02       0.2468987E+02
      0.1566783E+02       0.2605615E+02
      0.1575788E+02       0.2716758E+02
      0.1584792E+02       0.2800750E+02
      0.1593797E+02       0.2856551E+02
      0.1602801E+02       0.2883728E+02
      0.1611806E+02       0.2882441E+02
      0.1620810E+02       0.2853405E+02
      0.1629815E+02       0.2797856E+02
      0.1638819E+02       0.2717496E+02
      0.1647824E+02       0.2614444E+02
      0.1656828E+02       0.2491172E+02
      0.1665833E+02       0.2350440E+02
      0.1674837E+02       0.2195236E+02
      0.1683842E+02       0.2028702E+02
      0.1692846E+02       0.1854073E+02
      0.1701851E+02       0.1674609E+02
      0.1710855E+02       0.1493532E+02
      0.1719860E+02       0.1313971E+02
      0.1728864E+02       0.1138905E+02
      0.1737869E+02       0.9711128E+01
      0.1746873E+02       0.8131329E+01
      0.1755878E+02       0.6672246E+01
      0.1764882E+02       0.5353381E+01
      0.1773887E+02       0.4190905E+01
      0.1782891E+02       0.3197495E+01
      0.1791896E+02       0.2382236E+01
      0.1800900E+02       0.1750590E+01
      0.1809905E+02       0.1304432E+01
      0.1818909E+02       0.1042151E+01
      0.1827914E+02       0.9588063E+00
      0.1836918E+02       0.1046342E+01
      0.1845923E+02       0.1293848E+01
      0.1854927E+02       0.1687865E+01
      0.1863932E+02       0.2212730E+01
      0.1872936E+02       0.2850939E+01
      0.1881941E+02       0.3583552E+01
      0.1890945E+02       0.4390593E+01
      0.1899950E+02       0.5251465E+01
      0.1908954E+02       0.6145370E+01
      0.1917959E+02       0.7051708E+01
      0.1926963E+02       0.7950467E+01
      0.1935968E+02       0.8822587E+01
      0.1944972E+02       0.9650296E+01
      0.1953977E+02       0.1041741E+02
      0.1962981E+02       0.1110958E+02
      0.1971986E+02       0.1171452E+02
      0.1980990E+02       0.1222215E+02
      0.1989995E+02       0.1262474E+02
      0.1998999E+02       0.1291694E+02
      0.2008004E+02       0.1309580E+02
      0.2017009E+02       0.1316074E+02
      0.2026013E+02       0.1311346E+02
      0.2035018E+02       0.1295780E+02
      0.2044022E+02       0.1269958E+02
      0.2053027E+02       0.1234641E+02
      0.2062031E+02       0.1190744E+02
      0.2071036E+02       0.1139311E+02
      0.2080040E+02       0.1081491E+02
      0.2089045E+02       0.1018506E+02
      0.2098049E+02       0.9516265E+01
      0.2107054E+02       0.8821443E+01
      0.2116058E+02       0.8113439E+01
      0.2125063E+02       0.7404795E+01
      0.2134067E+02       0.6707513E+01
      0.2143072E+02       0.6032851E+01
      0.2152076E+02       0.5391144E+01
      0.2161081E+02       0.4791651E+01
      0.2170085E+02       0.4242437E+01
      0.2179090E+02       0.3750277E+01
      0.2188094E+02       0.3320598E+01
      0.2197099E+02       0.2957445E+01
      0.2206103E+02       0.2663479E+01
      0.2215108E+02       0.2439998E+01
      0.2224112E+02       0.2286981E+01
      0.2233117E+02       0.2203159E+01
      0.2242121E+02       0.2186095E+01
      0.2251126E+02       0.2232287E+01
      0.2260130E+02       0.2337285E+01
      0.2269135E+02       0.2495806E+01
      0.2278139E+02       0.2701873E+01
      0.2287144E+02       0.2948945E+01
      0.2296148E+02       0.3230056E+01
      0.2305153E+02       0.3537949E+01
      0.2314157E+02       0.3865216E+01
      0.2323162E+02       0.4204423E+01
      0.2332166E+02       0.4548237E+01
      0.2341171E+02       0.4889545E+01
      0.2350175E+02       0.5221562E+01
      0.2359180E+02       0.5537934E+01
      0.2368184E+02       0.5832822E+01
      0.2377189E+02       0.6100985E+01
      0.2386193E+02       0.6337848E+01
      0.2395198E+02       0.6539552E+01
      0.2404202E+02       0.6702996E+01
      0.2413207E+02       0.6825871E+01
      0.2422211E+02       0.6906667E+01
      0.2431216E+02       0.6944682E+01
      0.2440220E+02       0.6940007E+01
      0.2449225E+02       0.6893501E+01
      0.2458229E+02       0.6806760E+01
      0.2467234E+02       0.6682062E+01
      0.2476238E+02       0.6522312E+01
      0.2485243E+02       0.6330974E+01
      0.2494247E+02       0.6111987E+01
      0.2503252E+02       0.5869690E+01
      0.2512256E+02       0.5608721E+01
      0.2521261E+02       0.5333930E+01
      0.2530265E+02       0.5050279E+01
      0.2539270E+02       0.4762744E+01
      0.2548274E+02       0.4476220E+01
      0.2557279E+02       0.4195432E+01
      0.2566283E+02       0.3924843E+01
      0.2575288E+02       0.3668579E+01
      0.2584292E+02       0.3430353E+01
      0.2593297E+02       0.3213411E+01
      0.2602301E+02       0.3020478E+01
      0.2611306E+02       0.2853721E+01
      0.2620310E+02       0.2714727E+01
      0.2629315E+02       0.2604489E+01
      0.2638319E+02       0.2523410E+01
      0.2647324E+02       0.2471314E+01
      0.2656328E+02       0.2447476E+01
      0.2665333E+02       0.2450656E+01
      0.2674337E+02       0.2479144E+01
      0.2683342E+02       0.2530820E+01
      0.2692346E+02       0.2603211E+01
      0.2701351E+02       0.2693557E+01
      0.2710355E+02       0.2798883E+01
      0.2719360E+02       0.2916066E+01
      0.2728364E+02       0.3041906E+01
      0.2737369E+02       0.3173197E+01
      0.2746373E+02       0.3306785E+01
      0.2755378E+02       0.3439634E+01
      0.2764382E+02       0.3568875E+01
      0.2773387E+02       0.3691853E+01
      0.2782391E+02       0.3806169E+01
      0.2791396E+02       0.3909710E+01
      0.2800400E+02       0.4000670E+01
      0.2809405E+02       0.4077572E+01
      0.2818409E+02       0.4139269E+01
      0.2827414E+02       0.4184951E+01
      0.2836418E+02       0.4214136E+01
      0.2845423E+02       0.4226661E+01
      0.2854427E+02       0.4222662E+01
      0.2863432E+02       0.4202558E+01
      0.2872436E+02       0.4167026E+01
      0.2881441E+02       0.4116970E+01
      0.2890445E+02       0.4053500E+01
      0.2899450E+02       0.3977894E+01
      0.2908454E+02       0.3891574E+01
      0.2917459E+02       0.3796074E+01
      0.2926463E+02       0.3693007E+01
      0.2935468E+02       0.3584042E+01
      0.2944472E+02       0.3470872E+01
      0.2953477E+02       0.3355188E+01
      0.2962481E+02       0.3238658E+01
      0.2971486E+02       0.3122899E+01
      0.2980490E+02       0.3009458E+01
      0.2989495E+02       0.2899794E+01
      0.2998499E+02       0.2795258E+01
      0.3007504E+02       0.2697080E+01
      0.3016508E+02       0.2606352E+01
      0.3025513E+02       0.2524019E+01
      0.3034517E+02       0.2450866E+01
      0.3043522E+02       0.2387517E+01
      0.3052526E+02       0.2334419E+01
      0.3061531E+02       0.2291849E+01
      0.3070535E+02       0.2259905E+01
      0.3079540E+02       0.2238514E+01
      0.3088544E+02       0.2227430E+01
      0.3097549E+02       0.2226243E+01
      0.3106553E+02       0.2234388E+01
      0.3115558E+02       0.2251158E+01
      0.3124562E+02       0.2275711E+01
      0.3133567E+02       0.2307096E+01
      0.3142571E+02       0.2344261E+01
      0.3151576E+02       0.2386079E+01
      0.3160580E+02       0.2431370E+01
      0.3169585E+02       0.2478918E+01
      0.3178589E+02       0.2527497E+01
      0.3187594E+02       0.2575896E+01
      0.3196598E+02       0.2622938E+01
      0.3205603E+02       0.2667505E+01
      0.3214607E+02       0.2708556E+01
      0.3223612E+02       0.2745151E+01
      0.3232616E+02       0.2776459E+01
      0.3241621E+02       0.2801779E+01
      0.3250625E+02       0.2820551E+01
      0.3259630E+02       0.2832357E+01
      0.3268634E+02       0.2836934E+01
      0.3277639E+02       0.2834168E+01
      0.3286643E+02       0.2824095E+01
      0.3295648E+02       0.2806896E+01
      0.3304652E+02       0.2782885E+01
      0.3313657E+02       0.2752498E+01
      0.3322661E+02       0.2716282E+01
      0.3331666E+02       0.2674877E+01
      0.3340670E+02       0.2628997E+01
      0.3349675E+02       0.2579416E+01
      0.3358679E+02       0.2526942E+01
      0.3367684E+02       0.2472407E+01
      0.3376688E+02       0.2416642E+01
      0.3385693E+02       0.2360462E+01
      0.3394697E+02       0.2304651E+01
      0.3403702E+02       0.2249943E+01
      0.3412706E+02       0.2197019E+01
      0.3421711E+02       0.2146486E+01
      0.3430715E+02       0.2098875E+01
      0.3439720E+02       0.2054636E+01
      0.3448724E+02       0.2014133E+01
      0.3457729E+02       0.1977639E+01
      0.3466733E+02       0.1945344E+01
      0.3475738E+02       0.1917352E+01
      0.3484742E+02       0.1893688E+01
      0.3493747E+02       0.1874302E+01
      0.3502751E+02       0.1859077E+01
      0.3511756E+02       0.1847834E+01
      0.3520760E+02       0.1840342E+01
      0.3529765E+02       0.1836325E+01
      0.3538769E+02       0.1835470E+01
      0.3547774E+02       0.1837437E+01
      0.3556778E+02       0.1841862E+01
      0.3565783E+02       0.1848368E+01
      0.3574787E+02       0.1856573E+01
      0.3583792E+02       0.1866089E+01
      0.3592796E+02       0.1876534E+01
      0.3601801E+02       0.1887533E+01
      0.3610805E+02       0.1898725E+01
      0.3619810E+02       0.1909762E+01
      0.3628814E+02       0.1920315E+01
      0.3637819E+02       0.1930077E+01
      0.3646823E+02       0.1938764E+01
      0.3655828E+02       0.1946114E+01
      0.3664832E+02       0.1951895E+01
      0.3673837E+02       0.1955903E+01
      0.3682841E+02       0.1957960E+01
      0.3691846E+02       0.1957922E+01
      0.3700850E+02       0.1955677E+01
      0.3709855E+02       0.1951144E+01
      0.3718859E+02       0.1944279E+01
      0.3727864E+02       0.1935069E+01
      0.3736868E+02       0.1923539E+01
      0.3745873E+02       0.1909747E+01
      0.3754877E+02       0.1893787E+01
      0.3763882E+02       0.1875785E+01
      0.3772886E+02       0.1855900E+01
      0.3781891E+02       0.1834321E+01
      0.3790895E+02       0.1811263E+01
      0.3799900E+02       0.1786967E+01
      0.3808904E+02       0.1761692E+01
      0.3817909E+02       0.1735713E+01
      0.3826913E+02       0.1709316E+01
      0.3835918E+02       0.1682792E+01
      0.3844922E+02       0.1656430E+01
      0.3853927E+02       0.1630515E+01
      0.3862931E+02       0.1605318E+01
      0.3871936E+02       0.1581095E+01
      0.3880940E+02       0.1558078E+01
      0.3889945E+02       0.1536472E+01
      0.3898949E+02       0.1516451E+01
      0.3907954E+02       0.1498154E+01
      0.3916958E+02       0.1481684E+01
      0.3925963E+02       0.1467105E+01
      0.3934967E+02       0.1454441E+01
      0.3943972E+02       0.1443678E+01
      0.3952976E+02       0.1434765E+01
      0.3961981E+02       0.1427615E+01
      0.3970985E+02       0.1422110E+01
      0.3979990E+02       0.1418102E+01
      0.3988994E+02       0.1415420E+01
      0.3997999E+02       0.1413874E+01
      0.4007004E+02       0.1413260E+01
      0.4016008E+02       0.1413365E+01
      0.4025013E+02       0.1413972E+01
      0.4034017E+02       0.1414868E+01
      0.4043022E+02       0.1415844E+01
      0.4052026E+02       0.1416703E+01
      0.4061031E+02       0.1417265E+01
      0.4070035E+02       0.1417366E+01
      0.4079040E+02       0.1416863E+01
      0.4088044E+02       0.1415636E+01
      0.4097049E+02       0.1413590E+01
      0.4106053E+02       0.1410653E+01
      0.4115058E+02       0.1406777E+01
      0.4124062E+02       0.1401939E+01
      0.4133067E+02       0.1396135E+01
      0.4142071E+02       0.1389384E+01
      0.4151076E+02       0.1381720E+01
      0.4160080E+02       0.1373193E+01
      0.4169085E+02       0.1363865E+01
      0.4178089E+02       0.1353810E+01
      0.4187094E+02       0.1343105E+01
      0.4196098E+02       0.1331835E+01
      0.4205103E+02       0.1320085E+01
      0.4214107E+02       0.1307942E+01
      0.4223112E+02       0.1295489E+01
      0.4232116E+02       0.1282808E+01
      0.4241121E+02       0.1269976E+01
      0.4250125E+02       0.1257066E+01
      0.4259130E+02       0.1244144E+01
      0.4268134E+02       0.1231274E+01
      0.4277139E+02       0.1218511E+01
      0.4286143E+02       0.1205910E+01
      0.4295148E+02       0.1193517E+01
      0.4304152E+02       0.1181378E+01
      0.4313157E+02       0.1169532E+01
      0.4322161E+02       0.1158018E+01
      0.4331166E+02       0.1146872E+01
      0.4340170E+02       0.1136125E+01
      0.4349175E+02       0.1125809E+01
      0.4358179E+02       0.1115950E+01
      0.4367184E+02       0.1106573E+01
      0.4376188E+02       0.1097699E+01
      0.4385193E+02       0.1089344E+01
      0.4394197E+02       0.1081521E+01
      0.4403202E+02       0.1074234E+01
      0.4412206E+02       0.1067483E+01
      0.4421211E+02       0.1061261E+01
      0.4430215E+02       0.1055551E+01
      0.4439220E+02       0.1050329E+01
      0.4448224E+02       0.1045562E+01
      0.4457229E+02       0.1041211E+01
      0.4466233E+02       0.1037225E+01
      0.4475238E+02       0.1033548E+01
      0.4484242E+02       0.1030118E+01
      0.4493247E+02       0.1026864E+01
      0.4502251E+02       0.1023715E+01
      0.4511256E+02       0.1020595E+01
      0.4520260E+02       0.1017427E+01
      0.4529265E+02       0.1014138E+01
      0.4538269E+02       0.1010655E+01
      0.4547274E+02       0.1006910E+01
      0.4556278E+02       0.1002844E+01
      0.4565283E+02       0.9984041E+00
      0.4574287E+02       0.9935477E+00
      0.4583292E+02       0.9882432E+00
      0.4592296E+02       0.9824706E+00
      0.4601301E+02       0.9762220E+00
      0.4610305E+02       0.9695020E+00
      0.4619310E+02       0.9623272E+00
      0.4628314E+02       0.9547258E+00
      0.4637319E+02       0.9467365E+00
      0.4646323E+02       0.9384076E+00
      0.4655328E+02       0.9297952E+00
      0.4664332E+02       0.9209619E+00
      0.4673337E+02       0.9119744E+00
      0.4682341E+02       0.9029019E+00
      0.4691346E+02       0.8938142E+00
      0.4700350E+02       0.8847797E+00
      0.4709355E+02       0.8758633E+00
      0.4718359E+02       0.8671250E+00
      0.4727364E+02       0.8586185E+00
      0.4736368E+02       0.8503896E+00
      0.4745373E+02       0.8424757E+00
      0.4754377E+02       0.8349051E+00
      0.4763382E+02       0.8276962E+00
      0.4772386E+02       0.8208585E+00
      0.4781391E+02       0.8143918E+00
      0.4790395E+02       0.8082876E+00
      0.4799400E+02       0.8025297E+00
      0.4808404E+02       0.7970952E+00
      0.4817409E+02       0.7919556E+00
      0.4826413E+02       0.7870783E+00
      0.4835418E+02       0.7824280E+00
      0.4844422E+02       0.7779678E+00
      0.4853427E+02       0.7736604E+00
      0.4862431E+02       0.7694699E+00
      0.4871436E+02       0.7653619E+00
      0.4880440E+02       0.7613053E+00
      0.4889445E+02       0.7572722E+00
      0.4898449E+02       0.7532389E+00
      0.4907454E+02       0.7491858E+00
      0.4916458E+02       0.7450975E+00
      0.4925463E+02       0.7409627E+00
      0.4934467E+02       0.7367740E+00
      0.4943472E+02       0.7325270E+00
      0.4952476E+02       0.7282202E+00
      0.4961481E+02       0.7238541E+00
      0.4970485E+02       0.7194305E+00
      0.4979490E+02       0.7149523E+00
      0.4988494E+02       0.7104221E+00
      0.4997499E+02       0.7058424E+00
      0.5006503E+02       0.7012149E+00
      0.5015508E+02       0.6965402E+00
      0.5024512E+02       0.6918176E+00
      0.5033517E+02       0.6870451E+00
      0.5042521E+02       0.6822197E+00
      0.5051526E+02       0.6773374E+00
      0.5060530E+02       0.6723938E+00
      0.5069535E+02       0.6673841E+00
      0.5078539E+02       0.6623041E+00
      0.5087544E+02       0.6571506E+00
      0.5096548E+02       0.6519216E+00
      0.5105553E+02       0.6466172E+00
      0.5114557E+02       0.6412398E+00
      0.5123562E+02       0.6357946E+00
      0.5132566E+02       0.6302897E+00
      0.5141571E+02       0.6247364E+00
      0.5150575E+02       0.6191489E+00
      0.5159580E+02       0.6135442E+00
      0.5168584E+02       0.6079421E+00
      0.5177589E+02       0.6023645E+00
      0.5186593E+02       0.5968347E+00
      0.5195598E+02       0.5913771E+00
      0.5204602E+02       0.5860162E+00
      0.5213607E+02       0.5807759E+00
      0.5222611E+02       0.5756786E+00
      0.5231616E+02       0.5707449E+00
      0.5240620E+02       0.5659921E+00
      0.5249625E+02       0.5614341E+00
      0.5258629E+02       0.5570809E+00
      0.5267634E+02       0.5529377E+00
      0.5276638E+02       0.5490051E+00
      0.5285643E+02       0.5452789E+00
      0.5294647E+02       0.5417499E+00
      0.5303652E+02       0.5384043E+00
      0.5312656E+02       0.5352244E+00
      0.5321661E+02       0.5321884E+00
      0.5330665E+02       0.5292718E+00
      0.5339670E+02       0.5264476E+00
      0.5348674E+02       0.5236877E+00
      0.5357679E+02       0.5209631E+00
      0.5366683E+02       0.5182453E+00
      0.5375688E+02       0.5155072E+00
      0.5384692E+02       0.5127235E+00
      0.5393697E+02       0.5098716E+00
      0.5402701E+02       0.5069326E+00
      0.5411706E+02       0.5038913E+00
      0.5420710E+02       0.5007366E+00
      0.5429715E+02       0.4974620E+00
      0.5438719E+02       0.4940653E+00
      0.5447724E+02       0.4905488E+00
      0.5456728E+02       0.4869186E+00
      0.5465733E+02       0.4831846E+00
      0.5474737E+02       0.4793595E+00
      0.5483742E+02       0.4754589E+00
      0.5492746E+02       0.4714998E+00
      0.5501751E+02       0.4675006E+00
      0.5510755E+02       0.4634799E+00
      0.5519760E+02       0.4594561E+00
      0.5528764E+02       0.4554468E+00
      0.5537769E+02       0.4514678E+00
      0.5546773E+02       0.4475332E+00
      0.5555778E+02       0.4436547E+00
      0.5564782E+02       0.4398415E+00
      0.5573787E+02       0.4361000E+00
      0.5582791E+02       0.4324341E+00
      0.5591796E+02       0.4288450E+00
      0.5600800E+02       0.4253318E+00
      0.5609805E+02       0.4218912E+00
      0.5618809E+02       0.4185185E+00
      0.5627814E+02       0.4152079E+00
      0.5636818E+02       0.4119525E+00
      0.5645823E+02       0.4087456E+00
      0.5654827E+02       0.4055802E+00
      0.5663832E+02       0.4024502E+00
      0.5672836E+02       0.3993503E+00
      0.5681841E+02       0.3962766E+00
      0.5690845E+02       0.3932265E+00
      0.5699850E+02       0.3901992E+00
      0.5708854E+02       0.3871954E+00
      0.5717859E+02       0.3842172E+00
      0.5726863E+02       0.3812685E+00
      0.5735868E+02       0.3783540E+00
      0.5744872E+02       0.3754795E+00
      0.5753877E+02       0.3726513E+00
      0.5762881E+02       0.3698757E+00
      0.5771886E+02       0.3671591E+00
      0.5780890E+02       0.3645069E+00
      0.5789895E+02       0.3619235E+00
      0.5798899E+02       0.3594121E+00
      0.5807904E+02       0.3569741E+00
      0.5816908E+02       0.3546090E+00
      0.5825913E+02       0.3523144E+00
      0.5834917E+02       0.3500856E+00
      0.5843922E+02       0.3479160E+00
      0.5852926E+02       0.3457973E+00
      0.5861931E+02       0.3437191E+00
      0.5870935E+02       0.3416700E+00
      0.5879940E+02       0.3396374E+00
      0.5888944E+02       0.3376081E+00
      0.5897949E+02       0.3355688E+00
      0.5906953E+02       0.3335066E+00
      0.5915958E+02       0.3314093E+00
      0.5924962E+02       0.3292659E+00
      0.5933967E+02       0.3270670E+00
      0.5942971E+02       0.3248054E+00
      0.5951976E+02       0.3224761E+00
      0.5960980E+02       0.3200763E+00
      0.5969985E+02       0.3176060E+00
      0.5978989E+02       0.3150678E+00
      0.5987994E+02       0.3124667E+00
      0.5996998E+02       0.3098099E+00
      0.6006003E+02       0.3071068E+00
      0.6015008E+02       0.3043685E+00
      0.6024012E+02       0.3016074E+00
      0.6033017E+02       0.2988368E+00
      0.6042021E+02       0.2960704E+00
      0.6051026E+02       0.2933220E+00
      0.6060030E+02       0.2906047E+00
      0.6069035E+02       0.2879309E+00
      0.6078039E+02       0.2853117E+00
      0.6087044E+02       0.2827563E+00
      0.6096048E+02       0.2802724E+00
      0.6105053E+02       0.2778654E+00
      0.6114057E+02       0.2755385E+00
      0.6123062E+02       0.2732929E+00
      0.6132066E+02       0.2711275E+00
      0.6141071E+02       0.2690393E+00
      0.6150075E+02       0.2670235E+00
      0.6159080E+02       0.2650737E+00
      0.6168084E+02       0.2631823E+00
      0.6177089E+02       0.2613409E+00
      0.6186093E+02       0.2595407E+00
      0.6195098E+02       0.2577725E+00
      0.6204102E+02       0.2560276E+00
      0.6213107E+02       0.2542975E+00
      0.6222111E+02       0.2525750E+00
      0.6231116E+02       0.2508537E+00
      0.6240120E+02       0.2491286E+00
      0.6249125E+02       0.2473962E+00
      0.6258129E+02       0.2456543E+00
      0.6267134E+02       0.2439026E+00
      0.6276138E+02       0.2421418E+00
      0.6285143E+02       0.2403743E+00
      0.6294147E+02       0.2386035E+00
      0.6303152E+02       0.2368339E+00
      0.6312156E+02       0.2350705E+00
      0.6321161E+02       0.2333189E+00
      0.6330165E+02       0.2315847E+00
      0.6339170E+02       0.2298735E+00
      0.6348174E+02       0.2281903E+00
      0.6357179E+02       0.2265398E+00
      0.6366183E+02       0.2249254E+00
      0.6375188E+02       0.2233496E+00
      0.6384192E+02       0.2218139E+00
      0.6393197E+02       0.2203184E+00
      0.6402201E+02       0.2188619E+00
      0.6411206E+02       0.2174421E+00
      0.6420210E+02       0.2160555E+00
      0.6429215E+02       0.2146978E+00
      0.6438219E+02       0.2133637E+00
      0.6447224E+02       0.2120473E+00
      0.6456228E+02       0.2107427E+00
      0.6465233E+02       0.2094436E+00
      0.6474237E+02       0.2081439E+00
      0.6483242E+02       0.2068379E+00
      0.6492246E+02       0.2055208E+00
      0.6501251E+02       0.2041882E+00
      0.6510255E+02       0.2028371E+00
      0.6519260E+02       0.2014654E+00
      0.6528264E+02       0.2000721E+00
      0.6537269E+02       0.1986576E+00
      0.6546273E+02       0.1972234E+00
      0.6555278E+02       0.1957721E+00
      0.6564282E+02       0.1943073E+00
      0.6573287E+02       0.1928335E+00
      0.6582291E+02       0.1913558E+00
      0.6591296E+02       0.1898797E+00
      0.6600300E+02       0.1884111E+00
      0.6609305E+02       0.1869560E+00
      0.6618309E+02       0.1855200E+00
      0.6627314E+02       0.1841085E+00
      0.6636318E+02       0.1827263E+00
      0.6645323E+02       0.1813774E+00
      0.6654327E+02       0.1800650E+00
      0.6663332E+02       0.1787916E+00
      0.6672336E+02       0.1775585E+00
      0.6681341E+02       0.1763661E+00
      0.6690345E+02       0.1752139E+00
      0.6699350E+02       0.1741005E+00
      0.6708354E+02       0.1730239E+00
      0.6717359E+02       0.1719812E+00
      0.6726363E+02       0.1709692E+00
      0.6735368E+02       0.1699844E+00
      0.6744372E+02       0.1690230E+00
      0.6753377E+02       0.1680812E+00
      0.6762381E+02       0.1671556E+00
      0.6771386E+02       0.1662427E+00
      0.6780390E+02       0.1653397E+00
      0.6789395E+02       0.1644443E+00
      0.6798399E+02       0.1635546E+00
      0.6807404E+02       0.1626694E+00
      0.6816408E+02       0.1617882E+00
      0.6825413E+02       0.1609110E+00
      0.6834417E+02       0.1600383E+00
      0.6843422E+02       0.1591709E+00
      0.6852426E+02       0.1583102E+00
      0.6861431E+02       0.1574576E+00
      0.6870435E+02       0.1566146E+00
      0.6879440E+02       0.1557826E+00
      0.6888444E+02       0.1549629E+00
      0.6897449E+02       0.1541562E+00
      0.6906453E+02       0.1533631E+00
      0.6915458E+02       0.1525835E+00
      0.6924462E+02       0.1518165E+00
      0.6933467E+02       0.1510610E+00
      0.6942471E+02       0.1503150E+00
      0.6951476E+02       0.1495759E+00
      0.6960480E+02       0.1488408E+00
      0.6969485E+02       0.1481061E+00
      0.6978489E+02       0.1473682E+00
      0.6987494E+02       0.1466231E+00
      0.6996498E+02       0.1458670E+00
      0.7005503E+02       0.1450960E+00
      0.7014507E+02       0.1443068E+00
      0.7023512E+02       0.1434964E+00
      0.7032516E+02       0.1426625E+00
      0.7041521E+02       0.1418037E+00
      0.7050525E+02       0.1409193E+00
      0.7059530E+02       0.1400095E+00
      0.7068534E+02       0.1390756E+00
      0.7077539E+02       0.1381199E+00
      0.7086543E+02       0.1371455E+00
      0.7095548E+02       0.1361566E+00
      0.7104552E+02       0.1351579E+00
      0.7113557E+02       0.1341551E+00
      0.7122561E+02       0.1331542E+00
      0.7131566E+02       0.1321614E+00
      0.7140570E+02       0.1311833E+00
      0.7149575E+02       0.1302264E+00
      0.7158579E+02       0.1292967E+00
      0.7167584E+02       0.1284001E+00
      0.7176588E+02       0.1275415E+00
      0.7185593E+02       0.1267254E+00
      0.7194597E+02       0.1259550E+00
      0.7203602E+02       0.1252329E+00
      0.7212606E+02       0.1245601E+00
      0.7221611E+02       0.1239370E+00
      0.7230615E+02       0.1233623E+00
      0.7239620E+02       0.1228341E+00
      0.7248624E+02       0.1223492E+00
      0.7257629E+02       0.1219035E+00
      0.7266633E+02       0.1214920E+00
      0.7275638E+02       0.1211092E+00
      0.7284642E+02       0.1207490E+00
      0.7293647E+02       0.1204051E+00
      0.7302651E+02       0.1200708E+00
      0.7311656E+02       0.1197398E+00
      0.7320660E+02       0.1194058E+00
      0.7329665E+02       0.1190631E+00
      0.7338669E+02       0.1187064E+00
      0.7347674E+02       0.1183313E+00
      0.7356678E+02       0.1179339E+00
      0.7365683E+02       0.1175113E+00
      0.7374687E+02       0.1170618E+00
      0.7383692E+02       0.1165841E+00
      0.7392696E+02       0.1160783E+00
      0.7401701E+02       0.1155450E+00
      0.7410705E+02       0.1149857E+00
      0.7419710E+02       0.1144027E+00
      0.7428714E+02       0.1137987E+00
      0.7437719E+02       0.1131769E+00
      0.7446723E+02       0.1125409E+00
      0.7455728E+02       0.1118944E+00
      0.7464732E+02       0.1112410E+00
      0.7473737E+02       0.1105844E+00
      0.7482741E+02       0.1099279E+00
      0.7491746E+02       0.1092749E+00
      0.7500750E+02       0.1086278E+00
      0.7509755E+02       0.1079891E+00
      0.7518759E+02       0.1073606E+00
      0.7527764E+02       0.1067436E+00
      0.7536768E+02       0.1061391E+00
      0.7545773E+02       0.1055474E+00
      0.7554777E+02       0.1049687E+00
      0.7563782E+02       0.1044027E+00
      0.7572786E+02       0.1038491E+00
      0.7581791E+02       0.1033070E+00
      0.7590795E+02       0.1027759E+00
      0.7599800E+02       0.1022550E+00
      0.7608804E+02       0.1017438E+00
      0.7617809E+02       0.1012416E+00
      0.7626813E+02       0.1007484E+00
      0.7635818E+02       0.1002640E+00
      0.7644822E+02       0.9978870E-01
      0.7653827E+02       0.9932291E-01
      0.7662831E+02       0.9886739E-01
      0.7671836E+02       0.9842308E-01
      0.7680840E+02       0.9799110E-01
      0.7689845E+02       0.9757266E-01
      0.7698849E+02       0.9716904E-01
      0.7707854E+02       0.9678147E-01
      0.7716858E+02       0.9641107E-01
      0.7725863E+02       0.9605875E-01
      0.7734867E+02       0.9572517E-01
      0.7743872E+02       0.9541066E-01
      0.7752876E+02       0.9511513E-01
      0.7761881E+02       0.9483805E-01
      0.7770885E+02       0.9457845E-01
      0.7779890E+02       0.9433484E-01
      0.7788894E+02       0.9410529E-01
      0.7797899E+02       0.9388741E-01
      0.7806903E+02       0.9367842E-01
      0.7815908E+02       0.9347520E-01
      0.7824912E+02       0.9327438E-01
      0.7833917E+02       0.9307242E-01
      0.7842921E+02       0.9286573E-01
      0.7851926E+02       0.9265075E-01
      0.7860930E+02       0.9242412E-01
      0.7869935E+02       0.9218270E-01
      0.7878939E+02       0.9192377E-01
      0.7887944E+02       0.9164504E-01
      0.7896948E+02       0.9134480E-01
      0.7905953E+02       0.9102192E-01
      0.7914957E+02       0.9067595E-01
      0.7923962E+02       0.9030712E-01
      0.7932966E+02       0.8991632E-01
      0.7941971E+02       0.8950514E-01
      0.7950975E+02       0.8907576E-01
      0.7959980E+02       0.8863093E-01
      0.7968984E+02       0.8817387E-01
      0.7977989E+02       0.8770819E-01
      0.7986993E+02       0.8723777E-01
      0.7995998E+02       0.8676665E-01
      0.8005003E+02       0.8629891E-01
      0.8014007E+02       0.8583855E-01
      0.8023012E+02       0.8538938E-01
      0.8032016E+02       0.8495490E-01
      0.8041021E+02       0.8453824E-01
      0.8050025E+02       0.8414201E-01
      0.8059030E+02       0.8376834E-01
      0.8068034E+02       0.8341873E-01
      0.8077039E+02       0.8309409E-01
      0.8086043E+02       0.8279475E-01
      0.8095048E+02       0.8252040E-01
      0.8104052E+02       0.8227020E-01
      0.8113057E+02       0.8204281E-01
      0.8122061E+02       0.8183642E-01
      0.8131066E+02       0.8164887E-01
      0.8140070E+02       0.8147774E-01
      0.8149075E+02       0.8132040E-01
      0.8158079E+02       0.8117413E-01
      0.8167084E+02       0.8103624E-01
      0.8176088E+02       0.8090408E-01
      0.8185093E+02       0.8077521E-01
      0.8194097E+02       0.8064741E-01
      0.8203102E+02       0.8051874E-01
      0.8212106E+02       0.8038764E-01
      0.8221111E+02       0.8025288E-01
      0.8230115E+02       0.8011362E-01
      0.8239120E+02       0.7996943E-01
      0.8248124E+02       0.7982020E-01
      0.8257129E+02       0.7966616E-01
      0.8266133E+02       0.7950786E-01
      0.8275138E+02       0.7934603E-01
      0.8284142E+02       0.7918161E-01
      0.8293147E+02       0.7901564E-01
      0.8302151E+02       0.7884920E-01
      0.8311156E+02       0.7868331E-01
      0.8320160E+02       0.7851895E-01
      0.8329165E+02       0.7835691E-01
      0.8338169E+02       0.7819780E-01
      0.8347174E+02       0.7804199E-01
      0.8356178E+02       0.7788959E-01
      0.8365183E+02       0.7774043E-01
      0.8374187E+02       0.7759408E-01
      0.8383192E+02       0.7744986E-01
      0.8392196E+02       0.7730684E-01
      0.8401201E+02       0.7716393E-01
      0.8410205E+02       0.7701988E-01
      0.8419210E+02       0.7687337E-01
      0.8428214E+02       0.7672308E-01
      0.8437219E+02       0.7656772E-01
      0.8446223E+02       0.7640611E-01
      0.8455228E+02       0.7623727E-01
      0.8464232E+02       0.7606043E-01
      0.8473237E+02       0.7587512E-01
      0.8482241E+02       0.7568118E-01
      0.8491246E+02       0.7547879E-01
      0.8500250E+02       0.7526850E-01
      0.8509255E+02       0.7505121E-01
      0.8518259E+02       0.7482816E-01
      0.8527264E+02       0.7460091E-01
      0.8536268E+02       0.7437128E-01
      0.8545273E+02       0.7414133E-01
      0.8554277E+02       0.7391325E-01
      0.8563282E+02       0.7368936E-01
      0.8572286E+02       0.7347197E-01
      0.8581291E+02       0.7326334E-01
      0.8590295E+02       0.7306561E-01
      0.8599300E+02       0.7288071E-01
      0.8608304E+02       0.7271031E-01
      0.8617309E+02       0.7255577E-01
      0.8626313E+02       0.7241808E-01
      0.8635318E+02       0.7229781E-01
      0.8644322E+02       0.7219514E-01
      0.8653327E+02       0.7210980E-01
      0.8662331E+02       0.7204110E-01
      0.8671336E+02       0.7198795E-01
      0.8680340E+02       0.7194888E-01
      0.8689345E+02       0.7192208E-01
      0.8698349E+02       0.7190549E-01
      0.8707354E+02       0.7189682E-01
      0.8716358E+02       0.7189365E-01
      0.8725363E+02       0.7189346E-01
      0.8734367E+02       0.7189375E-01
      0.8743372E+02       0.7189212E-01
      0.8752376E+02       0.7188627E-01
      0.8761381E+02       0.7187415E-01
      0.8770385E+02       0.7185394E-01
      0.8779390E+02       0.7182417E-01
      0.8788394E+02       0.7178368E-01
      0.8797399E+02       0.7173171E-01
      0.8806403E+02       0.7166786E-01
      0.8815408E+02       0.7159213E-01
      0.8824412E+02       0.7150485E-01
      0.8833417E+02       0.7140670E-01
      0.8842421E+02       0.7129867E-01
      0.8851426E+02       0.7118198E-01
      0.8860430E+02       0.7105805E-01
      0.8869435E+02       0.7092844E-01
      0.8878439E+02       0.7079479E-01
      0.8887444E+02       0.7065875E-01
      0.8896448E+02       0.7052192E-01
      0.8905453E+02       0.7038582E-01
      0.8914457E+02       0.7025182E-01
      0.8923462E+02       0.7012110E-01
      0.8932466E+02       0.6999463E-01
      0.8941471E+02       0.6987314E-01
      0.8950475E+02       0.6975713E-01
      0.8959480E+02       0.6964686E-01
      0.8968484E+02       0.6954235E-01
      0.8977489E+02       0.6944342E-01
      0.8986493E+02       0.6934972E-01
      0.8995498E+02       0.6926075E-01
      0.9004502E+02       0.6917593E-01
      0.9013507E+02       0.6909462E-01
      0.9022511E+02       0.6901618E-01
      0.9031516E+02       0.6894001E-01
      0.9040520E+02       0.6886559E-01
      0.9049525E+02       0.6879254E-01
      0.9058529E+02       0.6872061E-01
      0.9067534E+02       0.6864976E-01
      0.9076538E+02       0.6858013E-01
      0.9085543E+02       0.6851206E-01
      0.9094547E+02       0.6844609E-01
      0.9103552E+02       0.6838296E-01
      0.9112556E+02       0.6832357E-01
      0.9121561E+02       0.6826896E-01
      0.9130565E+02       0.6822027E-01
      0.9139570E+02       0.6817868E-01
      0.9148574E+02       0.6814539E-01
      0.9157579E+02       0.6812158E-01
      0.9166583E+02       0.6810830E-01
      0.9175588E+02       0.6810648E-01
      0.9184592E+02       0.6811685E-01
      0.9193597E+02       0.6813992E-01
      0.9202601E+02       0.6817591E-01
      0.9211606E+02       0.6822476E-01
      0.9220610E+02       0.6828610E-01
      0.9229615E+02       0.6835923E-01
      0.9238619E+02       0.6844315E-01
      0.9247624E+02       0.6853653E-01
      0.9256628E+02       0.6863780E-01
      0.9265633E+02       0.6874512E-01
      0.9274637E+02       0.6885648E-01
      0.9283642E+02       0.6896972E-01
      0.9292646E+02       0.6908260E-01
      0.9301651E+02       0.6919286E-01
      0.9310655E+02       0.6929831E-01
      0.9319660E+02       0.6939686E-01
      0.9328664E+02       0.6948663E-01
      0.9337669E+02       0.6956595E-01
      0.9346673E+02       0.6963348E-01
      0.9355678E+02       0.6968820E-01
      0.9364682E+02       0.6972948E-01
      0.9373687E+02       0.6975708E-01
      0.9382691E+02       0.6977117E-01
      0.9391696E+02       0.6977236E-01
      0.9400700E+02       0.6976161E-01
      0.9409705E+02       0.6974028E-01
      0.9418709E+02       0.6971006E-01
      0.9427714E+02       0.6967292E-01
      0.9436718E+02       0.6963106E-01
      0.9445723E+02       0.6958685E-01
      0.9454727E+02       0.6954276E-01
      0.9463732E+02       0.6950128E-01
      0.9472736E+02       0.6946488E-01
      0.9481741E+02       0.6943591E-01
      0.9490745E+02       0.6941657E-01
      0.9499750E+02       0.6940882E-01
      0.9508754E+02       0.6941435E-01
      0.9517759E+02       0.6943453E-01
      0.9526763E+02       0.6947039E-01
      0.9535768E+02       0.6952259E-01
      0.9544772E+02       0.6959144E-01
      0.9553777E+02       0.6967684E-01
      0.9562781E+02       0.6977839E-01
      0.9571786E+02       0.6989530E-01
      0.9580790E+02       0.7002652E-01
      0.9589795E+02       0.7017073E-01
      0.9598799E+02       0.7032642E-01
      0.9607804E+02       0.7049190E-01
      0.9616808E+02       0.7066540E-01
      0.9625813E+02       0.7084510E-01
      0.9634817E+02       0.7102919E-01
      0.9643822E+02       0.7121595E-01
      0.9652826E+02       0.7140374E-01
      0.9661831E+02       0.7159113E-01
      0.9670835E+02       0.7177685E-01
      0.9679840E+02       0.7195989E-01
      0.9688844E+02       0.7213945E-01
      0.9697849E+02       0.7231503E-01
      0.9706853E+02       0.7248637E-01
      0.9715858E+02       0.7265344E-01
      0.9724862E+02       0.7281648E-01
      0.9733867E+02       0.7297592E-01
      0.9742871E+02       0.7313236E-01
      0.9751876E+02       0.7328655E-01
      0.9760880E+02       0.7343934E-01
      0.9769885E+02       0.7359161E-01
      0.9778889E+02       0.7374428E-01
      0.9787894E+02       0.7389821E-01
      0.9796898E+02       0.7405423E-01
      0.9805903E+02       0.7421302E-01
      0.9814907E+02       0.7437516E-01
      0.9823912E+02       0.7454106E-01
      0.9832916E+02       0.7471097E-01
      0.9841921E+02       0.7488495E-01
      0.9850925E+02       0.7506292E-01
      0.9859930E+02       0.7524462E-01
      0.9868934E+02       0.7542964E-01
      0.9877939E+02       0.7561748E-01
      0.9886943E+02       0.7580753E-01
      0.9895948E+02       0.7599915E-01
      0.9904952E+02       0.7619166E-01
      0.9913957E+02       0.7638443E-01
      0.9922961E+02       0.7657687E-01
      0.9931966E+02       0.7676851E-01
      0.9940970E+02       0.7695899E-01
      0.9949975E+02       0.7714813E-01
      0.9958979E+02       0.7733589E-01
      0.9967984E+02       0.7752248E-01
      0.9976988E+02       0.7770827E-01
      0.9985993E+02       0.7789385E-01
      0.9994997E+02       0.7807998E-01
      0.1000400E+03       0.7826763E-01
      0.1001301E+03       0.7845789E-01
      0.1002201E+03       0.7865199E-01
      0.1003102E+03       0.7885123E-01
      0.1004002E+03       0.7905696E-01
      0.1004902E+03       0.7927053E-01
      0.1005803E+03       0.7949324E-01
      0.1006703E+03       0.7972628E-01
      0.1007604E+03       0.7997072E-01
      0.1008504E+03       0.8022744E-01
      0.1009405E+03       0.8049711E-01
      0.1010305E+03       0.8078014E-01
      0.1011206E+03       0.8107667E-01
      0.1012106E+03       0.8138656E-01
      0.1013007E+03       0.8170935E-01
      0.1013907E+03       0.8204432E-01
      0.1014807E+03       0.8239045E-01
      0.1015708E+03       0.8274646E-01
      0.1016608E+03       0.8311086E-01
      0.1017509E+03       0.8348195E-01
      0.1018409E+03       0.8385789E-01
      0.1019310E+03       0.8423678E-01
      0.1020210E+03       0.8461664E-01
      0.1021111E+03       0.8499553E-01
      0.1022011E+03       0.8537159E-01
      0.1022911E+03       0.8574310E-01
      0.1023812E+03       0.8610850E-01
      0.1024712E+03       0.8646649E-01
      0.1025613E+03       0.8681603E-01
      0.1026513E+03       0.8715637E-01
      0.1027414E+03       0.8748712E-01
      0.1028314E+03       0.8780820E-01
      0.1029215E+03       0.8811987E-01
      0.1030115E+03       0.8842274E-01
      0.1031016E+03       0.8871771E-01
      0.1031916E+03       0.8900597E-01
      0.1032816E+03       0.8928897E-01
      0.1033717E+03       0.8956833E-01
      0.1034617E+03       0.8984584E-01
      0.1035518E+03       0.9012338E-01
      0.1036418E+03       0.9040287E-01
      0.1037319E+03       0.9068621E-01
      0.1038219E+03       0.9097522E-01
      0.1039120E+03       0.9127159E-01
      0.1040020E+03       0.9157682E-01
      0.1040920E+03       0.9189222E-01
      0.1041821E+03       0.9221882E-01
      0.1042721E+03       0.9255737E-01
      0.1043622E+03       0.9290832E-01
      0.1044522E+03       0.9327182E-01
      0.1045423E+03       0.9364771E-01
      0.1046323E+03       0.9403554E-01
      0.1047224E+03       0.9443459E-01
      0.1048124E+03       0.9484389E-01
      0.1049025E+03       0.9526227E-01
      0.1049925E+03       0.9568839E-01
      0.1050825E+03       0.9612080E-01
      0.1051726E+03       0.9655797E-01
      0.1052626E+03       0.9699836E-01
      0.1053527E+03       0.9744047E-01
      0.1054427E+03       0.9788287E-01
      0.1055328E+03       0.9832427E-01
      0.1056228E+03       0.9876352E-01
      0.1057129E+03       0.9919970E-01
      0.1058029E+03       0.9963208E-01
      0.1058929E+03       0.1000602E+00
      0.1059830E+03       0.1004838E+00
      0.1060730E+03       0.1009030E+00
      0.1061631E+03       0.1013179E+00
      0.1062531E+03       0.1017292E+00
      0.1063432E+03       0.1021373E+00
      0.1064332E+03       0.1025432E+00
      0.1065233E+03       0.1029477E+00
      0.1066133E+03       0.1033520E+00
      0.1067034E+03       0.1037571E+00
      0.1067934E+03       0.1041640E+00
      0.1068834E+03       0.1045737E+00
      0.1069735E+03       0.1049872E+00
      0.1070635E+03       0.1054052E+00
      0.1071536E+03       0.1058283E+00
      0.1072436E+03       0.1062570E+00
      0.1073337E+03       0.1066916E+00
      0.1074237E+03       0.1071320E+00
      0.1075138E+03       0.1075782E+00
      0.1076038E+03       0.1080297E+00
      0.1076938E+03       0.1084861E+00
      0.1077839E+03       0.1089466E+00
      0.1078739E+03       0.1094104E+00
      0.1079640E+03       0.1098767E+00
      0.1080540E+03       0.1103444E+00
      0.1081441E+03       0.1108127E+00
      0.1082341E+03       0.1112806E+00
      0.1083242E+03       0.1117472E+00
      0.1084142E+03       0.1122118E+00
      0.1085043E+03       0.1126738E+00
      0.1085943E+03       0.1131327E+00
      0.1086843E+03       0.1135884E+00
      0.1087744E+03       0.1140409E+00
      0.1088644E+03       0.1144902E+00
      0.1089545E+03       0.1149369E+00
      0.1090445E+03       0.1153816E+00
      0.1091346E+03       0.1158250E+00
      0.1092246E+03       0.1162683E+00
      0.1093147E+03       0.1167125E+00
      0.1094047E+03       0.1171589E+00
      0.1094947E+03       0.1176088E+00
      0.1095848E+03       0.1180634E+00
      0.1096748E+03       0.1185242E+00
      0.1097649E+03       0.1189922E+00
      0.1098549E+03       0.1194685E+00
      0.1099450E+03       0.1199541E+00
      0.1100350E+03       0.1204498E+00
      0.1101251E+03       0.1209559E+00
      0.1102151E+03       0.1214727E+00
      0.1103052E+03       0.1220002E+00
      0.1103952E+03       0.1225381E+00
      0.1104852E+03       0.1230857E+00
      0.1105753E+03       0.1236421E+00
      0.1106653E+03       0.1242063E+00
      0.1107554E+03       0.1247769E+00
      0.1108454E+03       0.1253525E+00
      0.1109355E+03       0.1259313E+00
      0.1110255E+03       0.1265117E+00
      0.1111156E+03       0.1270920E+00
      0.1112056E+03       0.1276704E+00
      0.1112956E+03       0.1282453E+00
      0.1113857E+03       0.1288151E+00
      0.1114757E+03       0.1293787E+00
      0.1115658E+03       0.1299348E+00
      0.1116558E+03       0.1304828E+00
      0.1117459E+03       0.1310219E+00
      0.1118359E+03       0.1315522E+00
      0.1119260E+03       0.1320736E+00
      0.1120160E+03       0.1325865E+00
      0.1121061E+03       0.1330919E+00
      0.1121961E+03       0.1335906E+00
      0.1122861E+03       0.1340839E+00
      0.1123762E+03       0.1345735E+00
      0.1124662E+03       0.1350609E+00
      0.1125563E+03       0.1355480E+00
      0.1126463E+03       0.1360366E+00
      0.1127364E+03       0.1365287E+00
      0.1128264E+03       0.1370260E+00
      0.1129165E+03       0.1375302E+00
      0.1130065E+03       0.1380430E+00
      0.1130965E+03       0.1385656E+00
      0.1131866E+03       0.1390992E+00
      0.1132766E+03       0.1396445E+00
      0.1133667E+03       0.1402020E+00
      0.1134567E+03       0.1407720E+00
      0.1135468E+03       0.1413541E+00
      0.1136368E+03       0.1419480E+00
      0.1137269E+03       0.1425528E+00
      0.1138169E+03       0.1431674E+00
      0.1139070E+03       0.1437904E+00
      0.1139970E+03       0.1444203E+00
      0.1140870E+03       0.1450554E+00
      0.1141771E+03       0.1456938E+00
      0.1142671E+03       0.1463336E+00
      0.1143572E+03       0.1469729E+00
      0.1144472E+03       0.1476100E+00
      0.1145373E+03       0.1482430E+00
      0.1146273E+03       0.1488706E+00
      0.1147174E+03       0.1494913E+00
      0.1148074E+03       0.1501041E+00
      0.1148974E+03       0.1507082E+00
      0.1149875E+03       0.1513033E+00
      0.1150775E+03       0.1518890E+00
      0.1151676E+03       0.1524656E+00
      0.1152576E+03       0.1530335E+00
      0.1153477E+03       0.1535936E+00
      0.1154377E+03       0.1541468E+00
      0.1155278E+03       0.1546945E+00
      0.1156178E+03       0.1552379E+00
      0.1157079E+03       0.1557786E+00
      0.1157979E+03       0.1563184E+00
      0.1158879E+03       0.1568587E+00
      0.1159780E+03       0.1574013E+00
      0.1160680E+03       0.1579477E+00
      0.1161581E+03       0.1584993E+00
      0.1162481E+03       0.1590572E+00
      0.1163382E+03       0.1596225E+00
      0.1164282E+03       0.1601960E+00
      0.1165183E+03       0.1607781E+00
      0.1166083E+03       0.1613691E+00
      0.1166983E+03       0.1619690E+00
      0.1167884E+03       0.1625773E+00
      0.1168784E+03       0.1631937E+00
      0.1169685E+03       0.1638172E+00
      0.1170585E+03       0.1644469E+00
      0.1171486E+03       0.1650816E+00
      0.1172386E+03       0.1657201E+00
      0.1173287E+03       0.1663611E+00
      0.1174187E+03       0.1670033E+00
      0.1175088E+03       0.1676452E+00
      0.1175988E+03       0.1682857E+00
      0.1176888E+03       0.1689236E+00
      0.1177789E+03       0.1695580E+00
      0.1178689E+03       0.1701881E+00
      0.1179590E+03       0.1708132E+00
      0.1180490E+03       0.1714331E+00
      0.1181391E+03       0.1720476E+00
      0.1182291E+03       0.1726568E+00
      0.1183192E+03       0.1732611E+00
      0.1184092E+03       0.1738610E+00
      0.1184992E+03       0.1744572E+00
      0.1185893E+03       0.1750507E+00
      0.1186793E+03       0.1756424E+00
      0.1187694E+03       0.1762334E+00
      0.1188594E+03       0.1768248E+00
      0.1189495E+03       0.1774178E+00
      0.1190395E+03       0.1780134E+00
      0.1191296E+03       0.1786125E+00
      0.1192196E+03       0.1792159E+00
      0.1193097E+03       0.1798242E+00
      0.1193997E+03       0.1804380E+00
      0.1194897E+03       0.1810573E+00
      0.1195798E+03       0.1816822E+00
      0.1196698E+03       0.1823124E+00
      0.1197599E+03       0.1829474E+00
      0.1198499E+03       0.1835866E+00
      0.1199400E+03       0.1842289E+00
      0.1200300E+03       0.1848734E+00
      0.1201201E+03       0.1855188E+00
      0.1202101E+03       0.1861639E+00
      0.1203002E+03       0.1868075E+00
      0.1203902E+03       0.1874481E+00
      0.1204802E+03       0.1880846E+00
      0.1205703E+03       0.1887158E+00
      0.1206603E+03       0.1893408E+00
      0.1207504E+03       0.1899587E+00
      0.1208404E+03       0.1905690E+00
      0.1209305E+03       0.1911714E+00
      0.1210205E+03       0.1917657E+00
      0.1211106E+03       0.1923522E+00
      0.1212006E+03       0.1929313E+00
      0.1212906E+03       0.1935038E+00
      0.1213807E+03       0.1940706E+00
      0.1214707E+03       0.1946329E+00
      0.1215608E+03       0.1951920E+00
      0.1216508E+03       0.1957495E+00
      0.1217409E+03       0.1963068E+00
      0.1218309E+03       0.1968656E+00
      0.1219210E+03       0.1974274E+00
      0.1220110E+03       0.1979937E+00
      0.1221011E+03       0.1985660E+00
      0.1221911E+03       0.1991453E+00
      0.1222811E+03       0.1997326E+00
      0.1223712E+03       0.2003286E+00
      0.1224612E+03       0.2009339E+00
      0.1225513E+03       0.2015483E+00
      0.1226413E+03       0.2021718E+00
      0.1227314E+03       0.2028037E+00
      0.1228214E+03       0.2034432E+00
      0.1229115E+03       0.2040892E+00
      0.1230015E+03       0.2047400E+00
      0.1230915E+03       0.2053942E+00
      0.1231816E+03       0.2060498E+00
      0.1232716E+03       0.2067047E+00
      0.1233617E+03       0.2073570E+00
      0.1234517E+03       0.2080046E+00
      0.1235418E+03       0.2086453E+00
      0.1236318E+03       0.2092772E+00
      0.1237219E+03       0.2098986E+00
      0.1238119E+03       0.2105080E+00
      0.1239020E+03       0.2111040E+00
      0.1239920E+03       0.2116858E+00
      0.1240820E+03       0.2122526E+00
      0.1241721E+03       0.2128044E+00
      0.1242621E+03       0.2133413E+00
      0.1243522E+03       0.2138638E+00
      0.1244422E+03       0.2143728E+00
      0.1245323E+03       0.2148697E+00
      0.1246223E+03       0.2153559E+00
      0.1247124E+03       0.2158334E+00
      0.1248024E+03       0.2163042E+00
      0.1248924E+03       0.2167706E+00
      0.1249825E+03       0.2172349E+00
      0.1250725E+03       0.2176995E+00
      0.1251626E+03       0.2181667E+00
      0.1252526E+03       0.2186387E+00
      0.1253427E+03       0.2191175E+00
      0.1254327E+03       0.2196052E+00
      0.1255228E+03       0.2201031E+00
      0.1256128E+03       0.2206125E+00
      0.1257029E+03       0.2211343E+00
      0.1257929E+03       0.2216690E+00
      0.1258829E+03       0.2222167E+00
      0.1259730E+03       0.2227771E+00
      0.1260630E+03       0.2233496E+00
      0.1261531E+03       0.2239330E+00
      0.1262431E+03       0.2245260E+00
      0.1263332E+03       0.2251269E+00
      0.1264232E+03       0.2257338E+00
      0.1265133E+03       0.2263445E+00
      0.1266033E+03       0.2269568E+00
      0.1266933E+03       0.2275683E+00
      0.1267834E+03       0.2281768E+00
      0.1268734E+03       0.2287799E+00
      0.1269635E+03       0.2293755E+00
      0.1270535E+03       0.2299616E+00
      0.1271436E+03       0.2305365E+00
      0.1272336E+03       0.2310987E+00
      0.1273237E+03       0.2316471E+00
      0.1274137E+03       0.2321810E+00
      0.1275038E+03       0.2326997E+00
      0.1275938E+03       0.2332034E+00
      0.1276838E+03       0.2336922E+00
      0.1277739E+03       0.2341668E+00
      0.1278639E+03       0.2346281E+00
      0.1279540E+03       0.2350773E+00
      0.1280440E+03       0.2355159E+00
      0.1281341E+03       0.2359456E+00
      0.1282241E+03       0.2363682E+00
      0.1283142E+03       0.2367854E+00
      0.1284042E+03       0.2371992E+00
      0.1284942E+03       0.2376115E+00
      0.1285843E+03       0.2380239E+00
      0.1286743E+03       0.2384383E+00
      0.1287644E+03       0.2388559E+00
      0.1288544E+03       0.2392781E+00
      0.1289445E+03       0.2397057E+00
      0.1290345E+03       0.2401396E+00
      0.1291246E+03       0.2405801E+00
      0.1292146E+03       0.2410275E+00
      0.1293047E+03       0.2414815E+00
      0.1293947E+03       0.2419418E+00
      0.1294847E+03       0.2424077E+00
      0.1295748E+03       0.2428785E+00
      0.1296648E+03       0.2433531E+00
      0.1297549E+03       0.2438303E+00
      0.1298449E+03       0.2443090E+00
      0.1299350E+03       0.2447879E+00
      0.1300250E+03       0.2452657E+00
      0.1301151E+03       0.2457411E+00
      0.1302051E+03       0.2462131E+00
      0.1302951E+03       0.2466807E+00
      0.1303852E+03       0.2471428E+00
      0.1304752E+03       0.2475990E+00
      0.1305653E+03       0.2480486E+00
      0.1306553E+03       0.2484915E+00
      0.1307454E+03       0.2489274E+00
      0.1308354E+03       0.2493566E+00
      0.1309255E+03       0.2497794E+00
      0.1310155E+03       0.2501961E+00
      0.1311056E+03       0.2506076E+00
      0.1311956E+03       0.2510145E+00
      0.1312856E+03       0.2514177E+00
      0.1313757E+03       0.2518180E+00
      0.1314657E+03       0.2522163E+00
      0.1315558E+03       0.2526135E+00
      0.1316458E+03       0.2530104E+00
      0.1317359E+03       0.2534076E+00
      0.1318259E+03       0.2538057E+00
      0.1319160E+03       0.2542052E+00
      0.1320060E+03       0.2546062E+00
      0.1320960E+03       0.2550087E+00
      0.1321861E+03       0.2554128E+00
      0.1322761E+03       0.2558179E+00
      0.1323662E+03       0.2562237E+00
      0.1324562E+03       0.2566294E+00
      0.1325463E+03       0.2570344E+00
      0.1326363E+03       0.2574377E+00
      0.1327264E+03       0.2578384E+00
      0.1328164E+03       0.2582355E+00
      0.1329065E+03       0.2586281E+00
      0.1329965E+03       0.2590154E+00
      0.1330865E+03       0.2593965E+00
      0.1331766E+03       0.2597707E+00
      0.1332666E+03       0.2601376E+00
      0.1333567E+03       0.2604970E+00
      0.1334467E+03       0.2608486E+00
      0.1335368E+03       0.2611927E+00
      0.1336268E+03       0.2615297E+00
      0.1337169E+03       0.2618601E+00
      0.1338069E+03       0.2621848E+00
      0.1338969E+03       0.2625050E+00
      0.1339870E+03       0.2628217E+00
      0.1340770E+03       0.2631365E+00
      0.1341671E+03       0.2634508E+00
      0.1342571E+03       0.2637663E+00
      0.1343472E+03       0.2640845E+00
      0.1344372E+03       0.2644069E+00
      0.1345273E+03       0.2647353E+00
      0.1346173E+03       0.2650708E+00
      0.1347074E+03       0.2654147E+00
      0.1347974E+03       0.2657681E+00
      0.1348874E+03       0.2661317E+00
      0.1349775E+03       0.2665060E+00
      0.1350675E+03       0.2668910E+00
      0.1351576E+03       0.2672868E+00
      0.1352476E+03       0.2676928E+00
      0.1353377E+03       0.2681082E+00
      0.1354277E+03       0.2685320E+00
      0.1355178E+03       0.2689626E+00
      0.1356078E+03       0.2693986E+00
      0.1356978E+03       0.2698380E+00
      0.1357879E+03       0.2702788E+00
      0.1358779E+03       0.2707189E+00
      0.1359680E+03       0.2711561E+00
      0.1360580E+03       0.2715882E+00
      0.1361481E+03       0.2720132E+00
      0.1362381E+03       0.2724290E+00
      0.1363282E+03       0.2728339E+00
      0.1364182E+03       0.2732264E+00
      0.1365083E+03       0.2736051E+00
      0.1365983E+03       0.2739692E+00
      0.1366883E+03       0.2743181E+00
      0.1367784E+03       0.2746516E+00
      0.1368684E+03       0.2749701E+00
      0.1369585E+03       0.2752740E+00
      0.1370485E+03       0.2755645E+00
      0.1371386E+03       0.2758429E+00
      0.1372286E+03       0.2761110E+00
      0.1373187E+03       0.2763706E+00
      0.1374087E+03       0.2766240E+00
      0.1374987E+03       0.2768737E+00
      0.1375888E+03       0.2771221E+00
      0.1376788E+03       0.2773718E+00
      0.1377689E+03       0.2776254E+00
      0.1378589E+03       0.2778853E+00
      0.1379490E+03       0.2781538E+00
      0.1380390E+03       0.2784330E+00
      0.1381291E+03       0.2787247E+00
      0.1382191E+03       0.2790304E+00
      0.1383092E+03       0.2793512E+00
      0.1383992E+03       0.2796879E+00
      0.1384892E+03       0.2800406E+00
      0.1385793E+03       0.2804094E+00
      0.1386693E+03       0.2807935E+00
      0.1387594E+03       0.2811922E+00
      0.1388494E+03       0.2816040E+00
      0.1389395E+03       0.2820273E+00
      0.1390295E+03       0.2824600E+00
      0.1391196E+03       0.2828999E+00
      0.1392096E+03       0.2833446E+00
      0.1392996E+03       0.2837914E+00
      0.1393897E+03       0.2842378E+00
      0.1394797E+03       0.2846812E+00
      0.1395698E+03       0.2851189E+00
      0.1396598E+03       0.2855488E+00
      0.1397499E+03       0.2859685E+00
      0.1398399E+03       0.2863762E+00
      0.1399300E+03       0.2867704E+00
      0.1400200E+03       0.2871498E+00
      0.1401101E+03       0.2875137E+00
      0.1402001E+03       0.2878617E+00
      0.1402901E+03       0.2881939E+00
      0.1403802E+03       0.2885106E+00
      0.1404702E+03       0.2888129E+00
      0.1405603E+03       0.2891018E+00
      0.1406503E+03       0.2893791E+00
      0.1407404E+03       0.2896466E+00
      0.1408304E+03       0.2899064E+00
      0.1409205E+03       0.2901609E+00
      0.1410105E+03       0.2904125E+00
      0.1411006E+03       0.2906637E+00
      0.1411906E+03       0.2909169E+00
      0.1412806E+03       0.2911745E+00
      0.1413707E+03       0.2914387E+00
      0.1414607E+03       0.2917116E+00
      0.1415508E+03       0.2919950E+00
      0.1416408E+03       0.2922903E+00
      0.1417309E+03       0.2925986E+00
      0.1418209E+03       0.2929208E+00
      0.1419110E+03       0.2932571E+00
      0.1420010E+03       0.2936075E+00
      0.1420910E+03       0.2939718E+00
      0.1421811E+03       0.2943490E+00
      0.1422711E+03       0.2947382E+00
      0.1423612E+03       0.2951378E+00
      0.1424512E+03       0.2955463E+00
      0.1425413E+03       0.2959617E+00
      0.1426313E+03       0.2963821E+00
      0.1427214E+03       0.2968051E+00
      0.1428114E+03       0.2972287E+00
      0.1429015E+03       0.2976507E+00
      0.1429915E+03       0.2980689E+00
      0.1430815E+03       0.2984814E+00
      0.1431716E+03       0.2988863E+00
      0.1432616E+03       0.2992823E+00
      0.1433517E+03       0.2996679E+00
      0.1434417E+03       0.3000421E+00
      0.1435318E+03       0.3004043E+00
      0.1436218E+03       0.3007542E+00
      0.1437119E+03       0.3010918E+00
      0.1438019E+03       0.3014174E+00
      0.1438919E+03       0.3017316E+00
      0.1439820E+03       0.3020354E+00
      0.1440720E+03       0.3023300E+00
      0.1441621E+03       0.3026168E+00
      0.1442521E+03       0.3028974E+00
      0.1443422E+03       0.3031736E+00
      0.1444322E+03       0.3034470E+00
      0.1445223E+03       0.3037195E+00
      0.1446123E+03       0.3039929E+00
      0.1447024E+03       0.3042689E+00
      0.1447924E+03       0.3045491E+00
      0.1448824E+03       0.3048349E+00
      0.1449725E+03       0.3051275E+00
      0.1450625E+03       0.3054278E+00
      0.1451526E+03       0.3057367E+00
      0.1452426E+03       0.3060546E+00
      0.1453327E+03       0.3063816E+00
      0.1454227E+03       0.3067179E+00
      0.1455128E+03       0.3070629E+00
      0.1456028E+03       0.3074162E+00
      0.1456928E+03       0.3077771E+00
      0.1457829E+03       0.3081445E+00
      0.1458729E+03       0.3085174E+00
      0.1459630E+03       0.3088946E+00
      0.1460530E+03       0.3092747E+00
      0.1461431E+03       0.3096566E+00
      0.1462331E+03       0.3100388E+00
      0.1463232E+03       0.3104201E+00
      0.1464132E+03       0.3107994E+00
      0.1465033E+03       0.3111755E+00
      0.1465933E+03       0.3115476E+00
      0.1466833E+03       0.3119149E+00
      0.1467734E+03       0.3122769E+00
      0.1468634E+03       0.3126330E+00
      0.1469535E+03       0.3129832E+00
      0.1470435E+03       0.3133273E+00
      0.1471336E+03       0.3136657E+00
      0.1472236E+03       0.3139987E+00
      0.1473137E+03       0.3143267E+00
      0.1474037E+03       0.3146503E+00
      0.1474937E+03       0.3149704E+00
      0.1475838E+03       0.3152876E+00
      0.1476738E+03       0.3156028E+00
      0.1477639E+03       0.3159168E+00
      0.1478539E+03       0.3162303E+00
      0.1479440E+03       0.3165441E+00
      0.1480340E+03       0.3168589E+00
      0.1481241E+03       0.3171751E+00
      0.1482141E+03       0.3174931E+00
      0.1483042E+03       0.3178132E+00
      0.1483942E+03       0.3181354E+00
      0.1484842E+03       0.3184598E+00
      0.1485743E+03       0.3187860E+00
      0.1486643E+03       0.3191138E+00
      0.1487544E+03       0.3194427E+00
      0.1488444E+03       0.3197720E+00
      0.1489345E+03       0.3201013E+00
      0.1490245E+03       0.3204297E+00
      0.1491146E+03       0.3207565E+00
      0.1492046E+03       0.3210811E+00
      0.1492946E+03       0.3214027E+00
      0.1493847E+03       0.3217208E+00
      0.1494747E+03       0.3220348E+00
      0.1495648E+03       0.3223443E+00
      0.1496548E+03       0.3226491E+00
      0.1497449E+03       0.3229491E+00
      0.1498349E+03       0.3232443E+00
      0.1499250E+03       0.3235350E+00
      0.1500150E+03       0.3238215E+00
      0.1501051E+03       0.3241044E+00
      0.1501951E+03       0.3243844E+00
      0.1502851E+03       0.3246623E+00
      0.1503752E+03       0.3249389E+00
      0.1504652E+03       0.3252154E+00
      0.1505553E+03       0.3254926E+00
      0.1506453E+03       0.3257716E+00
      0.1507354E+03       0.3260535E+00
      0.1508254E+03       0.3263392E+00
      0.1509155E+03       0.3266295E+00
      0.1510055E+03       0.3269251E+00
      0.1510955E+03       0.3272266E+00
      0.1511856E+03       0.3275344E+00
      0.1512756E+03       0.3278486E+00
      0.1513657E+03       0.3281691E+00
      0.1514557E+03       0.3284958E+00
      0.1515458E+03       0.3288280E+00
      0.1516358E+03       0.3291651E+00
      0.1517259E+03       0.3295061E+00
      0.1518159E+03       0.3298498E+00
      0.1519060E+03       0.3301950E+00
      0.1519960E+03       0.3305402E+00
      0.1520860E+03       0.3308838E+00
      0.1521761E+03       0.3312244E+00
      0.1522661E+03       0.3315603E+00
      0.1523562E+03       0.3318899E+00
      0.1524462E+03       0.3322119E+00
      0.1525363E+03       0.3325248E+00
      0.1526263E+03       0.3328276E+00
      0.1527164E+03       0.3331192E+00
      0.1528064E+03       0.3333990E+00
      0.1528964E+03       0.3336666E+00
      0.1529865E+03       0.3339219E+00
      0.1530765E+03       0.3341649E+00
      0.1531666E+03       0.3343963E+00
      0.1532566E+03       0.3346168E+00
      0.1533467E+03       0.3348275E+00
      0.1534367E+03       0.3350297E+00
      0.1535268E+03       0.3352251E+00
      0.1536168E+03       0.3354153E+00
      0.1537069E+03       0.3356025E+00
      0.1537969E+03       0.3357885E+00
      0.1538869E+03       0.3359754E+00
      0.1539770E+03       0.3361654E+00
      0.1540670E+03       0.3363604E+00
      0.1541571E+03       0.3365623E+00
      0.1542471E+03       0.3367729E+00
      0.1543372E+03       0.3369935E+00
      0.1544272E+03       0.3372255E+00
      0.1545173E+03       0.3374697E+00
      0.1546073E+03       0.3377267E+00
      0.1546973E+03       0.3379967E+00
      0.1547874E+03       0.3382795E+00
      0.1548774E+03       0.3385745E+00
      0.1549675E+03       0.3388809E+00
      0.1550575E+03       0.3391972E+00
      0.1551476E+03       0.3395219E+00
      0.1552376E+03       0.3398531E+00
      0.1553277E+03       0.3401886E+00
      0.1554177E+03       0.3405260E+00
      0.1555078E+03       0.3408629E+00
      0.1555978E+03       0.3411967E+00
      0.1556878E+03       0.3415249E+00
      0.1557779E+03       0.3418448E+00
      0.1558679E+03       0.3421543E+00
      0.1559580E+03       0.3424510E+00
      0.1560480E+03       0.3427331E+00
      0.1561381E+03       0.3429991E+00
      0.1562281E+03       0.3432477E+00
      0.1563182E+03       0.3434780E+00
      0.1564082E+03       0.3436898E+00
      0.1564982E+03       0.3438830E+00
      0.1565883E+03       0.3440583E+00
      0.1566783E+03       0.3442165E+00
      0.1567684E+03       0.3443591E+00
      0.1568584E+03       0.3444880E+00
      0.1569485E+03       0.3446052E+00
      0.1570385E+03       0.3447133E+00
      0.1571286E+03       0.3448150E+00
      0.1572186E+03       0.3449132E+00
      0.1573087E+03       0.3450108E+00
      0.1573987E+03       0.3451110E+00
      0.1574887E+03       0.3452168E+00
      0.1575788E+03       0.3453309E+00
      0.1576688E+03       0.3454561E+00
      0.1577589E+03       0.3455948E+00
      0.1578489E+03       0.3457490E+00
      0.1579390E+03       0.3459204E+00
      0.1580290E+03       0.3461102E+00
      0.1581191E+03       0.3463192E+00
      0.1582091E+03       0.3465477E+00
      0.1582991E+03       0.3467954E+00
      0.1583892E+03       0.3470615E+00
      0.1584792E+03       0.3473448E+00
      0.1585693E+03       0.3476436E+00
      0.1586593E+03       0.3479556E+00
      0.1587494E+03       0.3482783E+00
      0.1588394E+03       0.3486090E+00
      0.1589295E+03       0.3489444E+00
      0.1590195E+03       0.3492812E+00
      0.1591096E+03       0.3496161E+00
      0.1591996E+03       0.3499458E+00
      0.1592896E+03       0.3502669E+00
      0.1593797E+03       0.3505762E+00
      0.1594697E+03       0.3508710E+00
      0.1595598E+03       0.3511485E+00
      0.1596498E+03       0.3514068E+00
      0.1597399E+03       0.3516439E+00
      0.1598299E+03       0.3518589E+00
      0.1599200E+03       0.3520508E+00
      0.1600100E+03       0.3522198E+00
      0.1601001E+03       0.3523661E+00
      0.1601901E+03       0.3524908E+00
      0.1602801E+03       0.3525954E+00
      0.1603702E+03       0.3526820E+00
      0.1604602E+03       0.3527531E+00
      0.1605503E+03       0.3528115E+00
      0.1606403E+03       0.3528604E+00
      0.1607304E+03       0.3529032E+00
      0.1608204E+03       0.3529436E+00
      0.1609105E+03       0.3529852E+00
      0.1610005E+03       0.3530317E+00
      0.1610905E+03       0.3530864E+00
      0.1611806E+03       0.3531528E+00
      0.1612706E+03       0.3532338E+00
      0.1613607E+03       0.3533321E+00
      0.1614507E+03       0.3534498E+00
      0.1615408E+03       0.3535886E+00
      0.1616308E+03       0.3537498E+00
      0.1617209E+03       0.3539339E+00
      0.1618109E+03       0.3541409E+00
      0.1619010E+03       0.3543703E+00
      0.1619910E+03       0.3546208E+00
      0.1620810E+03       0.3548908E+00
      0.1621711E+03       0.3551780E+00
      0.1622611E+03       0.3554798E+00
      0.1623512E+03       0.3557930E+00
      0.1624412E+03       0.3561144E+00
      0.1625313E+03       0.3564402E+00
      0.1626213E+03       0.3567667E+00
      0.1627114E+03       0.3570900E+00
      0.1628014E+03       0.3574065E+00
      0.1628914E+03       0.3577125E+00
      0.1629815E+03       0.3580047E+00
      0.1630715E+03       0.3582798E+00
      0.1631616E+03       0.3585354E+00
      0.1632516E+03       0.3587692E+00
      0.1633417E+03       0.3589796E+00
      0.1634317E+03       0.3591654E+00
      0.1635218E+03       0.3593263E+00
      0.1636118E+03       0.3594624E+00
      0.1637019E+03       0.3595744E+00
      0.1637919E+03       0.3596637E+00
      0.1638819E+03       0.3597322E+00
      0.1639720E+03       0.3597824E+00
      0.1640620E+03       0.3598173E+00
      0.1641521E+03       0.3598400E+00
      0.1642421E+03       0.3598542E+00
      0.1643322E+03       0.3598638E+00
      0.1644222E+03       0.3598726E+00
      0.1645123E+03       0.3598846E+00
      0.1646023E+03       0.3599037E+00
      0.1646923E+03       0.3599336E+00
      0.1647824E+03       0.3599776E+00
      0.1648724E+03       0.3600389E+00
      0.1649625E+03       0.3601200E+00
      0.1650525E+03       0.3602232E+00
      0.1651426E+03       0.3603499E+00
      0.1652326E+03       0.3605011E+00
      0.1653227E+03       0.3606772E+00
      0.1654127E+03       0.3608779E+00
      0.1655028E+03       0.3611022E+00
      0.1655928E+03       0.3613486E+00
      0.1656828E+03       0.3616151E+00
      0.1657729E+03       0.3618988E+00
      0.1658629E+03       0.3621969E+00
      0.1659530E+03       0.3625057E+00
      0.1660430E+03       0.3628215E+00
      0.1661331E+03       0.3631403E+00
      0.1662231E+03       0.3634579E+00
      0.1663132E+03       0.3637703E+00
      0.1664032E+03       0.3640734E+00
      0.1664932E+03       0.3643633E+00
      0.1665833E+03       0.3646366E+00
      0.1666733E+03       0.3648900E+00
      0.1667634E+03       0.3651209E+00
      0.1668534E+03       0.3653270E+00
      0.1669435E+03       0.3655068E+00
      0.1670335E+03       0.3656592E+00
      0.1671236E+03       0.3657841E+00
      0.1672136E+03       0.3658817E+00
      0.1673037E+03       0.3659530E+00
      0.1673937E+03       0.3659997E+00
      0.1674837E+03       0.3660240E+00
      0.1675738E+03       0.3660286E+00
      0.1676638E+03       0.3660169E+00
      0.1677539E+03       0.3659925E+00
      0.1678439E+03       0.3659592E+00
      0.1679340E+03       0.3659212E+00
      0.1680240E+03       0.3658828E+00
      0.1681141E+03       0.3658480E+00
      0.1682041E+03       0.3658212E+00
      0.1682941E+03       0.3658061E+00
      0.1683842E+03       0.3658063E+00
      0.1684742E+03       0.3658250E+00
      0.1685643E+03       0.3658650E+00
      0.1686543E+03       0.3659283E+00
      0.1687444E+03       0.3660166E+00
      0.1688344E+03       0.3661307E+00
      0.1689245E+03       0.3662709E+00
      0.1690145E+03       0.3664368E+00
      0.1691046E+03       0.3666273E+00
      0.1691946E+03       0.3668407E+00
      0.1692846E+03       0.3670747E+00
      0.1693747E+03       0.3673263E+00
      0.1694647E+03       0.3675923E+00
      0.1695548E+03       0.3678688E+00
      0.1696448E+03       0.3681518E+00
      0.1697349E+03       0.3684371E+00
      0.1698249E+03       0.3687203E+00
      0.1699150E+03       0.3689969E+00
      0.1700050E+03       0.3692628E+00
      0.1700950E+03       0.3695138E+00
      0.1701851E+03       0.3697463E+00
      0.1702751E+03       0.3699570E+00
      0.1703652E+03       0.3701430E+00
      0.1704552E+03       0.3703020E+00
      0.1705453E+03       0.3704325E+00
      0.1706353E+03       0.3705334E+00
      0.1707254E+03       0.3706046E+00
      0.1708154E+03       0.3706466E+00
      0.1709055E+03       0.3706604E+00
      0.1709955E+03       0.3706479E+00
      0.1710855E+03       0.3706116E+00
      0.1711756E+03       0.3705545E+00
      0.1712656E+03       0.3704801E+00
      0.1713557E+03       0.3703925E+00
      0.1714457E+03       0.3702959E+00
      0.1715358E+03       0.3701948E+00
      0.1716258E+03       0.3700937E+00
      0.1717159E+03       0.3699973E+00
      0.1718059E+03       0.3699099E+00
      0.1718959E+03       0.3698359E+00
      0.1719860E+03       0.3697791E+00
      0.1720760E+03       0.3697429E+00
      0.1721661E+03       0.3697304E+00
      0.1722561E+03       0.3697438E+00
      0.1723462E+03       0.3697849E+00
      0.1724362E+03       0.3698546E+00
      0.1725263E+03       0.3699532E+00
      0.1726163E+03       0.3700803E+00
      0.1727064E+03       0.3702347E+00
      0.1727964E+03       0.3704145E+00
      0.1728864E+03       0.3706171E+00
      0.1729765E+03       0.3708393E+00
      0.1730665E+03       0.3710775E+00
      0.1731566E+03       0.3713274E+00
      0.1732466E+03       0.3715846E+00
      0.1733367E+03       0.3718443E+00
      0.1734267E+03       0.3721015E+00
      0.1735168E+03       0.3723513E+00
      0.1736068E+03       0.3725889E+00
      0.1736968E+03       0.3728097E+00
      0.1737869E+03       0.3730093E+00
      0.1738769E+03       0.3731840E+00
      0.1739670E+03       0.3733305E+00
      0.1740570E+03       0.3734461E+00
      0.1741471E+03       0.3735289E+00
      0.1742371E+03       0.3735776E+00
      0.1743272E+03       0.3735919E+00
      0.1744172E+03       0.3735723E+00
      0.1745073E+03       0.3735199E+00
      0.1745973E+03       0.3734368E+00
      0.1746873E+03       0.3733258E+00
      0.1747774E+03       0.3731903E+00
      0.1748674E+03       0.3730346E+00
      0.1749575E+03       0.3728632E+00
      0.1750475E+03       0.3726812E+00
      0.1751376E+03       0.3724939E+00
      0.1752276E+03       0.3723068E+00
      0.1753177E+03       0.3721256E+00
      0.1754077E+03       0.3719556E+00
      0.1754977E+03       0.3718022E+00
      0.1755878E+03       0.3716703E+00
      0.1756778E+03       0.3715643E+00
      0.1757679E+03       0.3714882E+00
      0.1758579E+03       0.3714452E+00
      0.1759480E+03       0.3714377E+00
      0.1760380E+03       0.3714674E+00
      0.1761281E+03       0.3715351E+00
      0.1762181E+03       0.3716408E+00
      0.1763082E+03       0.3717832E+00
      0.1763982E+03       0.3719606E+00
      0.1764882E+03       0.3721701E+00
      0.1765783E+03       0.3724080E+00
      0.1766683E+03       0.3726700E+00
      0.1767584E+03       0.3729508E+00
      0.1768484E+03       0.3732449E+00
      0.1769385E+03       0.3735461E+00
      0.1770285E+03       0.3738477E+00
      0.1771186E+03       0.3741433E+00
      0.1772086E+03       0.3744258E+00
      0.1772986E+03       0.3746887E+00
      0.1773887E+03       0.3749255E+00
      0.1774787E+03       0.3751302E+00
      0.1775688E+03       0.3752972E+00
      0.1776588E+03       0.3754216E+00
      0.1777489E+03       0.3754993E+00
      0.1778389E+03       0.3755272E+00
      0.1779290E+03       0.3755030E+00
      0.1780190E+03       0.3754256E+00
      0.1781091E+03       0.3752949E+00
      0.1781991E+03       0.3751117E+00
      0.1782891E+03       0.3748784E+00
      0.1783792E+03       0.3745979E+00
      0.1784692E+03       0.3742744E+00
      0.1785593E+03       0.3739131E+00
      0.1786493E+03       0.3735198E+00
      0.1787394E+03       0.3731012E+00
      0.1788294E+03       0.3726643E+00
      0.1789195E+03       0.3722170E+00
      0.1790095E+03       0.3717670E+00
      0.1790995E+03       0.3713224E+00
      0.1791896E+03       0.3708911E+00
      0.1792796E+03       0.3704810E+00
      0.1793697E+03       0.3700995E+00
      0.1794597E+03       0.3697534E+00
      0.1795498E+03       0.3694492E+00
      0.1796398E+03       0.3691923E+00
      0.1797299E+03       0.3689875E+00
      0.1798199E+03       0.3688385E+00
      0.1799100E+03       0.3687479E+00
      0.1800000E+03       0.3687176E+00
 
