 FOR ENERGY=           1
 MAXIMUM PROBABILITY ERROR
 B_IMP  0.000000000000000E+000
 L_ORB  0.000000000000000E+000
 R_FIN   25.0054466677390     
 PHI_FIN  0.000000000000000E+000
 PROBAB_SURV  0.252512453657514     
 ERROR_ENERG  3.328510044760931E-004
 ERROR_PROBAB  2.164399078186108E-004
 STATE           1
 #NTRAJECT           1
 #NPROC           0
 
 MAXIMUM ENERGY ERROR
 B_IMP  0.366890471034293     
 L_ORB   2.00000000000000     
 R_FIN   25.0199303541171     
 PHI_FIN  0.131564382315925     
 PROBAB_SURV  0.249010771554877     
 ERROR_ENERG  4.283523365086535E-004
 ERROR_PROBAB  2.101250023867074E-004
 STATE           1
 #NTRAJECT           3
 #NPROC           0
 -------------------------
