 M RESOLVED CROSSECTIONS WITHOUT BILLING CORRECTION
INI_STATE#    1
   ENERGY#    1
 j12=           0
 m12=           0
CHANNEL# CROSSSECTIONS,ANG^2
   1       0.17530136270E+03
   2       0.40350305923E+01
   3       0.84361886436E+01
   4       0.36645485438E+01
   5       0.12146807091E-01
   6       0.98844263925E+01
   7       0.00000000000E+00
   8       0.00000000000E+00
   9       0.00000000000E+00
  10       0.00000000000E+00
  11       0.00000000000E+00
  12       0.00000000000E+00
  13       0.00000000000E+00
  14       0.00000000000E+00
