STATE= 1
j12= 0
m12= 0
ENERGY#1, U(i)= 800.000 cm^-1
B_IMPACT            L      CHANNEL=     1 CHANNEL=     2 CHANNEL=     3 CHANNEL=     4 CHANNEL=     5 CHANNEL=     6 CHANNEL=     7 CHANNEL=     8 CHANNEL=     9 CHANNEL=    10 CHANNEL=    11 CHANNEL=    12 CHANNEL=    13 CHANNEL=    14 
 0.00000000E+00      0  0.25251245E+00  0.49524285E-01  0.58538917E+00  0.85684539E-01  0.00000000E+00  0.26887386E-01  0.00000000E+00  0.00000000E+00  0.00000000E+00  0.00000000E+00  0.00000000E+00  0.00000000E+00  0.00000000E+00  0.00000000E+00 
 0.14978241E+00      1  0.25134630E+00  0.49888671E-01  0.58476029E+00  0.86082977E-01  0.86815924E-05  0.27910934E-01  0.00000000E+00  0.00000000E+00  0.00000000E+00  0.00000000E+00  0.00000000E+00  0.00000000E+00  0.00000000E+00  0.00000000E+00 
 0.29956482E+00      2  0.24901077E+00  0.50618513E-01  0.58348628E+00  0.86878093E-01  0.25747469E-04  0.29978492E-01  0.00000000E+00  0.00000000E+00  0.00000000E+00  0.00000000E+00  0.00000000E+00  0.00000000E+00  0.00000000E+00  0.00000000E+00 
 0.44934722E+00      3  0.24550047E+00  0.51715724E-01  0.58153523E+00  0.88066100E-01  0.50616035E-04  0.33129817E-01  0.00000000E+00  0.00000000E+00  0.00000000E+00  0.00000000E+00  0.00000000E+00  0.00000000E+00  0.00000000E+00  0.00000000E+00 
 0.59912963E+00      4  0.24080878E+00  0.53182947E-01  0.57886036E+00  0.89641072E-01  0.82446740E-04  0.37422430E-01  0.00000000E+00  0.00000000E+00  0.00000000E+00  0.00000000E+00  0.00000000E+00  0.00000000E+00  0.00000000E+00  0.00000000E+00 
 0.74891204E+00      5  0.23492909E+00  0.55023444E-01  0.57540097E+00  0.91594852E-01  0.12017573E-03  0.42929607E-01  0.00000000E+00  0.00000000E+00  0.00000000E+00  0.00000000E+00  0.00000000E+00  0.00000000E+00  0.00000000E+00  0.00000000E+00 
 0.89869445E+00      6  0.22786133E+00  0.57239400E-01  0.57108607E+00  0.93915216E-01  0.16256415E-03  0.49733663E-01  0.00000000E+00  0.00000000E+00  0.00000000E+00  0.00000000E+00  0.00000000E+00  0.00000000E+00  0.00000000E+00  0.00000000E+00 
 0.10484769E+01      7  0.21961026E+00  0.59832915E-01  0.56583441E+00  0.96587032E-01  0.20824820E-03  0.57925495E-01  0.00000000E+00  0.00000000E+00  0.00000000E+00  0.00000000E+00  0.00000000E+00  0.00000000E+00  0.00000000E+00  0.00000000E+00 
 0.11982593E+01      8  0.21019425E+00  0.62803710E-01  0.55955970E+00  0.99589929E-01  0.25580141E-03  0.67595101E-01  0.00000000E+00  0.00000000E+00  0.00000000E+00  0.00000000E+00  0.00000000E+00  0.00000000E+00  0.00000000E+00  0.00000000E+00 
 0.13480417E+01      9  0.19964684E+00  0.66149228E-01  0.55217258E+00  0.10289852E+00  0.30379279E-03  0.78827663E-01  0.00000000E+00  0.00000000E+00  0.00000000E+00  0.00000000E+00  0.00000000E+00  0.00000000E+00  0.00000000E+00  0.00000000E+00 
 0.14978241E+01     10  0.18802223E+00  0.69863427E-01  0.54358471E+00  0.10648149E+00  0.35084657E-03  0.91696056E-01  0.00000000E+00  0.00000000E+00  0.00000000E+00  0.00000000E+00  0.00000000E+00  0.00000000E+00  0.00000000E+00  0.00000000E+00 
 0.16476065E+01     11  0.17540144E+00  0.73935422E-01  0.53371391E+00  0.11030047E+00  0.39570100E-03  0.10625195E+00  0.00000000E+00  0.00000000E+00  0.00000000E+00  0.00000000E+00  0.00000000E+00  0.00000000E+00  0.00000000E+00  0.00000000E+00 
 0.17973889E+01     12  0.16189574E+00  0.78348941E-01  0.52248772E+00  0.11430999E+00  0.43725486E-03  0.12251938E+00  0.00000000E+00  0.00000000E+00  0.00000000E+00  0.00000000E+00  0.00000000E+00  0.00000000E+00  0.00000000E+00  0.00000000E+00 
 0.19471713E+01     13  0.14765164E+00  0.83081194E-01  0.50984834E+00  0.11845687E+00  0.47460753E-03  0.14048650E+00  0.00000000E+00  0.00000000E+00  0.00000000E+00  0.00000000E+00  0.00000000E+00  0.00000000E+00  0.00000000E+00  0.00000000E+00 
 0.20969537E+01     14  0.13285622E+00  0.88101512E-01  0.49575856E+00  0.12267964E+00  0.50709186E-03  0.16009624E+00  0.00000000E+00  0.00000000E+00  0.00000000E+00  0.00000000E+00  0.00000000E+00  0.00000000E+00  0.00000000E+00  0.00000000E+00 
 0.22467361E+01     15  0.11773762E+00  0.93371394E-01  0.48020413E+00  0.12690939E+00  0.53428102E-03  0.18124258E+00  0.00000000E+00  0.00000000E+00  0.00000000E+00  0.00000000E+00  0.00000000E+00  0.00000000E+00  0.00000000E+00  0.00000000E+00 
 0.23965185E+01     16  0.10256884E+00  0.98843278E-01  0.46319943E+00  0.13106949E+00  0.55599507E-03  0.20376245E+00  0.00000000E+00  0.00000000E+00  0.00000000E+00  0.00000000E+00  0.00000000E+00  0.00000000E+00  0.00000000E+00  0.00000000E+00 
 0.25463009E+01     17  0.87668037E-01  0.10446018E+00  0.44479100E+00  0.13507638E+00  0.57228736E-03  0.22743169E+00  0.00000000E+00  0.00000000E+00  0.00000000E+00  0.00000000E+00  0.00000000E+00  0.00000000E+00  0.00000000E+00  0.00000000E+00 
 0.26960833E+01     18  0.73396721E-01  0.11015568E+00  0.42505954E+00  0.13884080E+00  0.58341534E-03  0.25196349E+00  0.00000000E+00  0.00000000E+00  0.00000000E+00  0.00000000E+00  0.00000000E+00  0.00000000E+00  0.00000000E+00  0.00000000E+00 
 0.28458657E+01     19  0.60155543E-01  0.11585468E+00  0.40411944E+00  0.14226945E+00  0.58979366E-03  0.27701081E+00  0.00000000E+00  0.00000000E+00  0.00000000E+00  0.00000000E+00  0.00000000E+00  0.00000000E+00  0.00000000E+00  0.00000000E+00 
 0.29956482E+01     20  0.48381093E-01  0.12147320E+00  0.38211993E+00  0.14526634E+00  0.59194804E-03  0.30216727E+00  0.00000000E+00  0.00000000E+00  0.00000000E+00  0.00000000E+00  0.00000000E+00  0.00000000E+00  0.00000000E+00  0.00000000E+00 
 0.31454306E+01     21  0.38538456E-01  0.12691985E+00  0.35923956E+00  0.14773518E+00  0.59044074E-03  0.32697635E+00  0.00000000E+00  0.00000000E+00  0.00000000E+00  0.00000000E+00  0.00000000E+00  0.00000000E+00  0.00000000E+00  0.00000000E+00 
 0.32952130E+01     22  0.31115802E-01  0.13209658E+00  0.33567900E+00  0.14958138E+00  0.58578568E-03  0.35094132E+00  0.00000000E+00  0.00000000E+00  0.00000000E+00  0.00000000E+00  0.00000000E+00  0.00000000E+00  0.00000000E+00  0.00000000E+00 
 0.34449954E+01     23  0.26621406E-01  0.13690023E+00  0.31163993E+00  0.15071440E+00  0.57829779E-03  0.37354564E+00  0.00000000E+00  0.00000000E+00  0.00000000E+00  0.00000000E+00  0.00000000E+00  0.00000000E+00  0.00000000E+00  0.00000000E+00 
 0.35947778E+01     24  0.25600696E-01  0.14122242E+00  0.28726991E+00  0.15104906E+00  0.56774560E-03  0.39429010E+00  0.00000000E+00  0.00000000E+00  0.00000000E+00  0.00000000E+00  0.00000000E+00  0.00000000E+00  0.00000000E+00  0.00000000E+00 
 0.37445602E+01     25  0.28677225E-01  0.14493156E+00  0.26279227E+00  0.15048777E+00  0.55400605E-03  0.41255712E+00  0.00000000E+00  0.00000000E+00  0.00000000E+00  0.00000000E+00  0.00000000E+00  0.00000000E+00  0.00000000E+00  0.00000000E+00 
 0.38943426E+01     26  0.36510489E-01  0.14787839E+00  0.23852337E+00  0.14892869E+00  0.53715040E-03  0.42762187E+00  0.00000000E+00  0.00000000E+00  0.00000000E+00  0.00000000E+00  0.00000000E+00  0.00000000E+00  0.00000000E+00  0.00000000E+00 
 0.40441250E+01     27  0.49765734E-01  0.14990579E+00  0.21480006E+00  0.14627734E+00  0.51707002E-03  0.43873397E+00  0.00000000E+00  0.00000000E+00  0.00000000E+00  0.00000000E+00  0.00000000E+00  0.00000000E+00  0.00000000E+00  0.00000000E+00 
 0.41939074E+01     28  0.69096064E-01  0.15085115E+00  0.19197095E+00  0.14244999E+00  0.49347692E-03  0.44513835E+00  0.00000000E+00  0.00000000E+00  0.00000000E+00  0.00000000E+00  0.00000000E+00  0.00000000E+00  0.00000000E+00  0.00000000E+00 
 0.43436898E+01     29  0.95117614E-01  0.15054987E+00  0.17038561E+00  0.13737792E+00  0.46594406E-03  0.44610303E+00  0.00000000E+00  0.00000000E+00  0.00000000E+00  0.00000000E+00  0.00000000E+00  0.00000000E+00  0.00000000E+00  0.00000000E+00 
 0.44934722E+01     30  0.12837128E+00  0.14884136E+00  0.15038271E+00  0.13101327E+00  0.43400705E-03  0.44095738E+00  0.00000000E+00  0.00000000E+00  0.00000000E+00  0.00000000E+00  0.00000000E+00  0.00000000E+00  0.00000000E+00  0.00000000E+00 
 0.46432546E+01     31  0.16924933E+00  0.14558142E+00  0.13228014E+00  0.12333957E+00  0.39737631E-03  0.42915215E+00  0.00000000E+00  0.00000000E+00  0.00000000E+00  0.00000000E+00  0.00000000E+00  0.00000000E+00  0.00000000E+00  0.00000000E+00 
 0.47930370E+01     32  0.21782068E+00  0.14067415E+00  0.11637262E+00  0.11439629E+00  0.35636171E-03  0.41037989E+00  0.00000000E+00  0.00000000E+00  0.00000000E+00  0.00000000E+00  0.00000000E+00  0.00000000E+00  0.00000000E+00  0.00000000E+00 
 0.49428195E+01     33  0.27396890E+00  0.13405413E+00  0.10280043E+00  0.10426295E+00  0.31132175E-03  0.38460227E+00  0.00000000E+00  0.00000000E+00  0.00000000E+00  0.00000000E+00  0.00000000E+00  0.00000000E+00  0.00000000E+00  0.00000000E+00 
 0.50926019E+01     34  0.33734565E+00  0.12569529E+00  0.91557573E-01  0.93063372E-01  0.26302542E-03  0.35207509E+00  0.00000000E+00  0.00000000E+00  0.00000000E+00  0.00000000E+00  0.00000000E+00  0.00000000E+00  0.00000000E+00  0.00000000E+00 
 0.52423843E+01     35  0.40707722E+00  0.11566688E+00  0.82526405E-01  0.81005009E-01  0.21326263E-03  0.31351122E+00  0.00000000E+00  0.00000000E+00  0.00000000E+00  0.00000000E+00  0.00000000E+00  0.00000000E+00  0.00000000E+00  0.00000000E+00 
 0.53921667E+01     36  0.48127355E+00  0.10423504E+00  0.75497465E-01  0.68446251E-01  0.16511408E-03  0.27038258E+00  0.00000000E+00  0.00000000E+00  0.00000000E+00  0.00000000E+00  0.00000000E+00  0.00000000E+00  0.00000000E+00  0.00000000E+00 
 0.55419491E+01     37  0.55583394E+00  0.92117238E-01  0.70262772E-01  0.56056155E-01  0.12314848E-03  0.22560675E+00  0.00000000E+00  0.00000000E+00  0.00000000E+00  0.00000000E+00  0.00000000E+00  0.00000000E+00  0.00000000E+00  0.00000000E+00 
 0.56917315E+01     38  0.62735976E+00  0.79936628E-01  0.66280933E-01  0.44410794E-01  0.88861235E-04  0.18192303E+00  0.00000000E+00  0.00000000E+00  0.00000000E+00  0.00000000E+00  0.00000000E+00  0.00000000E+00  0.00000000E+00  0.00000000E+00 
 0.58415139E+01     39  0.69395181E+00  0.68054749E-01  0.62841120E-01  0.33869671E-01  0.61703782E-04  0.14122095E+00  0.00000000E+00  0.00000000E+00  0.00000000E+00  0.00000000E+00  0.00000000E+00  0.00000000E+00  0.00000000E+00  0.00000000E+00 
 0.59912963E+01     40  0.75440681E+00  0.56722065E-01  0.59274968E-01  0.24680079E-01  0.40876548E-04  0.10487520E+00  0.00000000E+00  0.00000000E+00  0.00000000E+00  0.00000000E+00  0.00000000E+00  0.00000000E+00  0.00000000E+00  0.00000000E+00 
 0.61410787E+01     41  0.80828387E+00  0.46059487E-01  0.54986367E-01  0.16967183E-01  0.25528917E-04  0.73677562E-01  0.00000000E+00  0.00000000E+00  0.00000000E+00  0.00000000E+00  0.00000000E+00  0.00000000E+00  0.00000000E+00  0.00000000E+00 
 0.62908611E+01     42  0.85482009E+00  0.36300289E-01  0.49678360E-01  0.10849794E-01  0.15166716E-04  0.48336305E-01  0.00000000E+00  0.00000000E+00  0.00000000E+00  0.00000000E+00  0.00000000E+00  0.00000000E+00  0.00000000E+00  0.00000000E+00 
 0.64406435E+01     43  0.89332245E+00  0.27721380E-01  0.43401743E-01  0.63645616E-02  0.89906259E-05  0.29180872E-01  0.00000000E+00  0.00000000E+00  0.00000000E+00  0.00000000E+00  0.00000000E+00  0.00000000E+00  0.00000000E+00  0.00000000E+00 
 0.65904259E+01     44  0.92389824E+00  0.20476057E-01  0.36387385E-01  0.33858569E-02  0.57308819E-05  0.15846729E-01  0.00000000E+00  0.00000000E+00  0.00000000E+00  0.00000000E+00  0.00000000E+00  0.00000000E+00  0.00000000E+00  0.00000000E+00 
 0.67402083E+01     45  0.94722631E+00  0.14589313E-01  0.29068724E-01  0.16662685E-02  0.40836918E-05  0.74452954E-02  0.00000000E+00  0.00000000E+00  0.00000000E+00  0.00000000E+00  0.00000000E+00  0.00000000E+00  0.00000000E+00  0.00000000E+00 
 0.68899907E+01     46  0.96384224E+00  0.10116397E-01  0.22148750E-01  0.91923116E-03  0.31500204E-05  0.29702307E-02  0.00000000E+00  0.00000000E+00  0.00000000E+00  0.00000000E+00  0.00000000E+00  0.00000000E+00  0.00000000E+00  0.00000000E+00 
 0.70397732E+01     47  0.97513559E+00  0.68817101E-02  0.16055169E-01  0.78815871E-03  0.24431921E-05  0.11369299E-02  0.00000000E+00  0.00000000E+00  0.00000000E+00  0.00000000E+00  0.00000000E+00  0.00000000E+00  0.00000000E+00  0.00000000E+00 
 0.71895556E+01     48  0.98267334E+00  0.46147757E-02  0.11010599E-01  0.94565124E-03  0.18077380E-05  0.75382959E-03  0.00000000E+00  0.00000000E+00  0.00000000E+00  0.00000000E+00  0.00000000E+00  0.00000000E+00  0.00000000E+00  0.00000000E+00 
 0.73393380E+01     49  0.98764244E+00  0.30704684E-02  0.71313758E-02  0.11679758E-02  0.12547439E-05  0.98648639E-03  0.00000000E+00  0.00000000E+00  0.00000000E+00  0.00000000E+00  0.00000000E+00  0.00000000E+00  0.00000000E+00  0.00000000E+00 
 0.74891204E+01     50  0.99088412E+00  0.20555951E-02  0.43867219E-02  0.13303426E-02  0.82593226E-06  0.13423964E-02  0.00000000E+00  0.00000000E+00  0.00000000E+00  0.00000000E+00  0.00000000E+00  0.00000000E+00  0.00000000E+00  0.00000000E+00 
 0.76389028E+01     51  0.99303985E+00  0.14017883E-02  0.25658846E-02  0.13941174E-02  0.52653413E-06  0.15978316E-02  0.00000000E+00  0.00000000E+00  0.00000000E+00  0.00000000E+00  0.00000000E+00  0.00000000E+00  0.00000000E+00  0.00000000E+00 
 0.77886852E+01     52  0.99455608E+00  0.97175610E-03  0.13946685E-02  0.13699879E-02  0.32641018E-06  0.17071768E-02  0.00000000E+00  0.00000000E+00  0.00000000E+00  0.00000000E+00  0.00000000E+00  0.00000000E+00  0.00000000E+00  0.00000000E+00 
 0.79384676E+01     53  0.99566767E+00  0.68673426E-03  0.69384010E-03  0.12756435E-02  0.19799221E-06  0.16759148E-02  0.00000000E+00  0.00000000E+00  0.00000000E+00  0.00000000E+00  0.00000000E+00  0.00000000E+00  0.00000000E+00  0.00000000E+00 
 0.80882500E+01     54  0.99650432E+00  0.49820459E-03  0.31545894E-03  0.11385987E-02  0.11935170E-06  0.15433005E-02  0.00000000E+00  0.00000000E+00  0.00000000E+00  0.00000000E+00  0.00000000E+00  0.00000000E+00  0.00000000E+00  0.00000000E+00 
 0.82380324E+01     55  0.99713909E+00  0.37214358E-03  0.13194343E-03  0.98997257E-03  0.72709405E-07  0.13667779E-02  0.00000000E+00  0.00000000E+00  0.00000000E+00  0.00000000E+00  0.00000000E+00  0.00000000E+00  0.00000000E+00  0.00000000E+00 
 0.83878148E+01     56  0.99763810E+00  0.28557112E-03  0.53933729E-04  0.84480570E-03  0.44990919E-07  0.11775427E-02  0.00000000E+00  0.00000000E+00  0.00000000E+00  0.00000000E+00  0.00000000E+00  0.00000000E+00  0.00000000E+00  0.00000000E+00 
 0.85375972E+01     57  0.99804988E+00  0.22329850E-03  0.30522413E-04  0.70735196E-03  0.27924048E-07  0.98892198E-03  0.00000000E+00  0.00000000E+00  0.00000000E+00  0.00000000E+00  0.00000000E+00  0.00000000E+00  0.00000000E+00  0.00000000E+00 
 0.86873796E+01     58  0.99838762E+00  0.17804120E-03  0.33758216E-04  0.58462209E-03  0.17467093E-07  0.81593912E-03  0.00000000E+00  0.00000000E+00  0.00000000E+00  0.00000000E+00  0.00000000E+00  0.00000000E+00  0.00000000E+00  0.00000000E+00 
 0.88371620E+01     59  0.99866332E+00  0.14479903E-03  0.46305626E-04  0.47966221E-03  0.11089215E-07  0.66590039E-03  0.00000000E+00  0.00000000E+00  0.00000000E+00  0.00000000E+00  0.00000000E+00  0.00000000E+00  0.00000000E+00  0.00000000E+00 
 0.89869445E+01     60  0.99889095E+00  0.11955947E-03  0.59596115E-04  0.39112544E-03  0.71116450E-08  0.53876111E-03  0.00000000E+00  0.00000000E+00  0.00000000E+00  0.00000000E+00  0.00000000E+00  0.00000000E+00  0.00000000E+00  0.00000000E+00 
 0.91367269E+01     61  0.99907744E+00  0.10004658E-03  0.69844343E-04  0.31828912E-03  0.46131924E-08  0.43437371E-03  0.00000000E+00  0.00000000E+00  0.00000000E+00  0.00000000E+00  0.00000000E+00  0.00000000E+00  0.00000000E+00  0.00000000E+00 
 0.92865093E+01     62  0.99923061E+00  0.84700314E-04  0.76138619E-04  0.25892479E-03  0.30330641E-08  0.34962801E-03  0.00000000E+00  0.00000000E+00  0.00000000E+00  0.00000000E+00  0.00000000E+00  0.00000000E+00  0.00000000E+00  0.00000000E+00 
 0.94362917E+01     63  0.99935942E+00  0.72189421E-04  0.78885018E-04  0.20972181E-03  0.20043734E-08  0.27978500E-03  0.00000000E+00  0.00000000E+00  0.00000000E+00  0.00000000E+00  0.00000000E+00  0.00000000E+00  0.00000000E+00  0.00000000E+00 
 0.95860741E+01     64  0.99946731E+00  0.61831870E-04  0.78511075E-04  0.16934788E-03  0.13284229E-08  0.22299470E-03  0.00000000E+00  0.00000000E+00  0.00000000E+00  0.00000000E+00  0.00000000E+00  0.00000000E+00  0.00000000E+00  0.00000000E+00 
 0.97358565E+01     65  0.99955613E+00  0.53295463E-04  0.75722290E-04  0.13692796E-03  0.88746787E-09  0.17792165E-03  0.00000000E+00  0.00000000E+00  0.00000000E+00  0.00000000E+00  0.00000000E+00  0.00000000E+00  0.00000000E+00  0.00000000E+00 
 0.98856389E+01     66  0.99962893E+00  0.46237772E-04  0.71394983E-04  0.11103954E-03  0.59891406E-09  0.14239647E-03  0.00000000E+00  0.00000000E+00  0.00000000E+00  0.00000000E+00  0.00000000E+00  0.00000000E+00  0.00000000E+00  0.00000000E+00 
 0.10035421E+02     67  0.99968932E+00  0.40228589E-04  0.66192768E-04  0.90163472E-04  0.40713047E-09  0.11409851E-03  0.00000000E+00  0.00000000E+00  0.00000000E+00  0.00000000E+00  0.00000000E+00  0.00000000E+00  0.00000000E+00  0.00000000E+00 
 0.10185204E+02     68  0.99974023E+00  0.34942178E-04  0.60498990E-04  0.73093711E-04  0.27705218E-09  0.91234162E-04  0.00000000E+00  0.00000000E+00  0.00000000E+00  0.00000000E+00  0.00000000E+00  0.00000000E+00  0.00000000E+00  0.00000000E+00 
 0.10334986E+02     69  0.99978282E+00  0.30335218E-04  0.54577528E-04  0.59279990E-04  0.18903618E-09  0.72987197E-04  0.00000000E+00  0.00000000E+00  0.00000000E+00  0.00000000E+00  0.00000000E+00  0.00000000E+00  0.00000000E+00  0.00000000E+00 
 0.10484769E+02     70  0.99981798E+00  0.26403227E-04  0.48726687E-04  0.48250230E-04  0.12995544E-09  0.58639763E-04  0.00000000E+00  0.00000000E+00  0.00000000E+00  0.00000000E+00  0.00000000E+00  0.00000000E+00  0.00000000E+00  0.00000000E+00 
 0.10634551E+02     71  0.99984693E+00  0.23084776E-04  0.43187942E-04  0.39440991E-04  0.90216681E-10  0.47357496E-04  0.00000000E+00  0.00000000E+00  0.00000000E+00  0.00000000E+00  0.00000000E+00  0.00000000E+00  0.00000000E+00  0.00000000E+00 
 0.10784333E+02     72  0.99987105E+00  0.20272643E-04  0.38050518E-04  0.32293162E-04  0.63185833E-10  0.38336698E-04  0.00000000E+00  0.00000000E+00  0.00000000E+00  0.00000000E+00  0.00000000E+00  0.00000000E+00  0.00000000E+00  0.00000000E+00 
 0.10934116E+02     73  0.99989139E+00  0.17839863E-04  0.33344926E-04  0.26410415E-04  0.44476038E-10  0.31013395E-04  0.00000000E+00  0.00000000E+00  0.00000000E+00  0.00000000E+00  0.00000000E+00  0.00000000E+00  0.00000000E+00  0.00000000E+00 
 0.11083898E+02     74  0.99990841E+00  0.15687991E-04  0.29136793E-04  0.21626500E-04  0.31421871E-10  0.25135628E-04  0.00000000E+00  0.00000000E+00  0.00000000E+00  0.00000000E+00  0.00000000E+00  0.00000000E+00  0.00000000E+00  0.00000000E+00 
 0.11233681E+02     75  0.99992259E+00  0.13773026E-04  0.25420908E-04  0.17767178E-04  0.22295404E-10  0.20453516E-04  0.00000000E+00  0.00000000E+00  0.00000000E+00  0.00000000E+00  0.00000000E+00  0.00000000E+00  0.00000000E+00  0.00000000E+00 
 0.11383463E+02     76  0.99993445E+00  0.12077548E-04  0.22133031E-04  0.14637757E-04  0.15886833E-10  0.16703355E-04  0.00000000E+00  0.00000000E+00  0.00000000E+00  0.00000000E+00  0.00000000E+00  0.00000000E+00  0.00000000E+00  0.00000000E+00 
 0.11533245E+02     77  0.99994434E+00  0.10598850E-04  0.19247810E-04  0.12106239E-04  0.11384651E-10  0.13705997E-04  0.00000000E+00  0.00000000E+00  0.00000000E+00  0.00000000E+00  0.00000000E+00  0.00000000E+00  0.00000000E+00  0.00000000E+00 
 0.11683028E+02     78  0.99995259E+00  0.93247610E-05  0.16731063E-04  0.10054554E-04  0.82181627E-11  0.11303653E-04  0.00000000E+00  0.00000000E+00  0.00000000E+00  0.00000000E+00  0.00000000E+00  0.00000000E+00  0.00000000E+00  0.00000000E+00 
 0.11832810E+02     79  0.99995957E+00  0.82191952E-05  0.14514076E-04  0.83584508E-05  0.59647256E-11  0.93358778E-05  0.00000000E+00  0.00000000E+00  0.00000000E+00  0.00000000E+00  0.00000000E+00  0.00000000E+00  0.00000000E+00  0.00000000E+00 
 0.11982593E+02     80  0.99996553E+00  0.72464802E-05  0.12562439E-04  0.69477049E-05  0.43432408E-11  0.77125311E-05  0.00000000E+00  0.00000000E+00  0.00000000E+00  0.00000000E+00  0.00000000E+00  0.00000000E+00  0.00000000E+00  0.00000000E+00 
 0.12132375E+02     81  0.99997057E+00  0.63845329E-05  0.10869177E-04  0.57888711E-05  0.31731360E-11  0.63902221E-05  0.00000000E+00  0.00000000E+00  0.00000000E+00  0.00000000E+00  0.00000000E+00  0.00000000E+00  0.00000000E+00  0.00000000E+00 
 0.12282157E+02     82  0.99997480E+00  0.56254208E-05  0.94105851E-05  0.48422002E-05  0.23285423E-11  0.53194265E-05  0.00000000E+00  0.00000000E+00  0.00000000E+00  0.00000000E+00  0.00000000E+00  0.00000000E+00  0.00000000E+00  0.00000000E+00 
 0.12431940E+02     83  0.99997838E+00  0.49602994E-05  0.81505436E-05  0.40642770E-05  0.17170205E-11  0.44470596E-05  0.00000000E+00  0.00000000E+00  0.00000000E+00  0.00000000E+00  0.00000000E+00  0.00000000E+00  0.00000000E+00  0.00000000E+00 
 0.12581722E+02     84  0.99998144E+00  0.43748257E-05  0.70492302E-05  0.34139548E-05  0.12705052E-11  0.37233210E-05  0.00000000E+00  0.00000000E+00  0.00000000E+00  0.00000000E+00  0.00000000E+00  0.00000000E+00  0.00000000E+00  0.00000000E+00 
 0.12731505E+02     85  0.99998406E+00  0.38622416E-05  0.60875717E-05  0.28679387E-05  0.94350826E-12  0.31199422E-05  0.00000000E+00  0.00000000E+00  0.00000000E+00  0.00000000E+00  0.00000000E+00  0.00000000E+00  0.00000000E+00  0.00000000E+00 
 0.12881287E+02     86  0.99998629E+00  0.34190802E-05  0.52592780E-05  0.24141343E-05  0.70464196E-12  0.26220001E-05  0.00000000E+00  0.00000000E+00  0.00000000E+00  0.00000000E+00  0.00000000E+00  0.00000000E+00  0.00000000E+00  0.00000000E+00 
 0.13031069E+02     87  0.99998817E+00  0.30312801E-05  0.45471479E-05  0.20365130E-05  0.52866106E-12  0.22102082E-05  0.00000000E+00  0.00000000E+00  0.00000000E+00  0.00000000E+00  0.00000000E+00  0.00000000E+00  0.00000000E+00  0.00000000E+00 
 0.13180852E+02     88  0.99998979E+00  0.26876563E-05  0.39337849E-05  0.17211400E-05  0.39778288E-12  0.18680130E-05  0.00000000E+00  0.00000000E+00  0.00000000E+00  0.00000000E+00  0.00000000E+00  0.00000000E+00  0.00000000E+00  0.00000000E+00 
 0.13330634E+02     89  0.99999116E+00  0.23863846E-05  0.34078014E-05  0.14590512E-05  0.30049857E-12  0.15848582E-05  0.00000000E+00  0.00000000E+00  0.00000000E+00  0.00000000E+00  0.00000000E+00  0.00000000E+00  0.00000000E+00  0.00000000E+00 
 0.13480417E+02     90  0.99999233E+00  0.21234329E-05  0.29539592E-05  0.12398087E-05  0.22794518E-12  0.13486875E-05  0.00000000E+00  0.00000000E+00  0.00000000E+00  0.00000000E+00  0.00000000E+00  0.00000000E+00  0.00000000E+00  0.00000000E+00 
 0.13630199E+02     91  0.99999335E+00  0.18931330E-05  0.25570127E-05  0.10534309E-05  0.17340640E-12  0.11481136E-05  0.00000000E+00  0.00000000E+00  0.00000000E+00  0.00000000E+00  0.00000000E+00  0.00000000E+00  0.00000000E+00  0.00000000E+00 
 0.13779981E+02     92  0.99999422E+00  0.16938308E-05  0.22116370E-05  0.89540841E-06  0.13241714E-12  0.97807229E-06  0.00000000E+00  0.00000000E+00  0.00000000E+00  0.00000000E+00  0.00000000E+00  0.00000000E+00  0.00000000E+00  0.00000000E+00 
 0.13929764E+02     93  0.99999496E+00  0.15261335E-05  0.19134877E-05  0.76285815E-06  0.10172880E-12  0.83485932E-06  0.00000000E+00  0.00000000E+00  0.00000000E+00  0.00000000E+00  0.00000000E+00  0.00000000E+00  0.00000000E+00  0.00000000E+00 
 0.14079546E+02     94  0.99999559E+00  0.13907334E-05  0.16544195E-05  0.65188964E-06  0.78745507E-13  0.71340880E-06  0.00000000E+00  0.00000000E+00  0.00000000E+00  0.00000000E+00  0.00000000E+00  0.00000000E+00  0.00000000E+00  0.00000000E+00 
 0.14229329E+02     95  0.99999611E+00  0.12854299E-05  0.14312740E-05  0.55780995E-06  0.61413950E-13  0.61080032E-06  0.00000000E+00  0.00000000E+00  0.00000000E+00  0.00000000E+00  0.00000000E+00  0.00000000E+00  0.00000000E+00  0.00000000E+00 
 0.14379111E+02     96  0.99999655E+00  0.12003547E-05  0.12434451E-05  0.47660852E-06  0.48094085E-13  0.52529844E-06  0.00000000E+00  0.00000000E+00  0.00000000E+00  0.00000000E+00  0.00000000E+00  0.00000000E+00  0.00000000E+00  0.00000000E+00 
 0.14528894E+02     97  0.99999694E+00  0.11087651E-05  0.10862776E-05  0.40737451E-06  0.37410291E-13  0.45384231E-06  0.00000000E+00  0.00000000E+00  0.00000000E+00  0.00000000E+00  0.00000000E+00  0.00000000E+00  0.00000000E+00  0.00000000E+00 
 0.14678676E+02     98  0.99999731E+00  0.99551813E-06  0.95248560E-06  0.34942169E-06  0.28655029E-13  0.39307558E-06  0.00000000E+00  0.00000000E+00  0.00000000E+00  0.00000000E+00  0.00000000E+00  0.00000000E+00  0.00000000E+00  0.00000000E+00 
 0.14828458E+02     99  0.99999765E+00  0.87678555E-06  0.83391540E-06  0.30044715E-06  0.21731135E-13  0.34016417E-06  0.00000000E+00  0.00000000E+00  0.00000000E+00  0.00000000E+00  0.00000000E+00  0.00000000E+00  0.00000000E+00  0.00000000E+00 
 0.14978241E+02    100  0.99999795E+00  0.76662430E-06  0.72749543E-06  0.25843516E-06  0.16429004E-13  0.29373125E-06  0.00000000E+00  0.00000000E+00  0.00000000E+00  0.00000000E+00  0.00000000E+00  0.00000000E+00  0.00000000E+00  0.00000000E+00 
 
