|----------------------------------------------------------|
|                      	    MQCT                           |
|          THE PROGRAM IS TO PERFORM ROTATIONALLY          |
|   AND VIBRATIONALLY INELASTIC SCATTERING CALCULATIONS.   |
|      	     TO SITE THIS WORK, PLEASE REFER TO:           |
|          A. SEMENOV, B. MANDAL, and D. BABIKOV,          |
|          COMPUTER PHYSICS COMMUNICATIONS, 2020           |
|----------------------------------------------------------|
 
THIS RUN PERFORMED ON 10/20/2022 at   1 p.m. 17 minutes, LOCAL MACHINE TIME
YOUR JOB NAME: ND3+D2
 
REDUCED MASS,A.M.U.: MASS =    3.354
 
THE POTENTIAL RANGE: FROM Rmin =   3.50 TO Rmax = 25.00 BOHR
 
COLLISIONAL ENERGIES, CM-1:
E(   1)=  800.000;
 
MAX IMPACT PARAMETER IS,a.u =     15.000
ORBITAL ANGULAR MOMENTUM STEP_SIZE:=   1
 
 
ALL TRAJECTORIES WILL BE STOPPED AFTER TIME_LIMT=  0.3500E+07
 
TRAPPED TRAJECTIRY WILL STOP AFTER   1 ROUNDS AND    1 OSCILLATIONS
 
PROPAGATOR TYPE: RUNGE-KUTTA 4-TH ORDER
TIME STEP IN RUNGE-KUTTA 4TH ORDER        50.00
 
 SYMMETRIC TOP + DIATOMC TOP
ROTATIONAL CONSTANTS OF SYMMETRIC TOP ARE, CM-1: A = B =    5.14; C =    3.10 ;
ROT.CONSTANT OF DIATOMIC MOLECULE, CM-1, BE =    30.4430
DISTORTION, CM-1, DE =    0.0000000
CHANNELS ENERGIES, CM-1:
#N =          J1          K          P         J2          E
    1          0          0          0          0 0.0000000000000000E+00
    2          1          0          0          0 0.1028640000000000E+02
    3          2          0          0          0 0.3085920000000000E+02
    4          3          0          0          0 0.6171840000000000E+02
    5          3          3          0          0 0.4334310000000001E+02
    6          3          3          1          0 0.4334310000000001E+02
    7          1          1          0          0 0.8244700000000000E+01
    8          1          1          1          0 0.8244700000000000E+01
    9          2          1          0          0 0.2881750000000000E+02
   10          2          1          1          0 0.2881750000000000E+02
   11          3          1          0          0 0.5967670000000000E+02
   12          3          1          1          0 0.5967670000000000E+02
   13          4          1          0          0 0.1008223000000000E+03
   14          5          1          0          0 0.1522543000000000E+03
INITIAL STATE IS:J1 =    0; K =    0; P =	   0; J2 =	   0
 
THE POTENTIAL R-UNITS ARE BOHRS
THE POTENTIAL ENERGY IS IN CM-1
 
USER SUPPLIED POTENTIAL TERMS WILL BE USED
 
NUMBER OF POTENTIAL TERMS INCLUDED N_TERMS =  377
THE POTENTIAL TERMS ARE, (L1,NJU1,L2,L):
(  0,  0,  0,  0); (  0,  0,  2,  2); (  0,  0,  4,  4); (  1,  0,  0,  1); (  1,  0,  2,  1); (  1,  0,  2,  2); (  1,  0,  2,  3); (  1,  0,  4,  3); (  1,  0,  4,  4); (  1,  0,  4,  5); (  2,  0,  0,  2); (  2,  0,  2,  0); (  2,  0,  2,  1); (  2,  0,  2,  2); (  2,  0,  2,  3); (  2,  0,  2,  4); (  2,  0,  4,  2); (  2,  0,  4,  3); (  2,  0,  4,  4); (  2,  0,  4,  5); (  2,  0,  4,  6); (  3,  0,  0,  3); (  3,  0,  2,  1); (  3,  0,  2,  2); (  3,  0,  2,  3); (  3,  0,  2,  4); (  3,  0,  2,  5); (  3,  0,  4,  1); (  3,  0,  4,  2); (  3,  0,  4,  3); (  3,  0,  4,  4); (  3,  0,  4,  5); (  3,  0,  4,  6); (  3,  0,  4,  7); (  3,  3,  0,  3); (  3,  3,  2,  1); (  3,  3,  2,  2); (  3,  3,  2,  3); (  3,  3,  2,  4); (  3,  3,  2,  5); (  3,  3,  4,  1); (  3,  3,  4,  2); (  3,  3,  4,  3); (  3,  3,  4,  4); (  3,  3,  4,  5); (  3,  3,  4,  6); (  3,  3,  4,  7); (  4,  0,  0,  4); (  4,  0,  2,  2); (  4,  0,  2,  3); (  4,  0,  2,  4); (  4,  0,  2,  5); (  4,  0,  2,  6); (  4,  0,  4,  0); (  4,  0,  4,  1); (  4,  0,  4,  2); (  4,  0,  4,  3); (  4,  0,  4,  4); (  4,  0,  4,  5); (  4,  0,  4,  6); (  4,  0,  4,  7); (  4,  0,  4,  8); (  4,  3,  0,  4); (  4,  3,  2,  2); (  4,  3,  2,  3); (  4,  3,  2,  4); (  4,  3,  2,  5); (  4,  3,  2,  6); (  4,  3,  4,  0); (  4,  3,  4,  1); (  4,  3,  4,  2); (  4,  3,  4,  3); (  4,  3,  4,  4); (  4,  3,  4,  5); (  4,  3,  4,  6); (  4,  3,  4,  7); (  4,  3,  4,  8); (  5,  0,  0,  5); (  5,  0,  2,  3); (  5,  0,  2,  4); (  5,  0,  2,  5); (  5,  0,  2,  6); (  5,  0,  2,  7); (  5,  0,  4,  1); (  5,  0,  4,  2); (  5,  0,  4,  3); (  5,  0,  4,  4); (  5,  0,  4,  5); (  5,  0,  4,  6); (  5,  0,  4,  7); (  5,  0,  4,  8); (  5,  0,  4,  9); (  5,  3,  0,  5); (  5,  3,  2,  3); (  5,  3,  2,  4); (  5,  3,  2,  5); (  5,  3,  2,  6); (  5,  3,  2,  7); (  5,  3,  4,  1); (  5,  3,  4,  2); (  5,  3,  4,  3); (  5,  3,  4,  4); (  5,  3,  4,  5); (  5,  3,  4,  6); (  5,  3,  4,  7); (  5,  3,  4,  8); (  5,  3,  4,  9); (  6,  0,  0,  6); (  6,  0,  2,  4); (  6,  0,  2,  5); (  6,  0,  2,  6); (  6,  0,  2,  7); (  6,  0,  2,  8); (  6,  0,  4,  2); (  6,  0,  4,  3); (  6,  0,  4,  4); (  6,  0,  4,  5); (  6,  0,  4,  6); (  6,  0,  4,  7); (  6,  0,  4,  8); (  6,  0,  4,  9); (  6,  0,  4, 10); (  6,  3,  0,  6); (  6,  3,  2,  4); (  6,  3,  2,  5); (  6,  3,  2,  6); (  6,  3,  2,  7); (  6,  3,  2,  8); (  6,  3,  4,  2); (  6,  3,  4,  3); (  6,  3,  4,  4); (  6,  3,  4,  5); (  6,  3,  4,  6); (  6,  3,  4,  7); (  6,  3,  4,  8); (  6,  3,  4,  9); (  6,  3,  4, 10); (  6,  6,  0,  6); (  6,  6,  2,  4); (  6,  6,  2,  5); (  6,  6,  2,  6); (  6,  6,  2,  7); (  6,  6,  2,  8); (  6,  6,  4,  2); (  6,  6,  4,  3); (  6,  6,  4,  4); (  6,  6,  4,  5); (  6,  6,  4,  6); (  6,  6,  4,  7); (  6,  6,  4,  8); (  6,  6,  4,  9); (  6,  6,  4, 10); (  7,  0,  0,  7); (  7,  0,  2,  5); (  7,  0,  2,  6); (  7,  0,  2,  7); (  7,  0,  2,  8); (  7,  0,  2,  9); (  7,  0,  4,  3); (  7,  0,  4,  4); (  7,  0,  4,  5); (  7,  0,  4,  6); (  7,  0,  4,  7); (  7,  0,  4,  8); (  7,  0,  4,  9); (  7,  0,  4, 10); (  7,  0,  4, 11); (  7,  3,  0,  7); (  7,  3,  2,  5); (  7,  3,  2,  6); (  7,  3,  2,  7); (  7,  3,  2,  8); (  7,  3,  2,  9); (  7,  3,  4,  3); (  7,  3,  4,  4); (  7,  3,  4,  5); (  7,  3,  4,  6); (  7,  3,  4,  7); (  7,  3,  4,  8); (  7,  3,  4,  9); (  7,  3,  4, 10); (  7,  3,  4, 11); (  7,  6,  0,  7); (  7,  6,  2,  5); (  7,  6,  2,  6); (  7,  6,  2,  7); (  7,  6,  2,  8); (  7,  6,  2,  9); (  7,  6,  4,  3); (  7,  6,  4,  4); (  7,  6,  4,  5); (  7,  6,  4,  6); (  7,  6,  4,  7); (  7,  6,  4,  8); (  7,  6,  4,  9); (  7,  6,  4, 10); (  7,  6,  4, 11); (  8,  0,  0,  8); (  8,  0,  2,  6); (  8,  0,  2,  7); (  8,  0,  2,  8); (  8,  0,  2,  9); (  8,  0,  2, 10); (  8,  0,  4,  4); (  8,  0,  4,  5); (  8,  0,  4,  6); (  8,  0,  4,  7); (  8,  0,  4,  8); (  8,  0,  4,  9); (  8,  0,  4, 10); (  8,  0,  4, 11); (  8,  0,  4, 12); (  8,  3,  0,  8); (  8,  3,  2,  6); (  8,  3,  2,  7); (  8,  3,  2,  8); (  8,  3,  2,  9); (  8,  3,  2, 10); (  8,  3,  4,  4); (  8,  3,  4,  5); (  8,  3,  4,  6); (  8,  3,  4,  7); (  8,  3,  4,  8); (  8,  3,  4,  9); (  8,  3,  4, 10); (  8,  3,  4, 11); (  8,  3,  4, 12); (  8,  6,  0,  8); (  8,  6,  2,  6); (  8,  6,  2,  7); (  8,  6,  2,  8); (  8,  6,  2,  9); (  8,  6,  2, 10); (  8,  6,  4,  4); (  8,  6,  4,  5); (  8,  6,  4,  6); (  8,  6,  4,  7); (  8,  6,  4,  8); (  8,  6,  4,  9); (  8,  6,  4, 10); (  8,  6,  4, 11); (  8,  6,  4, 12); (  9,  0,  0,  9); (  9,  0,  2,  7); (  9,  0,  2,  8); (  9,  0,  2,  9); (  9,  0,  2, 10); (  9,  0,  2, 11); (  9,  0,  4,  5); (  9,  0,  4,  6); (  9,  0,  4,  7); (  9,  0,  4,  8); (  9,  0,  4,  9); (  9,  0,  4, 10); (  9,  0,  4, 11); (  9,  0,  4, 12); (  9,  0,  4, 13); (  9,  3,  0,  9); (  9,  3,  2,  7); (  9,  3,  2,  8); (  9,  3,  2,  9); (  9,  3,  2, 10); (  9,  3,  2, 11); (  9,  3,  4,  5); (  9,  3,  4,  6); (  9,  3,  4,  7); (  9,  3,  4,  8); (  9,  3,  4,  9); (  9,  3,  4, 10); (  9,  3,  4, 11); (  9,  3,  4, 12); (  9,  3,  4, 13); (  9,  6,  0,  9); (  9,  6,  2,  7); (  9,  6,  2,  8); (  9,  6,  2,  9); (  9,  6,  2, 10); (  9,  6,  2, 11); (  9,  6,  4,  5); (  9,  6,  4,  6); (  9,  6,  4,  7); (  9,  6,  4,  8); (  9,  6,  4,  9); (  9,  6,  4, 10); (  9,  6,  4, 11); (  9,  6,  4, 12); (  9,  6,  4, 13); ( 10,  0,  0, 10); ( 10,  0,  2,  8); ( 10,  0,  2,  9); ( 10,  0,  2, 10); ( 10,  0,  2, 11); ( 10,  0,  2, 12); ( 10,  0,  4,  6); ( 10,  0,  4,  7); ( 10,  0,  4,  8); ( 10,  0,  4,  9); ( 10,  0,  4, 10); ( 10,  0,  4, 11); ( 10,  0,  4, 12); ( 10,  0,  4, 13); ( 10,  0,  4, 14); ( 10,  3,  0, 10); ( 10,  3,  2,  8); ( 10,  3,  2,  9); ( 10,  3,  2, 10); ( 10,  3,  2, 11); ( 10,  3,  2, 12); ( 10,  3,  4,  6); ( 10,  3,  4,  7); ( 10,  3,  4,  8); ( 10,  3,  4,  9); ( 10,  3,  4, 10); ( 10,  3,  4, 11); ( 10,  3,  4, 12); ( 10,  3,  4, 13); ( 10,  3,  4, 14); ( 10,  6,  0, 10); ( 10,  6,  2,  8); ( 10,  6,  2,  9); ( 10,  6,  2, 10); ( 10,  6,  2, 11); ( 10,  6,  2, 12); ( 10,  6,  4,  6); ( 10,  6,  4,  7); ( 10,  6,  4,  8); ( 10,  6,  4,  9); ( 10,  6,  4, 10); ( 10,  6,  4, 11); ( 10,  6,  4, 12); ( 10,  6,  4, 13); ( 10,  6,  4, 14); ( 11,  0,  0, 11); ( 11,  0,  2,  9); ( 11,  0,  2, 10); ( 11,  0,  2, 11); ( 11,  0,  2, 12); ( 11,  0,  2, 13); ( 11,  0,  4,  7); ( 11,  0,  4,  8); ( 11,  0,  4,  9); ( 11,  0,  4, 10); ( 11,  0,  4, 11); ( 11,  0,  4, 12); ( 11,  0,  4, 13); ( 11,  0,  4, 14); ( 11,  0,  4, 15); ( 11,  3,  0, 11); ( 11,  3,  2,  9); ( 11,  3,  2, 10); ( 11,  3,  2, 11); ( 11,  3,  2, 12); ( 11,  3,  2, 13); ( 11,  3,  4,  7); ( 11,  3,  4,  8); ( 11,  3,  4,  9); ( 11,  3,  4, 10); ( 11,  3,  4, 11); ( 11,  3,  4, 12); ( 11,  3,  4, 13); ( 11,  3,  4, 14); ( 11,  3,  4, 15); ( 11,  6,  0, 11); ( 11,  6,  2,  9); ( 11,  6,  2, 10); ( 11,  6,  2, 11); ( 11,  6,  2, 12); ( 11,  6,  2, 13); ( 11,  6,  4,  7); ( 11,  6,  4,  8); ( 11,  6,  4,  9); ( 11,  6,  4, 10); ( 11,  6,  4, 11); ( 11,  6,  4, 12); ( 11,  6,  4, 13); ( 11,  6,  4, 14); ( 11,  6,  4, 15); 
 
NUMBER OF R-GRID POINTS IS N_R =  86
 
MATRIX Mij WILL BE READ FROM FILE
SCATTERING CALCULATIONS WILL BE PERFORMED
 
THE SYSTEM SETUP DONE SUCCESFULLY
