 FOR ENERGY=           1
 MAXIMUM PROBABILITY ERROR
 B_IMP  0.000000000000000E+000
 L_ORB  2.121995790965272E-314
 R_FIN  2.121995791953404E-314
 PHI_FIN  2.121995790965272E-314
 PROBAB_SURV  2.121995791953404E-314
 ERROR_ENERG  0.000000000000000E+000
 ERROR_PROBAB  0.000000000000000E+000
 STATE           0
 #NTRAJECT           0
 #NPROC          -1
 
 MAXIMUM ENERGY ERROR
 B_IMP  0.000000000000000E+000
 L_ORB  2.121995790965272E-314
 R_FIN  2.121995791953404E-314
 PHI_FIN  2.121995790965272E-314
 PROBAB_SURV  2.121995791953404E-314
 ERROR_ENERG  0.000000000000000E+000
 ERROR_PROBAB  0.000000000000000E+000
 STATE           0
 #NTRAJECT           0
 #NPROC          -1
 -------------------------
