 0.102565809917E+01   0.616402753560E+00   0.211327799569E-02   0.588120568370E+00   0.280593312848E-02   0.255316082211E-03   0.182454199252E-02   0.243027422855E-03   0.205494469928E-03  
 0.105968030309E+01   0.160591337191E+00   0.273533314051E-02   0.120351934502E+00   0.324260653132E-02   0.472863074990E-03   0.242607577492E-02   0.363035458501E-03   0.391204507224E-03  
 0.141831941829E+01   0.665385020334E-01   0.893577258924E-03   0.754106660883E-01   0.170314803768E-02   0.116831125333E-03   0.171215836071E-02   0.391785076776E-03   0.448263974369E-03  
 0.472196846220E+01   0.192890880601E-05   0.799864953415E-05   0.484244510072E-05   0.500749126488E-03   0.204306932793E-07   0.811907553226E-05   0.452156827483E-05   0.372138535583E-07  
 0.186075621413E+01   0.468100794147E-02   0.130952557493E-02   0.995190435423E-02   0.289540252027E-02   0.241007841005E-03   0.141377240323E-02   0.365023463620E-03   0.356860606629E-03  
 0.292706231834E+01   0.181432886380E-01   0.301563997068E-03   0.139912751805E-01   0.291846667471E-02   0.272151134870E-04   0.289712043790E-03   0.376282709533E-04   0.249684688244E-05  
 0.501440779492E+01   0.290812913524E-06   0.252234048941E-05   0.216354672705E-05   0.666512832218E-03   0.627061897030E-08   0.248636836230E-05   0.303577562645E-05   0.447589697863E-07  
 0.217496706398E+00   0.139328301526E+00   0.544868287343E-02   0.589419149422E-01   0.394882805791E-02   0.121888544529E-02   0.107632499438E-01   0.602127077035E-03   0.225860073928E-03  
 0.561368765667E+01   0.157669469634E-09   0.490604040984E-07   0.146311224397E-06   0.181159780554E-03   0.325349251021E-10   0.417012435508E-07   0.116188852032E-05   0.137625531731E-07  
 0.173047374393E+01   0.350500008484E+00   0.136793246658E-02   0.338526299920E+00   0.207444039069E-02   0.368902135351E-03   0.646322558710E-03   0.368059990639E-03   0.106432191633E-03  
 0.379688858406E+01   0.652579714487E-04   0.177318643899E-03   0.642019754869E-04   0.653287944097E-03   0.225005180967E-06   0.159374317017E-03   0.632036088294E-05   0.742076387842E-07  
 0.590563731942E+01   0.000000000000E+00   0.000000000000E+00   0.000000000000E+00   0.000000000000E+00   0.000000000000E+00   0.000000000000E+00   0.000000000000E+00   0.000000000000E+00  
 0.662530242842E+01   0.000000000000E+00   0.000000000000E+00   0.000000000000E+00   0.000000000000E+00   0.000000000000E+00   0.000000000000E+00   0.000000000000E+00   0.000000000000E+00  
 0.363901531549E+01   0.782554243040E-04   0.232651541944E-03   0.512716943645E-04   0.838226066380E-03   0.370580733870E-06   0.197826165826E-03   0.859381613498E-05   0.594425494514E-07  
 0.456693458011E+01   0.465707995107E-05   0.142183934288E-04   0.802638717896E-05   0.830443341656E-03   0.377596906254E-07   0.143472218066E-04   0.612365884401E-05   0.397543715874E-07  
 0.141927135473E+01   0.447443097438E+00   0.261321149608E-02   0.456265912824E+00   0.391925313771E-02   0.263114094164E-03   0.189484885919E-02   0.438477495963E-03   0.140385375316E-03  
 0.131839549999E+01   0.820463107808E-01   0.717523018676E-03   0.756431108070E-01   0.263641843849E-02   0.194647826510E-03   0.219560373960E-02   0.343051997619E-03   0.421102699990E-03  
 0.360602791811E+01   0.787618584438E-04   0.240274265349E-03   0.448074549147E-04   0.944314989678E-03   0.467835037986E-06   0.199735263691E-03   0.908476668686E-05   0.622063850109E-07  
 0.446237166444E+01   0.794200092890E-05   0.207061983113E-04   0.114723876102E-04   0.114671401892E-02   0.541281487775E-07   0.207185500229E-04   0.542545749712E-05   0.351688297573E-07  
 0.663650345836E+01   0.000000000000E+00   0.000000000000E+00   0.000000000000E+00   0.000000000000E+00   0.000000000000E+00   0.000000000000E+00   0.000000000000E+00   0.000000000000E+00  
 0.706871539921E-01   0.460164630563E-01   0.162236178914E-02   0.185401237350E-01   0.154012096255E-02   0.475955310267E-03   0.393756146179E-02   0.178303227886E-03   0.598968245525E-04  
 0.673211618349E+01   0.000000000000E+00   0.000000000000E+00   0.000000000000E+00   0.000000000000E+00   0.000000000000E+00   0.000000000000E+00   0.000000000000E+00   0.000000000000E+00  
 0.258374605761E+01   0.748658939944E-01   0.161201295475E-02   0.706717277976E-01   0.211003093324E-02   0.992916045729E-04   0.195345087199E-02   0.958555017623E-04   0.251727802012E-04  
 0.127155429114E+01   0.939603782316E-01   0.865242447495E-03   0.815732477174E-01   0.281374465694E-02   0.237140980905E-03   0.223807771505E-02   0.342186491703E-03   0.407307680947E-03  
 0.982155211078E+00   0.179234051849E+00   0.369408446741E-02   0.123478079809E+00   0.342822951178E-02   0.615312246678E-03   0.284749996714E-02   0.407097993427E-03   0.386386065372E-03  
 0.104408901808E+00   0.679725654824E-01   0.243251472458E-02   0.275095460615E-01   0.223157514869E-02   0.690043659010E-03   0.575252124763E-02   0.267318613183E-03   0.910266588524E-04  
 0.420532245094E+00   0.205332677146E+00   0.859806162362E-02   0.951439047215E-01   0.462130789544E-02   0.141272264591E-02   0.117040944641E-01   0.944429253695E-03   0.404961466953E-03  
 0.297487254232E+01   0.116858495904E-01   0.214078846774E-03   0.887250406812E-02   0.245845168425E-02   0.206581681397E-04   0.174269332213E-03   0.313782359563E-04   0.146910042129E-05  
 0.683710143003E+01   0.000000000000E+00   0.000000000000E+00   0.000000000000E+00   0.000000000000E+00   0.000000000000E+00   0.000000000000E+00   0.000000000000E+00   0.000000000000E+00  
 0.197649547839E+01   0.109724900092E-02   0.913293428867E-03   0.170403586661E-02   0.341358960041E-02   0.224773278689E-03   0.208312438523E-02   0.264165938536E-03   0.306074320280E-03  
 0.365941065075E+00   0.201927710395E+00   0.841387526099E-02   0.917739549944E-01   0.478470388147E-02   0.144883325427E-02   0.127862280158E-01   0.922348443105E-03   0.386299296854E-03  
 0.614702533023E+01   0.000000000000E+00   0.000000000000E+00   0.000000000000E+00   0.000000000000E+00   0.000000000000E+00   0.000000000000E+00   0.000000000000E+00   0.000000000000E+00  
 0.110051865349E+01   0.144878553513E+00   0.215975094465E-02   0.112469706471E+00   0.308295217716E-02   0.402810921804E-03   0.228854864806E-02   0.350475883875E-03   0.390421734934E-03  
 0.188472866120E+01   0.254132658905E-02   0.767522952973E-03   0.721923054910E-02   0.307514402021E-02   0.243602846915E-03   0.107201597697E-02   0.332526830337E-03   0.347290484484E-03  
 0.484819970698E+01   0.856693376265E-06   0.481248260706E-05   0.329522900827E-05   0.508934813465E-03   0.123728874628E-07   0.485734191039E-05   0.208158855792E-05   0.411195238097E-07  
 0.420791900928E+01   0.221720372681E-04   0.494407096821E-04   0.258380855230E-04   0.137630918482E-02   0.950707485957E-07   0.481700715780E-04   0.429216467464E-05   0.972758180387E-07  
 0.123181007960E+01   0.111314686321E+00   0.118688347853E-02   0.924133127078E-01   0.293503593737E-02   0.289804113247E-03   0.226297631250E-02   0.348111198155E-03   0.403341570658E-03  
 0.248889200542E+00   0.157129983393E+00   0.626368211367E-02   0.674757786080E-01   0.427301734830E-02   0.131433941003E-02   0.117557888267E-01   0.691789509799E-03   0.266349279499E-03  
 0.160648844596E+00   0.104279193783E+00   0.391190582767E-02   0.430389215065E-01   0.318946744387E-02   0.987157246685E-03   0.846766829681E-02   0.431768672274E-03   0.154193627050E-03  
 0.324219138425E+01   0.652598465317E-03   0.122109535152E-03   0.128422491912E-02   0.784832765518E-03   0.317328707541E-05   0.105287350270E-03   0.812562588425E-05   0.395221024893E-06  
 0.597966735736E+01   0.000000000000E+00   0.000000000000E+00   0.000000000000E+00   0.000000000000E+00   0.000000000000E+00   0.000000000000E+00   0.000000000000E+00   0.000000000000E+00  
 0.405541748655E+01   0.375990619879E-04   0.838077704146E-04   0.420378351863E-04   0.100872419909E-02   0.129997455190E-06   0.800624320074E-04   0.413934470947E-05   0.124395164032E-06  
 0.182278230227E+01   0.324163318726E+00   0.641633670551E-03   0.297552238994E+00   0.998429299064E-03   0.374797175200E-03   0.362072198460E-03   0.266737473355E-03   0.952586506213E-04  
 0.450958441769E+01   0.610796416887E-05   0.171349143388E-04   0.957088480959E-05   0.989663456668E-03   0.455446303640E-07   0.172230956919E-04   0.585991184624E-05   0.373010955649E-07  
 0.610827868702E+01   0.000000000000E+00   0.000000000000E+00   0.000000000000E+00   0.000000000000E+00   0.000000000000E+00   0.000000000000E+00   0.000000000000E+00   0.000000000000E+00  
 0.417636730081E+01   0.243751471459E-04   0.538364046052E-04   0.281092872255E-04   0.133662512942E-02   0.102402169567E-06   0.524184918642E-04   0.432785992180E-05   0.119062900487E-06  
 0.403006117359E+01   0.406005083019E-04   0.920853040629E-04   0.452013440356E-04   0.941077107149E-03   0.138398860816E-06   0.874459498237E-04   0.434620534730E-05   0.126010193865E-06  
 0.520487836720E+01   0.663045909297E-07   0.108139592520E-05   0.134241909039E-05   0.705073180954E-03   0.235146286690E-08   0.104357890073E-05   0.368039755832E-05   0.487423558371E-07  
 0.432856371289E+01   0.145124942728E-04   0.334238042598E-04   0.180886663808E-04   0.139924082586E-02   0.766954779605E-07   0.329945558658E-04   0.450581519366E-05   0.524716767296E-07  
 0.355268182583E+01   0.751403527506E-04   0.237158192863E-03   0.471488637388E-04   0.103329754919E-02   0.601193131050E-06   0.192407413912E-03   0.909090039536E-05   0.658182128803E-07  
