 #ENERGY           1
N#_traject     #CHNL=      1 ERR VALUE     #CHNL=      2 ERR VALUE     #CHNL=      3 ERR VALUE     #CHNL=      4 ERR VALUE     #CHNL=      5 ERR VALUE     #CHNL=      6 ERR VALUE     #CHNL=      7 ERR VALUE     #CHNL=      8 ERR VALUE     #CHNL=      9 ERR VALUE 
        1       1.154  0.1042669201E+01    41.481  0.3884970454E+00     9.072  0.2424305568E-02    46.687  0.3542362514E+00     5.105  0.3024269830E-02    21.125  0.3640895786E-03    10.007  0.2125308884E-02    14.002  0.3030314407E-03    22.007  0.2983494886E-03
        2      12.380  0.1167885940E+01    44.072  0.2811775309E+00    30.782  0.1914062798E-02    41.072  0.2612943897E+00    19.680  0.2583895899E-02    33.788  0.2816700942E-03     8.001  0.1987592043E-02    10.270  0.3326159860E-03    16.566  0.3483209838E-03
        3      64.811  0.2056406571E+01    50.000  0.2108836304E+00    49.722  0.1437546761E-02    49.999  0.1959720029E+00    37.864  0.2063109206E-02    49.995  0.2112576783E-03    49.728  0.1492723801E-02    49.098  0.2505923816E-03    49.993  0.2612500413E-03
        4       3.470  0.2017276499E+01    43.487  0.1696431059E+00     3.244  0.1411942524E-02    41.918  0.1587679832E+00    13.356  0.2229567869E-02     4.900  0.2172077108E-03     1.913  0.1476933521E-02    14.970  0.2734785980E-03    12.200  0.2803721544E-03
        5      14.271  0.2168907469E+01    35.695  0.1443931364E+00    30.790  0.1226879436E-02    36.582  0.1346385318E+00     9.997  0.2344384336E-02    34.837  0.1855422780E-03    31.578  0.1279063275E-02    34.265  0.2341702102E-03    40.389  0.2340596031E-03
        6      35.795  0.2575407516E+01    37.796  0.1237655870E+00    37.706  0.1051971280E-02    37.796  0.1154047649E+00    25.827  0.2104688407E-02    37.795  0.1590371340E-03    37.711  0.1096695146E-02    37.226  0.2011510052E-03    37.788  0.2006289111E-03
        7      31.984  0.2280668665E+01     3.830  0.1257109263E+00    84.927  0.1601560229E-02    16.122  0.1083469087E+00    24.430  0.2335205864E-02   112.471  0.2915181730E-03   129.736  0.2305014495E-02    49.367  0.2512730142E-03     3.830  0.2037828065E-03
        8      37.252  0.2651004108E+01    33.333  0.1117430456E+00    33.332  0.1423614543E-02    33.333  0.9630837953E-01    30.452  0.2095867410E-02    33.333  0.2591272685E-03    33.333  0.2048906407E-02    33.160  0.2234828891E-03    33.331  0.1811418016E-03
        9      10.238  0.2558951072E+01    50.105  0.1356187419E+00     1.118  0.1418046336E-02    57.194  0.1205301716E+00     0.291  0.2093724708E-02    11.567  0.2701047552E-03    20.914  0.1908648022E-02    17.293  0.2379405993E-03    12.243  0.1736708406E-03
       10      12.702  0.2671490846E+01    30.135  0.1232956979E+00    26.055  0.1305252909E-02    30.133  0.1095787198E+00    20.116  0.1962775911E-02    30.124  0.2455702324E-03    27.405  0.1749623140E-02    29.272  0.2168842140E-03    30.137  0.1578893285E-03
       11      29.099  0.2941003052E+01    28.868  0.1130210564E+00    28.868  0.1196481833E-02    28.868  0.1004471598E+00    28.868  0.1799211252E-02    28.868  0.2251060464E-03    28.868  0.1603821212E-02    28.868  0.1988105295E-03    28.868  0.1447318845E-03
       12      29.253  0.3224410696E+01    27.735  0.1043271290E+00    27.735  0.1104444769E-02    27.735  0.9272045520E-01    27.735  0.1660810386E-02    27.735  0.2077901967E-03    27.735  0.1480450349E-02    27.735  0.1835174118E-03    27.735  0.1335986626E-03
       13       3.162  0.3254025312E+01    26.705  0.9688078090E-01    20.760  0.1042173825E-02    26.710  0.8610122781E-01    12.742  0.1602054364E-02    26.675  0.1929745098E-03    22.919  0.1388834336E-02    25.383  0.1710228693E-03    26.713  0.1240601469E-03
       14       9.468  0.3341552596E+01    25.819  0.9042237265E-01    25.443  0.9736434625E-03    25.817  0.8036168105E-01    11.992  0.1550613629E-02    25.814  0.1801120598E-03    25.534  0.1297201862E-02    24.832  0.1600295886E-03    25.811  0.1157921207E-03
       15      13.986  0.3221410019E+01    74.224  0.1127361679E+00    35.709  0.1076116465E-02    84.832  0.1038556955E+00    32.682  0.1698653598E-02    10.498  0.1852996870E-03    10.496  0.1334554799E-02    36.781  0.1774325828E-03     4.913  0.1173291991E-03
       16      13.970  0.3109467988E+01     6.315  0.1109308822E+00     7.759  0.1055022732E-02     6.302  0.1021961317E+00    12.206  0.1753816236E-02     1.148  0.1858495775E-03    14.189  0.1385204737E-02    20.198  0.1871749013E-03    51.289  0.1351982286E-03
       17       3.524  0.3137054651E+01    23.553  0.1047724311E+00    17.962  0.1009758929E-02    23.559  0.9652105816E-01    10.545  0.1708843944E-02    23.507  0.1755505918E-03    20.002  0.1319345322E-02    22.362  0.1772810049E-03    23.559  0.1276906718E-03
       18       8.982  0.3206808178E+01    22.940  0.9925851062E-01    22.446  0.9577035219E-03    22.939  0.9144160627E-01     7.275  0.1679258159E-02    22.934  0.1663139358E-03    22.562  0.1250996544E-02    22.202  0.1682359761E-03    22.935  0.1209719611E-03
       19      21.566  0.3378292942E+01    22.361  0.9429558509E-01    22.361  0.9098183458E-03    22.361  0.8686952596E-01    22.361  0.1595295251E-02    22.361  0.1579982390E-03    22.361  0.1188446717E-02    22.361  0.1598241773E-03    22.361  0.1149233631E-03
       20      21.343  0.3220787904E+01    10.907  0.9199657928E-01    15.691  0.9437489859E-03    16.983  0.8361574490E-01     0.720  0.1592667904E-02    38.166  0.1731390520E-03    43.304  0.1319356943E-02     2.390  0.1607041321E-03    10.183  0.1123030517E-03
       21      21.139  0.3380393735E+01    21.320  0.8781491658E-01    21.320  0.9008513047E-03    21.320  0.7981502922E-01    21.320  0.1520273908E-02    21.320  0.1652690951E-03    21.320  0.1259386173E-02    21.320  0.1533993988E-03    21.320  0.1071983675E-03
       22       4.749  0.3345756880E+01     2.960  0.8725191560E-01    15.223  0.9317713765E-03     2.296  0.7941749438E-01     7.609  0.1545915518E-02     8.103  0.1624005085E-03    10.735  0.1289562899E-02     7.606  0.1508974903E-03    15.787  0.1036320376E-03
       23      12.449  0.3259331772E+01     1.499  0.8753143488E-01     1.401  0.9289993378E-03     0.530  0.7950731743E-01    15.513  0.1598741732E-02     8.833  0.1655146949E-03    13.961  0.1329084350E-02    23.554  0.1588678653E-03    51.085  0.1162851894E-03
       24      13.800  0.3168244710E+01    19.306  0.9119953956E-01    51.067  0.1039602743E-02    10.389  0.8126614793E-01    21.009  0.1671921243E-02    47.062  0.1835065969E-03    20.977  0.1389820974E-02    28.235  0.1687970704E-03    40.805  0.1270892245E-03
       25      18.940  0.3050404871E+01     4.850  0.9030619440E-01    24.028  0.1093176281E-02    12.800  0.7919858632E-01     6.232  0.1693446393E-02    47.056  0.2029887916E-03    52.817  0.1557617139E-02    10.765  0.1725863606E-03     5.410  0.1257022027E-03
       26      16.504  0.2953002181E+01    22.542  0.9456643450E-01   101.436  0.1371134997E-02     3.704  0.7978915367E-01    30.113  0.1801885708E-02    90.475  0.2477937492E-03    97.256  0.1933412595E-02    71.103  0.2011731344E-03    38.041  0.1360451384E-03
       27       0.135  0.2953783265E+01    16.487  0.9160641361E-01    15.856  0.1329811563E-02    16.728  0.7725641618E-01     6.555  0.1825334493E-02    17.269  0.2396817642E-03    17.138  0.1870586050E-02    15.859  0.1951090309E-03    18.687  0.1312388514E-03
       28      22.549  0.3087690788E+01    18.570  0.8844757176E-01    18.570  0.1283955992E-02    18.570  0.7459240183E-01    18.570  0.1762391924E-02    18.570  0.2314168757E-03    18.570  0.1806083083E-02    18.570  0.1883811332E-03    18.570  0.1267133737E-03
       29       6.429  0.3050650945E+01    18.023  0.8553589434E-01     5.145  0.1271600573E-02    17.826  0.7216278963E-01    16.035  0.1817431847E-02     0.507  0.2311954225E-03     2.693  0.1815317793E-02     7.006  0.1909072934E-03    23.856  0.1326920720E-03
       30      15.743  0.2964047400E+01    22.657  0.8929046905E-01    82.651  0.1501996531E-02     4.683  0.7279540787E-01    26.958  0.1913150300E-02    78.248  0.2704740622E-03    87.906  0.2169218123E-02    59.269  0.2145021692E-03    31.291  0.1408729502E-03
       31      17.793  0.3063515460E+01    17.678  0.8650014189E-01    17.678  0.1455059139E-02    17.678  0.7052055137E-01    17.678  0.1853364353E-02    17.678  0.2620217478E-03    17.678  0.2101430056E-02    17.678  0.2077989764E-03    17.678  0.1364706705E-03
       32      11.030  0.3004030709E+01    11.164  0.8826918467E-01     8.057  0.1476413436E-02     9.863  0.7179173789E-01    10.978  0.1890624590E-02     8.925  0.2662880864E-03     1.499  0.2107100317E-02    11.354  0.2121225191E-03    29.735  0.1441661573E-03
       33       6.271  0.2971110060E+01    16.642  0.8574777708E-01     8.107  0.1455563716E-02    15.378  0.6989254650E-01    10.240  0.1925463397E-02     1.422  0.2656208735E-03     8.297  0.2076656660E-02     9.293  0.2156638223E-03    22.520  0.1501404022E-03
       34      10.190  0.3024741193E+01    16.903  0.8329786507E-01    16.846  0.1414113681E-02    16.902  0.6789571075E-01    12.339  0.1884991152E-02    16.902  0.2580320592E-03    16.862  0.2017462393E-02    16.735  0.2095614728E-03    16.898  0.1458518513E-03
       35       6.270  0.3057607243E+01    16.662  0.8098465137E-01    16.068  0.1376206099E-02    16.660  0.6601043651E-01     4.406  0.1870861097E-02    16.660  0.2508671428E-03    16.258  0.1962759829E-02    16.316  0.2038595476E-03    16.655  0.1418031131E-03
       36       9.708  0.3008261374E+01     5.931  0.8180438205E-01     2.209  0.1371089271E-02     6.329  0.6672402776E-01     8.961  0.1899622579E-02     2.472  0.2519194934E-03     2.437  0.1970873788E-02    11.106  0.2077582408E-03    28.101  0.1488717200E-03
       37      14.847  0.2935646317E+01    14.200  0.8378663471E-01    51.525  0.1499841714E-02     0.178  0.6674381067E-01    19.106  0.1962080336E-02    59.959  0.2798779122E-03    69.358  0.2228371552E-02    34.674  0.2204959058E-03    12.211  0.1519632347E-03
       38      15.115  0.2864492536E+01     3.792  0.8431208495E-01    24.098  0.1561689512E-02     5.592  0.6613599300E-01     9.606  0.1993551800E-02    37.029  0.2980132798E-03    40.759  0.2388353520E-02    14.591  0.2259131562E-03     0.229  0.1520204243E-03
       39       2.026  0.2873935007E+01    15.686  0.8222059778E-01    14.546  0.1525700013E-02    15.497  0.6451469880E-01     9.491  0.1963333825E-02    15.639  0.2906422800E-03    15.097  0.2331276866E-02    15.229  0.2204684680E-03    15.769  0.1482297942E-03
       40      16.043  0.2949684576E+01    15.617  0.8021521735E-01    15.617  0.1488487817E-02    15.617  0.6294116956E-01    15.617  0.1915447634E-02    15.617  0.2835534439E-03    15.617  0.2274416454E-02    15.617  0.2150911883E-03    15.617  0.1446144334E-03
       41       5.597  0.2976011550E+01    15.423  0.7830622644E-01    14.542  0.1455043054E-02    15.420  0.6144357119E-01     7.212  0.1893858981E-02    15.423  0.2768052666E-03    14.874  0.2222169930E-02    15.126  0.2100685253E-03    15.417  0.1411741944E-03
       42       5.825  0.2949192266E+01    43.584  0.8402383324E-01     8.437  0.1436126557E-02    52.542  0.6693447044E-01     7.121  0.1873035034E-02     5.230  0.2790841482E-03    12.716  0.2178911843E-02     3.993  0.2113864078E-03     4.881  0.1401063910E-03
       43       7.702  0.2984655724E+01    15.074  0.8211433948E-01    14.892  0.1403876747E-02    15.073  0.6541344999E-01     7.024  0.1852958408E-02    15.073  0.2727423617E-03    14.954  0.2129782553E-02    14.648  0.2067153511E-03    15.071  0.1369230026E-03
       44      14.908  0.3054069567E+01    14.907  0.8028957638E-01    14.907  0.1372679486E-02    14.907  0.6395981777E-01    14.907  0.1811781554E-02    14.907  0.2666814204E-03    14.907  0.2082454052E-02    14.907  0.2021216766E-03    14.907  0.1338802692E-03
       45       5.258  0.3078467344E+01    14.740  0.7854468070E-01    14.154  0.1344008984E-02    14.738  0.6256999802E-01     3.804  0.1801452067E-02    14.738  0.2608862243E-03    14.365  0.2038322844E-02    14.422  0.1978218111E-03    14.731  0.1309724169E-03
       46       4.384  0.3098714021E+01    14.579  0.7687438112E-01    13.567  0.1317372310E-02    14.576  0.6123968320E-01     6.888  0.1783146216E-02    14.579  0.2553383982E-03    13.948  0.1996814825E-02    14.259  0.1937053088E-03    14.572  0.1281884508E-03
       47       9.472  0.3142592445E+01    14.434  0.7527283290E-01    14.422  0.1289949583E-02    14.433  0.5996388443E-01     8.654  0.1760686362E-02    14.434  0.2500188973E-03    14.426  0.1955236258E-02    14.154  0.1897464565E-03    14.428  0.1255188736E-03
       48       5.241  0.3166795940E+01    14.283  0.7373694881E-01    13.908  0.1264306199E-02    14.281  0.5874050085E-01     2.885  0.1753309922E-02    14.281  0.2449180360E-03    14.040  0.1916006835E-02    13.940  0.1859660352E-03    14.280  0.1229583347E-03
       49       1.685  0.3174513658E+01    14.127  0.7226371264E-01    11.446  0.1243763239E-02    14.131  0.5756663381E-01     5.739  0.1738909675E-02    14.107  0.2400316991E-03    12.696  0.1881534847E-02    13.437  0.1824285326E-03    14.134  0.1205004844E-03
