    1   0.234137706448E+03   0.135625756744E+03   0.450286299983E+00   0.129402889071E+03   0.595460379122E+00   0.524996127974E-01   0.388763931982E+00   0.499727455026E-01   0.409631273220E-01
    2   0.238021008692E+03   0.854801596320E+02   0.516558439787E+00   0.779418316835E+02   0.641794646208E+00   0.748662666862E-01   0.452849779122E+00   0.623111288692E-01   0.594727833371E-01
    3   0.266605543942E+03   0.618668803657E+02   0.407838560366E+00   0.574920360512E+02   0.548340805455E+00   0.579186816313E-01   0.423505789876E+00   0.683944792130E-01   0.694340670821E-01
    4   0.469437445457E+03   0.464002663777E+02   0.306304997950E+00   0.431192934066E+02   0.437822190949E+00   0.434400614937E-01   0.318061835019E+00   0.515282973565E-01   0.520774048576E-01
    5   0.460504814634E+03   0.373262035007E+02   0.300849380054E+00   0.349333738978E+02   0.473147173389E+00   0.446635426068E-01   0.314697324262E+00   0.562342974219E-01   0.558891938176E-01
    6   0.495119202733E+03   0.317705076380E+02   0.261417098431E+00   0.296242232209E+02   0.497512920619E+00   0.381523077815E-01   0.272536159830E+00   0.481514726992E-01   0.466572814735E-01
    7   0.587915221838E+03   0.272318728307E+02   0.224148576828E+00   0.253922593380E+02   0.446645910492E+00   0.327021622987E-01   0.233678105919E+00   0.413618672075E-01   0.399932301519E-01
    8   0.520632100231E+03   0.276599016075E+02   0.341252135832E+00   0.238393345837E+02   0.495565113356E+00   0.599437022177E-01   0.491140517546E+00   0.516682530844E-01   0.406219254976E-01
    9   0.605172447003E+03   0.245865792105E+02   0.303336393355E+00   0.211905232069E+02   0.444773964801E+00   0.532832916035E-01   0.436570336206E+00   0.459538821233E-01   0.361086830443E-01
   10   0.584158537167E+03   0.298398967170E+02   0.302149948580E+00   0.265199914094E+02   0.444319251862E+00   0.555405477687E-01   0.406684807998E+00   0.489267625556E-01   0.346194267806E-01
   11   0.609849168923E+03   0.271284841581E+02   0.278116511049E+00   0.241103673014E+02   0.416529986555E+00   0.504956131447E-01   0.372800611976E+00   0.445970232535E-01   0.314735509369E-01
   12   0.671373540309E+03   0.248677771450E+02   0.254940135128E+00   0.221011700263E+02   0.381819154342E+00   0.462876453827E-01   0.341733894311E+00   0.408806046490E-01   0.288507550255E-01
   13   0.736069968773E+03   0.229548712107E+02   0.235329355503E+00   0.204010800242E+02   0.352448450162E+00   0.427270572763E-01   0.315446671672E+00   0.377359427529E-01   0.266314661774E-01
   14   0.742830406970E+03   0.213164674365E+02   0.222060985987E+00   0.189446658225E+02   0.339979555841E+00   0.396805675435E-01   0.295925607410E+00   0.351667405302E-01   0.247300649674E-01
   15   0.762811176072E+03   0.198954379198E+02   0.207458892349E+00   0.176818058362E+02   0.329063073500E+00   0.370357139987E-01   0.276401035683E+00   0.329062367074E-01   0.230819222768E-01
   16   0.735384972751E+03   0.248050937509E+02   0.229293307442E+00   0.228511427271E+02   0.360479337613E+00   0.381024247763E-01   0.284360005577E+00   0.364847439824E-01   0.233883224382E-01
   17   0.709830794121E+03   0.244078806627E+02   0.224798764555E+00   0.224859925133E+02   0.372185662616E+00   0.382154965473E-01   0.295152231246E+00   0.384880175153E-01   0.269503225703E-01
   18   0.716128290291E+03   0.230528500592E+02   0.215154188335E+00   0.212373184229E+02   0.362641879321E+00   0.360977577961E-01   0.281119249102E+00   0.364535756428E-01   0.254537713263E-01
   19   0.732051657782E+03   0.218396341330E+02   0.204062492591E+00   0.201196976767E+02   0.356363339430E+00   0.341984616043E-01   0.266555846572E+00   0.345936829706E-01   0.241144681265E-01
   20   0.771198279225E+03   0.207476524264E+02   0.193859367961E+00   0.191137127929E+02   0.338545172459E+00   0.324885385241E-01   0.253228054244E+00   0.328639988220E-01   0.229087447202E-01
   21   0.735242956228E+03   0.202418071797E+02   0.201089132547E+00   0.183977904259E+02   0.337987610676E+00   0.356018826135E-01   0.281121725303E+00   0.330449403643E-01   0.223864136434E-01
   22   0.771677849303E+03   0.193217250352E+02   0.191948717431E+00   0.175615272247E+02   0.322624537463E+00   0.339836152220E-01   0.268343465062E+00   0.315428976205E-01   0.213688493869E-01
   23   0.763770931857E+03   0.191978491540E+02   0.198537005734E+00   0.174740584978E+02   0.328066065107E+00   0.333937593795E-01   0.274773365126E+00   0.310284402861E-01   0.206579396230E-01
   24   0.744041768162E+03   0.192593511722E+02   0.197946354123E+00   0.174938220693E+02   0.339276566587E+00   0.340341169164E-01   0.283194390581E+00   0.326673562559E-01   0.231802102640E-01
   25   0.723248371314E+03   0.200664362639E+02   0.221513153279E+00   0.178808137164E+02   0.354806337782E+00   0.377337189317E-01   0.296135835136E+00   0.347090585251E-01   0.253338792312E-01
   26   0.696347838284E+03   0.198698754727E+02   0.232928324469E+00   0.174258926337E+02   0.359374292013E+00   0.417397637883E-01   0.331888970387E+00   0.354882349153E-01   0.250573912616E-01
   27   0.674112707084E+03   0.208072468332E+02   0.292154324178E+00   0.175558338825E+02   0.382386713406E+00   0.509528259003E-01   0.411961514559E+00   0.413664175338E-01   0.271191450042E-01
   28   0.674291013379E+03   0.201559598770E+02   0.283349341488E+00   0.169985611640E+02   0.387362891269E+00   0.492847912438E-01   0.398574760619E+00   0.401194804677E-01   0.261610630210E-01
   29   0.704859484801E+03   0.194609267778E+02   0.273578674540E+00   0.164124038825E+02   0.374005550191E+00   0.475853156836E-01   0.384830803356E+00   0.387360501067E-01   0.252589573996E-01
   30   0.696404012116E+03   0.188202767289E+02   0.270946046076E+00   0.158778215965E+02   0.385685833232E+00   0.475397791511E-01   0.386798487420E+00   0.392554942012E-01   0.264507470200E-01
   31   0.676634114822E+03   0.196463876338E+02   0.320037620171E+00   0.160170152109E+02   0.405998700125E+00   0.556164868908E-01   0.462205731702E+00   0.441072130298E-01   0.280815176990E-01
   32   0.699340729753E+03   0.190324380202E+02   0.310036444541E+00   0.155164834856E+02   0.393311240746E+00   0.538784716754E-01   0.447761802586E+00   0.427288626226E-01   0.272039702709E-01
   33   0.685761523048E+03   0.194216766534E+02   0.314586507270E+00   0.157961798894E+02   0.401218412405E+00   0.547557416185E-01   0.448969992214E+00   0.436178952016E-01   0.287379833553E-01
   34   0.678246382155E+03   0.188668968271E+02   0.310143957194E+00   0.153783049395E+02   0.408611720847E+00   0.546185453245E-01   0.442483215880E+00   0.443460790629E-01   0.299288852579E-01
   35   0.690489322010E+03   0.183278480176E+02   0.301311998954E+00   0.149389455138E+02   0.400022913706E+00   0.530580881491E-01   0.429870409060E+00   0.430912776220E-01   0.290740084431E-01
   36   0.697991999247E+03   0.178188766412E+02   0.293234848140E+00   0.145241327245E+02   0.397024307787E+00   0.515847953954E-01   0.418214670716E+00   0.419188138118E-01   0.282669357334E-01
   37   0.686727301325E+03   0.179992401979E+02   0.292144581096E+00   0.146811426543E+02   0.403127918349E+00   0.518011859808E-01   0.419943550964E+00   0.427204863297E-01   0.296759870187E-01
   38   0.670150702398E+03   0.184353909394E+02   0.319578483021E+00   0.146854954466E+02   0.416382375248E+00   0.575501625115E-01   0.474809837237E+00   0.453396808325E-01   0.302922474527E-01
   39   0.653907684201E+03   0.185510046109E+02   0.332756690565E+00   0.145517586469E+02   0.423061083972E+00   0.612792647523E-01   0.508897964070E+00   0.464536081147E-01   0.303036475778E-01
   40   0.656063215909E+03   0.180908192411E+02   0.325088234940E+00   0.141950288111E+02   0.416648383973E+00   0.597635958880E-01   0.496736367013E+00   0.453340389011E-01   0.295480259656E-01
   41   0.673355362764E+03   0.176495797474E+02   0.317159253600E+00   0.138488085962E+02   0.406486228267E+00   0.583059472078E-01   0.484620845867E+00   0.442283306352E-01   0.288273424054E-01
   42   0.679365296608E+03   0.172295486306E+02   0.310033017192E+00   0.135192952842E+02   0.401904797764E+00   0.569183468184E-01   0.473488427803E+00   0.431955407796E-01   0.281415675112E-01
   43   0.673242977829E+03   0.184875812143E+02   0.306002388192E+00   0.147274458998E+02   0.397485649388E+00   0.573869440190E-01   0.464271219334E+00   0.434665316275E-01   0.279287123219E-01
   44   0.681338592466E+03   0.180674394576E+02   0.299130766155E+00   0.143927790807E+02   0.393225093189E+00   0.560829081358E-01   0.453803005435E+00   0.425060411351E-01   0.272941378504E-01
   45   0.697184416876E+03   0.176659408030E+02   0.292483415796E+00   0.140729395456E+02   0.384486757785E+00   0.548366212883E-01   0.443718494203E+00   0.415614624432E-01   0.266876014537E-01
   46   0.702753952681E+03   0.172820152032E+02   0.286374454181E+00   0.137671405299E+02   0.382294688245E+00   0.536449785765E-01   0.434315245634E+00   0.406772984840E-01   0.261079521594E-01
   47   0.707375873546E+03   0.169145028210E+02   0.280698850014E+00   0.134744342538E+02   0.378409916940E+00   0.525042015514E-01   0.425470932510E+00   0.398308387848E-01   0.255529982579E-01
   48   0.717392460493E+03   0.165621176495E+02   0.274855757685E+00   0.131937230271E+02   0.373643604592E+00   0.514103740925E-01   0.416611587257E+00   0.390167960029E-01   0.250208465497E-01
   49   0.722917645614E+03   0.162241804149E+02   0.269391798765E+00   0.129245445982E+02   0.372078215375E+00   0.503615046330E-01   0.408252785652E+00   0.382394432793E-01   0.245104304909E-01
   50   0.724679449792E+03   0.159000274659E+02   0.265014611511E+00   0.126662611874E+02   0.369022270555E+00   0.493567469586E-01   0.400907673389E+00   0.375120409149E-01   0.240204842843E-01
