Loading openmpi-geib-cuda10.2-intel/4.0.5
  Loading requirement: hpcx/2.10 intel/psxe/intel64/2020.4
    cuda10.2/toolkit/10.2.89
 MPI INITIALIZED
 PARSERING OF USER INPUT
 rows in Input          52
 ARRAY_INI_STARTED
 STATES_SIZE_FOUND          81
 number_of_channels           9
 jmax_included           2
 BASIS ARRAYS CREATED
ARRAYS ALLOCATION TOOK TIME, s =             0.000
 TOTAL_SIZE_OF_M =          594
THE SIZE OF THE Mij COMPUTED BY EACH PROCESSOR= 594
 MATRIX_INI_STARTED
 COMPUTING MATRIX ELEMENTS STARTED
 USER TERM FILE IS BEING READ 
 TERMS ARE BEING READ
 TERMS HAVE BEEN READ
 TERM MATRIX CREATED 
Trucation #1 at #R = 20, R = 6.000, and #2 at #R = 29, R = 8.090
 SPLINING OF Mij STARTED
 SPLINING OF Mij FINISHED
 TERMS ARE BEING READ
 TERMS HAVE BEEN READ
 SYSTEM_SETUP_DONE
MATRIX HAS BEEN SAVED INTO THE FILE  "   MTRX.DAT "
 MPI TASK PER TRAJECTORY WILL BE USED
MPI TASKS WHICH ARE ASSOCIATED WITH ONE TRAJECTORY =     1
 Mij ROOT PROC DISTRIBUTION STARTED
 Mij ROOT PROC DISTRIBUTION DONE
 Mij ALL PROC DISTRIBUTION STARTED
 Mij ALL PROC DISTRIBUTION DONE
 MPI_COMMUNICATORS_CREATION STARTED
 MPI_COMMUNICATORS_CREATION DONE
TIME SPENT ON MATRIX Mij READING/COMPUTING/SAVING ON DISK ,s     232.3
        TIME SPENT ON MATRIX Mij SAVING ON DISK ,s       0.7
  
 SCATTERING CALCULATIONS STARTED
 NUMBER OF TRAJECTORIES PER PROC_GROUP          50
 TOTAL NUMBER OF TRAJECTORIES          50
TIME IT TOOK TO SETUP ARRAYS, s     0
 MONTE_CARLO INTEGRATION IS USED
 New #trajectories per PROC_GROUP =           50
TRAJECTORY DONE FOR J12 =     0, M12 =     0, L =      83, TIME_SPENT =      1.857 SEC.
TRAJECTORY DONE FOR J12 =     0, M12 =     0, L =      50, TIME_SPENT =      1.462 SEC.
TRAJECTORY DONE FOR J12 =     0, M12 =     0, L =      58, TIME_SPENT =      1.514 SEC.
TRAJECTORY DONE FOR J12 =     0, M12 =     0, L =     176, TIME_SPENT =      1.207 SEC.
TRAJECTORY DONE FOR J12 =     0, M12 =     0, L =      70, TIME_SPENT =      1.668 SEC.
TRAJECTORY DONE FOR J12 =     0, M12 =     0, L =     110, TIME_SPENT =      1.554 SEC.
TRAJECTORY DONE FOR J12 =     0, M12 =     0, L =     187, TIME_SPENT =      1.113 SEC.
TRAJECTORY DONE FOR J12 =     0, M12 =     0, L =      16, TIME_SPENT =      1.366 SEC.
TRAJECTORY DONE FOR J12 =     0, M12 =     0, L =     210, TIME_SPENT =      0.939 SEC.
TRAJECTORY DONE FOR J12 =     0, M12 =     0, L =      90, TIME_SPENT =      1.705 SEC.
TRAJECTORY DONE FOR J12 =     0, M12 =     0, L =     142, TIME_SPENT =      1.385 SEC.
TRAJECTORY DONE FOR J12 =     0, M12 =     0, L =     220, TIME_SPENT =      0.825 SEC.
TRAJECTORY DONE FOR J12 =     0, M12 =     0, L =     247, TIME_SPENT =      0.466 SEC.
TRAJECTORY DONE FOR J12 =     0, M12 =     0, L =     136, TIME_SPENT =      1.404 SEC.
TRAJECTORY DONE FOR J12 =     0, M12 =     0, L =     170, TIME_SPENT =      1.252 SEC.
TRAJECTORY DONE FOR J12 =     0, M12 =     0, L =      87, TIME_SPENT =      1.721 SEC.
TRAJECTORY DONE FOR J12 =     0, M12 =     0, L =      55, TIME_SPENT =      1.513 SEC.
TRAJECTORY DONE FOR J12 =     0, M12 =     0, L =     134, TIME_SPENT =      1.423 SEC.
TRAJECTORY DONE FOR J12 =     0, M12 =     0, L =     166, TIME_SPENT =      1.268 SEC.
TRAJECTORY DONE FOR J12 =     0, M12 =     0, L =     248, TIME_SPENT =      0.460 SEC.
TRAJECTORY DONE FOR J12 =     0, M12 =     0, L =       5, TIME_SPENT =      1.346 SEC.
TRAJECTORY DONE FOR J12 =     0, M12 =     0, L =     251, TIME_SPENT =      0.379 SEC.
TRAJECTORY DONE FOR J12 =     0, M12 =     0, L =     102, TIME_SPENT =      1.606 SEC.
TRAJECTORY DONE FOR J12 =     0, M12 =     0, L =      54, TIME_SPENT =      1.489 SEC.
TRAJECTORY DONE FOR J12 =     0, M12 =     0, L =      48, TIME_SPENT =      1.452 SEC.
TRAJECTORY DONE FOR J12 =     0, M12 =     0, L =       7, TIME_SPENT =      1.370 SEC.
TRAJECTORY DONE FOR J12 =     0, M12 =     0, L =      28, TIME_SPENT =      1.373 SEC.
TRAJECTORY DONE FOR J12 =     0, M12 =     0, L =     112, TIME_SPENT =      1.557 SEC.
TRAJECTORY DONE FOR J12 =     0, M12 =     0, L =     255, TIME_SPENT =      0.274 SEC.
TRAJECTORY DONE FOR J12 =     0, M12 =     0, L =      74, TIME_SPENT =      1.756 SEC.
TRAJECTORY DONE FOR J12 =     0, M12 =     0, L =      25, TIME_SPENT =      1.367 SEC.
TRAJECTORY DONE FOR J12 =     0, M12 =     0, L =     229, TIME_SPENT =      0.736 SEC.
TRAJECTORY DONE FOR J12 =     0, M12 =     0, L =      51, TIME_SPENT =      1.483 SEC.
TRAJECTORY DONE FOR J12 =     0, M12 =     0, L =      71, TIME_SPENT =      1.681 SEC.
TRAJECTORY DONE FOR J12 =     0, M12 =     0, L =     181, TIME_SPENT =      1.157 SEC.
TRAJECTORY DONE FOR J12 =     0, M12 =     0, L =     157, TIME_SPENT =      1.312 SEC.
TRAJECTORY DONE FOR J12 =     0, M12 =     0, L =      53, TIME_SPENT =      1.490 SEC.
TRAJECTORY DONE FOR J12 =     0, M12 =     0, L =      18, TIME_SPENT =      1.384 SEC.
TRAJECTORY DONE FOR J12 =     0, M12 =     0, L =      12, TIME_SPENT =      1.357 SEC.
TRAJECTORY DONE FOR J12 =     0, M12 =     0, L =     121, TIME_SPENT =      1.492 SEC.
TRAJECTORY DONE FOR J12 =     0, M12 =     0, L =     223, TIME_SPENT =      0.788 SEC.
TRAJECTORY DONE FOR J12 =     0, M12 =     0, L =     151, TIME_SPENT =      1.358 SEC.
TRAJECTORY DONE FOR J12 =     0, M12 =     0, L =      91, TIME_SPENT =      1.677 SEC.
TRAJECTORY DONE FOR J12 =     0, M12 =     0, L =     168, TIME_SPENT =      1.249 SEC.
TRAJECTORY DONE FOR J12 =     0, M12 =     0, L =     228, TIME_SPENT =      0.742 SEC.
TRAJECTORY DONE FOR J12 =     0, M12 =     0, L =     156, TIME_SPENT =      1.312 SEC.
TRAJECTORY DONE FOR J12 =     0, M12 =     0, L =     150, TIME_SPENT =      1.347 SEC.
TRAJECTORY DONE FOR J12 =     0, M12 =     0, L =     194, TIME_SPENT =      1.091 SEC.
TRAJECTORY DONE FOR J12 =     0, M12 =     0, L =     161, TIME_SPENT =      1.306 SEC.
TRAJECTORY DONE FOR J12 =     0, M12 =     0, L =     132, TIME_SPENT =      1.433 SEC.
MONTE CARLO INTEGRATION DONE FOR ENER_NUM =   1
 DATA FROM ALL TRAJECTORIES GATHERED
 CROSS SECTION CALCULATED FOR ENERGY=           1
  
 Trajectory Propagation Time:   64.5014435030000     
  
TOTAL TIME SPENT ON PROPAGATION,sec =       64
THE AVERAGE TIME PER MPI TASK SPENT ON PROPAGATION =    0  h   1   m  4.5  s
TIME SPENT ON INITIALIZATION TOOK WALL CLOCK TIME =    0  h   3   m 52.4  s
TIME SPENT ON MIJ DISTRIBUTION TOOK WALL CLOCK TIME =    0  h   3   m 52.3  s
TIME SPENT ON MIJ REALLOCATION TOOK WALL CLOCK TIME =    0  h   0   m  0.0  s
 ALL WORK DONE

real	4m57.470s
user	1m38.647s
sys	0m0.946s
