 MPI INITIALIZED
 PARSERING OF USER INPUT
 rows in Input          52
 ARRAY_INI_STARTED
 STATES_SIZE_FOUND          81
 number_of_channels           9
 jmax_included           2
 BASIS ARRAYS CREATED
ARRAYS ALLOCATION TOOK TIME, s =             0.000
 TOTAL_SIZE_OF_M =          594
THE SIZE OF THE Mij COMPUTED BY EACH PROCESSOR= 594
 MATRIX_INI_STARTED
 COMPUTING MATRIX ELEMENTS STARTED
proc_id =     0, Progress =     0%, Time(sec.) =        0.000
 USER TERM FILE IS BEING READ 
 TERMS ARE BEING READ
 TERMS HAVE BEEN READ
 TERM MATRIX CREATED 
Truncation #1 at #R = 20, R = 6.000, and #2 at #R = 29, R = 8.090
proc_id =     0, Progress =     9%, Time(sec.) =        1.413
proc_id =     0, Progress =    19%, Time(sec.) =        6.086
proc_id =     0, Progress =    29%, Time(sec.) =        9.754
proc_id =     0, Progress =    39%, Time(sec.) =       15.165
proc_id =     0, Progress =    49%, Time(sec.) =       20.357
proc_id =     0, Progress =    59%, Time(sec.) =       32.033
proc_id =     0, Progress =    69%, Time(sec.) =       51.534
proc_id =     0, Progress =    79%, Time(sec.) =       72.901
proc_id =     0, Progress =    89%, Time(sec.) =       94.703
proc_id =     0, Progress =    99%, Time(sec.) =      122.102
proc_id =     0, Progress =   100%, Time(sec.) =      122.791
 SPLINING OF Mij STARTED
 SPLINING OF Mij FINISHED
 TERMS ARE BEING READ
 TERMS HAVE BEEN READ
 SYSTEM_SETUP_DONE
MATRIX HAS BEEN SAVED INTO THE FILE  "   MTRX.DAT "
 MPI TASK PER TRAJECTORY WILL BE USED
MPI TASKS WHICH ARE ASSOCIATED WITH ONE TRAJECTORY =     1
 Mij ROOT PROC DISTRIBUTION STARTED
 Mij ROOT PROC DISTRIBUTION DONE
 Mij ALL PROC DISTRIBUTION STARTED
 Mij ALL PROC DISTRIBUTION DONE
 MPI_COMMUNICATORS_CREATION STARTED
 MPI_COMMUNICATORS_CREATION DONE
TIME SPENT ON MATRIX Mij READING/COMPUTING/SAVING ON DISK ,s     123.2
        TIME SPENT ON MATRIX Mij SAVING ON DISK ,s       0.4
  
 SCATTERING CALCULATIONS STARTED
 NUMBER OF TRAJECTORIES PER PROC_GROUP          50
 TOTAL NUMBER OF TRAJECTORIES          50
TIME IT TOOK TO SETUP ARRAYS, s     0
 MONTE_CARLO INTEGRATION IS USED
 MONTE_CARLO COVERAGE      19.231%
rm: cannot remove 'MC_InitialCond.dat': No such file or directory
 New #trajectories per PROC_GROUP =           50
TRAJECTORY DONE FOR J12 =     0, M12 =     0, L =     136, TIME_SPENT =      0.441 SEC.
TRAJECTORY DONE FOR J12 =     0, M12 =     0, L =     257, TIME_SPENT =      0.067 SEC.
TRAJECTORY DONE FOR J12 =     0, M12 =     0, L =     151, TIME_SPENT =      0.421 SEC.
TRAJECTORY DONE FOR J12 =     0, M12 =     0, L =      69, TIME_SPENT =      0.500 SEC.
TRAJECTORY DONE FOR J12 =     0, M12 =     0, L =     207, TIME_SPENT =      0.291 SEC.
TRAJECTORY DONE FOR J12 =     0, M12 =     0, L =       2, TIME_SPENT =      0.382 SEC.
TRAJECTORY DONE FOR J12 =     0, M12 =     0, L =     108, TIME_SPENT =      0.462 SEC.
TRAJECTORY DONE FOR J12 =     0, M12 =     0, L =     233, TIME_SPENT =      0.232 SEC.
TRAJECTORY DONE FOR J12 =     0, M12 =     0, L =     128, TIME_SPENT =      0.457 SEC.
TRAJECTORY DONE FOR J12 =     0, M12 =     0, L =       0, TIME_SPENT =      0.416 SEC.
TRAJECTORY DONE FOR J12 =     0, M12 =     0, L =     181, TIME_SPENT =      0.371 SEC.
TRAJECTORY DONE FOR J12 =     0, M12 =     0, L =     247, TIME_SPENT =      0.155 SEC.
TRAJECTORY DONE FOR J12 =     0, M12 =     0, L =     189, TIME_SPENT =      0.346 SEC.
TRAJECTORY DONE FOR J12 =     0, M12 =     0, L =     209, TIME_SPENT =      0.295 SEC.
TRAJECTORY DONE FOR J12 =     0, M12 =     0, L =     192, TIME_SPENT =      0.344 SEC.
TRAJECTORY DONE FOR J12 =     0, M12 =     0, L =       4, TIME_SPENT =      0.419 SEC.
TRAJECTORY DONE FOR J12 =     0, M12 =     0, L =     170, TIME_SPENT =      0.384 SEC.
TRAJECTORY DONE FOR J12 =     0, M12 =     0, L =      27, TIME_SPENT =      0.422 SEC.
TRAJECTORY DONE FOR J12 =     0, M12 =     0, L =      21, TIME_SPENT =      0.421 SEC.
TRAJECTORY DONE FOR J12 =     0, M12 =     0, L =     111, TIME_SPENT =      0.472 SEC.
TRAJECTORY DONE FOR J12 =     0, M12 =     0, L =     176, TIME_SPENT =      0.372 SEC.
TRAJECTORY DONE FOR J12 =     0, M12 =     0, L =      18, TIME_SPENT =      0.416 SEC.
TRAJECTORY DONE FOR J12 =     0, M12 =     0, L =      36, TIME_SPENT =      0.428 SEC.
TRAJECTORY DONE FOR J12 =     0, M12 =     0, L =     190, TIME_SPENT =      0.342 SEC.
TRAJECTORY DONE FOR J12 =     0, M12 =     0, L =     137, TIME_SPENT =      0.432 SEC.
TRAJECTORY DONE FOR J12 =     0, M12 =     0, L =     163, TIME_SPENT =      0.398 SEC.
TRAJECTORY DONE FOR J12 =     0, M12 =     0, L =     211, TIME_SPENT =      0.293 SEC.
TRAJECTORY DONE FOR J12 =     0, M12 =     0, L =      12, TIME_SPENT =      0.412 SEC.
TRAJECTORY DONE FOR J12 =     0, M12 =     0, L =     107, TIME_SPENT =      0.476 SEC.
TRAJECTORY DONE FOR J12 =     0, M12 =     0, L =     225, TIME_SPENT =      0.250 SEC.
TRAJECTORY DONE FOR J12 =     0, M12 =     0, L =      59, TIME_SPENT =      0.458 SEC.
TRAJECTORY DONE FOR J12 =     0, M12 =     0, L =      68, TIME_SPENT =      0.489 SEC.
TRAJECTORY DONE FOR J12 =     0, M12 =     0, L =     172, TIME_SPENT =      0.372 SEC.
TRAJECTORY DONE FOR J12 =     0, M12 =     0, L =     203, TIME_SPENT =      0.312 SEC.
TRAJECTORY DONE FOR J12 =     0, M12 =     0, L =      94, TIME_SPENT =      0.503 SEC.
TRAJECTORY DONE FOR J12 =     0, M12 =     0, L =     156, TIME_SPENT =      0.408 SEC.
TRAJECTORY DONE FOR J12 =     0, M12 =     0, L =     256, TIME_SPENT =      0.081 SEC.
TRAJECTORY DONE FOR J12 =     0, M12 =     0, L =     208, TIME_SPENT =      0.305 SEC.
TRAJECTORY DONE FOR J12 =     0, M12 =     0, L =      62, TIME_SPENT =      0.480 SEC.
TRAJECTORY DONE FOR J12 =     0, M12 =     0, L =     240, TIME_SPENT =      0.196 SEC.
TRAJECTORY DONE FOR J12 =     0, M12 =     0, L =      97, TIME_SPENT =      0.501 SEC.
TRAJECTORY DONE FOR J12 =     0, M12 =     0, L =     165, TIME_SPENT =      0.395 SEC.
TRAJECTORY DONE FOR J12 =     0, M12 =     0, L =      37, TIME_SPENT =      0.430 SEC.
TRAJECTORY DONE FOR J12 =     0, M12 =     0, L =      19, TIME_SPENT =      0.419 SEC.
TRAJECTORY DONE FOR J12 =     0, M12 =     0, L =     214, TIME_SPENT =      0.288 SEC.
TRAJECTORY DONE FOR J12 =     0, M12 =     0, L =     234, TIME_SPENT =      0.217 SEC.
TRAJECTORY DONE FOR J12 =     0, M12 =     0, L =     113, TIME_SPENT =      0.476 SEC.
TRAJECTORY DONE FOR J12 =     0, M12 =     0, L =     132, TIME_SPENT =      0.448 SEC.
TRAJECTORY DONE FOR J12 =     0, M12 =     0, L =     154, TIME_SPENT =      0.417 SEC.
TRAJECTORY DONE FOR J12 =     0, M12 =     0, L =      49, TIME_SPENT =      0.452 SEC.
MONTE CARLO INTEGRATION DONE FOR ENER_NUM =   1
 DATA FROM ALL TRAJECTORIES GATHERED
MAXIMUM STAT ERROR ESTIMATE,% 3.85
 CROSS SECTION CALCULATED FOR ENERGY=           1
  
 Trajectory Propagation Time:   18.8052307550000     
  
TOTAL TIME SPENT ON PROPAGATION,sec =       18
THE AVERAGE TIME PER MPI TASK SPENT ON PROPAGATION =    0  h   0   m 18.8  s
TIME SPENT ON INITIALIZATION TOOK WALL CLOCK TIME =    0  h   2   m  3.3  s
TIME SPENT ON MIJ DISTRIBUTION TOOK WALL CLOCK TIME =    0  h   2   m  3.2  s
TIME SPENT ON MIJ REALLOCATION TOOK WALL CLOCK TIME =    0  h   0   m  0.0  s
 ALL WORK DONE

real	2m22.673s
user	2m14.911s
sys	0m0.842s
