 FOR ENERGY=           1
 MAXIMUM PROBABILITY ERROR
 B_IMP   1.09679611050489     
 L_ORB   9.00000000000000     
 R_FIN   30.0011377153199     
 PHI_FIN  0.358142533538436     
 PROBAB_SURV  0.999999999953608     
 ERROR_ENERG  7.963170022699405E-006
 ERROR_PROBAB  5.265892166761432E-008
 STATE           1
 #NTRAJECT           1
 #NPROC           0
 
 MAXIMUM ENERGY ERROR
 B_IMP   1.09679611050489     
 L_ORB   9.00000000000000     
 R_FIN   30.0011377153199     
 PHI_FIN  0.358142533538436     
 PROBAB_SURV  0.999999999953608     
 ERROR_ENERG  7.963170022699405E-006
 ERROR_PROBAB  5.265892166761432E-008
 STATE           1
 #NTRAJECT           1
 #NPROC           0
 -------------------------
