STATE= 1
j12= 0
m12= 0
ENERGY#1, U(i)= 500.000 cm^-1
J_TOTAL  CHANNEL=     1  
    0    0.11758757E-01 
    1    0.35276272E-01 
    2    0.58793787E-01 
    3    0.82311302E-01 
    4    0.10582882E+00 
    5    0.12934633E+00 
    6    0.15286385E+00 
    7    0.17638136E+00 
    8    0.19989888E+00 
    9    0.22341639E+00 
   10    0.24693391E+00 
   11    0.27045142E+00 
   12    0.29396894E+00 
   13    0.31748645E+00 
   14    0.34100397E+00 
   15    0.36452148E+00 
   16    0.38803900E+00 
   17    0.41155651E+00 
   18    0.43507403E+00 
   19    0.45859154E+00 
   20    0.48210906E+00 
   21    0.50562657E+00 
   22    0.52914409E+00 
   23    0.55266160E+00 
   24    0.57617911E+00 
   25    0.59969663E+00 
   26    0.62321414E+00 
   27    0.64673166E+00 
   28    0.67024917E+00 
   29    0.69376669E+00 
   30    0.71728420E+00 
   31    0.74080172E+00 
   32    0.76431923E+00 
   33    0.78783675E+00 
   34    0.81135426E+00 
   35    0.83487178E+00 
   36    0.85838929E+00 
   37    0.88190681E+00 
   38    0.90542432E+00 
   39    0.92894184E+00 
   40    0.95245935E+00 
   41    0.97597687E+00 
   42    0.99949438E+00 
   43    0.10230119E+01 
   44    0.10465294E+01 
   45    0.10700469E+01 
   46    0.10935644E+01 
   47    0.11170820E+01 
   48    0.11405995E+01 
   49    0.11641170E+01 
   50    0.11876345E+01 
   51    0.12111520E+01 
   52    0.12346695E+01 
   53    0.12581870E+01 
   54    0.12817046E+01 
   55    0.13052221E+01 
   56    0.13287396E+01 
   57    0.13522571E+01 
   58    0.13757746E+01 
   59    0.13992921E+01 
   60    0.14228097E+01 
   61    0.14463272E+01 
   62    0.14698447E+01 
   63    0.14933622E+01 
   64    0.15168797E+01 
   65    0.15403972E+01 
   66    0.15639147E+01 
   67    0.15874323E+01 
   68    0.16109498E+01 
   69    0.16344673E+01 
   70    0.16579848E+01 
   71    0.16815023E+01 
   72    0.17050198E+01 
   73    0.17285373E+01 
   74    0.17520549E+01 
   75    0.17755724E+01 
   76    0.17990899E+01 
   77    0.18226074E+01 
   78    0.18461249E+01 
   79    0.18696424E+01 
   80    0.18931599E+01 
   81    0.19166775E+01 
   82    0.19401950E+01 
   83    0.19637125E+01 
   84    0.19872300E+01 
   85    0.20107475E+01 
   86    0.20342650E+01 
   87    0.20577826E+01 
   88    0.20813001E+01 
   89    0.21048176E+01 
   90    0.21283351E+01 
   91    0.21518526E+01 
   92    0.21753701E+01 
   93    0.21988876E+01 
   94    0.22224052E+01 
   95    0.22459227E+01 
   96    0.22694402E+01 
   97    0.22929577E+01 
   98    0.23164752E+01 
   99    0.23399927E+01 
  100    0.23635102E+01 
  101    0.23870278E+01 
  102    0.24105453E+01 
  103    0.24340628E+01 
  104    0.24575803E+01 
  105    0.24810978E+01 
  106    0.25046153E+01 
  107    0.25281329E+01 
  108    0.25516504E+01 
  109    0.25751679E+01 
  110    0.25986854E+01 
  111    0.26222029E+01 
  112    0.26457204E+01 
  113    0.26692379E+01 
  114    0.26927555E+01 
  115    0.27162730E+01 
  116    0.27397905E+01 
  117    0.27633080E+01 
  118    0.27868255E+01 
  119    0.28103430E+01 
  120    0.28338605E+01 
  121    0.28573781E+01 
  122    0.28808956E+01 
  123    0.29044131E+01 
  124    0.29279306E+01 
  125    0.29514481E+01 
  126    0.29749656E+01 
  127    0.29984831E+01 
  128    0.30220007E+01 
  129    0.30455182E+01 
  130    0.30690357E+01 
  131    0.30925532E+01 
  132    0.31160707E+01 
  133    0.31395882E+01 
  134    0.31631058E+01 
  135    0.31866233E+01 
  136    0.32101408E+01 
  137    0.32336583E+01 
  138    0.32571758E+01 
  139    0.32806933E+01 
  140    0.33042108E+01 
  141    0.33277284E+01 
  142    0.33512459E+01 
  143    0.33747634E+01 
  144    0.33982809E+01 
  145    0.34217984E+01 
  146    0.34453159E+01 
  147    0.34688334E+01 
  148    0.34923510E+01 
  149    0.35158685E+01 
  150    0.35393860E+01 
  151    0.35629035E+01 
  152    0.35864210E+01 
  153    0.36099385E+01 
  154    0.36334561E+01 
  155    0.36569736E+01 
  156    0.36804911E+01 
  157    0.37040086E+01 
  158    0.37275261E+01 
  159    0.37510436E+01 
  160    0.37745611E+01 
  161    0.37980787E+01 
  162    0.38215962E+01 
  163    0.38451137E+01 
  164    0.38686312E+01 
  165    0.38921487E+01 
  166    0.39156662E+01 
  167    0.39391837E+01 
  168    0.39627013E+01 
  169    0.39862188E+01 
  170    0.40097363E+01 
  171    0.40332538E+01 
  172    0.40567713E+01 
  173    0.40802888E+01 
  174    0.41038063E+01 
  175    0.41273239E+01 
  176    0.41508414E+01 
  177    0.41743589E+01 
  178    0.41978764E+01 
  179    0.42213939E+01 
  180    0.42449114E+01 
  181    0.42684290E+01 
  182    0.42919465E+01 
  183    0.43154640E+01 
  184    0.43389815E+01 
  185    0.43624990E+01 
  186    0.43860165E+01 
  187    0.44095340E+01 
  188    0.44330516E+01 
  189    0.44565691E+01 
  190    0.44800866E+01 
  191    0.45036041E+01 
  192    0.45271216E+01 
  193    0.45506391E+01 
  194    0.45741566E+01 
  195    0.45976742E+01 
  196    0.46211917E+01 
  197    0.46447092E+01 
  198    0.46682267E+01 
  199    0.46917442E+01 
  200    0.47152617E+01 
  201    0.47387793E+01 
  202    0.47622968E+01 
  203    0.47858143E+01 
  204    0.48093318E+01 
  205    0.48328493E+01 
  206    0.48563668E+01 
  207    0.48798843E+01 
  208    0.49034019E+01 
  209    0.49269194E+01 
  210    0.49504369E+01 
  211    0.49739544E+01 
  212    0.49974719E+01 
  213    0.50209894E+01 
  214    0.50445069E+01 
  215    0.50680245E+01 
  216    0.50915420E+01 
  217    0.51150595E+01 
  218    0.51385770E+01 
  219    0.51620945E+01 
  220    0.51856120E+01 
  221    0.52091295E+01 
  222    0.52326471E+01 
  223    0.52561646E+01 
  224    0.52796821E+01 
  225    0.53031996E+01 
  226    0.53267171E+01 
  227    0.53502346E+01 
  228    0.53737522E+01 
  229    0.53972697E+01 
  230    0.54207872E+01 
  231    0.54443047E+01 
  232    0.54678222E+01 
  233    0.54913397E+01 
  234    0.55148572E+01 
  235    0.55383748E+01 
  236    0.55618923E+01 
  237    0.55854098E+01 
  238    0.56089273E+01 
  239    0.56324448E+01 
  240    0.56559623E+01 
  241    0.56794798E+01 
  242    0.57029974E+01 
  243    0.57265149E+01 
  244    0.57500324E+01 
  245    0.57735499E+01 
  246    0.57970674E+01 
  247    0.58205849E+01 
  248    0.58441025E+01 
  249    0.58676200E+01 
  250    0.58911375E+01 
  251    0.59146550E+01 
  252    0.59381725E+01 
  253    0.59616900E+01 
  254    0.59852075E+01 
  255    0.60087251E+01 
  256    0.60322426E+01 
  257    0.60557601E+01 
  258    0.60792776E+01 
  259    0.61027951E+01 
