 MPI INITIALIZED
 PARSERING OF USER INPUT
 rows in Input          42
rm: cannot remove 'AT_APPROX_TRAJS/500.00000/*': No such file or directory
 ARRAY_INI_STARTED
 STATES_SIZE_FOUND           1
 number_of_channels           1
 jmax_included           0
 BASIS ARRAYS CREATED
ARRAYS ALLOCATION TOOK TIME, s =             0.000
 TOTAL_SIZE_OF_M =            1
THE SIZE OF THE Mij COMPUTED BY EACH PROCESSOR= 1
 MATRIX_INI_STARTED
 COMPUTING MATRIX ELEMENTS STARTED
proc_id =     0, Progress =   100%, Time(sec.) =        0.000
 USER TERM FILE IS BEING READ 
 TERMS ARE BEING READ
 TERMS HAVE BEEN READ
 TERM MATRIX CREATED 
Truncation #1 at #R = 20, R = 6.000, and #2 at #R = 29, R = 8.090
 SPLINING OF Mij STARTED
 SPLINING OF Mij FINISHED
 TERMS ARE BEING READ
 TERMS HAVE BEEN READ
 MPI TASK PER TRAJECTORY WILL BE USED
MPI TASKS WHICH ARE ASSOCIATED WITH ONE TRAJECTORY =     1
 Mij ROOT PROC DISTRIBUTION STARTED
 Mij ROOT PROC DISTRIBUTION DONE
 Mij ALL PROC DISTRIBUTION STARTED
 Mij ALL PROC DISTRIBUTION DONE
 MPI_COMMUNICATORS_CREATION STARTED
 MPI_COMMUNICATORS_CREATION DONE
TIME SPENT ON MATRIX Mij READING/COMPUTING/SAVING ON DISK ,s       0.0
  
 SCATTERING CALCULATIONS STARTED
TOTAL J RANGE: FROM    0 TO  259
TOTAL L RANGE: FROM    0 TO  259
 NUMBER OF TRAJECTORIES PER PROC_GROUP MAX          14
 NUMBER OF TRAJECTORIES PER PROC_GROUP MIN          14
 TOTAL NUMBER OF TRAJECTORIES          14
TIME IT TOOK TO SETUP ARRAYS, s     0
CALCULATIONS START FOR M =    0
TRAJECTORY DONE FOR L=     9 TIME_SPENT=        0.299 SEC.
TRAJECTORY DONE FOR L=    28 TIME_SPENT=        0.276 SEC.
TRAJECTORY DONE FOR L=    47 TIME_SPENT=        0.297 SEC.
TRAJECTORY DONE FOR L=    66 TIME_SPENT=        0.329 SEC.
TRAJECTORY DONE FOR L=    85 TIME_SPENT=        0.301 SEC.
TRAJECTORY DONE FOR L=   104 TIME_SPENT=        0.303 SEC.
TRAJECTORY DONE FOR L=   123 TIME_SPENT=        0.289 SEC.
TRAJECTORY DONE FOR L=   142 TIME_SPENT=        0.277 SEC.
TRAJECTORY DONE FOR L=   161 TIME_SPENT=        0.262 SEC.
TRAJECTORY DONE FOR L=   180 TIME_SPENT=        0.239 SEC.
TRAJECTORY DONE FOR L=   199 TIME_SPENT=        0.218 SEC.
TRAJECTORY DONE FOR L=   218 TIME_SPENT=        0.170 SEC.
TRAJECTORY DONE FOR L=   237 TIME_SPENT=        0.155 SEC.
TRAJECTORY DONE FOR L=   256 TIME_SPENT=        0.073 SEC.
ALL TRAJECTORIES DONE FOR ENER_NUM =   1 AND M12 =    0  J12=     0
TIME IT TOOK TO PROPOGATE,s          3
 DATA FROM ALL TRAJECTORIES GATHERED
 INELASTIC CROSS SECTION CALCULATED FOR M           0
  
 CROSS SECTION CALCULATED FOR ENERGY=           1
  
 Trajectory Propagation Time:   3.50785746000000     
  
TOTAL TIME SPENT ON PROPAGATION,sec =  3.509
THE AVERAGE TIME PER MPI TASK SPENT ON PROPAGATION =    0  h   0   m  3.5  s
TIME SPENT ON INITIALIZATION TOOK WALL CLOCK TIME =    0  h   0   m  0.1  s
TIME SPENT ON MIJ DISTRIBUTION TOOK WALL CLOCK TIME =    0  h   0   m  0.0  s
TIME SPENT ON MIJ REALLOCATION TOOK WALL CLOCK TIME =    0  h   0   m  0.0  s
 ALL WORK DONE

real	0m4.336s
user	0m1.276s
sys	0m0.719s
