Loading openmpi-geib-cuda10.2-intel/4.0.5
  Loading requirement: hpcx/2.10 intel/psxe/intel64/2020.4
    cuda10.2/toolkit/10.2.89
 MPI INITIALIZED
 PARSERING OF USER INPUT
 rows in Input          14
rm: cannot remove 'AT_APPROX_TRAJS/100.00000/*': No such file or directory
 ARRAY_INI_STARTED
 STATES_SIZE_FOUND           1
 number_of_channels           1
 jmax_included           0
 BASIS ARRAYS CREATED
ARRAYS ALLOCATION TOOK TIME, s =             0.000
 TOTAL_SIZE_OF_M =            1
  MAKING AN EQUIDIST GRID	
THE SIZE OF THE Mij COMPUTED BY EACH PROCESSOR= 1
 MATRIX_INI_STARTED
 COMPUTING MATRIX ELEMENTS STARTED
 THE GRID INI
 Using Equidistant Grid for Angle Gamma
 Initialization of PES Done.
 GAUSS-LEGENDRE GRID DONE
Trucation #1 at #R = 12, R = 6.000, and #2 at #R = 19, R = 7.909
 SPLINING OF Mij STARTED
 SPLINING OF Mij FINISHED
 MPI TASK PER TRAJECTORY WILL BE USED
MPI TASKS WHICH ARE ASSOCIATED WITH ONE TRAJECTORY =     1
 Mij ROOT PROC DISTRIBUTION STARTED
 Mij ROOT PROC DISTRIBUTION DONE
 Mij ALL PROC DISTRIBUTION STARTED
 Mij ALL PROC DISTRIBUTION DONE
 MPI_COMMUNICATORS_CREATION STARTED
 MPI_COMMUNICATORS_CREATION DONE
TIME SPENT ON MATRIX Mij READING/COMPUTING/SAVING ON DISK ,s     187.2
  
 SCATTERING CALCULATIONS STARTED
TOTAL J RANGE: FROM    0 TO   75
TOTAL L RANGE: FROM    0 TO   75
 NUMBER OF TRAJECTORIES PER PROC_GROUP MAX          76
 NUMBER OF TRAJECTORIES PER PROC_GROUP MIN          76
 TOTAL NUMBER OF TRAJECTORIES          76
TIME IT TOOK TO SETUP ARRAYS, s     0
CALCULATIONS START FOR M =    0
TRAJECTORY DONE FOR L=     0 TIME_SPENT=        0.224 SEC.
TRAJECTORY DONE FOR L=     1 TIME_SPENT=        0.203 SEC.
TRAJECTORY DONE FOR L=     2 TIME_SPENT=        0.205 SEC.
TRAJECTORY DONE FOR L=     3 TIME_SPENT=        0.207 SEC.
TRAJECTORY DONE FOR L=     4 TIME_SPENT=        0.200 SEC.
TRAJECTORY DONE FOR L=     5 TIME_SPENT=        0.213 SEC.
TRAJECTORY DONE FOR L=     6 TIME_SPENT=        0.213 SEC.
TRAJECTORY DONE FOR L=     7 TIME_SPENT=        0.205 SEC.
TRAJECTORY DONE FOR L=     8 TIME_SPENT=        0.214 SEC.
TRAJECTORY DONE FOR L=     9 TIME_SPENT=        0.217 SEC.
TRAJECTORY DONE FOR L=    10 TIME_SPENT=        0.218 SEC.
TRAJECTORY DONE FOR L=    11 TIME_SPENT=        0.205 SEC.
TRAJECTORY DONE FOR L=    12 TIME_SPENT=        0.212 SEC.
TRAJECTORY DONE FOR L=    13 TIME_SPENT=        0.216 SEC.
TRAJECTORY DONE FOR L=    14 TIME_SPENT=        0.223 SEC.
TRAJECTORY DONE FOR L=    15 TIME_SPENT=        0.224 SEC.
TRAJECTORY DONE FOR L=    16 TIME_SPENT=        0.226 SEC.
TRAJECTORY DONE FOR L=    17 TIME_SPENT=        0.232 SEC.
TRAJECTORY DONE FOR L=    18 TIME_SPENT=        0.233 SEC.
TRAJECTORY DONE FOR L=    19 TIME_SPENT=        0.231 SEC.
TRAJECTORY DONE FOR L=    20 TIME_SPENT=        0.231 SEC.
TRAJECTORY DONE FOR L=    21 TIME_SPENT=        0.246 SEC.
TRAJECTORY DONE FOR L=    22 TIME_SPENT=        0.245 SEC.
TRAJECTORY DONE FOR L=    23 TIME_SPENT=        0.247 SEC.
TRAJECTORY DONE FOR L=    24 TIME_SPENT=        0.265 SEC.
TRAJECTORY DONE FOR L=    25 TIME_SPENT=        0.254 SEC.
TRAJECTORY DONE FOR L=    26 TIME_SPENT=        0.273 SEC.
TRAJECTORY DONE FOR L=    27 TIME_SPENT=        0.276 SEC.
TRAJECTORY DONE FOR L=    28 TIME_SPENT=        0.275 SEC.
TRAJECTORY DONE FOR L=    29 TIME_SPENT=        0.264 SEC.
TRAJECTORY DONE FOR L=    30 TIME_SPENT=        0.257 SEC.
TRAJECTORY DONE FOR L=    31 TIME_SPENT=        0.252 SEC.
TRAJECTORY DONE FOR L=    32 TIME_SPENT=        0.250 SEC.
TRAJECTORY DONE FOR L=    33 TIME_SPENT=        0.246 SEC.
TRAJECTORY DONE FOR L=    34 TIME_SPENT=        0.250 SEC.
TRAJECTORY DONE FOR L=    35 TIME_SPENT=        0.248 SEC.
TRAJECTORY DONE FOR L=    36 TIME_SPENT=        0.235 SEC.
TRAJECTORY DONE FOR L=    37 TIME_SPENT=        0.237 SEC.
TRAJECTORY DONE FOR L=    38 TIME_SPENT=        0.244 SEC.
TRAJECTORY DONE FOR L=    39 TIME_SPENT=        0.243 SEC.
TRAJECTORY DONE FOR L=    40 TIME_SPENT=        0.231 SEC.
TRAJECTORY DONE FOR L=    41 TIME_SPENT=        0.241 SEC.
TRAJECTORY DONE FOR L=    42 TIME_SPENT=        0.236 SEC.
TRAJECTORY DONE FOR L=    43 TIME_SPENT=        0.232 SEC.
TRAJECTORY DONE FOR L=    44 TIME_SPENT=        0.227 SEC.
TRAJECTORY DONE FOR L=    45 TIME_SPENT=        0.224 SEC.
TRAJECTORY DONE FOR L=    46 TIME_SPENT=        0.228 SEC.
TRAJECTORY DONE FOR L=    47 TIME_SPENT=        0.222 SEC.
TRAJECTORY DONE FOR L=    48 TIME_SPENT=        0.229 SEC.
TRAJECTORY DONE FOR L=    49 TIME_SPENT=        0.232 SEC.
TRAJECTORY DONE FOR L=    50 TIME_SPENT=        0.205 SEC.
TRAJECTORY DONE FOR L=    51 TIME_SPENT=        0.214 SEC.
TRAJECTORY DONE FOR L=    52 TIME_SPENT=        0.209 SEC.
TRAJECTORY DONE FOR L=    53 TIME_SPENT=        0.205 SEC.
TRAJECTORY DONE FOR L=    54 TIME_SPENT=        0.196 SEC.
TRAJECTORY DONE FOR L=    55 TIME_SPENT=        0.195 SEC.
TRAJECTORY DONE FOR L=    56 TIME_SPENT=        0.198 SEC.
TRAJECTORY DONE FOR L=    57 TIME_SPENT=        0.187 SEC.
TRAJECTORY DONE FOR L=    58 TIME_SPENT=        0.186 SEC.
TRAJECTORY DONE FOR L=    59 TIME_SPENT=        0.183 SEC.
TRAJECTORY DONE FOR L=    60 TIME_SPENT=        0.176 SEC.
TRAJECTORY DONE FOR L=    61 TIME_SPENT=        0.171 SEC.
TRAJECTORY DONE FOR L=    62 TIME_SPENT=        0.169 SEC.
TRAJECTORY DONE FOR L=    63 TIME_SPENT=        0.164 SEC.
TRAJECTORY DONE FOR L=    64 TIME_SPENT=        0.152 SEC.
TRAJECTORY DONE FOR L=    65 TIME_SPENT=        0.152 SEC.
TRAJECTORY DONE FOR L=    66 TIME_SPENT=        0.139 SEC.
TRAJECTORY DONE FOR L=    67 TIME_SPENT=        0.138 SEC.
TRAJECTORY DONE FOR L=    68 TIME_SPENT=        0.131 SEC.
TRAJECTORY DONE FOR L=    69 TIME_SPENT=        0.112 SEC.
TRAJECTORY DONE FOR L=    70 TIME_SPENT=        0.112 SEC.
TRAJECTORY DONE FOR L=    71 TIME_SPENT=        0.098 SEC.
TRAJECTORY DONE FOR L=    72 TIME_SPENT=        0.086 SEC.
TRAJECTORY DONE FOR L=    73 TIME_SPENT=        0.074 SEC.
TRAJECTORY DONE FOR L=    74 TIME_SPENT=        0.052 SEC.
WARNING: COLLISION IMPACT PARAMETER, b, EXCEEDS RMAX FOR TRAJECTORY L = 75. THIS TRAJECTORY IS NOT PROPAGATED.
TRAJECTORY DONE FOR L=    75 TIME_SPENT=        0.000 SEC.
ALL TRAJECTORIES DONE FOR ENER_NUM =   1 AND M12 =    0  J12=     0
TIME IT TOOK TO PROPOGATE,s         15
 DATA FROM ALL TRAJECTORIES GATHERED
 INELASTIC CROSS SECTION CALCULATED FOR M           0
  
 CROSS SECTION CALCULATED FOR ENERGY=           1
  
 Trajectory Propagation Time:   15.5979687900000     
  
TOTAL TIME SPENT ON PROPAGATION,sec =       15
THE AVERAGE TIME PER MPI TASK SPENT ON PROPAGATION =    0  h   0   m 15.6  s
TIME SPENT ON INITIALIZATION TOOK WALL CLOCK TIME =    0  h   3   m  7.3  s
TIME SPENT ON MIJ DISTRIBUTION TOOK WALL CLOCK TIME =    0  h   3   m  7.2  s
TIME SPENT ON MIJ REALLOCATION TOOK WALL CLOCK TIME =    0  h   0   m  0.0  s
 ALL WORK DONE

real	3m23.552s
user	1m5.979s
sys	0m2.331s
