energy#1, (U= 100.000 cm^-1)
state= 1
j12= 0
m12= 0
L_ORB  B_IMPACT(a.u.)     DEFLCT_ANGLE(rad)    SCAT_PHASE(rad)       FINISH_TIME(a.u.)    ENERGY_ERROR(%)      NORM_ERROR(%)    LOOPS   OSCIL
   0   0.00000000E+00      0.31415927E+01      -0.36567579E+02        0.12148604E+06      0.11052167E-03      0.19977864E-07       0       0
   1   0.39763452E+00      0.29958455E+01      -0.33498860E+02        0.12155533E+06      0.27712365E-03      0.19771540E-07       0       0
   2   0.79526904E+00      0.28888916E+01      -0.30556491E+02        0.12169389E+06      0.18510443E-03      0.19363045E-07       0       0
   3   0.11929036E+01      0.27836651E+01      -0.27720213E+02        0.12188442E+06      0.10221520E-03      0.18762947E-07       0       0
   4   0.15905381E+01      0.26785470E+01      -0.24989107E+02        0.12214422E+06      0.10219423E-03      0.17981705E-07       0       0
   5   0.19881726E+01      0.25729868E+01      -0.22363340E+02        0.12247331E+06      0.20650980E-03      0.17038704E-07       0       0
   6   0.23858071E+01      0.24666565E+01      -0.19843518E+02        0.12287168E+06      0.10191375E-03      0.15952573E-07       0       0
   7   0.27834417E+01      0.23592901E+01      -0.17430545E+02        0.12335666E+06      0.26067542E-03      0.14750068E-07       0       0
   8   0.31810762E+01      0.22506355E+01      -0.15125582E+02        0.12391091E+06      0.18051791E-03      0.13454660E-07       0       0
   9   0.35787107E+01      0.21404332E+01      -0.12930048E+02        0.12455177E+06      0.23270676E-03      0.12095591E-07       0       0
  10   0.39763452E+01      0.20284056E+01      -0.10845628E+02        0.12527923E+06      0.22895493E-03      0.10703882E-07       0       0
  11   0.43739797E+01      0.19142468E+01      -0.88743021E+01        0.12611062E+06      0.14524087E-03      0.93108632E-08       0       0
  12   0.47716143E+01      0.17976155E+01      -0.70183710E+01        0.12702861E+06      0.10089109E-03      0.79452223E-08       0       0
  13   0.51692488E+01      0.16781233E+01      -0.52805015E+01        0.12806784E+06      0.10081425E-03      0.66349815E-08       0       0
  14   0.55668833E+01      0.15553243E+01      -0.36637777E+01        0.12922831E+06      0.10040474E-03      0.54063864E-08       0       0
  15   0.59645178E+01      0.14286933E+01      -0.21717690E+01        0.13051003E+06      0.10012968E-03      0.42818638E-08       0       0
  16   0.63621524E+01      0.12975614E+01      -0.80864158E+00        0.13196495E+06      0.21736825E-03      0.32761349E-08       0       0
  17   0.67597869E+01      0.11610617E+01       0.42066996E+00        0.13359308E+06      0.24283564E-03      0.24044988E-08       0       0
  18   0.71574214E+01      0.10182193E+01       0.15103104E+01        0.13542905E+06      0.99217811E-04      0.16780577E-08       0       0
  19   0.75550559E+01      0.86788046E+00       0.24533603E+01        0.13749019E+06      0.98838785E-04      0.10993428E-08       0       0
  20   0.79526904E+01      0.70864578E+00       0.32416234E+01        0.13984578E+06      0.98458479E-04      0.66360251E-09       0       0
  21   0.83503250E+01      0.53832599E+00       0.38651093E+01        0.14254778E+06      0.13764214E-03      0.35613734E-09       0       0
  22   0.87479595E+01      0.35428581E+00       0.43114152E+01        0.14568279E+06      0.16564479E-03      0.16306956E-09       0       0
  23   0.91455940E+01      0.15427713E+00       0.45656967E+01        0.14935474E+06      0.17495436E-03      0.58397731E-10       0       0
  24   0.95432285E+01     -0.64557571E-01       0.46105564E+01        0.15366755E+06      0.20671357E-03      0.16120438E-10       0       0
  25   0.99408631E+01     -0.29629677E+00       0.44301293E+01        0.15865585E+06      0.12554899E-03      0.67501560E-11       0       0
  26   0.10338498E+02     -0.49917616E+00       0.40323928E+01        0.16350560E+06      0.95770307E-04      0.72386541E-11       0       0
  27   0.10736132E+02     -0.54289253E+00       0.35113585E+01        0.16501248E+06      0.19177324E-03      0.52402527E-11       0       0
  28   0.11133767E+02     -0.40225897E+00       0.30387827E+01        0.16158302E+06      0.94708859E-04      0.25757174E-11       0       0
  29   0.11531401E+02     -0.25440913E+00       0.27104487E+01        0.15721825E+06      0.94144307E-04      0.14988011E-11       0       0
  30   0.11929036E+02     -0.15390451E+00       0.25062918E+01        0.15366755E+06      0.93556912E-04      0.93258734E-12       0       0
  31   0.12326670E+02     -0.90424146E-01       0.23841275E+01        0.15091359E+06      0.23424360E-03      0.10436096E-11       0       0
  32   0.12724305E+02     -0.51430634E-01       0.23132001E+01        0.14873120E+06      0.92310836E-04      0.44408921E-12       0       0
  33   0.13121939E+02     -0.28725267E-01       0.22731222E+01        0.14696451E+06      0.91651468E-04      0.39968029E-12       0       0
  34   0.13519574E+02     -0.17148628E-01       0.22501852E+01        0.14550959E+06      0.17141431E-03      0.53290705E-12       0       0
  35   0.13917208E+02     -0.13317889E-01       0.22349520E+01        0.14424519E+06      0.24859694E-03      0.12434498E-11       0       0
  36   0.14314843E+02     -0.14929921E-01       0.22208280E+01        0.14315400E+06      0.89521011E-04      0.55511151E-12       0       0
  37   0.14712477E+02     -0.20322416E-01       0.22032019E+01        0.14216673E+06      0.88757944E-04      0.16875390E-11       0       0
  38   0.15110112E+02     -0.28264453E-01       0.21789084E+01        0.14124874E+06      0.87967705E-04      0.46629367E-12       0       0
  39   0.15507746E+02     -0.37811266E-01       0.21458706E+01        0.14040004E+06      0.16368197E-03      0.79936058E-12       0       0
  40   0.15905381E+02     -0.48207327E-01       0.21028613E+01        0.13955133E+06      0.86301339E-04      0.46629367E-12       0       0
  41   0.16303015E+02     -0.58854347E-01       0.20493305E+01        0.13870263E+06      0.85423409E-04      0.11990409E-11       0       0
  42   0.16700650E+02     -0.69258041E-01       0.19852743E+01        0.13781928E+06      0.17721255E-03      0.51070259E-12       0       0
  43   0.17098284E+02     -0.79013467E-01       0.19111385E+01        0.13690130E+06      0.83574491E-04      0.52180482E-12       0       0
  44   0.17495919E+02     -0.87775536E-01       0.18277440E+01        0.13589671E+06      0.82601182E-04      0.12767565E-11       0       0
  45   0.17893553E+02     -0.95254819E-01       0.17362288E+01        0.13482283E+06      0.24147780E-03      0.97699626E-12       0       0
  46   0.18291188E+02     -0.10121106E+00       0.16379959E+01        0.13362772E+06      0.80550795E-04      0.11546319E-11       0       0
  47   0.18688823E+02     -0.10547905E+00       0.15346508E+01        0.13232868E+06      0.79471107E-04      0.11990409E-11       0       0
  48   0.19086457E+02     -0.10797202E+00       0.14279253E+01        0.13087376E+06      0.23439431E-03      0.10214052E-11       0       0
  49   0.19484092E+02     -0.10870343E+00       0.13195876E+01        0.12928027E+06      0.77195189E-04      0.67723605E-12       0       0
  50   0.19881726E+02     -0.10777239E+00       0.12113497E+01        0.12753090E+06      0.79092200E-04      0.35527137E-12       0       0
  51   0.20279361E+02     -0.10535560E+00       0.11047857E+01        0.12562565E+06      0.10168286E-03      0.75495166E-12       0       0
  52   0.20676995E+02     -0.10168172E+00       0.10012670E+01        0.12356450E+06      0.73461954E-04      0.84376950E-12       0       0
  53   0.21074630E+02     -0.97008113E-01       0.90192208E+00        0.12134748E+06      0.85437988E-04      0.84376950E-12       0       0
  54   0.21472264E+02     -0.91599236E-01       0.80761840E+00        0.11900921E+06      0.70734092E-04      0.55511151E-12       0       0
  55   0.21869899E+02     -0.85696816E-01       0.71897038E+00        0.11651506E+06      0.13273367E-03      0.42188475E-12       0       0
  56   0.22267533E+02     -0.79522664E-01       0.63636064E+00        0.11389966E+06      0.14406333E-03      0.68833828E-12       0       0
  57   0.22665168E+02     -0.73259973E-01       0.55996932E+00        0.11116302E+06      0.66224985E-04      0.94368957E-12       0       0
  58   0.23062802E+02     -0.67052799E-01       0.48981293E+00        0.10828782E+06      0.12816034E-03      0.13988810E-11       0       0
  59   0.23460437E+02     -0.61014906E-01       0.42577908E+00        0.10529137E+06      0.86386736E-04      0.73274720E-12       0       0
  60   0.23858071E+02     -0.55226926E-01       0.36765816E+00        0.10217368E+06      0.61115294E-04      0.32196468E-12       0       0
  61   0.24255706E+02     -0.49740440E-01       0.31517448E+00        0.98917422E+05      0.78104065E-04      0.35527137E-12       0       0
  62   0.24653340E+02     -0.44585893E-01       0.26801131E+00        0.95505282E+05      0.57296830E-04      0.58841820E-12       0       0
  63   0.25050975E+02     -0.39779364E-01       0.22582869E+00        0.91937257E+05      0.15853406E-03      0.67723605E-12       0       0
  64   0.25448609E+02     -0.35322066E-01       0.18827797E+00        0.88196027E+05      0.53066691E-04      0.37747583E-12       0       0
  65   0.25846244E+02     -0.31203386E-01       0.15501524E+00        0.84246951E+05      0.68757782E-04      0.82156504E-12       0       0
  66   0.26243878E+02     -0.27409121E-01       0.12570899E+00        0.80072709E+05      0.48316761E-04      0.58841820E-12       0       0
  67   0.26641513E+02     -0.23918472E-01       0.10004519E+00        0.75638659E+05      0.10688199E-03      0.31086245E-12       0       0
  68   0.27039148E+02     -0.20702927E-01       0.77734495E-01        0.70875519E+05      0.42874754E-04      0.51070259E-12       0       0
  69   0.27436782E+02     -0.17735998E-01       0.58515033E-01        0.65731328E+05      0.67808670E-04      0.48849813E-12       0       0
  70   0.27834417E+02     -0.14983297E-01       0.42155385E-01        0.60102163E+05      0.36431793E-04      0.41078252E-12       0       0
  71   0.28232051E+02     -0.12400795E-01       0.28463339E-01        0.53814819E+05      0.32653898E-04      0.39968029E-12       0       0
  72   0.28629686E+02     -0.99332961E-02       0.17296294E-01        0.46609487E+05      0.56032519E-04      0.33306691E-12       0       0
  73   0.29027320E+02     -0.74894070E-02       0.85849420E-02        0.37983874E+05      0.58493112E-04      0.66613381E-12       0       0
  74   0.29424955E+02     -0.48402385E-02       0.24201193E-02        0.26569659E+05      0.16162475E-04      0.17763568E-12       0       0
  75   0.29822589E+02      0.00000000E+00       0.00000000E+00        0.00000000E+00      0.00000000E+00      0.00000000E+00       0       0
 
