 FOR ENERGY=           1
 MAXIMUM PROBABILITY ERROR
 B_IMP  0.000000000000000E+000
 L_ORB  0.000000000000000E+000
 R_FIN   30.0011312803414     
 PHI_FIN  0.000000000000000E+000
 PROBAB_SURV  0.999999999999009     
 ERROR_ENERG  1.105216689139937E-004
 ERROR_PROBAB  1.997786380769639E-008
 STATE           1
 #NTRAJECT           1
 #NPROC           0
 
 MAXIMUM ENERGY ERROR
 B_IMP  0.562340134189620     
 L_ORB   1.00000000000000     
 R_FIN   30.0028334284324     
 PHI_FIN  0.108257436145961     
 PROBAB_SURV  0.999999999999030     
 ERROR_ENERG  2.771236456180823E-004
 ERROR_PROBAB  1.977153996080006E-008
 STATE           1
 #NTRAJECT           2
 #NPROC           0
 -------------------------
