STATE= 1
j12= 0
m12= 0
ENERGY#1, U(i)= 100.000 cm^-1
J_TOTAL     CHANNEL=  1  
    0    0.13910E+00 
    1    0.41729E+00 
    2    0.69549E+00 
    3    0.97368E+00 
    4    0.12519E+01 
    5    0.15301E+01 
    6    0.18083E+01 
    7    0.20865E+01 
    8    0.23647E+01 
    9    0.26429E+01 
   10    0.29211E+01 
   11    0.31992E+01 
   12    0.34774E+01 
   13    0.37556E+01 
   14    0.40338E+01 
   15    0.43120E+01 
   16    0.45902E+01 
   17    0.48684E+01 
   18    0.51466E+01 
   19    0.54248E+01 
   20    0.57030E+01 
   21    0.59812E+01 
   22    0.62594E+01 
   23    0.65376E+01 
   24    0.68158E+01 
   25    0.70940E+01 
   26    0.73722E+01 
   27    0.76504E+01 
   28    0.79286E+01 
   29    0.82068E+01 
   30    0.84850E+01 
   31    0.87632E+01 
   32    0.90414E+01 
   33    0.93196E+01 
   34    0.95977E+01 
   35    0.98759E+01 
   36    0.10154E+02 
   37    0.10432E+02 
   38    0.10711E+02 
   39    0.10989E+02 
   40    0.11267E+02 
   41    0.11545E+02 
   42    0.11823E+02 
   43    0.12102E+02 
   44    0.12380E+02 
   45    0.12658E+02 
   46    0.12936E+02 
   47    0.13214E+02 
   48    0.13492E+02 
   49    0.13771E+02 
   50    0.14049E+02 
   51    0.14327E+02 
   52    0.14605E+02 
   53    0.14883E+02 
   54    0.15162E+02 
   55    0.15440E+02 
   56    0.15718E+02 
   57    0.15996E+02 
   58    0.16274E+02 
   59    0.16553E+02 
   60    0.16831E+02 
   61    0.17109E+02 
   62    0.17387E+02 
   63    0.17665E+02 
   64    0.17944E+02 
   65    0.18222E+02 
   66    0.18500E+02 
   67    0.18778E+02 
   68    0.19056E+02 
   69    0.19335E+02 
   70    0.19613E+02 
   71    0.19891E+02 
   72    0.20169E+02 
   73    0.20447E+02 
   74    0.20726E+02 
   75    0.21004E+02 
