STATE= 1
j12= 0
m12= 0
ENERGY#1, U(i)= 800.000 cm^-1
J_TOTAL  CHANNEL=     1  CHANNEL=     2  CHANNEL=     3  CHANNEL=     4  CHANNEL=     5  CHANNEL=     6  CHANNEL=     7  CHANNEL=     8  CHANNEL=     9  CHANNEL=    10  CHANNEL=    11  CHANNEL=    12  CHANNEL=    13  CHANNEL=    14  
    0    0.49837535E-02  0.97744419E-03  0.11553630E-01  0.16911270E-02  0.00000000E+00  0.53066730E-03  0.00000000E+00  0.00000000E+00  0.00000000E+00  0.00000000E+00  0.00000000E+00  0.00000000E+00  0.00000000E+00  0.00000000E+00 
    1    0.14882213E-01  0.29539078E-02  0.34623653E-01  0.50969725E-02  0.51403702E-06  0.16526062E-02  0.00000000E+00  0.00000000E+00  0.00000000E+00  0.00000000E+00  0.00000000E+00  0.00000000E+00  0.00000000E+00  0.00000000E+00 
    2    0.24573210E-01  0.49952030E-02  0.57580364E-01  0.85734187E-02  0.25408457E-05  0.29583772E-02  0.00000000E+00  0.00000000E+00  0.00000000E+00  0.00000000E+00  0.00000000E+00  0.00000000E+00  0.00000000E+00  0.00000000E+00 
    3    0.33917523E-01  0.71448711E-02  0.80342959E-01  0.12166917E-01  0.69929418E-05  0.45771045E-02  0.00000000E+00  0.00000000E+00  0.00000000E+00  0.00000000E+00  0.00000000E+00  0.00000000E+00  0.00000000E+00  0.00000000E+00 
    4    0.42774859E-01  0.94468857E-02  0.10282295E+00  0.15922942E-01  0.14645013E-04  0.66473454E-02  0.00000000E+00  0.00000000E+00  0.00000000E+00  0.00000000E+00  0.00000000E+00  0.00000000E+00  0.00000000E+00  0.00000000E+00 
    5    0.51003882E-01  0.11945772E-01  0.12492145E+00  0.19885545E-01  0.26090549E-04  0.93201595E-02  0.00000000E+00  0.00000000E+00  0.00000000E+00  0.00000000E+00  0.00000000E+00  0.00000000E+00  0.00000000E+00  0.00000000E+00 
    6    0.58463894E-01  0.14686293E-01  0.14652734E+00  0.24096450E-01  0.41710162E-04  0.12760496E-01  0.00000000E+00  0.00000000E+00  0.00000000E+00  0.00000000E+00  0.00000000E+00  0.00000000E+00  0.00000000E+00  0.00000000E+00 
    7    0.65015609E-01  0.17713532E-01  0.16751526E+00  0.28594587E-01  0.61651873E-04  0.17148841E-01  0.00000000E+00  0.00000000E+00  0.00000000E+00  0.00000000E+00  0.00000000E+00  0.00000000E+00  0.00000000E+00  0.00000000E+00 
    8    0.70525067E-01  0.21072108E-01  0.18774531E+00  0.33414741E-01  0.85827331E-04  0.22679731E-01  0.00000000E+00  0.00000000E+00  0.00000000E+00  0.00000000E+00  0.00000000E+00  0.00000000E+00  0.00000000E+00  0.00000000E+00 
    9    0.74866892E-01  0.24805737E-01  0.20706285E+00  0.38586596E-01  0.11392127E-03  0.29560107E-01  0.00000000E+00  0.00000000E+00  0.00000000E+00  0.00000000E+00  0.00000000E+00  0.00000000E+00  0.00000000E+00  0.00000000E+00 
   10    0.77929563E-01  0.28956291E-01  0.22529953E+00  0.44133376E-01  0.14541536E-03  0.38005260E-01  0.00000000E+00  0.00000000E+00  0.00000000E+00  0.00000000E+00  0.00000000E+00  0.00000000E+00  0.00000000E+00  0.00000000E+00 
   11    0.79622303E-01  0.33562488E-01  0.24227584E+00  0.50070159E-01  0.17962581E-03  0.48232358E-01  0.00000000E+00  0.00000000E+00  0.00000000E+00  0.00000000E+00  0.00000000E+00  0.00000000E+00  0.00000000E+00  0.00000000E+00 
   12    0.79882046E-01  0.38658669E-01  0.25780412E+00  0.56402447E-01  0.21574881E-03  0.60453096E-01  0.00000000E+00  0.00000000E+00  0.00000000E+00  0.00000000E+00  0.00000000E+00  0.00000000E+00  0.00000000E+00  0.00000000E+00 
   13    0.78682074E-01  0.44273132E-01  0.27169305E+00  0.63124473E-01  0.25291358E-03  0.74863839E-01  0.00000000E+00  0.00000000E+00  0.00000000E+00  0.00000000E+00  0.00000000E+00  0.00000000E+00  0.00000000E+00  0.00000000E+00 
   14    0.76042019E-01  0.50426069E-01  0.28375399E+00  0.70217320E-01  0.29024075E-03  0.91633209E-01  0.00000000E+00  0.00000000E+00  0.00000000E+00  0.00000000E+00  0.00000000E+00  0.00000000E+00  0.00000000E+00  0.00000000E+00 
   15    0.72036182E-01  0.57128035E-01  0.29380646E+00  0.77647807E-01  0.32689268E-03  0.11089084E+00  0.00000000E+00  0.00000000E+00  0.00000000E+00  0.00000000E+00  0.00000000E+00  0.00000000E+00  0.00000000E+00  0.00000000E+00 
   16    0.66804101E-01  0.64377607E-01  0.30168638E+00  0.85366858E-01  0.36212510E-03  0.13271251E+00  0.00000000E+00  0.00000000E+00  0.00000000E+00  0.00000000E+00  0.00000000E+00  0.00000000E+00  0.00000000E+00  0.00000000E+00 
   17    0.60559612E-01  0.72159340E-01  0.30725417E+00  0.93308501E-01  0.39532652E-03  0.15710600E+00  0.00000000E+00  0.00000000E+00  0.00000000E+00  0.00000000E+00  0.00000000E+00  0.00000000E+00  0.00000000E+00  0.00000000E+00 
   18    0.53598438E-01  0.80441913E-01  0.31040253E+00  0.10138941E+00  0.42604289E-03  0.18399799E+00  0.00000000E+00  0.00000000E+00  0.00000000E+00  0.00000000E+00  0.00000000E+00  0.00000000E+00  0.00000000E+00  0.00000000E+00 
   19    0.46303520E-01  0.89176814E-01  0.31106282E+00  0.10950905E+00  0.45398181E-03  0.21322351E+00  0.00000000E+00  0.00000000E+00  0.00000000E+00  0.00000000E+00  0.00000000E+00  0.00000000E+00  0.00000000E+00  0.00000000E+00 
   20    0.39150137E-01  0.98296509E-01  0.30921269E+00  0.11754999E+00  0.47900627E-03  0.24451473E+00  0.00000000E+00  0.00000000E+00  0.00000000E+00  0.00000000E+00  0.00000000E+00  0.00000000E+00  0.00000000E+00  0.00000000E+00 
   21    0.32706684E-01  0.10771390E+00  0.30487820E+00  0.12537938E+00  0.50109322E-03  0.27749716E+00  0.00000000E+00  0.00000000E+00  0.00000000E+00  0.00000000E+00  0.00000000E+00  0.00000000E+00  0.00000000E+00  0.00000000E+00 
   22    0.27635496E-01  0.11732156E+00  0.29813327E+00  0.13285069E+00  0.52026548E-03  0.31168849E+00  0.00000000E+00  0.00000000E+00  0.00000000E+00  0.00000000E+00  0.00000000E+00  0.00000000E+00  0.00000000E+00  0.00000000E+00 
   23    0.24694634E-01  0.12699183E+00  0.28908444E+00  0.13980618E+00  0.53644246E-03  0.34650961E+00  0.00000000E+00  0.00000000E+00  0.00000000E+00  0.00000000E+00  0.00000000E+00  0.00000000E+00  0.00000000E+00  0.00000000E+00 
   24    0.24758345E-01  0.13657572E+00  0.27781774E+00  0.14607902E+00  0.54906481E-03  0.38131659E+00  0.00000000E+00  0.00000000E+00  0.00000000E+00  0.00000000E+00  0.00000000E+00  0.00000000E+00  0.00000000E+00  0.00000000E+00 
   25    0.28865631E-01  0.14588375E+00  0.26451878E+00  0.15147645E+00  0.55764580E-03  0.41526757E+00  0.00000000E+00  0.00000000E+00  0.00000000E+00  0.00000000E+00  0.00000000E+00  0.00000000E+00  0.00000000E+00  0.00000000E+00 
   26    0.38191548E-01  0.15468718E+00  0.24950575E+00  0.15578585E+00  0.56188252E-03  0.44731096E+00  0.00000000E+00  0.00000000E+00  0.00000000E+00  0.00000000E+00  0.00000000E+00  0.00000000E+00  0.00000000E+00  0.00000000E+00 
   27    0.54021527E-01  0.16272522E+00  0.23316902E+00  0.15878647E+00  0.56128806E-03  0.47625298E+00  0.00000000E+00  0.00000000E+00  0.00000000E+00  0.00000000E+00  0.00000000E+00  0.00000000E+00  0.00000000E+00  0.00000000E+00 
   28    0.77732371E-01  0.16970602E+00  0.21596538E+00  0.16025479E+00  0.55515653E-03  0.50077613E+00  0.00000000E+00  0.00000000E+00  0.00000000E+00  0.00000000E+00  0.00000000E+00  0.00000000E+00  0.00000000E+00  0.00000000E+00 
   29    0.11076096E+00  0.17530978E+00  0.19840778E+00  0.15997153E+00  0.54257471E-03  0.51947055E+00  0.00000000E+00  0.00000000E+00  0.00000000E+00  0.00000000E+00  0.00000000E+00  0.00000000E+00  0.00000000E+00  0.00000000E+00 
   30    0.15455087E+00  0.17919554E+00  0.18105124E+00  0.15773166E+00  0.52251694E-03  0.53088469E+00  0.00000000E+00  0.00000000E+00  0.00000000E+00  0.00000000E+00  0.00000000E+00  0.00000000E+00  0.00000000E+00  0.00000000E+00 
   31    0.21044629E+00  0.18101737E+00  0.16447842E+00  0.15336164E+00  0.49410161E-03  0.53361201E+00  0.00000000E+00  0.00000000E+00  0.00000000E+00  0.00000000E+00  0.00000000E+00  0.00000000E+00  0.00000000E+00  0.00000000E+00 
   32    0.27943849E+00  0.18046850E+00  0.14929248E+00  0.14675708E+00  0.45717045E-03  0.52646946E+00  0.00000000E+00  0.00000000E+00  0.00000000E+00  0.00000000E+00  0.00000000E+00  0.00000000E+00  0.00000000E+00  0.00000000E+00 
   33    0.36228456E+00  0.17726735E+00  0.13593881E+00  0.13787278E+00  0.41167835E-03  0.50858131E+00  0.00000000E+00  0.00000000E+00  0.00000000E+00  0.00000000E+00  0.00000000E+00  0.00000000E+00  0.00000000E+00  0.00000000E+00 
   34    0.45940736E+00  0.17117560E+00  0.12468583E+00  0.12673648E+00  0.35819587E-03  0.47946636E+00  0.00000000E+00  0.00000000E+00  0.00000000E+00  0.00000000E+00  0.00000000E+00  0.00000000E+00  0.00000000E+00  0.00000000E+00 
   35    0.57043860E+00  0.16208436E+00  0.11564451E+00  0.11351258E+00  0.29884559E-03  0.43932426E+00  0.00000000E+00  0.00000000E+00  0.00000000E+00  0.00000000E+00  0.00000000E+00  0.00000000E+00  0.00000000E+00  0.00000000E+00 
   36    0.69340761E+00  0.15017940E+00  0.10877497E+00  0.98615750E-01  0.23789248E-03  0.38956086E+00  0.00000000E+00  0.00000000E+00  0.00000000E+00  0.00000000E+00  0.00000000E+00  0.00000000E+00  0.00000000E+00  0.00000000E+00 
   37    0.82277309E+00  0.13635652E+00  0.10400646E+00  0.82977114E-01  0.18229051E-03  0.33395434E+00  0.00000000E+00  0.00000000E+00  0.00000000E+00  0.00000000E+00  0.00000000E+00  0.00000000E+00  0.00000000E+00  0.00000000E+00 
   38    0.95341314E+00  0.12148154E+00  0.10072867E+00  0.67492111E-01  0.13504448E-03  0.27647264E+00  0.00000000E+00  0.00000000E+00  0.00000000E+00  0.00000000E+00  0.00000000E+00  0.00000000E+00  0.00000000E+00  0.00000000E+00 
   39    0.10820072E+01  0.10611072E+00  0.97981653E-01  0.52809472E-01  0.96208319E-04  0.22019120E+00  0.00000000E+00  0.00000000E+00  0.00000000E+00  0.00000000E+00  0.00000000E+00  0.00000000E+00  0.00000000E+00  0.00000000E+00 
   40    0.12060474E+01  0.90679852E-01  0.94761101E-01  0.39455298E-01  0.65348102E-04  0.16766081E+00  0.00000000E+00  0.00000000E+00  0.00000000E+00  0.00000000E+00  0.00000000E+00  0.00000000E+00  0.00000000E+00  0.00000000E+00 
   41    0.13240847E+01  0.75452032E-01  0.90075539E-01  0.27794674E-01  0.41820020E-04  0.12069439E+00  0.00000000E+00  0.00000000E+00  0.00000000E+00  0.00000000E+00  0.00000000E+00  0.00000000E+00  0.00000000E+00  0.00000000E+00 
   42    0.14340602E+01  0.60897963E-01  0.83341234E-01  0.18201792E-01  0.25443932E-04  0.81089781E-01  0.00000000E+00  0.00000000E+00  0.00000000E+00  0.00000000E+00  0.00000000E+00  0.00000000E+00  0.00000000E+00  0.00000000E+00 
   43    0.15339149E+01  0.47600099E-01  0.74524690E-01  0.10928524E-01  0.15437712E-04  0.50106178E-01  0.00000000E+00  0.00000000E+00  0.00000000E+00  0.00000000E+00  0.00000000E+00  0.00000000E+00  0.00000000E+00  0.00000000E+00 
   44    0.16228856E+01  0.35967486E-01  0.63916738E-01  0.59474714E-02  0.10066656E-04  0.27835780E-01  0.00000000E+00  0.00000000E+00  0.00000000E+00  0.00000000E+00  0.00000000E+00  0.00000000E+00  0.00000000E+00  0.00000000E+00 
   45    0.17012530E+01  0.26202938E-01  0.52208488E-01  0.29926790E-02  0.73344592E-05  0.13372022E-01  0.00000000E+00  0.00000000E+00  0.00000000E+00  0.00000000E+00  0.00000000E+00  0.00000000E+00  0.00000000E+00  0.00000000E+00 
   46    0.17691419E+01  0.18568745E-01  0.40654247E-01  0.16872578E-02  0.57818932E-05  0.54518874E-02  0.00000000E+00  0.00000000E+00  0.00000000E+00  0.00000000E+00  0.00000000E+00  0.00000000E+00  0.00000000E+00  0.00000000E+00 
   47    0.18283627E+01  0.12903090E-01  0.30103171E-01  0.14777843E-02  0.45809438E-05  0.21317244E-02  0.00000000E+00  0.00000000E+00  0.00000000E+00  0.00000000E+00  0.00000000E+00  0.00000000E+00  0.00000000E+00  0.00000000E+00 
   48    0.18812853E+01  0.88347871E-02  0.21079313E-01  0.18104081E-02  0.34608356E-05  0.14431739E-02  0.00000000E+00  0.00000000E+00  0.00000000E+00  0.00000000E+00  0.00000000E+00  0.00000000E+00  0.00000000E+00  0.00000000E+00 
   49    0.19297840E+01  0.59994796E-02  0.13934207E-01  0.22821427E-02  0.24516815E-05  0.19275251E-02  0.00000000E+00  0.00000000E+00  0.00000000E+00  0.00000000E+00  0.00000000E+00  0.00000000E+00  0.00000000E+00  0.00000000E+00 
   50    0.19752315E+01  0.40976296E-02  0.87445050E-02  0.26519090E-02  0.16464159E-05  0.26759370E-02  0.00000000E+00  0.00000000E+00  0.00000000E+00  0.00000000E+00  0.00000000E+00  0.00000000E+00  0.00000000E+00  0.00000000E+00 
   51    0.20187273E+01  0.28496624E-02  0.52161263E-02  0.28340684E-02  0.10703788E-05  0.32481941E-02  0.00000000E+00  0.00000000E+00  0.00000000E+00  0.00000000E+00  0.00000000E+00  0.00000000E+00  0.00000000E+00  0.00000000E+00 
   52    0.20610680E+01  0.20138185E-02  0.28902409E-02  0.28390940E-02  0.67643606E-06  0.35378675E-02  0.00000000E+00  0.00000000E+00  0.00000000E+00  0.00000000E+00  0.00000000E+00  0.00000000E+00  0.00000000E+00  0.00000000E+00 
   53    0.21026740E+01  0.14502613E-02  0.14652675E-02  0.26939333E-02  0.41812451E-06  0.35392355E-02  0.00000000E+00  0.00000000E+00  0.00000000E+00  0.00000000E+00  0.00000000E+00  0.00000000E+00  0.00000000E+00  0.00000000E+00 
   54    0.21437762E+01  0.10717857E-02  0.67864567E-03  0.24494634E-02  0.25676088E-06  0.33200968E-02  0.00000000E+00  0.00000000E+00  0.00000000E+00  0.00000000E+00  0.00000000E+00  0.00000000E+00  0.00000000E+00  0.00000000E+00 
   55    0.21845021E+01  0.81528089E-03  0.28905767E-03  0.21688019E-02  0.15928956E-06  0.29942957E-02  0.00000000E+00  0.00000000E+00  0.00000000E+00  0.00000000E+00  0.00000000E+00  0.00000000E+00  0.00000000E+00  0.00000000E+00 
   56    0.22249754E+01  0.63689301E-03  0.12028533E-03  0.18841220E-02  0.10034068E-06  0.26262065E-02  0.00000000E+00  0.00000000E+00  0.00000000E+00  0.00000000E+00  0.00000000E+00  0.00000000E+00  0.00000000E+00  0.00000000E+00 
   57    0.22652902E+01  0.50682426E-03  0.69277221E-04  0.16054883E-02  0.63379670E-07  0.22445724E-02  0.00000000E+00  0.00000000E+00  0.00000000E+00  0.00000000E+00  0.00000000E+00  0.00000000E+00  0.00000000E+00  0.00000000E+00 
   58    0.23054664E+01  0.41113092E-03  0.77954125E-04  0.13500033E-02  0.40334831E-07  0.18841582E-02  0.00000000E+00  0.00000000E+00  0.00000000E+00  0.00000000E+00  0.00000000E+00  0.00000000E+00  0.00000000E+00  0.00000000E+00 
   59    0.23455236E+01  0.34008413E-03  0.10875631E-03  0.11265649E-02  0.26044830E-07  0.15639756E-02  0.00000000E+00  0.00000000E+00  0.00000000E+00  0.00000000E+00  0.00000000E+00  0.00000000E+00  0.00000000E+00  0.00000000E+00 
   60    0.23854878E+01  0.28552432E-03  0.14232365E-03  0.93406088E-03  0.16983578E-07  0.12866350E-02  0.00000000E+00  0.00000000E+00  0.00000000E+00  0.00000000E+00  0.00000000E+00  0.00000000E+00  0.00000000E+00  0.00000000E+00 
   61    0.24253701E+01  0.24287405E-03  0.16955481E-03  0.77268176E-03  0.11199031E-07  0.10544898E-02  0.00000000E+00  0.00000000E+00  0.00000000E+00  0.00000000E+00  0.00000000E+00  0.00000000E+00  0.00000000E+00  0.00000000E+00 
   62    0.24651849E+01  0.20896271E-03  0.18784030E-03  0.63878895E-03  0.74828210E-08  0.86256134E-03  0.00000000E+00  0.00000000E+00  0.00000000E+00  0.00000000E+00  0.00000000E+00  0.00000000E+00  0.00000000E+00  0.00000000E+00 
   63    0.25049507E+01  0.18094685E-03  0.19772974E-03  0.52567953E-03  0.50240749E-08  0.70129688E-03  0.00000000E+00  0.00000000E+00  0.00000000E+00  0.00000000E+00  0.00000000E+00  0.00000000E+00  0.00000000E+00  0.00000000E+00 
   64    0.25446734E+01  0.15742578E-03  0.19989153E-03  0.43116473E-03  0.33822042E-08  0.56775112E-03  0.00000000E+00  0.00000000E+00  0.00000000E+00  0.00000000E+00  0.00000000E+00  0.00000000E+00  0.00000000E+00  0.00000000E+00 
   65    0.25843554E+01  0.13779558E-03  0.19578021E-03  0.35402765E-03  0.22945508E-08  0.46001697E-03  0.00000000E+00  0.00000000E+00  0.00000000E+00  0.00000000E+00  0.00000000E+00  0.00000000E+00  0.00000000E+00  0.00000000E+00 
   66    0.26240023E+01  0.12137306E-03  0.18741014E-03  0.29147617E-03  0.15721352E-08  0.37378737E-03  0.00000000E+00  0.00000000E+00  0.00000000E+00  0.00000000E+00  0.00000000E+00  0.00000000E+00  0.00000000E+00  0.00000000E+00 
   67    0.26636219E+01  0.10718705E-03  0.17636730E-03  0.24023603E-03  0.10847787E-08  0.30400973E-03  0.00000000E+00  0.00000000E+00  0.00000000E+00  0.00000000E+00  0.00000000E+00  0.00000000E+00  0.00000000E+00  0.00000000E+00 
   68    0.27032206E+01  0.94480958E-04  0.16358461E-03  0.19763977E-03  0.74912777E-09  0.24669015E-03  0.00000000E+00  0.00000000E+00  0.00000000E+00  0.00000000E+00  0.00000000E+00  0.00000000E+00  0.00000000E+00  0.00000000E+00 
   69    0.27428005E+01  0.83221525E-04  0.14972779E-03  0.16262851E-03  0.51860117E-09  0.20023281E-03  0.00000000E+00  0.00000000E+00  0.00000000E+00  0.00000000E+00  0.00000000E+00  0.00000000E+00  0.00000000E+00  0.00000000E+00 
   70    0.27823631E+01  0.73476740E-04  0.13560002E-03  0.13427410E-03  0.36164905E-09  0.16318682E-03  0.00000000E+00  0.00000000E+00  0.00000000E+00  0.00000000E+00  0.00000000E+00  0.00000000E+00  0.00000000E+00  0.00000000E+00 
   71    0.28219110E+01  0.65153157E-04  0.12189119E-03  0.11131600E-03  0.25462242E-09  0.13365910E-03  0.00000000E+00  0.00000000E+00  0.00000000E+00  0.00000000E+00  0.00000000E+00  0.00000000E+00  0.00000000E+00  0.00000000E+00 
   72    0.28614473E+01  0.58016580E-04  0.10889359E-03  0.92417098E-04  0.18082625E-09  0.10971259E-03  0.00000000E+00  0.00000000E+00  0.00000000E+00  0.00000000E+00  0.00000000E+00  0.00000000E+00  0.00000000E+00  0.00000000E+00 
   73    0.29009745E+01  0.51758609E-04  0.96743290E-04  0.76624264E-04  0.12903787E-09  0.89978841E-04  0.00000000E+00  0.00000000E+00  0.00000000E+00  0.00000000E+00  0.00000000E+00  0.00000000E+00  0.00000000E+00  0.00000000E+00 
   74    0.29404936E+01  0.46134662E-04  0.85684403E-04  0.63598410E-04  0.92404274E-10  0.73917925E-04  0.00000000E+00  0.00000000E+00  0.00000000E+00  0.00000000E+00  0.00000000E+00  0.00000000E+00  0.00000000E+00  0.00000000E+00 
   75    0.29800056E+01  0.41046871E-04  0.75760312E-04  0.52950389E-04  0.66445571E-10  0.60956311E-04  0.00000000E+00  0.00000000E+00  0.00000000E+00  0.00000000E+00  0.00000000E+00  0.00000000E+00  0.00000000E+00  0.00000000E+00 
   76    0.30195117E+01  0.36470687E-04  0.66835326E-04  0.44201775E-04  0.47973623E-10  0.50439280E-04  0.00000000E+00  0.00000000E+00  0.00000000E+00  0.00000000E+00  0.00000000E+00  0.00000000E+00  0.00000000E+00  0.00000000E+00 
   77    0.30590127E+01  0.32423820E-04  0.58882574E-04  0.37035201E-04  0.34827730E-10  0.41929152E-04  0.00000000E+00  0.00000000E+00  0.00000000E+00  0.00000000E+00  0.00000000E+00  0.00000000E+00  0.00000000E+00  0.00000000E+00 
   78    0.30985094E+01  0.28894229E-04  0.51843814E-04  0.31155607E-04  0.25465261E-10  0.35026136E-04  0.00000000E+00  0.00000000E+00  0.00000000E+00  0.00000000E+00  0.00000000E+00  0.00000000E+00  0.00000000E+00  0.00000000E+00 
   79    0.31380027E+01  0.25792900E-04  0.45547051E-04  0.26229902E-04  0.18718082E-10  0.29297195E-04  0.00000000E+00  0.00000000E+00  0.00000000E+00  0.00000000E+00  0.00000000E+00  0.00000000E+00  0.00000000E+00  0.00000000E+00 
   80    0.31774934E+01  0.23026437E-04  0.39918444E-04  0.22077048E-04  0.13801095E-10  0.24507361E-04  0.00000000E+00  0.00000000E+00  0.00000000E+00  0.00000000E+00  0.00000000E+00  0.00000000E+00  0.00000000E+00  0.00000000E+00 
   81    0.32169816E+01  0.20539529E-04  0.34966972E-04  0.18623240E-04  0.10208221E-10  0.20557832E-04  0.00000000E+00  0.00000000E+00  0.00000000E+00  0.00000000E+00  0.00000000E+00  0.00000000E+00  0.00000000E+00  0.00000000E+00 
   82    0.32564675E+01  0.18319462E-04  0.30646037E-04  0.15768865E-04  0.75830134E-11  0.17322976E-04  0.00000000E+00  0.00000000E+00  0.00000000E+00  0.00000000E+00  0.00000000E+00  0.00000000E+00  0.00000000E+00  0.00000000E+00 
   83    0.32959517E+01  0.16349261E-04  0.26864378E-04  0.13395950E-04  0.56593390E-11  0.14657610E-04  0.00000000E+00  0.00000000E+00  0.00000000E+00  0.00000000E+00  0.00000000E+00  0.00000000E+00  0.00000000E+00  0.00000000E+00 
   84    0.33354343E+01  0.14592215E-04  0.23512681E-04  0.11387233E-04  0.42377652E-11  0.12419123E-04  0.00000000E+00  0.00000000E+00  0.00000000E+00  0.00000000E+00  0.00000000E+00  0.00000000E+00  0.00000000E+00  0.00000000E+00 
   85    0.33749158E+01  0.13034948E-04  0.20545369E-04  0.96792057E-05  0.31843117E-11  0.10529710E-04  0.00000000E+00  0.00000000E+00  0.00000000E+00  0.00000000E+00  0.00000000E+00  0.00000000E+00  0.00000000E+00  0.00000000E+00 
   86    0.34143961E+01  0.11674254E-04  0.17957504E-04  0.82429238E-05  0.24059598E-11  0.89526695E-05  0.00000000E+00  0.00000000E+00  0.00000000E+00  0.00000000E+00  0.00000000E+00  0.00000000E+00  0.00000000E+00  0.00000000E+00 
   87    0.34538754E+01  0.10469788E-04  0.15705468E-04  0.70339454E-05  0.18259510E-11  0.76338741E-05  0.00000000E+00  0.00000000E+00  0.00000000E+00  0.00000000E+00  0.00000000E+00  0.00000000E+00  0.00000000E+00  0.00000000E+00 
   88    0.34933539E+01  0.93890305E-05  0.13742243E-04  0.60126127E-05  0.13896106E-11  0.65256970E-05  0.00000000E+00  0.00000000E+00  0.00000000E+00  0.00000000E+00  0.00000000E+00  0.00000000E+00  0.00000000E+00  0.00000000E+00 
   89    0.35328317E+01  0.84307697E-05  0.12039295E-04  0.51546280E-05  0.10616202E-11  0.55990867E-05  0.00000000E+00  0.00000000E+00  0.00000000E+00  0.00000000E+00  0.00000000E+00  0.00000000E+00  0.00000000E+00  0.00000000E+00 
   90    0.35723088E+01  0.75856163E-05  0.10552536E-04  0.44290137E-05  0.81429683E-12  0.48179652E-05  0.00000000E+00  0.00000000E+00  0.00000000E+00  0.00000000E+00  0.00000000E+00  0.00000000E+00  0.00000000E+00  0.00000000E+00 
   91    0.36117855E+01  0.68376360E-05  0.92354428E-05  0.38047919E-05  0.62631091E-12  0.41467677E-05  0.00000000E+00  0.00000000E+00  0.00000000E+00  0.00000000E+00  0.00000000E+00  0.00000000E+00  0.00000000E+00  0.00000000E+00 
   92    0.36512618E+01  0.61846553E-05  0.80753123E-05  0.32693894E-05  0.48349243E-12  0.35712186E-05  0.00000000E+00  0.00000000E+00  0.00000000E+00  0.00000000E+00  0.00000000E+00  0.00000000E+00  0.00000000E+00  0.00000000E+00 
   93    0.36907376E+01  0.56325866E-05  0.70622165E-05  0.28155235E-05  0.37545619E-12  0.30812622E-05  0.00000000E+00  0.00000000E+00  0.00000000E+00  0.00000000E+00  0.00000000E+00  0.00000000E+00  0.00000000E+00  0.00000000E+00 
   94    0.37302131E+01  0.51877547E-05  0.61713646E-05  0.24316980E-05  0.29373882E-12  0.26611786E-05  0.00000000E+00  0.00000000E+00  0.00000000E+00  0.00000000E+00  0.00000000E+00  0.00000000E+00  0.00000000E+00  0.00000000E+00 
   95    0.37696882E+01  0.48456888E-05  0.53954776E-05  0.21027778E-05  0.23151234E-12  0.23025357E-05  0.00000000E+00  0.00000000E+00  0.00000000E+00  0.00000000E+00  0.00000000E+00  0.00000000E+00  0.00000000E+00  0.00000000E+00 
   96    0.38091631E+01  0.45723625E-05  0.47365013E-05  0.18154858E-05  0.18319884E-12  0.20009543E-05  0.00000000E+00  0.00000000E+00  0.00000000E+00  0.00000000E+00  0.00000000E+00  0.00000000E+00  0.00000000E+00  0.00000000E+00 
   97    0.38486378E+01  0.42672483E-05  0.41807019E-05  0.15678417E-05  0.14397910E-12  0.17466800E-05  0.00000000E+00  0.00000000E+00  0.00000000E+00  0.00000000E+00  0.00000000E+00  0.00000000E+00  0.00000000E+00  0.00000000E+00 
   98    0.38881124E+01  0.38706968E-05  0.37033810E-05  0.13585944E-05  0.11141427E-12  0.15283261E-05  0.00000000E+00  0.00000000E+00  0.00000000E+00  0.00000000E+00  0.00000000E+00  0.00000000E+00  0.00000000E+00  0.00000000E+00 
   99    0.39275869E+01  0.34436596E-05  0.32752829E-05  0.11800351E-05  0.85351122E-13  0.13360275E-05  0.00000000E+00  0.00000000E+00  0.00000000E+00  0.00000000E+00  0.00000000E+00  0.00000000E+00  0.00000000E+00  0.00000000E+00 
  100    0.39670614E+01  0.30412519E-05  0.28860250E-05  0.10252302E-05  0.65175000E-13  0.11652523E-05  0.00000000E+00  0.00000000E+00  0.00000000E+00  0.00000000E+00  0.00000000E+00  0.00000000E+00  0.00000000E+00  0.00000000E+00 
