|----------------------------------------------------------------------------------------------------|
|                                              MQCT_2024                                             |
|                               THE PROGRAM IS TO PERFORM ROTATIONALLY                               |
|                        AND VIBRATIONALLY INELASTIC SCATTERING CALCULATIONS.                        |
|                                 TO CITE MQCT_2024 PLEASE REFER TO:                                 |
|                            B. MANDAL, D. BOSTAN, C. JOY and D. BABIKOV,                            |
|                                COMPUTER PHYSICS COMMUNICATIONS, 2023                               |
|----------------------------------------------------------------------------------------------------|
 
THIS RUN PERFORMED ON 11/22/2023 at   9 a.m. 47 minutes, LOCAL MACHINE TIME
YOUR JOB NAME: ND3+D2
 
REDUCED MASS,A.M.U.: MASS =    3.354
 
THE POTENTIAL RANGE: FROM Rmin =   3.50 TO Rmax = 25.00 BOHR
 
COLLISIONAL ENERGIES, CM-1:
E(   1)=  800.000;
 
MAX IMPACT PARAMETER IS,a.u =     15.000
ORBITAL ANGULAR MOMENTUM STEP_SIZE:=   1
 
 
ALL TRAJECTORIES WILL BE STOPPED AFTER TIME_LIMT=  0.3500E+07
 
TRAPPED TRAJECTORY WILL STOP AFTER   1 ROUNDS AND    1 OSCILLATIONS
 
PROPAGATOR TYPE: RUNGE-KUTTA 4-TH ORDER
TIME STEP IN RUNGE-KUTTA 4TH ORDER        50.00
 
 SYMMETRIC TOP + DIATOMC TOP
ROTATIONAL CONSTANTS OF SYMMETRIC TOP ARE, CM-1: A = B =    5.14; C =    3.10 ;
ROT.CONSTANT OF DIATOMIC MOLECULE, CM-1, BE =    30.4430
DISTORTION, CM-1, DE =    0.0000000
CHANNELS ENERGIES, CM-1:
#N =          J1          K          P         J2          E
    1          0          0          0          0 0.0000000000000000E+00
    2          1          0          0          0 0.1028640000000000E+02
    3          2          0          0          0 0.3085920000000000E+02
    4          3          0          0          0 0.6171840000000000E+02
    5          3          3          0          0 0.4334310000000001E+02
    6          3          3          1          0 0.4334310000000001E+02
    7          1          1          0          0 0.8244700000000000E+01
    8          1          1          1          0 0.8244700000000000E+01
    9          2          1          0          0 0.2881750000000000E+02
   10          2          1          1          0 0.2881750000000000E+02
   11          3          1          0          0 0.5967670000000000E+02
   12          3          1          1          0 0.5967670000000000E+02
   13          4          1          0          0 0.1008223000000000E+03
   14          5          1          0          0 0.1522543000000000E+03
INITIAL STATE IS:J1 =    0; K =    0; P =	   0; J2 =	   0
 
THE POTENTIAL R-UNITS ARE BOHRS
THE POTENTIAL ENERGY IS IN CM-1
 
 
MATRIX Mij WILL BE READ FROM FILE
SCATTERING CALCULATIONS WILL BE PERFORMED
 
THE SYSTEM SETUP DONE SUCCESFULLY
