|----------------------------------------------------------------------------------------------------|
|                                              MQCT_2024                                             |
|                               THE PROGRAM IS TO PERFORM ROTATIONALLY                               |
|                        AND VIBRATIONALLY INELASTIC SCATTERING CALCULATIONS.                        |
|                                 TO CITE MQCT_2024 PLEASE REFER TO:                                 |
|                            B. MANDAL, D. BOSTAN, C. JOY and D. BABIKOV,                            |
|                                COMPUTER PHYSICS COMMUNICATIONS, 2023                               |
|----------------------------------------------------------------------------------------------------|
 
THIS RUN PERFORMED ON 11/30/2023 at   5 p.m. 27 minutes, LOCAL MACHINE TIME
YOUR JOB NAME: H2O+H2
 
REDUCED MASS,A.M.U.: MASS =    1.813
 
THE POTENTIAL RANGE: FROM Rmin =   3.00 TO Rmax = 30.00 BOHR
 
COLLISIONAL ENERGIES, CM-1:
E(   1)=  800.000;
 
MAX IMPACT PARAMETER IS,a.u =     25.000
ORBITAL ANGULAR MOMENTUM STEP_SIZE:=   1
 
 
ALL TRAJECTORIES WILL BE STOPPED AFTER TIME_LIMT=  0.3500E+07
 
TRAPPED TRAJECTORY WILL STOP AFTER   1 ROUNDS AND    1 OSCILLATIONS
 
PROPAGATOR TYPE: RUNGE-KUTTA 4-TH ORDER
TIME STEP IN RUNGE-KUTTA 4TH ORDER        10.00
 
THE COLLISIONAL SYSTEM: ASYMMETRIC TOP + DIATOMIC TOP
ROTATIONAL CONSTANTS OF #1 MOLECULE ARE, CM-1: A =  27.88 ; B =    9.28; C =   14.52 ;
ROT.CONSTANT OF DIATOMIC MOLECULE, CM-1, BE =    60.8530
DISTORTION, CM-1, DE =    0.0000000
CHANNELS ENERGIES, CM-1:
#N =          J1         KA         KC         J2          E
    1          0          0          0          0      0.000
    2          1          1          1          0     37.158
    3          2          0          2          0     70.133
    4          2          1          1          0     95.245
    5          1          0          1          1    145.505
    6          1          1          0          1    164.108
    7          2          1          2          1    201.219
    8          2          2          1          1    257.028
    9          3          1          2          1    295.304
   10          3          2          1          1    334.334
INITIAL STATE IS:J1 =    0; KA =    0; KC =	   0; J2 =	   0
 
THE POTENTIAL R-UNITS ARE BOHRS
THE POTENTIAL ENERGY IS IN CM-1
 
USER SUPPLIED POTENTIAL TERMS WILL BE USED
 
NUMBER OF POTENTIAL TERMS INCLUDED N_TERMS =   83
THE POTENTIAL TERMS ARE, (L1,NJU1,L2,L):
(  0,  0,  0,  0); (  0,  0,  2,  2); (  0,  0,  4,  4); (  1,  0,  0,  1); (  1,  0,  2,  1); (  1,  0,  2,  3); (  1,  0,  4,  3); (  1,  0,  4,  5); (  1,  0,  6,  7); (  2,  0,  0,  2); (  2,  0,  2,  0); (  2,  0,  2,  2); (  2,  0,  2,  4); (  2,  0,  4,  6); (  2,  2,  0,  2); (  2,  2,  2,  0); (  2,  2,  2,  1); (  2,  2,  2,  2); (  2,  2,  2,  3); (  2,  2,  2,  4); (  2,  2,  4,  6); (  2,  2,  6,  8); (  3,  0,  0,  3); (  3,  0,  2,  1); (  3,  0,  2,  3); (  3,  0,  2,  5); (  3,  0,  4,  7); (  3,  2,  0,  3); (  3,  2,  2,  1); (  3,  2,  2,  3); (  3,  2,  2,  4); (  3,  2,  2,  5); (  3,  2,  4,  7); (  3,  2,  6,  9); (  4,  0,  0,  4); (  4,  0,  2,  4); (  4,  0,  2,  6); (  4,  0,  4,  8); (  4,  2,  0,  4); (  4,  2,  2,  2); (  4,  2,  2,  4); (  4,  2,  2,  6); (  4,  2,  4,  8); (  4,  4,  0,  4); (  4,  4,  2,  2); (  4,  4,  2,  4); (  4,  4,  2,  5); (  4,  4,  2,  6); (  4,  4,  4,  8); (  5,  0,  0,  5); (  5,  0,  2,  7); (  5,  2,  0,  5); (  5,  2,  2,  7); (  5,  4,  0,  5); (  5,  4,  2,  5); (  5,  4,  2,  7); (  5,  4,  4,  9); (  6,  0,  0,  6); (  6,  0,  2,  8); (  6,  0,  4, 10); (  6,  2,  0,  6); (  6,  2,  2,  8); (  6,  2,  4, 10); (  6,  4,  0,  6); (  6,  4,  2,  8); (  6,  4,  4, 10); (  6,  6,  0,  6); (  6,  6,  2,  8); (  6,  6,  4, 10); (  7,  0,  0,  7); (  7,  0,  2,  9); (  7,  2,  0,  7); (  7,  2,  2,  9); (  7,  2,  4, 11); (  7,  4,  0,  7); (  7,  4,  2,  9); (  7,  6,  0,  7); (  7,  6,  2,  9); (  7,  6,  4, 11); (  8,  6,  0,  8); (  8,  6,  2, 10); (  9,  4,  2, 11); (  9,  6,  2, 11); 
 
NUMBER OF R-GRID POINTS IS N_R = 101
 
 
THE SYSTEM SETUP DONE SUCCESFULLY
