energy#1, (U= 800.000 cm^-1)
state= 1
j12= 0
m12= 0
L_ORB  B_IMPACT(a.u.)     DEFLCT_ANGLE(rad)    SCAT_PHASE(rad)       FINISH_TIME(a.u.)    ENERGY_ERROR(%)      NORM_ERROR(%)    LOOPS   OSCIL
   0   0.00000000E+00      0.31415927E+01      -0.45872110E+02        0.34978714E+05      0.75490436E-06      0.17946458E-06       0       0
   1   0.20374097E+00      0.30063548E+01      -0.42798136E+02        0.34984837E+05      0.66609999E-06      0.17809347E-06       0       0
   2   0.40748194E+00      0.29072553E+01      -0.39841331E+02        0.34997085E+05      0.88899773E-06      0.17538309E-06       0       0
   3   0.61122291E+00      0.28099802E+01      -0.36982713E+02        0.35021580E+05      0.75460167E-06      0.17135828E-06       0       0
   4   0.81496387E+00      0.27131217E+01      -0.34221162E+02        0.35052198E+05      0.31040969E-06      0.16608033E-06       0       0
   5   0.10187048E+01      0.26162709E+01      -0.31556466E+02        0.35088941E+05      0.36617885E-06      0.15962163E-06       0       0
   6   0.12224458E+01      0.25192346E+01      -0.28988713E+02        0.35131807E+05      0.60124439E-06      0.15208097E-06       0       0
   7   0.14261868E+01      0.24218894E+01      -0.26518151E+02        0.35186920E+05      0.76760615E-06      0.14358670E-06       0       0
   8   0.16299277E+01      0.23241401E+01      -0.24145137E+02        0.35242034E+05      0.34046384E-06      0.13426003E-06       0       0
   9   0.18336687E+01      0.22259044E+01      -0.21870114E+02        0.35315518E+05      0.96154009E-06      0.12425876E-06       0       0
  10   0.20374097E+01      0.21271070E+01      -0.19693609E+02        0.35389003E+05      0.30590861E-06      0.11375092E-06       0       0
  11   0.22411507E+01      0.20276764E+01      -0.17616217E+02        0.35474735E+05      0.35635534E-06      0.10292287E-06       0       0
  12   0.24448916E+01      0.19275428E+01      -0.15638607E+02        0.35566591E+05      0.53385228E-06      0.91953956E-07       0       0
  13   0.26486326E+01      0.18266349E+01      -0.13761519E+02        0.35664571E+05      0.10288489E-05      0.81040885E-07       0       0
  14   0.28523736E+01      0.17248629E+01      -0.11985770E+02        0.35774798E+05      0.94826132E-06      0.70353656E-07       0       0
  15   0.30561145E+01      0.16221225E+01      -0.10312277E+02        0.35897272E+05      0.30519639E-06      0.60081340E-07       0       0
  16   0.32598555E+01      0.15183366E+01      -0.87420474E+01        0.36025870E+05      0.36213547E-06      0.50395954E-07       0       0
  17   0.34635965E+01      0.14134430E+01      -0.72761576E+01        0.36166716E+05      0.50978354E-06      0.41451664E-07       0       0
  18   0.36673374E+01      0.13074039E+01      -0.59157341E+01        0.36319809E+05      0.40012326E-06      0.33365999E-07       0       0
  19   0.38710784E+01      0.12002168E+01      -0.46619237E+01        0.36485150E+05      0.32678675E-06      0.26223823E-07       0       0
  20   0.40748194E+01      0.10919144E+01      -0.35158582E+01        0.36662738E+05      0.43593054E-06      0.20062307E-07       0       0
  21   0.42785603E+01      0.98246505E+00      -0.24786684E+01        0.36852573E+05      0.30253295E-06      0.14873036E-07       0       0
  22   0.44823013E+01      0.87172500E+00      -0.15515734E+01        0.37060780E+05      0.34604828E-06      0.10625612E-07       0       0
  23   0.46860423E+01      0.75993232E+00      -0.73574477E+00        0.37287358E+05      0.88633090E-06      0.72789774E-08       0       0
  24   0.48897832E+01      0.64761924E+00      -0.31968985E-01        0.37526183E+05      0.32437604E-06      0.47494009E-08       0       0
  25   0.50935242E+01      0.53543311E+00       0.55955719E+00        0.37783379E+05      0.53195493E-06      0.29222402E-08       0       0
  26   0.52972652E+01      0.42381944E+00       0.10391835E+01        0.38058947E+05      0.31514028E-06      0.16712853E-08       0       0
  27   0.55010062E+01      0.31464219E+00       0.14084143E+01        0.38340638E+05      0.73781610E-06      0.87767571E-09       0       0
  28   0.57047471E+01      0.21013313E+00       0.16708019E+01        0.38628453E+05      0.52283729E-06      0.41615600E-09       0       0
  29   0.59084881E+01      0.11261259E+00       0.18321748E+01        0.38916268E+05      0.30827720E-06      0.17574830E-09       0       0
  30   0.61122291E+01      0.26383815E-01       0.19016730E+01        0.39179588E+05      0.34891139E-06      0.69966255E-10       0       0
  31   0.63159700E+01     -0.45360153E-01       0.18921848E+01        0.39412290E+05      0.59349455E-06      0.33772984E-10       0       0
  32   0.65197110E+01     -0.99055943E-01       0.18199768E+01        0.39589878E+05      0.30477971E-06      0.26112446E-10       0       0
  33   0.67234520E+01     -0.13392724E+00       0.17034852E+01        0.39706229E+05      0.68907565E-06      0.25113245E-10       0       0
  34   0.69271929E+01     -0.15273823E+00       0.15601525E+01        0.39761342E+05      0.69797299E-06      0.24713565E-10       0       0
  35   0.71309339E+01     -0.15633897E+00       0.14056139E+01        0.39755219E+05      0.43524458E-06      0.21760371E-10       0       0
  36   0.73346749E+01     -0.15009095E+00       0.12523989E+01        0.39693981E+05      0.30987687E-06      0.18540725E-10       0       0
  37   0.75384158E+01     -0.13905152E+00       0.11078277E+01        0.39608249E+05      0.29535563E-06      0.14654944E-10       0       0
  38   0.77421568E+01     -0.12522614E+00       0.97568883E+00        0.39504146E+05      0.59091726E-06      0.11546319E-10       0       0
  39   0.79458978E+01     -0.11127622E+00       0.85743765E+00        0.39387795E+05      0.29418145E-06      0.82822638E-11       0       0
  40   0.81496387E+01     -0.97868759E-01       0.75286516E+00        0.39271444E+05      0.29343603E-06      0.66169292E-11       0       0
  41   0.83533797E+01     -0.85595102E-01       0.66113323E+00        0.39148970E+05      0.65548769E-06      0.46629367E-11       0       0
  42   0.85571207E+01     -0.74611755E-01       0.58102980E+00        0.39026495E+05      0.29218783E-06      0.33084646E-11       0       0
  43   0.87608617E+01     -0.64817570E-01       0.51131514E+00        0.38910145E+05      0.45016302E-06      0.19539925E-11       0       0
  44   0.89646026E+01     -0.56191740E-01       0.45081048E+00        0.38787670E+05      0.29093518E-06      0.14210855E-11       0       0
  45   0.91683436E+01     -0.48671227E-01       0.39837900E+00        0.38665196E+05      0.29022570E-06      0.11546319E-11       0       0
  46   0.93720846E+01     -0.42187193E-01       0.35294979E+00        0.38548845E+05      0.53594684E-06      0.81046281E-12       0       0
  47   0.95758255E+01     -0.36659410E-01       0.31352649E+00        0.38432494E+05      0.64214857E-06      0.71054274E-12       0       0
  48   0.97795665E+01     -0.31985987E-01       0.27920379E+00        0.38316143E+05      0.42330507E-06      0.12656542E-11       0       0
  49   0.99833075E+01     -0.28026167E-01       0.24919771E+00        0.38199793E+05      0.28740360E-06      0.46629367E-12       0       0
  50   0.10187048E+02     -0.24577592E-01       0.22289583E+00        0.38089566E+05      0.28665402E-06      0.49960036E-12       0       0
  51   0.10390789E+02     -0.21567649E-01       0.19982321E+00        0.37973215E+05      0.28587933E-06      0.52180482E-12       0       0
  52   0.10594530E+02     -0.18970096E-01       0.17955434E+00        0.37856864E+05      0.28510575E-06      0.64392935E-12       0       0
  53   0.10798271E+02     -0.16742637E-01       0.16169797E+00        0.37740513E+05      0.34117255E-06      0.75495166E-12       0       0
  54   0.11002012E+02     -0.14819716E-01       0.14591680E+00        0.37618039E+05      0.28347356E-06      0.10214052E-11       0       0
  55   0.11205753E+02     -0.13134491E-01       0.13193969E+00        0.37501688E+05      0.28264782E-06      0.32196468E-12       0       0
  56   0.11409494E+02     -0.11655626E-01       0.11954464E+00        0.37379213E+05      0.55037821E-06      0.73274720E-12       0       0
  57   0.11613235E+02     -0.10375666E-01       0.10852899E+00        0.37256739E+05      0.45270065E-06      0.53290705E-12       0       0
  58   0.11816976E+02     -0.92719931E-02       0.98705160E-01        0.37134265E+05      0.76635103E-06      0.78825835E-12       0       0
  59   0.12020717E+02     -0.83069205E-02       0.89915703E-01        0.37011790E+05      0.43443031E-06      0.79936058E-12       0       0
  60   0.12224458E+02     -0.74531168E-02       0.82035685E-01        0.36883192E+05      0.27820942E-06      0.46629367E-12       0       0
  61   0.12428199E+02     -0.66965825E-02       0.74960835E-01        0.36754594E+05      0.27726215E-06      0.69944051E-12       0       0
  62   0.12631940E+02     -0.60318069E-02       0.68596640E-01        0.36619872E+05      0.40766183E-06      0.69944051E-12       0       0
  63   0.12835681E+02     -0.54490405E-02       0.62856217E-01        0.36485150E+05      0.27531087E-06      0.68833828E-12       0       0
  64   0.13039422E+02     -0.49326759E-02       0.57665358E-01        0.36350428E+05      0.27431388E-06      0.48849813E-12       0       0
  65   0.13243163E+02     -0.44695893E-02       0.52964226E-01        0.36215706E+05      0.27329297E-06      0.51070259E-12       0       0
  66   0.13446904E+02     -0.40558732E-02       0.48701494E-01        0.36074860E+05      0.27225178E-06      0.42188475E-12       0       0
  67   0.13650645E+02     -0.36879832E-02       0.44829566E-01        0.35934015E+05      0.27119287E-06      0.76605389E-12       0       0
  68   0.13854386E+02     -0.33605669E-02       0.41305291E-01        0.35787045E+05      0.75417659E-06      0.88817842E-12       0       0
  69   0.14058127E+02     -0.30661217E-02       0.38091947E-01        0.35640076E+05      0.26901547E-06      0.84376950E-12       0       0
  70   0.14261868E+02     -0.27978682E-02       0.35159952E-01        0.35486983E+05      0.26789511E-06      0.14321877E-11       0       0
  71   0.14465609E+02     -0.25600333E-02       0.32481001E-01        0.35340013E+05      0.45748083E-06      0.82156504E-12       0       0
  72   0.14669350E+02     -0.23475122E-02       0.30027228E-01        0.35180796E+05      0.47518842E-06      0.55511151E-12       0       0
  73   0.14873091E+02     -0.21541525E-02       0.27776396E-01        0.35021580E+05      0.26441038E-06      0.31086245E-12       0       0
  74   0.15076832E+02     -0.19783968E-02       0.25710121E-01        0.34862363E+05      0.51912599E-06      0.46629367E-12       0       0
  75   0.15280573E+02     -0.18190492E-02       0.23811398E-01        0.34697022E+05      0.26197934E-06      0.42188475E-12       0       0
  76   0.15484314E+02     -0.16744588E-02       0.22064644E-01        0.34531682E+05      0.30109232E-06      0.86597396E-12       0       0
  77   0.15688055E+02     -0.15430077E-02       0.20455911E-01        0.34366341E+05      0.25945802E-06      0.48849813E-12       0       0
  78   0.15891796E+02     -0.14233711E-02       0.18972722E-01        0.34194877E+05      0.44551713E-06      0.35527137E-12       0       0
  79   0.16095537E+02     -0.13143348E-02       0.17603869E-01        0.34017289E+05      0.25684621E-06      0.33306691E-12       0       0
  80   0.16299277E+02     -0.12148531E-02       0.16339275E-01        0.33839701E+05      0.25550556E-06      0.95479180E-12       0       0
  81   0.16503018E+02     -0.11239805E-02       0.15169858E-01        0.33655989E+05      0.46566906E-06      0.73274720E-12       0       0
  82   0.16706759E+02     -0.10408750E-02       0.14087430E-01        0.33472277E+05      0.67788484E-06      0.54400928E-12       0       0
  83   0.16910500E+02     -0.96477753E-03       0.13084604E-01        0.33282442E+05      0.25133630E-06      0.73274720E-12       0       0
  84   0.17114241E+02     -0.89503119E-03       0.12154700E-01        0.33092606E+05      0.48471507E-06      0.47739590E-12       0       0
  85   0.17317982E+02     -0.83103501E-03       0.11291666E-01        0.32896647E+05      0.24843236E-06      0.66613381E-12       0       0
  86   0.17521723E+02     -0.77225548E-03       0.10490021E-01        0.32700688E+05      0.57825870E-06      0.35527137E-12       0       0
  87   0.17725464E+02     -0.71820397E-03       0.97447914E-02        0.32498605E+05      0.39974504E-06      0.72164497E-12       0       0
  88   0.17929205E+02     -0.66845868E-03       0.90514601E-02        0.32296522E+05      0.24387828E-06      0.93258734E-12       0       0
  89   0.18132946E+02     -0.62262895E-03       0.84059163E-02        0.32088316E+05      0.24230608E-06      0.39968029E-12       0       0
  90   0.18336687E+02     -0.58036413E-03       0.78044198E-02        0.31873985E+05      0.63722049E-06      0.79936058E-12       0       0
  91   0.18540428E+02     -0.54135351E-03       0.72435610E-02        0.31659655E+05      0.23907659E-06      0.26645353E-12       0       0
  92   0.18744169E+02     -0.50531006E-03       0.67202292E-02        0.31439201E+05      0.23741812E-06      0.78825835E-12       0       0
  93   0.18947910E+02     -0.47197953E-03       0.62315844E-02        0.31212623E+05      0.23573044E-06      0.66613381E-12       0       0
  94   0.19151651E+02     -0.44113512E-03       0.57750271E-02        0.30986045E+05      0.50431834E-06      0.77715612E-12       0       0
  95   0.19355392E+02     -0.41256004E-03       0.53481795E-02        0.30753344E+05      0.32306318E-06      0.37747583E-12       0       0
  96   0.19559133E+02     -0.38607137E-03       0.49488638E-02        0.30520642E+05      0.23047923E-06      0.84376950E-12       0       0
  97   0.19762874E+02     -0.36148630E-03       0.45750849E-02        0.30275693E+05      0.22866515E-06      0.44408921E-12       0       0
  98   0.19966615E+02     -0.33865974E-03       0.42250119E-02        0.30030744E+05      0.22681668E-06      0.59952043E-12       0       0
  99   0.20170356E+02     -0.31744864E-03       0.38969577E-02        0.29785795E+05      0.22493439E-06      0.51070259E-12       0       0
 100   0.20374097E+02     -0.29771176E-03       0.35893775E-02        0.29528599E+05      0.32781913E-06      0.75495166E-12       0       0
 101   0.20577838E+02     -0.27934472E-03       0.33008493E-02        0.29271402E+05      0.22106349E-06      0.73274720E-12       0       0
 102   0.20781579E+02     -0.26223350E-03       0.30300602E-02        0.29008082E+05      0.21907343E-06      0.53290705E-12       0       0
 103   0.20985320E+02     -0.24627935E-03       0.27758038E-02        0.28738638E+05      0.57242778E-06      0.57731597E-12       0       0
 104   0.21189061E+02     -0.23139288E-03       0.25369676E-02        0.28463071E+05      0.21497685E-06      0.47739590E-12       0       0
 105   0.21392802E+02     -0.21749962E-03       0.23125214E-02        0.28187503E+05      0.21286932E-06      0.35527137E-12       0       0
 106   0.21596543E+02     -0.20451139E-03       0.21015159E-02        0.27899688E+05      0.30268731E-06      0.77715612E-12       0       0
 107   0.21800284E+02     -0.19237231E-03       0.19030740E-02        0.27611873E+05      0.20852781E-06      0.64392935E-12       0       0
 108   0.22004025E+02     -0.18100627E-03       0.17163847E-02        0.27311811E+05      0.20629126E-06      0.25535130E-12       0       0
 109   0.22207766E+02     -0.17036966E-03       0.15406968E-02        0.27011748E+05      0.43538747E-06      0.37747583E-12       0       0
 110   0.22411507E+02     -0.16040278E-03       0.13753106E-02        0.26705562E+05      0.20168062E-06      0.24424907E-12       0       0
 111   0.22615248E+02     -0.15104980E-03       0.12195843E-02        0.26387128E+05      0.19930327E-06      0.35527137E-12       0       0
 112   0.22818988E+02     -0.14227982E-03       0.10729195E-02        0.26068695E+05      0.19687487E-06      0.53290705E-12       0       0
 113   0.23022729E+02     -0.13403827E-03       0.93476041E-03        0.25738013E+05      0.32796473E-06      0.28865799E-12       0       0
 114   0.23226470E+02     -0.12629423E-03       0.80459416E-03        0.25401209E+05      0.19185942E-06      0.47739590E-12       0       0
 115   0.23430211E+02     -0.11901267E-03       0.68194071E-03        0.25058280E+05      0.18926763E-06      0.10214052E-11       0       0
 116   0.23633952E+02     -0.11216143E-03       0.56635366E-03        0.24709228E+05      0.50493474E-06      0.48849813E-12       0       0
 117   0.23837693E+02     -0.10570396E-03       0.45742096E-03        0.24347928E+05      0.18390506E-06      0.31086245E-12       0       0
 118   0.24041434E+02     -0.99620123E-04       0.35475892E-03        0.23980505E+05      0.18112845E-06      0.44408921E-12       0       0
 119   0.24245175E+02     -0.93884592E-04       0.25800656E-03        0.23606957E+05      0.17828449E-06      0.75495166E-12       0       0
 120   0.24448916E+02     -0.88466554E-04       0.16683099E-03        0.23221163E+05      0.17537012E-06      0.44408921E-12       0       0
 121   0.24652657E+02     -0.83344578E-04       0.80925424E-04        0.22823121E+05      0.25730082E-06      0.33306691E-12       0       0
 122   0.24856398E+02     -0.78506271E-04       0.00000000E+00        0.22418955E+05      0.16931486E-06      0.38857806E-12       0       0
 
