 FOR ENERGY=           1
 MAXIMUM PROBABILITY ERROR
 B_IMP  0.000000000000000E+000
 L_ORB  0.000000000000000E+000
 R_FIN   30.0056619390866     
 PHI_FIN  0.000000000000000E+000
 PROBAB_SURV  0.134335758060404     
 ERROR_ENERG  7.549043554649069E-007
 ERROR_PROBAB  1.794645765329506E-007
 STATE           1
 #NTRAJECT           1
 #NPROC           0
 
 MAXIMUM ENERGY ERROR
 B_IMP   2.74861593867147     
 L_ORB   13.0000000000000     
 R_FIN   30.0037423195158     
 PHI_FIN   1.13003473969364     
 PROBAB_SURV  0.341628667187857     
 ERROR_ENERG  1.028848882970147E-006
 ERROR_PROBAB  8.104088511373675E-008
 STATE           1
 #NTRAJECT           1
 #NPROC         416
 -------------------------
