STATE= 1
j12= 0
m12= 0
ENERGY#1, U(i)= 800.000 cm^-1
B_IMPACT            L      CHANNEL=     1 CHANNEL=     2 CHANNEL=     3 CHANNEL=     4 CHANNEL=     5 CHANNEL=     6 CHANNEL=     7 CHANNEL=     8 CHANNEL=     9 CHANNEL=    10 
 0.00000000E+00      0  0.13433576E+00  0.85028293E+00  0.15381308E-01  0.00000000E+00  0.00000000E+00  0.00000000E+00  0.00000000E+00  0.00000000E+00  0.00000000E+00  0.00000000E+00 
 0.20374097E+00      1  0.13618459E+00  0.84858651E+00  0.15224530E-01  0.43697867E-05  0.00000000E+00  0.00000000E+00  0.00000000E+00  0.00000000E+00  0.00000000E+00  0.00000000E+00 
 0.40748194E+00      2  0.13991617E+00  0.84515830E+00  0.14912580E-01  0.12954497E-04  0.00000000E+00  0.00000000E+00  0.00000000E+00  0.00000000E+00  0.00000000E+00  0.00000000E+00 
 0.61122291E+00      3  0.14559751E+00  0.83992824E+00  0.14448797E-01  0.25448617E-04  0.00000000E+00  0.00000000E+00  0.00000000E+00  0.00000000E+00  0.00000000E+00  0.00000000E+00 
 0.81496387E+00      4  0.15332714E+00  0.83279298E+00  0.13838481E-01  0.41404419E-04  0.00000000E+00  0.00000000E+00  0.00000000E+00  0.00000000E+00  0.00000000E+00  0.00000000E+00 
 0.10187048E+01      5  0.16323250E+00  0.82361801E+00  0.13089246E-01  0.60244662E-04  0.00000000E+00  0.00000000E+00  0.00000000E+00  0.00000000E+00  0.00000000E+00  0.00000000E+00 
 0.12224458E+01      6  0.17546653E+00  0.81224073E+00  0.12211461E-01  0.81279562E-04  0.00000000E+00  0.00000000E+00  0.00000000E+00  0.00000000E+00  0.00000000E+00  0.00000000E+00 
 0.14261868E+01      7  0.19020307E+00  0.79847442E+00  0.11218783E-01  0.10372799E-03  0.00000000E+00  0.00000000E+00  0.00000000E+00  0.00000000E+00  0.00000000E+00  0.00000000E+00 
 0.16299277E+01      8  0.20763096E+00  0.78211354E+00  0.10128751E-01  0.12674285E-03  0.00000000E+00  0.00000000E+00  0.00000000E+00  0.00000000E+00  0.00000000E+00  0.00000000E+00 
 0.18336687E+01      9  0.22794657E+00  0.76294057E+00  0.89634162E-02  0.14944040E-03  0.00000000E+00  0.00000000E+00  0.00000000E+00  0.00000000E+00  0.00000000E+00  0.00000000E+00 
 0.20374097E+01     10  0.25134414E+00  0.74073494E+00  0.77499862E-02  0.17093348E-03  0.00000000E+00  0.00000000E+00  0.00000000E+00  0.00000000E+00  0.00000000E+00  0.00000000E+00 
 0.22411507E+01     11  0.27800302E+00  0.71528519E+00  0.65214185E-02  0.19036869E-03  0.00000000E+00  0.00000000E+00  0.00000000E+00  0.00000000E+00  0.00000000E+00  0.00000000E+00 
 0.24448916E+01     12  0.30806970E+00  0.68640640E+00  0.53169335E-02  0.20696862E-03  0.00000000E+00  0.00000000E+00  0.00000000E+00  0.00000000E+00  0.00000000E+00  0.00000000E+00 
 0.26486326E+01     13  0.34162867E+00  0.65396886E+00  0.41823894E-02  0.22008448E-03  0.00000000E+00  0.00000000E+00  0.00000000E+00  0.00000000E+00  0.00000000E+00  0.00000000E+00 
 0.28523736E+01     14  0.37862878E+00  0.61797109E+00  0.31708355E-02  0.22929768E-03  0.00000000E+00  0.00000000E+00  0.00000000E+00  0.00000000E+00  0.00000000E+00  0.00000000E+00 
 0.30561145E+01     15  0.41889947E+00  0.57852665E+00  0.23394613E-02  0.23441441E-03  0.00000000E+00  0.00000000E+00  0.00000000E+00  0.00000000E+00  0.00000000E+00  0.00000000E+00 
 0.32598555E+01     16  0.46227339E+00  0.53574649E+00  0.17448186E-02  0.23529983E-03  0.00000000E+00  0.00000000E+00  0.00000000E+00  0.00000000E+00  0.00000000E+00  0.00000000E+00 
 0.34635965E+01     17  0.50848695E+00  0.48983852E+00  0.14425713E-02  0.23195677E-03  0.00000000E+00  0.00000000E+00  0.00000000E+00  0.00000000E+00  0.00000000E+00  0.00000000E+00 
 0.36673374E+01     18  0.55715519E+00  0.44113637E+00  0.14839262E-02  0.22451863E-03  0.00000000E+00  0.00000000E+00  0.00000000E+00  0.00000000E+00  0.00000000E+00  0.00000000E+00 
 0.38710784E+01     19  0.60774173E+00  0.39013437E+00  0.19106577E-02  0.21324073E-03  0.00000000E+00  0.00000000E+00  0.00000000E+00  0.00000000E+00  0.00000000E+00  0.00000000E+00 
 0.40748194E+01     20  0.65950187E+00  0.33755121E+00  0.27483986E-02  0.19852250E-03  0.00000000E+00  0.00000000E+00  0.00000000E+00  0.00000000E+00  0.00000000E+00  0.00000000E+00 
 0.42785603E+01     21  0.71130269E+00  0.28451969E+00  0.39965236E-02  0.18110159E-03  0.00000000E+00  0.00000000E+00  0.00000000E+00  0.00000000E+00  0.00000000E+00  0.00000000E+00 
 0.44823013E+01     22  0.76169468E+00  0.23252817E+00  0.56152077E-02  0.16194936E-03  0.00000000E+00  0.00000000E+00  0.00000000E+00  0.00000000E+00  0.00000000E+00  0.00000000E+00 
 0.46860423E+01     23  0.80958112E+00  0.18275369E+00  0.75238105E-02  0.14138795E-03  0.00000000E+00  0.00000000E+00  0.00000000E+00  0.00000000E+00  0.00000000E+00  0.00000000E+00 
 0.48897832E+01     24  0.85381944E+00  0.13646460E+00  0.95962830E-02  0.11967774E-03  0.00000000E+00  0.00000000E+00  0.00000000E+00  0.00000000E+00  0.00000000E+00  0.00000000E+00 
 0.50935242E+01     25  0.89305174E+00  0.95192910E-01  0.11657933E-01  0.97420450E-04  0.00000000E+00  0.00000000E+00  0.00000000E+00  0.00000000E+00  0.00000000E+00  0.00000000E+00 
 0.52972652E+01     26  0.92582154E+00  0.60618835E-01  0.13483895E-01  0.75725104E-04  0.00000000E+00  0.00000000E+00  0.00000000E+00  0.00000000E+00  0.00000000E+00  0.00000000E+00 
 0.55010062E+01     27  0.95144871E+00  0.33682310E-01  0.14813795E-01  0.55183485E-04  0.00000000E+00  0.00000000E+00  0.00000000E+00  0.00000000E+00  0.00000000E+00  0.00000000E+00 
 0.57047471E+01     28  0.96955212E+00  0.15006321E-01  0.15404621E-01  0.36937352E-04  0.00000000E+00  0.00000000E+00  0.00000000E+00  0.00000000E+00  0.00000000E+00  0.00000000E+00 
 0.59084881E+01     29  0.98045798E+00  0.44420699E-02  0.15077666E-01  0.22287102E-04  0.00000000E+00  0.00000000E+00  0.00000000E+00  0.00000000E+00  0.00000000E+00  0.00000000E+00 
 0.61122291E+01     30  0.98552951E+00  0.67802091E-03  0.13780628E-01  0.11838902E-04  0.00000000E+00  0.00000000E+00  0.00000000E+00  0.00000000E+00  0.00000000E+00  0.00000000E+00 
 0.63159700E+01     31  0.98676616E+00  0.15430265E-02  0.11685234E-01  0.55819566E-05  0.00000000E+00  0.00000000E+00  0.00000000E+00  0.00000000E+00  0.00000000E+00  0.00000000E+00 
 0.65197110E+01     32  0.98639615E+00  0.44585138E-02  0.91428312E-02  0.25022590E-05  0.00000000E+00  0.00000000E+00  0.00000000E+00  0.00000000E+00  0.00000000E+00  0.00000000E+00 
 0.67234520E+01     33  0.98613947E+00  0.72653162E-02  0.65939597E-02  0.12523020E-05  0.00000000E+00  0.00000000E+00  0.00000000E+00  0.00000000E+00  0.00000000E+00  0.00000000E+00 
 0.69271929E+01     34  0.98681273E+00  0.87817952E-02  0.44047076E-02  0.76467129E-06  0.00000000E+00  0.00000000E+00  0.00000000E+00  0.00000000E+00  0.00000000E+00  0.00000000E+00 
 0.71309339E+01     35  0.98841115E+00  0.88510995E-02  0.27372475E-02  0.50334734E-06  0.00000000E+00  0.00000000E+00  0.00000000E+00  0.00000000E+00  0.00000000E+00  0.00000000E+00 
 0.73346749E+01     36  0.99041581E+00  0.79718782E-02  0.16119901E-02  0.32197277E-06  0.00000000E+00  0.00000000E+00  0.00000000E+00  0.00000000E+00  0.00000000E+00  0.00000000E+00 
 0.75384158E+01     37  0.99243034E+00  0.66599473E-02  0.90951832E-03  0.19543968E-06  0.00000000E+00  0.00000000E+00  0.00000000E+00  0.00000000E+00  0.00000000E+00  0.00000000E+00 
 0.77421568E+01     38  0.99420909E+00  0.52968107E-02  0.49398106E-03  0.11347184E-06  0.00000000E+00  0.00000000E+00  0.00000000E+00  0.00000000E+00  0.00000000E+00  0.00000000E+00 
 0.79458978E+01     39  0.99565043E+00  0.40896888E-02  0.25981770E-03  0.64338204E-07  0.00000000E+00  0.00000000E+00  0.00000000E+00  0.00000000E+00  0.00000000E+00  0.00000000E+00 
 0.81496387E+01     40  0.99676945E+00  0.30980801E-02  0.13243753E-03  0.35991691E-07  0.00000000E+00  0.00000000E+00  0.00000000E+00  0.00000000E+00  0.00000000E+00  0.00000000E+00 
 0.83533797E+01     41  0.99761395E+00  0.23203708E-02  0.65662006E-04  0.20018041E-07  0.00000000E+00  0.00000000E+00  0.00000000E+00  0.00000000E+00  0.00000000E+00  0.00000000E+00 
 0.85571207E+01     42  0.99824524E+00  0.17229062E-02  0.31844437E-04  0.11095353E-07  0.00000000E+00  0.00000000E+00  0.00000000E+00  0.00000000E+00  0.00000000E+00  0.00000000E+00 
 0.87608617E+01     43  0.99871205E+00  0.12728311E-02  0.15112089E-04  0.61522371E-08  0.00000000E+00  0.00000000E+00  0.00000000E+00  0.00000000E+00  0.00000000E+00  0.00000000E+00 
 0.89646026E+01     44  0.99905299E+00  0.94009080E-03  0.69116328E-05  0.34343606E-08  0.00000000E+00  0.00000000E+00  0.00000000E+00  0.00000000E+00  0.00000000E+00  0.00000000E+00 
 0.91683436E+01     45  0.99930036E+00  0.69666004E-03  0.29790517E-05  0.19383992E-08  0.00000000E+00  0.00000000E+00  0.00000000E+00  0.00000000E+00  0.00000000E+00  0.00000000E+00 
 0.93720846E+01     46  0.99948007E+00  0.51872196E-03  0.12104586E-05  0.11068818E-08  0.00000000E+00  0.00000000E+00  0.00000000E+00  0.00000000E+00  0.00000000E+00  0.00000000E+00 
 0.95758255E+01     47  0.99961145E+00  0.38805524E-03  0.49230570E-06  0.63889033E-09  0.00000000E+00  0.00000000E+00  0.00000000E+00  0.00000000E+00  0.00000000E+00  0.00000000E+00 
 0.97795665E+01     48  0.99970831E+00  0.29144414E-03  0.24377292E-06  0.37241867E-09  0.00000000E+00  0.00000000E+00  0.00000000E+00  0.00000000E+00  0.00000000E+00  0.00000000E+00 
 0.99833075E+01     49  0.99978034E+00  0.21946799E-03  0.18955211E-06  0.21908423E-09  0.00000000E+00  0.00000000E+00  0.00000000E+00  0.00000000E+00  0.00000000E+00  0.00000000E+00 
 0.10187048E+02     50  0.99983416E+00  0.16562592E-03  0.20964630E-06  0.13003507E-09  0.00000000E+00  0.00000000E+00  0.00000000E+00  0.00000000E+00  0.00000000E+00  0.00000000E+00 
 0.10390789E+02     51  0.99987432E+00  0.12543598E-03  0.24872904E-06  0.77945531E-10  0.00000000E+00  0.00000000E+00  0.00000000E+00  0.00000000E+00  0.00000000E+00  0.00000000E+00 
 0.10594530E+02     52  0.99990425E+00  0.95471229E-04  0.28123141E-06  0.47225199E-10  0.00000000E+00  0.00000000E+00  0.00000000E+00  0.00000000E+00  0.00000000E+00  0.00000000E+00 
 0.10798271E+02     53  0.99992659E+00  0.73106810E-04  0.29895697E-06  0.28932227E-10  0.00000000E+00  0.00000000E+00  0.00000000E+00  0.00000000E+00  0.00000000E+00  0.00000000E+00 
 0.11002012E+02     54  0.99994332E+00  0.56374482E-04  0.30185700E-06  0.17923025E-10  0.00000000E+00  0.00000000E+00  0.00000000E+00  0.00000000E+00  0.00000000E+00  0.00000000E+00 
 0.11205753E+02     55  0.99995589E+00  0.43812805E-04  0.29244686E-06  0.11223191E-10  0.00000000E+00  0.00000000E+00  0.00000000E+00  0.00000000E+00  0.00000000E+00  0.00000000E+00 
 0.11409494E+02     56  0.99996542E+00  0.34309727E-04  0.27459769E-06  0.70989170E-11  0.00000000E+00  0.00000000E+00  0.00000000E+00  0.00000000E+00  0.00000000E+00  0.00000000E+00 
 0.11613235E+02     57  0.99997277E+00  0.26975997E-04  0.25482945E-06  0.45298189E-11  0.00000000E+00  0.00000000E+00  0.00000000E+00  0.00000000E+00  0.00000000E+00  0.00000000E+00 
 0.11816976E+02     58  0.99997850E+00  0.21261107E-04  0.23506058E-06  0.29134051E-11  0.00000000E+00  0.00000000E+00  0.00000000E+00  0.00000000E+00  0.00000000E+00  0.00000000E+00 
 0.12020717E+02     59  0.99998296E+00  0.16823232E-04  0.21404035E-06  0.18877022E-11  0.00000000E+00  0.00000000E+00  0.00000000E+00  0.00000000E+00  0.00000000E+00  0.00000000E+00 
 0.12224458E+02     60  0.99998644E+00  0.13369534E-04  0.19252633E-06  0.12317384E-11  0.00000000E+00  0.00000000E+00  0.00000000E+00  0.00000000E+00  0.00000000E+00  0.00000000E+00 
 0.12428199E+02     61  0.99998915E+00  0.10675367E-04  0.17133678E-06  0.80923852E-12  0.00000000E+00  0.00000000E+00  0.00000000E+00  0.00000000E+00  0.00000000E+00  0.00000000E+00 
 0.12631940E+02     62  0.99999128E+00  0.85647967E-05  0.15120940E-06  0.53509436E-12  0.00000000E+00  0.00000000E+00  0.00000000E+00  0.00000000E+00  0.00000000E+00  0.00000000E+00 
 0.12835681E+02     63  0.99999297E+00  0.68999554E-05  0.13275976E-06  0.35586346E-12  0.00000000E+00  0.00000000E+00  0.00000000E+00  0.00000000E+00  0.00000000E+00  0.00000000E+00 
 0.13039422E+02     64  0.99999431E+00  0.55777872E-05  0.11627491E-06  0.23788988E-12  0.00000000E+00  0.00000000E+00  0.00000000E+00  0.00000000E+00  0.00000000E+00  0.00000000E+00 
 0.13243163E+02     65  0.99999537E+00  0.45245124E-05  0.10163701E-06  0.15982070E-12  0.00000000E+00  0.00000000E+00  0.00000000E+00  0.00000000E+00  0.00000000E+00  0.00000000E+00 
 0.13446904E+02     66  0.99999623E+00  0.36832060E-05  0.88664848E-07  0.10789312E-12  0.00000000E+00  0.00000000E+00  0.00000000E+00  0.00000000E+00  0.00000000E+00  0.00000000E+00 
 0.13650645E+02     67  0.99999691E+00  0.30082709E-05  0.77224880E-07  0.73167851E-13  0.00000000E+00  0.00000000E+00  0.00000000E+00  0.00000000E+00  0.00000000E+00  0.00000000E+00 
 0.13854386E+02     68  0.99999747E+00  0.24638012E-05  0.67201940E-07  0.49824417E-13  0.00000000E+00  0.00000000E+00  0.00000000E+00  0.00000000E+00  0.00000000E+00  0.00000000E+00 
 0.14058127E+02     69  0.99999792E+00  0.20226000E-05  0.58458888E-07  0.34061182E-13  0.00000000E+00  0.00000000E+00  0.00000000E+00  0.00000000E+00  0.00000000E+00  0.00000000E+00 
 0.14261868E+02     70  0.99999828E+00  0.16648235E-05  0.50820760E-07  0.23379628E-13  0.00000000E+00  0.00000000E+00  0.00000000E+00  0.00000000E+00  0.00000000E+00  0.00000000E+00 
 0.14465609E+02     71  0.99999858E+00  0.13741344E-05  0.44173986E-07  0.16116835E-13  0.00000000E+00  0.00000000E+00  0.00000000E+00  0.00000000E+00  0.00000000E+00  0.00000000E+00 
 0.14669350E+02     72  0.99999883E+00  0.11364998E-05  0.38451741E-07  0.11157732E-13  0.00000000E+00  0.00000000E+00  0.00000000E+00  0.00000000E+00  0.00000000E+00  0.00000000E+00 
 0.14873091E+02     73  0.99999902E+00  0.94174998E-06  0.33511693E-07  0.77558585E-14  0.00000000E+00  0.00000000E+00  0.00000000E+00  0.00000000E+00  0.00000000E+00  0.00000000E+00 
 0.15076832E+02     74  0.99999919E+00  0.78194294E-06  0.29228568E-07  0.54123279E-14  0.00000000E+00  0.00000000E+00  0.00000000E+00  0.00000000E+00  0.00000000E+00  0.00000000E+00 
 0.15280573E+02     75  0.99999932E+00  0.65057108E-06  0.25509154E-07  0.37914490E-14  0.00000000E+00  0.00000000E+00  0.00000000E+00  0.00000000E+00  0.00000000E+00  0.00000000E+00 
 0.15484314E+02     76  0.99999944E+00  0.54232243E-06  0.22277481E-07  0.26659199E-14  0.00000000E+00  0.00000000E+00  0.00000000E+00  0.00000000E+00  0.00000000E+00  0.00000000E+00 
 0.15688055E+02     77  0.99999953E+00  0.45293739E-06  0.19467505E-07  0.18813502E-14  0.00000000E+00  0.00000000E+00  0.00000000E+00  0.00000000E+00  0.00000000E+00  0.00000000E+00 
 0.15891796E+02     78  0.99999960E+00  0.37897627E-06  0.17022453E-07  0.13323987E-14  0.00000000E+00  0.00000000E+00  0.00000000E+00  0.00000000E+00  0.00000000E+00  0.00000000E+00 
 0.16095537E+02     79  0.99999967E+00  0.31765297E-06  0.14893538E-07  0.94689692E-15  0.00000000E+00  0.00000000E+00  0.00000000E+00  0.00000000E+00  0.00000000E+00  0.00000000E+00 
 0.16299277E+02     80  0.99999972E+00  0.26670822E-06  0.13038666E-07  0.67521000E-15  0.00000000E+00  0.00000000E+00  0.00000000E+00  0.00000000E+00  0.00000000E+00  0.00000000E+00 
 0.16503018E+02     81  0.99999976E+00  0.22430478E-06  0.11421541E-07  0.48306721E-15  0.00000000E+00  0.00000000E+00  0.00000000E+00  0.00000000E+00  0.00000000E+00  0.00000000E+00 
 0.16706759E+02     82  0.99999980E+00  0.18894509E-06  0.10010819E-07  0.34671655E-15  0.00000000E+00  0.00000000E+00  0.00000000E+00  0.00000000E+00  0.00000000E+00  0.00000000E+00 
 0.16910500E+02     83  0.99999983E+00  0.15940581E-06  0.87794077E-08  0.24963545E-15  0.00000000E+00  0.00000000E+00  0.00000000E+00  0.00000000E+00  0.00000000E+00  0.00000000E+00 
 0.17114241E+02     84  0.99999986E+00  0.13468551E-06  0.77038744E-08  0.18028917E-15  0.00000000E+00  0.00000000E+00  0.00000000E+00  0.00000000E+00  0.00000000E+00  0.00000000E+00 
 0.17317982E+02     85  0.99999988E+00  0.11396280E-06  0.67639363E-08  0.13059673E-15  0.00000000E+00  0.00000000E+00  0.00000000E+00  0.00000000E+00  0.00000000E+00  0.00000000E+00 
 0.17521723E+02     86  0.99999990E+00  0.96562435E-07  0.59420219E-08  0.94877241E-16  0.00000000E+00  0.00000000E+00  0.00000000E+00  0.00000000E+00  0.00000000E+00  0.00000000E+00 
 0.17725464E+02     87  0.99999991E+00  0.81928203E-07  0.52228978E-08  0.69123642E-16  0.00000000E+00  0.00000000E+00  0.00000000E+00  0.00000000E+00  0.00000000E+00  0.00000000E+00 
 0.17929205E+02     88  0.99999993E+00  0.69601088E-07  0.45933491E-08  0.50500250E-16  0.00000000E+00  0.00000000E+00  0.00000000E+00  0.00000000E+00  0.00000000E+00  0.00000000E+00 
 0.18132946E+02     89  0.99999994E+00  0.59201606E-07  0.40419052E-08  0.36993904E-16  0.00000000E+00  0.00000000E+00  0.00000000E+00  0.00000000E+00  0.00000000E+00  0.00000000E+00 
 0.18336687E+02     90  0.99999995E+00  0.50415392E-07  0.35586023E-08  0.27170853E-16  0.00000000E+00  0.00000000E+00  0.00000000E+00  0.00000000E+00  0.00000000E+00  0.00000000E+00 
 0.18540428E+02     91  0.99999995E+00  0.42981542E-07  0.31347802E-08  0.20006851E-16  0.00000000E+00  0.00000000E+00  0.00000000E+00  0.00000000E+00  0.00000000E+00  0.00000000E+00 
 0.18744169E+02     92  0.99999996E+00  0.36683157E-07  0.27629076E-08  0.14767987E-16  0.00000000E+00  0.00000000E+00  0.00000000E+00  0.00000000E+00  0.00000000E+00  0.00000000E+00 
 0.18947910E+02     93  0.99999997E+00  0.31339629E-07  0.24364314E-08  0.10926842E-16  0.00000000E+00  0.00000000E+00  0.00000000E+00  0.00000000E+00  0.00000000E+00  0.00000000E+00 
 0.19151651E+02     94  0.99999997E+00  0.26800296E-07  0.21496464E-08  0.81032806E-17  0.00000000E+00  0.00000000E+00  0.00000000E+00  0.00000000E+00  0.00000000E+00  0.00000000E+00 
 0.19355392E+02     95  0.99999998E+00  0.22939261E-07  0.18975822E-08  0.60225463E-17  0.00000000E+00  0.00000000E+00  0.00000000E+00  0.00000000E+00  0.00000000E+00  0.00000000E+00 
 0.19559133E+02     96  0.99999998E+00  0.19651160E-07  0.16759072E-08  0.44854964E-17  0.00000000E+00  0.00000000E+00  0.00000000E+00  0.00000000E+00  0.00000000E+00  0.00000000E+00 
 0.19762874E+02     97  0.99999998E+00  0.16847686E-07  0.14808439E-08  0.33474006E-17  0.00000000E+00  0.00000000E+00  0.00000000E+00  0.00000000E+00  0.00000000E+00  0.00000000E+00 
 0.19966615E+02     98  0.99999998E+00  0.14454702E-07  0.13090970E-08  0.25027916E-17  0.00000000E+00  0.00000000E+00  0.00000000E+00  0.00000000E+00  0.00000000E+00  0.00000000E+00 
 0.20170356E+02     99  0.99999999E+00  0.12409875E-07  0.11577895E-08  0.18746118E-17  0.00000000E+00  0.00000000E+00  0.00000000E+00  0.00000000E+00  0.00000000E+00  0.00000000E+00 
 0.20374097E+02    100  0.99999999E+00  0.10660717E-07  0.10244092E-08  0.14064165E-17  0.00000000E+00  0.00000000E+00  0.00000000E+00  0.00000000E+00  0.00000000E+00  0.00000000E+00 
 0.20577838E+02    101  0.99999999E+00  0.91629763E-08  0.90676089E-09  0.10567570E-17  0.00000000E+00  0.00000000E+00  0.00000000E+00  0.00000000E+00  0.00000000E+00  0.00000000E+00 
 0.20781579E+02    102  0.99999999E+00  0.78792872E-08  0.80292587E-09  0.79512089E-18  0.00000000E+00  0.00000000E+00  0.00000000E+00  0.00000000E+00  0.00000000E+00  0.00000000E+00 
 0.20985320E+02    103  0.99999999E+00  0.67780537E-08  0.71122595E-09  0.59899273E-18  0.00000000E+00  0.00000000E+00  0.00000000E+00  0.00000000E+00  0.00000000E+00  0.00000000E+00 
 0.21189061E+02    104  0.99999999E+00  0.58325236E-08  0.63019274E-09  0.45171915E-18  0.00000000E+00  0.00000000E+00  0.00000000E+00  0.00000000E+00  0.00000000E+00  0.00000000E+00 
 0.21392802E+02    105  0.99999999E+00  0.50200196E-08  0.55854099E-09  0.34095460E-18  0.00000000E+00  0.00000000E+00  0.00000000E+00  0.00000000E+00  0.00000000E+00  0.00000000E+00 
 0.21596543E+02    106  0.10000000E+01  0.43212923E-08  0.49514513E-09  0.25752645E-18  0.00000000E+00  0.00000000E+00  0.00000000E+00  0.00000000E+00  0.00000000E+00  0.00000000E+00 
 0.21800284E+02    107  0.10000000E+01  0.37199807E-08  0.43901896E-09  0.19460477E-18  0.00000000E+00  0.00000000E+00  0.00000000E+00  0.00000000E+00  0.00000000E+00  0.00000000E+00 
 0.22004025E+02    108  0.10000000E+01  0.32021619E-08  0.38929805E-09  0.14709325E-18  0.00000000E+00  0.00000000E+00  0.00000000E+00  0.00000000E+00  0.00000000E+00  0.00000000E+00 
 0.22207766E+02    109  0.10000000E+01  0.27559757E-08  0.34522438E-09  0.11118146E-18  0.00000000E+00  0.00000000E+00  0.00000000E+00  0.00000000E+00  0.00000000E+00  0.00000000E+00 
 0.22411507E+02    110  0.10000000E+01  0.23713061E-08  0.30613295E-09  0.84014799E-19  0.00000000E+00  0.00000000E+00  0.00000000E+00  0.00000000E+00  0.00000000E+00  0.00000000E+00 
 0.22615248E+02    111  0.10000000E+01  0.20395150E-08  0.27144005E-09  0.63450622E-19  0.00000000E+00  0.00000000E+00  0.00000000E+00  0.00000000E+00  0.00000000E+00  0.00000000E+00 
 0.22818988E+02    112  0.10000000E+01  0.17532178E-08  0.24063309E-09  0.47877774E-19  0.00000000E+00  0.00000000E+00  0.00000000E+00  0.00000000E+00  0.00000000E+00  0.00000000E+00 
 0.23022729E+02    113  0.10000000E+01  0.15060957E-08  0.21326174E-09  0.36082656E-19  0.00000000E+00  0.00000000E+00  0.00000000E+00  0.00000000E+00  0.00000000E+00  0.00000000E+00 
 0.23226470E+02    114  0.10000000E+01  0.12927359E-08  0.18893016E-09  0.27149625E-19  0.00000000E+00  0.00000000E+00  0.00000000E+00  0.00000000E+00  0.00000000E+00  0.00000000E+00 
 0.23430211E+02    115  0.10000000E+01  0.11084966E-08  0.16729020E-09  0.20386769E-19  0.00000000E+00  0.00000000E+00  0.00000000E+00  0.00000000E+00  0.00000000E+00  0.00000000E+00 
 0.23633952E+02    116  0.10000000E+01  0.94939328E-09  0.14803547E-09  0.15270483E-19  0.00000000E+00  0.00000000E+00  0.00000000E+00  0.00000000E+00  0.00000000E+00  0.00000000E+00 
 0.23837693E+02    117  0.10000000E+01  0.81200274E-09  0.13089615E-09  0.11404013E-19  0.00000000E+00  0.00000000E+00  0.00000000E+00  0.00000000E+00  0.00000000E+00  0.00000000E+00 
 0.24041434E+02    118  0.10000000E+01  0.69338107E-09  0.11563452E-09  0.84863637E-20  0.00000000E+00  0.00000000E+00  0.00000000E+00  0.00000000E+00  0.00000000E+00  0.00000000E+00 
 0.24245175E+02    119  0.10000000E+01  0.59099407E-09  0.10204090E-09  0.62889429E-20  0.00000000E+00  0.00000000E+00  0.00000000E+00  0.00000000E+00  0.00000000E+00  0.00000000E+00 
 0.24448916E+02    120  0.10000000E+01  0.50265823E-09  0.89930236E-10  0.46379925E-20  0.00000000E+00  0.00000000E+00  0.00000000E+00  0.00000000E+00  0.00000000E+00  0.00000000E+00 
 0.24652657E+02    121  0.10000000E+01  0.42649076E-09  0.79139058E-10  0.34013422E-20  0.00000000E+00  0.00000000E+00  0.00000000E+00  0.00000000E+00  0.00000000E+00  0.00000000E+00 
 0.24856398E+02    122  0.10000000E+01  0.36086676E-09  0.69522829E-10  0.24784062E-20  0.00000000E+00  0.00000000E+00  0.00000000E+00  0.00000000E+00  0.00000000E+00  0.00000000E+00 
 
