energy#1, (U= 100.000 cm^-1)
state= 1
j12= 0
m12= 0
L_ORB  B_IMPACT(a.u.)     DEFLCT_ANGLE(rad)    SCAT_PHASE(rad)       FINISH_TIME(a.u.)    ENERGY_ERROR(%)      NORM_ERROR(%)    LOOPS   OSCIL
   0   0.00000000E+00      0.31415927E+01      -0.34740264E+02        0.12993845E+06      0.57778666E-04      0.82411722E-07       0       0
   1   0.24315243E+00      0.30205711E+01      -0.31659182E+02        0.12995577E+06      0.68833678E-04      0.82075791E-07       0       0
   2   0.48630486E+00      0.29319396E+01      -0.28682926E+02        0.13000773E+06      0.25883471E-04      0.81401641E-07       0       0
   3   0.72945729E+00      0.28450172E+01      -0.25794448E+02        0.13009434E+06      0.32143148E-04      0.80403195E-07       0       0
   4   0.97260972E+00      0.27585712E+01      -0.22992654E+02        0.13021558E+06      0.38398786E-04      0.79081230E-07       0       0
   5   0.12157621E+01      0.26722604E+01      -0.20277238E+02        0.13035414E+06      0.26188120E-04      0.77448115E-07       0       0
   6   0.14589146E+01      0.25859326E+01      -0.17648141E+02        0.13054467E+06      0.35665186E-04      0.75516371E-07       0       0
   7   0.17020670E+01      0.24994934E+01      -0.15105428E+02        0.13076984E+06      0.53309296E-04      0.73304629E-07       0       0
   8   0.19452194E+01      0.24128681E+01      -0.12649248E+02        0.13101232E+06      0.25755759E-04      0.70828143E-07       0       0
   9   0.21883719E+01      0.23259861E+01      -0.10279820E+02        0.13132409E+06      0.40194966E-04      0.68114359E-07       0       0
  10   0.24315243E+01      0.22387761E+01      -0.79974394E+01        0.13165318E+06      0.25788535E-04      0.65177863E-07       0       0
  11   0.26746767E+01      0.21511601E+01      -0.58024713E+01        0.13205155E+06      0.36459063E-04      0.62043659E-07       0       0
  12   0.29178292E+01      0.20630528E+01      -0.36953649E+01        0.13250189E+06      0.47374050E-04      0.58745941E-07       0       0
  13   0.31609816E+01      0.19743585E+01      -0.16766592E+01        0.13302150E+06      0.36419042E-04      0.55313198E-07       0       0
  14   0.34041340E+01      0.18849699E+01       0.25300500E+00        0.13359308E+06      0.25753674E-04      0.51768856E-07       0       0
  15   0.36472864E+01      0.17947650E+01       0.20928724E+01        0.13423394E+06      0.71300679E-04      0.48152682E-07       0       0
  16   0.38904389E+01      0.17036047E+01       0.38420573E+01        0.13496140E+06      0.25408893E-04      0.44492143E-07       0       0
  17   0.41335913E+01      0.16113289E+01       0.54995241E+01        0.13577546E+06      0.25466880E-04      0.40820347E-07       0       0
  18   0.43767437E+01      0.15177462E+01       0.70640617E+01        0.13667613E+06      0.43580030E-04      0.37170289E-07       0       0
  19   0.46198962E+01      0.14226399E+01       0.85342547E+01        0.13769804E+06      0.25216762E-04      0.33573766E-07       0       0
  20   0.48630486E+01      0.13257669E+01       0.99084581E+01        0.13882387E+06      0.61302531E-04      0.30064529E-07       0       0
  21   0.51062010E+01      0.12268428E+01       0.11184763E+02        0.14008827E+06      0.29551258E-04      0.26671332E-07       0       0
  22   0.53493534E+01      0.11255313E+01       0.12360950E+02        0.14149123E+06      0.40734481E-04      0.23423796E-07       0       0
  23   0.55925059E+01      0.10214251E+01       0.13434428E+02        0.14306740E+06      0.24809889E-04      0.20346369E-07       0       0
  24   0.58356583E+01      0.91401368E+00       0.14402148E+02        0.14481677E+06      0.27539605E-04      0.17460988E-07       0       0
  25   0.60788107E+01      0.80264131E+00       0.15260475E+02        0.14679131E+06      0.76639142E-04      0.14786505E-07       0       0
  26   0.63219632E+01      0.68652812E+00       0.16005060E+02        0.14900833E+06      0.79522140E-04      0.12340418E-07       0       0
  27   0.65651156E+01      0.56468438E+00       0.16630666E+02        0.15151980E+06      0.24511052E-04      0.10133316E-07       0       0
  28   0.68082680E+01      0.43580740E+00       0.17130912E+02        0.15436037E+06      0.24369392E-04      0.81737506E-08       0       0
  29   0.70514205E+01      0.29809584E+00       0.17497864E+02        0.15763394E+06      0.24167706E-04      0.64596550E-08       0       0
  30   0.72945729E+01      0.14919171E+00       0.17721507E+02        0.16142714E+06      0.24077355E-04      0.49932281E-08       0       0
  31   0.75377253E+01     -0.14085832E-01       0.17789060E+02        0.16587851E+06      0.75673337E-04      0.37627901E-08       0       0
  32   0.77808777E+01     -0.19629576E+00       0.17683869E+02        0.17116126E+06      0.34961254E-04      0.27565283E-08       0       0
  33   0.80240302E+01     -0.40378736E+00       0.17383828E+02        0.17751789E+06      0.23673613E-04      0.19535928E-08       0       0
  34   0.82671826E+01     -0.64532610E+00       0.16859271E+02        0.18522551E+06      0.23511928E-04      0.13331336E-08       0       0
  35   0.85103350E+01     -0.93298635E+00       0.16070115E+02        0.19456127E+06      0.30909459E-04      0.88373753E-09       0       0
  36   0.87534875E+01     -0.12813268E+01       0.14962958E+02        0.20564639E+06      0.34167813E-04      0.44808601E-09       0       0
  37   0.89966399E+01     -0.17047808E+01       0.13469905E+02        0.21809984E+06      0.23051536E-04      0.71449513E-09       0       0
  38   0.92397923E+01     -0.22042257E+01       0.11515401E+02        0.23124610E+06      0.22889184E-04      0.17515878E-08       0       0
  39   0.94829447E+01     -0.27203598E+01       0.90531087E+01        0.24357831E+06      0.22721312E-04      0.30434877E-08       0       0
  40   0.97260972E+01     -0.34635259E+01       0.59611659E+01        0.26550607E+06      0.34379291E-04      0.35546011E-08       0       0
  41   0.99692496E+01     -0.10570185E+01       0.37008937E+01        0.19941101E+06      0.22351777E-04      0.44853010E-11       0       0
  42   0.10212402E+02     -0.62478220E+00       0.28599934E+01        0.18072218E+06      0.22164862E-04      0.30420111E-11       0       0
  43   0.10455554E+02     -0.44338167E+00       0.23259114E+01        0.17195800E+06      0.59256693E-04      0.16875390E-11       0       0
  44   0.10698707E+02     -0.33692988E+00       0.19357557E+01        0.16624224E+06      0.28721498E-04      0.88817842E-12       0       0
  45   0.10941859E+02     -0.26593686E+00       0.16343223E+01        0.16192943E+06      0.57706024E-04      0.56621374E-12       0       0
  46   0.11185012E+02     -0.21516122E+00       0.13937733E+01        0.15839605E+06      0.21354603E-04      0.22204460E-11       0       0
  47   0.11428164E+02     -0.17718515E+00       0.11976001E+01        0.15533032E+06      0.24645160E-04      0.53290705E-12       0       0
  48   0.11671317E+02     -0.14788011E+00       0.10350674E+01        0.15255904E+06      0.38633899E-04      0.38857806E-12       0       0
  49   0.11914469E+02     -0.12473533E+00       0.89875971E+00        0.14997828E+06      0.23319574E-04      0.37747583E-12       0       0
  50   0.12157621E+02     -0.10612412E+00       0.78332999E+00        0.14751877E+06      0.51415970E-04      0.39968029E-12       0       0
  51   0.12400774E+02     -0.90941982E-01       0.68479694E+00        0.14514586E+06      0.28400491E-04      0.11546319E-11       0       0
  52   0.12643926E+02     -0.78410035E-01       0.60012093E+00        0.14282491E+06      0.29630287E-04      0.39968029E-12       0       0
  53   0.12887079E+02     -0.67962759E-01       0.52693453E+00        0.14053860E+06      0.21054711E-04      0.77715612E-12       0       0
  54   0.13130231E+02     -0.59178430E-01       0.46336394E+00        0.13823497E+06      0.19390163E-04      0.64392935E-12       0       0
  55   0.13373384E+02     -0.51739137E-01       0.40790515E+00        0.13594867E+06      0.34264192E-04      0.31086245E-12       0       0
  56   0.13616536E+02     -0.45396405E-01       0.35933738E+00        0.13361040E+06      0.18814548E-04      0.12767565E-11       0       0
  57   0.13859688E+02     -0.39958467E-01       0.31665995E+00        0.13125481E+06      0.18512025E-04      0.10880186E-11       0       0
  58   0.14102841E+02     -0.35271729E-01       0.27904485E+00        0.12886458E+06      0.55350097E-04      0.10658141E-11       0       0
  59   0.14345993E+02     -0.31212973E-01       0.24580250E+00        0.12642239E+06      0.21337205E-04      0.75495166E-12       0       0
  60   0.14589146E+02     -0.27682263E-01       0.21635488E+00        0.12391091E+06      0.17539366E-04      0.82156504E-12       0       0
  61   0.14832298E+02     -0.24598543E-01       0.19021448E+00        0.12133016E+06      0.31887284E-04      0.65503158E-12       0       0
  62   0.15075451E+02     -0.21895109E-01       0.16696765E+00        0.11868012E+06      0.30224879E-04      0.83266727E-12       0       0
  63   0.15318603E+02     -0.19516163E-01       0.14626202E+00        0.11594348E+06      0.16455360E-04      0.82156504E-12       0       0
  64   0.15561755E+02     -0.17415699E-01       0.12779608E+00        0.11312024E+06      0.20237406E-04      0.33306691E-12       0       0
  65   0.15804908E+02     -0.15554587E-01       0.11131094E+00        0.11019307E+06      0.16308444E-04      0.10436096E-11       0       0
  66   0.16048060E+02     -0.13900403E-01       0.96583447E-01        0.10716198E+06      0.15236345E-04      0.97699626E-12       0       0
  67   0.16291213E+02     -0.12424464E-01       0.83421013E-01        0.10399233E+06      0.14794345E-04      0.62172489E-12       0       0
  68   0.16534365E+02     -0.11104156E-01       0.71656703E-01        0.10070143E+06      0.43319317E-04      0.99920072E-12       0       0
  69   0.16777518E+02     -0.99183692E-02       0.61145441E-01        0.97254653E+05      0.13846681E-04      0.82156504E-12       0       0
  70   0.17020670E+02     -0.88495223E-02       0.51761495E-01        0.93634667E+05      0.13336511E-04      0.48849813E-12       0       0
  71   0.17263822E+02     -0.78824562E-02       0.43395506E-01        0.89824155E+05      0.12798293E-04      0.46629367E-12       0       0
  72   0.17506975E+02     -0.70033973E-02       0.35952579E-01        0.85788476E+05      0.12228337E-04      0.41078252E-12       0       0
  73   0.17750127E+02     -0.62010066E-02       0.29350377E-01        0.81510311E+05      0.11621951E-04      0.37747583E-12       0       0
  74   0.17993280E+02     -0.54647964E-02       0.23517476E-01        0.76955017E+05      0.19331616E-04      0.11768364E-11       0       0
  75   0.18236432E+02     -0.47827462E-02       0.18393704E-01        0.72018673E+05      0.10273774E-04      0.57731597E-12       0       0
  76   0.18479585E+02     -0.41475756E-02       0.13928543E-01        0.66683956E+05      0.15451381E-04      0.65503158E-12       0       0
  77   0.18722737E+02     -0.35466184E-02       0.10081446E-01        0.60777663E+05      0.86740262E-05      0.48849813E-12       0       0
  78   0.18965889E+02     -0.29704434E-02       0.68229154E-02        0.54178549E+05      0.77321269E-05      0.36637360E-12       0       0
  79   0.19209042E+02     -0.24012348E-02       0.41370763E-02        0.46540205E+05      0.66433887E-05      0.48849813E-12       0       0
  80   0.19452194E+02     -0.18115971E-02       0.20306604E-02        0.37256413E+05      0.53184010E-05      0.39968029E-12       0       0
  81   0.19695347E+02     -0.11248618E-02       0.56243092E-03        0.24508519E+05      0.34982911E-05      0.28865799E-12       0       0
  82   0.19938499E+02      0.00000000E+00       0.00000000E+00        0.00000000E+00      0.00000000E+00      0.00000000E+00       0       0
 
