 energy           1
 state =            1
 j12=           0
 m12=           0
          ANGLE,deg DIFF. CROSS.,angs^2
      0.0000000E+00       0.3416273E+05
      0.1801802E+00       0.3390210E+05
      0.3603604E+00       0.3313119E+05
      0.5405405E+00       0.3188224E+05
      0.7207207E+00       0.3020672E+05
      0.9009009E+00       0.2817213E+05
      0.1081081E+01       0.2585786E+05
      0.1261261E+01       0.2335045E+05
      0.1441441E+01       0.2073869E+05
      0.1621622E+01       0.1810872E+05
      0.1801802E+01       0.1553972E+05
      0.1981982E+01       0.1310028E+05
      0.2162162E+01       0.1084575E+05
      0.2342342E+01       0.8816694E+04
      0.2522523E+01       0.7038404E+04
      0.2702703E+01       0.5521466E+04
      0.2882883E+01       0.4263208E+04
      0.3063063E+01       0.3249824E+04
      0.3243243E+01       0.2458949E+04
      0.3423423E+01       0.1862418E+04
      0.3603604E+01       0.1428989E+04
      0.3783784E+01       0.1126822E+04
      0.3963964E+01       0.9255562E+03
      0.4144144E+01       0.7978887E+03
      0.4324324E+01       0.7206144E+03
      0.4504505E+01       0.6751348E+03
      0.4684685E+01       0.6474967E+03
      0.4864865E+01       0.6280488E+03
      0.5045045E+01       0.6108250E+03
      0.5225225E+01       0.5927702E+03
      0.5405405E+01       0.5729157E+03
      0.5585586E+01       0.5515951E+03
      0.5765766E+01       0.5297701E+03
      0.5945946E+01       0.5085087E+03
      0.6126126E+01       0.4886328E+03
      0.6306306E+01       0.4705319E+03
      0.6486486E+01       0.4541181E+03
      0.6666667E+01       0.4388912E+03
      0.6846847E+01       0.4240739E+03
      0.7027027E+01       0.4087782E+03
      0.7207207E+01       0.3921707E+03
      0.7387387E+01       0.3736101E+03
      0.7567568E+01       0.3527411E+03
      0.7747748E+01       0.3295374E+03
      0.7927928E+01       0.3042968E+03
      0.8108108E+01       0.2775935E+03
      0.8288288E+01       0.2502027E+03
      0.8468468E+01       0.2230090E+03
      0.8648649E+01       0.1969123E+03
      0.8828829E+01       0.1727431E+03
      0.9009009E+01       0.1511938E+03
      0.9189189E+01       0.1327726E+03
      0.9369369E+01       0.1177795E+03
      0.9549550E+01       0.1063039E+03
      0.9729730E+01       0.9823955E+02
      0.9909910E+01       0.9331321E+02
      0.1009009E+02       0.9112036E+02
      0.1027027E+02       0.9116469E+02
      0.1045045E+02       0.9289677E+02
      0.1063063E+02       0.9574934E+02
      0.1081081E+02       0.9916753E+02
      0.1099099E+02       0.1026335E+03
      0.1117117E+02       0.1056856E+03
      0.1135135E+02       0.1079323E+03
      0.1153153E+02       0.1090623E+03
      0.1171171E+02       0.1088510E+03
      0.1189189E+02       0.1071638E+03
      0.1207207E+02       0.1039570E+03
      0.1225225E+02       0.9927544E+02
      0.1243243E+02       0.9324741E+02
      0.1261261E+02       0.8607606E+02
      0.1279279E+02       0.7802770E+02
      0.1297297E+02       0.6941661E+02
      0.1315315E+02       0.6058721E+02
      0.1333333E+02       0.5189404E+02
      0.1351351E+02       0.4368094E+02
      0.1369369E+02       0.3626054E+02
      0.1387387E+02       0.2989557E+02
      0.1405405E+02       0.2478347E+02
      0.1423423E+02       0.2104527E+02
      0.1441441E+02       0.1871985E+02
      0.1459459E+02       0.1776378E+02
      0.1477477E+02       0.1805692E+02
      0.1495495E+02       0.1941308E+02
      0.1513514E+02       0.2159479E+02
      0.1531532E+02       0.2433113E+02
      0.1549550E+02       0.2733685E+02
      0.1567568E+02       0.3033152E+02
      0.1585586E+02       0.3305712E+02
      0.1603604E+02       0.3529300E+02
      0.1621622E+02       0.3686714E+02
      0.1639640E+02       0.3766339E+02
      0.1657658E+02       0.3762432E+02
      0.1675676E+02       0.3674997E+02
      0.1693694E+02       0.3509305E+02
      0.1711712E+02       0.3275119E+02
      0.1729730E+02       0.2985710E+02
      0.1747748E+02       0.2656763E+02
      0.1765766E+02       0.2305238E+02
      0.1783784E+02       0.1948286E+02
      0.1801802E+02       0.1602252E+02
      0.1819820E+02       0.1281838E+02
      0.1837838E+02       0.9994356E+01
      0.1855856E+02       0.7646432E+01
      0.1873874E+02       0.5839823E+01
      0.1891892E+02       0.4607896E+01
      0.1909910E+02       0.3952783E+01
      0.1927928E+02       0.3847453E+01
      0.1945946E+02       0.4239032E+01
      0.1963964E+02       0.5053107E+01
      0.1981982E+02       0.6198793E+01
      0.2000000E+02       0.7574265E+01
      0.2018018E+02       0.9072519E+01
      0.2036036E+02       0.1058709E+02
      0.2054054E+02       0.1201747E+02
      0.2072072E+02       0.1327394E+02
      0.2090090E+02       0.1428170E+02
      0.2108108E+02       0.1498395E+02
      0.2126126E+02       0.1534395E+02
      0.2144144E+02       0.1534588E+02
      0.2162162E+02       0.1499453E+02
      0.2180180E+02       0.1431391E+02
      0.2198198E+02       0.1334484E+02
      0.2216216E+02       0.1214180E+02
      0.2234234E+02       0.1076920E+02
      0.2252252E+02       0.9297357E+01
      0.2270270E+02       0.7798433E+01
      0.2288288E+02       0.6342556E+01
      0.2306306E+02       0.4994360E+01
      0.2324324E+02       0.3810088E+01
      0.2342342E+02       0.2835362E+01
      0.2360360E+02       0.2103684E+01
      0.2378378E+02       0.1635648E+01
      0.2396396E+02       0.1438839E+01
      0.2414414E+02       0.1508311E+01
      0.2432432E+02       0.1827573E+01
      0.2450450E+02       0.2369948E+01
      0.2468468E+02       0.3100217E+01
      0.2486486E+02       0.3976447E+01
      0.2504505E+02       0.4951924E+01
      0.2522523E+02       0.5977131E+01
      0.2540541E+02       0.7001724E+01
      0.2558559E+02       0.7976471E+01
      0.2576577E+02       0.8855112E+01
      0.2594595E+02       0.9596123E+01
      0.2612613E+02       0.1016433E+02
      0.2630631E+02       0.1053235E+02
      0.2648649E+02       0.1068172E+02
      0.2666667E+02       0.1060385E+02
      0.2684685E+02       0.1030047E+02
      0.2702703E+02       0.9783737E+01
      0.2720721E+02       0.9075918E+01
      0.2738739E+02       0.8208515E+01
      0.2756757E+02       0.7221003E+01
      0.2774775E+02       0.6159113E+01
      0.2792793E+02       0.5072761E+01
      0.2810811E+02       0.4013725E+01
      0.2828829E+02       0.3033155E+01
      0.2846847E+02       0.2179077E+01
      0.2864865E+02       0.1493994E+01
      0.2882883E+02       0.1012734E+01
      0.2900901E+02       0.7606521E+00
      0.2918919E+02       0.7522777E+00
      0.2936937E+02       0.9904949E+00
      0.2954955E+02       0.1466284E+01
      0.2972973E+02       0.2159044E+01
      0.2990991E+02       0.3037486E+01
      0.3009009E+02       0.4061037E+01
      0.3027027E+02       0.5181711E+01
      0.3045045E+02       0.6346340E+01
      0.3063063E+02       0.7499070E+01
      0.3081081E+02       0.8584014E+01
      0.3099099E+02       0.9547933E+01
      0.3117117E+02       0.1034283E+02
      0.3135135E+02       0.1092831E+02
      0.3153153E+02       0.1127368E+02
      0.3171171E+02       0.1135955E+02
      0.3189189E+02       0.1117896E+02
      0.3207207E+02       0.1073790E+02
      0.3225225E+02       0.1005530E+02
      0.3243243E+02       0.9162223E+01
      0.3261261E+02       0.8100594E+01
      0.3279279E+02       0.6921259E+01
      0.3297297E+02       0.5681585E+01
      0.3315315E+02       0.4442663E+01
      0.3333333E+02       0.3266266E+01
      0.3351351E+02       0.2211702E+01
      0.3369369E+02       0.1332743E+01
      0.3387387E+02       0.6747794E+00
      0.3405405E+02       0.2723802E+00
      0.3423423E+02       0.1473832E+00
      0.3441441E+02       0.3076429E+00
      0.3459459E+02       0.7465080E+00
      0.3477477E+02       0.1443071E+01
      0.3495495E+02       0.2363181E+01
      0.3513514E+02       0.3461171E+01
      0.3531532E+02       0.4682206E+01
      0.3549550E+02       0.5965124E+01
      0.3567568E+02       0.7245611E+01
      0.3585586E+02       0.8459536E+01
      0.3603604E+02       0.9546262E+01
      0.3621622E+02       0.1045175E+02
      0.3639640E+02       0.1113130E+02
      0.3657658E+02       0.1155176E+02
      0.3675676E+02       0.1169314E+02
      0.3693694E+02       0.1154946E+02
      0.3711712E+02       0.1112897E+02
      0.3729730E+02       0.1045353E+02
      0.3747748E+02       0.9557345E+01
      0.3765766E+02       0.8485091E+01
      0.3783784E+02       0.7289546E+01
      0.3801802E+02       0.6028832E+01
      0.3819820E+02       0.4763442E+01
      0.3837838E+02       0.3553203E+01
      0.3855856E+02       0.2454322E+01
      0.3873874E+02       0.1516668E+01
      0.3891892E+02       0.7814184E+00
      0.3909910E+02       0.2791813E+00
      0.3927928E+02       0.2868054E-01
      0.3945946E+02       0.3605304E-01
      0.3963964E+02       0.2947863E+00
      0.3981982E+02       0.7862838E+00
      0.4000000E+02       0.1481018E+01
      0.4018018E+02       0.2340201E+01
      0.4036036E+02       0.3317880E+01
      0.4054054E+02       0.4363339E+01
      0.4072072E+02       0.5423683E+01
      0.4090090E+02       0.6446468E+01
      0.4108108E+02       0.7382243E+01
      0.4126126E+02       0.8186875E+01
      0.4144144E+02       0.8823551E+01
      0.4162162E+02       0.9264359E+01
      0.4180180E+02       0.9491379E+01
      0.4198198E+02       0.9497252E+01
      0.4216216E+02       0.9285205E+01
      0.4234234E+02       0.8868556E+01
      0.4252252E+02       0.8269746E+01
      0.4270270E+02       0.7518950E+01
      0.4288288E+02       0.6652377E+01
      0.4306306E+02       0.5710337E+01
      0.4324324E+02       0.4735189E+01
      0.4342342E+02       0.3769284E+01
      0.4360360E+02       0.2852994E+01
      0.4378378E+02       0.2022926E+01
      0.4396396E+02       0.1310397E+01
      0.4414414E+02       0.7402305E+00
      0.4432432E+02       0.3299186E+00
      0.4450450E+02       0.8915878E-01
      0.4468468E+02       0.1977927E-01
      0.4486486E+02       0.1160253E+00
      0.4504505E+02       0.3651744E+00
      0.4522523E+02       0.7484329E+00
      0.4540541E+02       0.1242054E+01
      0.4558559E+02       0.1818617E+01
      0.4576577E+02       0.2448390E+01
      0.4594595E+02       0.3100729E+01
      0.4612613E+02       0.3745423E+01
      0.4630631E+02       0.4353959E+01
      0.4648649E+02       0.4900626E+01
      0.4666667E+02       0.5363451E+01
      0.4684685E+02       0.5724912E+01
      0.4702703E+02       0.5972431E+01
      0.4720721E+02       0.6098630E+01
      0.4738739E+02       0.6101358E+01
      0.4756757E+02       0.5983509E+01
      0.4774775E+02       0.5752646E+01
      0.4792793E+02       0.5420463E+01
      0.4810811E+02       0.5002116E+01
      0.4828829E+02       0.4515472E+01
      0.4846847E+02       0.3980288E+01
      0.4864865E+02       0.3417382E+01
      0.4882883E+02       0.2847807E+01
      0.4900901E+02       0.2292074E+01
      0.4918919E+02       0.1769441E+01
      0.4936937E+02       0.1297283E+01
      0.4954955E+02       0.8905647E+00
      0.4972973E+02       0.5614280E+00
      0.4990991E+02       0.3188844E+00
      0.5009009E+02       0.1686289E+00
      0.5027027E+02       0.1129641E+00
      0.5045045E+02       0.1508324E+00
      0.5063063E+02       0.2779489E+00
      0.5081081E+02       0.4870290E+00
      0.5099099E+02       0.7680986E+00
      0.5117117E+02       0.1108881E+01
      0.5135135E+02       0.1495247E+01
      0.5153153E+02       0.1911717E+01
      0.5171171E+02       0.2342009E+01
      0.5189189E+02       0.2769601E+01
      0.5207207E+02       0.3178316E+01
      0.5225225E+02       0.3552894E+01
      0.5243243E+02       0.3879539E+01
      0.5261261E+02       0.4146419E+01
      0.5279279E+02       0.4344111E+01
      0.5297297E+02       0.4465953E+01
      0.5315315E+02       0.4508304E+01
      0.5333333E+02       0.4470686E+01
      0.5351351E+02       0.4355812E+01
      0.5369369E+02       0.4169476E+01
      0.5387387E+02       0.3920327E+01
      0.5405405E+02       0.3619508E+01
      0.5423423E+02       0.3280205E+01
      0.5441441E+02       0.2917090E+01
      0.5459459E+02       0.2545708E+01
      0.5477477E+02       0.2181812E+01
      0.5495495E+02       0.1840697E+01
      0.5513514E+02       0.1536547E+01
      0.5531532E+02       0.1281834E+01
      0.5549550E+02       0.1086788E+01
      0.5567568E+02       0.9589791E+00
      0.5585586E+02       0.9030062E+00
      0.5603604E+02       0.9203342E+00
      0.5621622E+02       0.1009265E+01
      0.5639640E+02       0.1165057E+01
      0.5657658E+02       0.1380176E+01
      0.5675676E+02       0.1644674E+01
      0.5693694E+02       0.1946673E+01
      0.5711712E+02       0.2272928E+01
      0.5729730E+02       0.2609446E+01
      0.5747748E+02       0.2942129E+01
      0.5765766E+02       0.3257407E+01
      0.5783784E+02       0.3542840E+01
      0.5801802E+02       0.3787651E+01
      0.5819820E+02       0.3983172E+01
      0.5837838E+02       0.4123176E+01
      0.5855856E+02       0.4204092E+01
      0.5873874E+02       0.4225085E+01
      0.5891892E+02       0.4188003E+01
      0.5909910E+02       0.4097196E+01
      0.5927928E+02       0.3959225E+01
      0.5945946E+02       0.3782465E+01
      0.5963964E+02       0.3576636E+01
      0.5981982E+02       0.3352287E+01
      0.6000000E+02       0.3120254E+01
      0.6018018E+02       0.2891123E+01
      0.6036036E+02       0.2674728E+01
      0.6054054E+02       0.2479709E+01
      0.6072072E+02       0.2313146E+01
      0.6090090E+02       0.2180287E+01
      0.6108108E+02       0.2084389E+01
      0.6126126E+02       0.2026664E+01
      0.6144144E+02       0.2006329E+01
      0.6162162E+02       0.2020768E+01
      0.6180180E+02       0.2065775E+01
      0.6198198E+02       0.2135869E+01
      0.6216216E+02       0.2224657E+01
      0.6234234E+02       0.2325231E+01
      0.6252252E+02       0.2430566E+01
      0.6270270E+02       0.2533897E+01
      0.6288288E+02       0.2629068E+01
      0.6306306E+02       0.2710819E+01
      0.6324324E+02       0.2775006E+01
      0.6342342E+02       0.2818751E+01
      0.6360360E+02       0.2840505E+01
      0.6378378E+02       0.2840040E+01
      0.6396396E+02       0.2818358E+01
      0.6414414E+02       0.2777547E+01
      0.6432432E+02       0.2720581E+01
      0.6450450E+02       0.2651079E+01
      0.6468468E+02       0.2573053E+01
      0.6486486E+02       0.2490645E+01
      0.6504505E+02       0.2407874E+01
      0.6522523E+02       0.2328411E+01
      0.6540541E+02       0.2255390E+01
      0.6558559E+02       0.2191259E+01
      0.6576577E+02       0.2137684E+01
      0.6594595E+02       0.2095506E+01
      0.6612613E+02       0.2064745E+01
      0.6630631E+02       0.2044650E+01
      0.6648649E+02       0.2033799E+01
      0.6666667E+02       0.2030217E+01
      0.6684685E+02       0.2031530E+01
      0.6702703E+02       0.2035127E+01
      0.6720721E+02       0.2038321E+01
      0.6738739E+02       0.2038518E+01
      0.6756757E+02       0.2033357E+01
      0.6774775E+02       0.2020842E+01
      0.6792793E+02       0.1999446E+01
      0.6810811E+02       0.1968187E+01
      0.6828829E+02       0.1926675E+01
      0.6846847E+02       0.1875130E+01
      0.6864865E+02       0.1814378E+01
      0.6882883E+02       0.1745816E+01
      0.6900901E+02       0.1671360E+01
      0.6918919E+02       0.1593371E+01
      0.6936937E+02       0.1514570E+01
      0.6954955E+02       0.1437938E+01
      0.6972973E+02       0.1366613E+01
      0.6990991E+02       0.1303776E+01
      0.7009009E+02       0.1252539E+01
      0.7027027E+02       0.1215827E+01
      0.7045045E+02       0.1196265E+01
      0.7063063E+02       0.1196073E+01
      0.7081081E+02       0.1216955E+01
      0.7099099E+02       0.1260013E+01
      0.7117117E+02       0.1325662E+01
      0.7135135E+02       0.1413565E+01
      0.7153153E+02       0.1522588E+01
      0.7171171E+02       0.1650778E+01
      0.7189189E+02       0.1795372E+01
      0.7207207E+02       0.1952829E+01
      0.7225225E+02       0.2118903E+01
      0.7243243E+02       0.2288749E+01
      0.7261261E+02       0.2457059E+01
      0.7279279E+02       0.2618234E+01
      0.7297297E+02       0.2766584E+01
      0.7315315E+02       0.2896555E+01
      0.7333333E+02       0.3002959E+01
      0.7351351E+02       0.3081227E+01
      0.7369369E+02       0.3127639E+01
      0.7387387E+02       0.3139550E+01
      0.7405405E+02       0.3115581E+01
      0.7423423E+02       0.3055771E+01
      0.7441441E+02       0.2961669E+01
      0.7459459E+02       0.2836382E+01
      0.7477477E+02       0.2684532E+01
      0.7495495E+02       0.2512160E+01
      0.7513514E+02       0.2326546E+01
      0.7531532E+02       0.2135964E+01
      0.7549550E+02       0.1949372E+01
      0.7567568E+02       0.1776052E+01
      0.7585586E+02       0.1625215E+01
      0.7603604E+02       0.1505578E+01
      0.7621622E+02       0.1424951E+01
      0.7639640E+02       0.1389832E+01
      0.7657658E+02       0.1405053E+01
      0.7675676E+02       0.1473477E+01
      0.7693694E+02       0.1595776E+01
      0.7711712E+02       0.1770306E+01
      0.7729730E+02       0.1993073E+01
      0.7747748E+02       0.2257816E+01
      0.7765766E+02       0.2556197E+01
      0.7783784E+02       0.2878095E+01
      0.7801802E+02       0.3211986E+01
      0.7819820E+02       0.3545409E+01
      0.7837838E+02       0.3865483E+01
      0.7855856E+02       0.4159464E+01
      0.7873874E+02       0.4415299E+01
      0.7891892E+02       0.4622175E+01
      0.7909910E+02       0.4771010E+01
      0.7927928E+02       0.4854879E+01
      0.7945946E+02       0.4869354E+01
      0.7963964E+02       0.4812727E+01
      0.7981982E+02       0.4686116E+01
      0.8000000E+02       0.4493446E+01
      0.8018018E+02       0.4241300E+01
      0.8036036E+02       0.3938656E+01
      0.8054054E+02       0.3596508E+01
      0.8072072E+02       0.3227407E+01
      0.8090090E+02       0.2844927E+01
      0.8108108E+02       0.2463092E+01
      0.8126126E+02       0.2095784E+01
      0.8144144E+02       0.1756175E+01
      0.8162162E+02       0.1456179E+01
      0.8180180E+02       0.1205988E+01
      0.8198198E+02       0.1013676E+01
      0.8216216E+02       0.8849160E+00
      0.8234234E+02       0.8227986E+00
      0.8252252E+02       0.8277739E+00
      0.8270270E+02       0.8977057E+00
      0.8288288E+02       0.1028036E+01
      0.8306306E+02       0.1212046E+01
      0.8324324E+02       0.1441201E+01
      0.8342342E+02       0.1705551E+01
      0.8360360E+02       0.1994179E+01
      0.8378378E+02       0.2295661E+01
      0.8396396E+02       0.2598526E+01
      0.8414414E+02       0.2891682E+01
      0.8432432E+02       0.3164811E+01
      0.8450450E+02       0.3408695E+01
      0.8468468E+02       0.3615480E+01
      0.8486486E+02       0.3778864E+01
      0.8504505E+02       0.3894211E+01
      0.8522523E+02       0.3958588E+01
      0.8540541E+02       0.3970747E+01
      0.8558559E+02       0.3931035E+01
      0.8576577E+02       0.3841276E+01
      0.8594595E+02       0.3704608E+01
      0.8612613E+02       0.3525311E+01
      0.8630631E+02       0.3308621E+01
      0.8648649E+02       0.3060551E+01
      0.8666667E+02       0.2787718E+01
      0.8684685E+02       0.2497193E+01
      0.8702703E+02       0.2196359E+01
      0.8720721E+02       0.1892795E+01
      0.8738739E+02       0.1594166E+01
      0.8756757E+02       0.1308123E+01
      0.8774775E+02       0.1042208E+01
      0.8792793E+02       0.8037448E+00
      0.8810811E+02       0.5997302E+00
      0.8828829E+02       0.4366984E+00
      0.8846847E+02       0.3205724E+00
      0.8864865E+02       0.2564946E+00
      0.8882883E+02       0.2486412E+00
      0.8900901E+02       0.3000281E+00
      0.8918919E+02       0.4123150E+00
      0.8936937E+02       0.5856213E+00
      0.8954955E+02       0.8183652E+00
      0.8972973E+02       0.1107143E+01
      0.8990991E+02       0.1446660E+01
      0.9009009E+02       0.1829725E+01
      0.9027027E+02       0.2247327E+01
      0.9045045E+02       0.2688789E+01
      0.9063063E+02       0.3142012E+01
      0.9081081E+02       0.3593803E+01
      0.9099099E+02       0.4030284E+01
      0.9117117E+02       0.4437361E+01
      0.9135135E+02       0.4801255E+01
      0.9153153E+02       0.5109045E+01
      0.9171171E+02       0.5349233E+01
      0.9189189E+02       0.5512269E+01
      0.9207207E+02       0.5591045E+01
      0.9225225E+02       0.5581293E+01
      0.9243243E+02       0.5481898E+01
      0.9261261E+02       0.5295078E+01
      0.9279279E+02       0.5026438E+01
      0.9297297E+02       0.4684861E+01
      0.9315315E+02       0.4282268E+01
      0.9333333E+02       0.3833221E+01
      0.9351351E+02       0.3354403E+01
      0.9369369E+02       0.2863981E+01
      0.9387387E+02       0.2380888E+01
      0.9405405E+02       0.1924051E+01
      0.9423423E+02       0.1511598E+01
      0.9441441E+02       0.1160089E+01
      0.9459459E+02       0.8837964E+00
      0.9477477E+02       0.6940773E+00
      0.9495495E+02       0.5988716E+00
      0.9513514E+02       0.6023403E+00
      0.9531532E+02       0.7046732E+00
      0.9549550E+02       0.9020693E+00
      0.9567568E+02       0.1186896E+01
      0.9585586E+02       0.1548016E+01
      0.9603604E+02       0.1971270E+01
      0.9621622E+02       0.2440091E+01
      0.9639640E+02       0.2936211E+01
      0.9657658E+02       0.3440448E+01
      0.9675676E+02       0.3933509E+01
      0.9693694E+02       0.4396791E+01
      0.9711712E+02       0.4813129E+01
      0.9729730E+02       0.5167465E+01
      0.9747748E+02       0.5447408E+01
      0.9765766E+02       0.5643659E+01
      0.9783784E+02       0.5750280E+01
      0.9801802E+02       0.5764814E+01
      0.9819820E+02       0.5688241E+01
      0.9837838E+02       0.5524794E+01
      0.9855856E+02       0.5281634E+01
      0.9873874E+02       0.4968417E+01
      0.9891892E+02       0.4596785E+01
      0.9909910E+02       0.4179794E+01
      0.9927928E+02       0.3731324E+01
      0.9945946E+02       0.3265503E+01
      0.9963964E+02       0.2796159E+01
      0.9981982E+02       0.2336337E+01
      0.1000000E+03       0.1897905E+01
      0.1001802E+03       0.1491238E+01
      0.1003604E+03       0.1125023E+01
      0.1005405E+03       0.8061493E+00
      0.1007207E+03       0.5397031E+00
      0.1009009E+03       0.3290443E+00
      0.1010811E+03       0.1759508E+00
      0.1012613E+03       0.8081134E-01
      0.1014414E+03       0.4284613E-01
      0.1016216E+03       0.6033436E-01
      0.1018018E+03       0.1308284E+00
      0.1019820E+03       0.2513381E+00
      0.1021622E+03       0.4184730E+00
      0.1023423E+03       0.6285338E+00
      0.1025225E+03       0.8775511E+00
      0.1027027E+03       0.1161274E+01
      0.1028829E+03       0.1475116E+01
      0.1030631E+03       0.1814075E+01
      0.1032432E+03       0.2172635E+01
      0.1034234E+03       0.2544675E+01
      0.1036036E+03       0.2923401E+01
      0.1037838E+03       0.3301320E+01
      0.1039640E+03       0.3670264E+01
      0.1041441E+03       0.4021488E+01
      0.1043243E+03       0.4345838E+01
      0.1045045E+03       0.4633992E+01
      0.1046847E+03       0.4876773E+01
      0.1048649E+03       0.5065516E+01
      0.1050450E+03       0.5192474E+01
      0.1052252E+03       0.5251244E+01
      0.1054054E+03       0.5237185E+01
      0.1055856E+03       0.5147803E+01
      0.1057658E+03       0.4983069E+01
      0.1059459E+03       0.4745656E+01
      0.1061261E+03       0.4441062E+01
      0.1063063E+03       0.4077612E+01
      0.1064865E+03       0.3666313E+01
      0.1066667E+03       0.3220581E+01
      0.1068468E+03       0.2755827E+01
      0.1070270E+03       0.2288914E+01
      0.1072072E+03       0.1837530E+01
      0.1073874E+03       0.1419466E+01
      0.1075676E+03       0.1051866E+01
      0.1077477E+03       0.7504668E+00
      0.1079279E+03       0.5288737E+00
      0.1081081E+03       0.3979007E+00
      0.1082883E+03       0.3650234E+00
      0.1084685E+03       0.4339647E+00
      0.1086486E+03       0.6044436E+00
      0.1088288E+03       0.8721003E+00
      0.1090090E+03       0.1228607E+01
      0.1091892E+03       0.1661964E+01
      0.1093694E+03       0.2156960E+01
      0.1095495E+03       0.2695795E+01
      0.1097297E+03       0.3258814E+01
      0.1099099E+03       0.3825335E+01
      0.1100901E+03       0.4374521E+01
      0.1102703E+03       0.4886253E+01
      0.1104505E+03       0.5341975E+01
      0.1106306E+03       0.5725445E+01
      0.1108108E+03       0.6023385E+01
      0.1109910E+03       0.6225975E+01
      0.1111712E+03       0.6327183E+01
      0.1113514E+03       0.6324916E+01
      0.1115315E+03       0.6220986E+01
      0.1117117E+03       0.6020895E+01
      0.1118919E+03       0.5733464E+01
      0.1120721E+03       0.5370319E+01
      0.1122523E+03       0.4945276E+01
      0.1124324E+03       0.4473650E+01
      0.1126126E+03       0.3971533E+01
      0.1127928E+03       0.3455082E+01
      0.1129730E+03       0.2939845E+01
      0.1131532E+03       0.2440169E+01
      0.1133333E+03       0.1968715E+01
      0.1135135E+03       0.1536084E+01
      0.1136937E+03       0.1150602E+01
      0.1138739E+03       0.8182236E+00
      0.1140541E+03       0.5425843E+00
      0.1142342E+03       0.3251677E+00
      0.1144144E+03       0.1655746E+00
      0.1145946E+03       0.6186710E-01
      0.1147748E+03       0.1095743E-01
      0.1149550E+03       0.9011620E-02
      0.1151351E+03       0.5183665E-01
      0.1153153E+03       0.1352239E+00
      0.1154955E+03       0.2552253E+00
      0.1156757E+03       0.4083451E+00
      0.1158559E+03       0.5916362E+00
      0.1160360E+03       0.8026994E+00
      0.1162162E+03       0.1039589E+01
      0.1163964E+03       0.1300639E+01
      0.1165766E+03       0.1584225E+01
      0.1167568E+03       0.1888494E+01
      0.1169369E+03       0.2211072E+01
      0.1171171E+03       0.2548802E+01
      0.1172973E+03       0.2897513E+01
      0.1174775E+03       0.3251872E+01
      0.1176577E+03       0.3605316E+01
      0.1178378E+03       0.3950090E+01
      0.1180180E+03       0.4277403E+01
      0.1181982E+03       0.4577690E+01
      0.1183784E+03       0.4840972E+01
      0.1185586E+03       0.5057310E+01
      0.1187387E+03       0.5217313E+01
      0.1189189E+03       0.5312680E+01
      0.1190991E+03       0.5336745E+01
      0.1192793E+03       0.5284977E+01
      0.1194595E+03       0.5155415E+01
      0.1196396E+03       0.4949002E+01
      0.1198198E+03       0.4669784E+01
      0.1200000E+03       0.4324961E+01
      0.1201802E+03       0.3924780E+01
      0.1203604E+03       0.3482252E+01
      0.1205405E+03       0.3012723E+01
      0.1207207E+03       0.2533294E+01
      0.1209009E+03       0.2062129E+01
      0.1210811E+03       0.1617672E+01
      0.1212613E+03       0.1217829E+01
      0.1214414E+03       0.8791373E+00
      0.1216216E+03       0.6159819E+00
      0.1218018E+03       0.4398932E+00
      0.1219820E+03       0.3589673E+00
      0.1221622E+03       0.3774422E+00
      0.1223423E+03       0.4954532E+00
      0.1225225E+03       0.7089847E+00
      0.1227027E+03       0.1010022E+01
      0.1228829E+03       0.1386895E+01
      0.1230631E+03       0.1824802E+01
      0.1232432E+03       0.2306483E+01
      0.1234234E+03       0.2813005E+01
      0.1236036E+03       0.3324625E+01
      0.1237838E+03       0.3821684E+01
      0.1239640E+03       0.4285475E+01
      0.1241441E+03       0.4699061E+01
      0.1243243E+03       0.5047974E+01
      0.1245045E+03       0.5320787E+01
      0.1246847E+03       0.5509517E+01
      0.1248649E+03       0.5609837E+01
      0.1250450E+03       0.5621107E+01
      0.1252252E+03       0.5546216E+01
      0.1254054E+03       0.5391249E+01
      0.1255856E+03       0.5165016E+01
      0.1257658E+03       0.4878453E+01
      0.1259459E+03       0.4543958E+01
      0.1261261E+03       0.4174684E+01
      0.1263063E+03       0.3783840E+01
      0.1264865E+03       0.3384045E+01
      0.1266667E+03       0.2986757E+01
      0.1268468E+03       0.2601826E+01
      0.1270270E+03       0.2237181E+01
      0.1272072E+03       0.1898661E+01
      0.1273874E+03       0.1590013E+01
      0.1275676E+03       0.1313023E+01
      0.1277477E+03       0.1067785E+01
      0.1279279E+03       0.8530700E+00
      0.1281081E+03       0.6667717E+00
      0.1282883E+03       0.5063859E+00
      0.1284685E+03       0.3694922E+00
      0.1286486E+03       0.2541954E+00
      0.1288288E+03       0.1594951E+00
      0.1290090E+03       0.8555267E-01
      0.1291892E+03       0.3383488E-01
      0.1293694E+03       0.7120134E-02
      0.1295495E+03       0.9364946E-02
      0.1297297E+03       0.4543688E-01
      0.1299099E+03       0.1207307E+00
      0.1300901E+03       0.2406928E+00
      0.1302703E+03       0.4102865E+00
      0.1304505E+03       0.6334355E+00
      0.1306306E+03       0.9124853E+00
      0.1308108E+03       0.1247724E+01
      0.1309910E+03       0.1636997E+01
      0.1311712E+03       0.2075455E+01
      0.1313514E+03       0.2555447E+01
      0.1315315E+03       0.3066593E+01
      0.1317117E+03       0.3596021E+01
      0.1318919E+03       0.4128782E+01
      0.1320721E+03       0.4648415E+01
      0.1322523E+03       0.5137631E+01
      0.1324324E+03       0.5579101E+01
      0.1326126E+03       0.5956282E+01
      0.1327928E+03       0.6254249E+01
      0.1329730E+03       0.6460485E+01
      0.1331532E+03       0.6565574E+01
      0.1333333E+03       0.6563763E+01
      0.1335135E+03       0.6453357E+01
      0.1336937E+03       0.6236910E+01
      0.1338739E+03       0.5921220E+01
      0.1340541E+03       0.5517092E+01
      0.1342342E+03       0.5038906E+01
      0.1344144E+03       0.4503997E+01
      0.1345946E+03       0.3931877E+01
      0.1347748E+03       0.3343350E+01
      0.1349550E+03       0.2759549E+01
      0.1351351E+03       0.2200969E+01
      0.1353153E+03       0.1686528E+01
      0.1354955E+03       0.1232723E+01
      0.1356757E+03       0.8529132E+00
      0.1358559E+03       0.5567756E+00
      0.1360360E+03       0.3499633E+00
      0.1362162E+03       0.2339767E+00
      0.1363964E+03       0.2062571E+00
      0.1365766E+03       0.2604922E+00
      0.1367568E+03       0.3871130E+00
      0.1369369E+03       0.5739504E+00
      0.1371171E+03       0.8070114E+00
      0.1372973E+03       0.1071327E+01
      0.1374775E+03       0.1351821E+01
      0.1376577E+03       0.1634149E+01
      0.1378378E+03       0.1905453E+01
      0.1380180E+03       0.2155001E+01
      0.1381982E+03       0.2374656E+01
      0.1383784E+03       0.2559176E+01
      0.1385586E+03       0.2706295E+01
      0.1387387E+03       0.2816630E+01
      0.1389189E+03       0.2893380E+01
      0.1390991E+03       0.2941873E+01
      0.1392793E+03       0.2968980E+01
      0.1394595E+03       0.2982442E+01
      0.1396396E+03       0.2990154E+01
      0.1398198E+03       0.2999459E+01
      0.1400000E+03       0.3016504E+01
      0.1401802E+03       0.3045687E+01
      0.1403604E+03       0.3089256E+01
      0.1405405E+03       0.3147074E+01
      0.1407207E+03       0.3216565E+01
      0.1409009E+03       0.3292858E+01
      0.1410811E+03       0.3369115E+01
      0.1412613E+03       0.3437014E+01
      0.1414414E+03       0.3487380E+01
      0.1416216E+03       0.3510890E+01
      0.1418018E+03       0.3498838E+01
      0.1419820E+03       0.3443884E+01
      0.1421622E+03       0.3340747E+01
      0.1423423E+03       0.3186793E+01
      0.1425225E+03       0.2982468E+01
      0.1427027E+03       0.2731551E+01
      0.1428829E+03       0.2441197E+01
      0.1430631E+03       0.2121761E+01
      0.1432432E+03       0.1786409E+01
      0.1434234E+03       0.1450528E+01
      0.1436036E+03       0.1130973E+01
      0.1437838E+03       0.8451808E+00
      0.1439640E+03       0.6102079E+00
      0.1441441E+03       0.4417503E+00
      0.1443243E+03       0.3531957E+00
      0.1445045E+03       0.3547724E+00
      0.1446847E+03       0.4528455E+00
      0.1448649E+03       0.6494061E+00
      0.1450450E+03       0.9417884E+00
      0.1452252E+03       0.1322637E+01
      0.1454054E+03       0.1780129E+01
      0.1455856E+03       0.2298452E+01
      0.1457658E+03       0.2858500E+01
      0.1459459E+03       0.3438768E+01
      0.1461261E+03       0.4016388E+01
      0.1463063E+03       0.4568244E+01
      0.1464865E+03       0.5072126E+01
      0.1466667E+03       0.5507827E+01
      0.1468468E+03       0.5858146E+01
      0.1470270E+03       0.6109729E+01
      0.1472072E+03       0.6253702E+01
      0.1473874E+03       0.6286058E+01
      0.1475676E+03       0.6207778E+01
      0.1477477E+03       0.6024685E+01
      0.1479279E+03       0.5747028E+01
      0.1481081E+03       0.5388838E+01
      0.1482883E+03       0.4967079E+01
      0.1484685E+03       0.4500659E+01
      0.1486486E+03       0.4009354E+01
      0.1488288E+03       0.3512707E+01
      0.1490090E+03       0.3028977E+01
      0.1491892E+03       0.2574193E+01
      0.1493694E+03       0.2161372E+01
      0.1495495E+03       0.1799947E+01
      0.1497297E+03       0.1495439E+01
      0.1499099E+03       0.1249384E+01
      0.1500901E+03       0.1059527E+01
      0.1502703E+03       0.9202568E+00
      0.1504505E+03       0.8232599E+00
      0.1506306E+03       0.7583400E+00
      0.1508108E+03       0.7143562E+00
      0.1509910E+03       0.6802116E+00
      0.1511712E+03       0.6458276E+00
      0.1513514E+03       0.6030372E+00
      0.1515315E+03       0.5463371E+00
      0.1517117E+03       0.4734445E+00
      0.1518919E+03       0.3856205E+00
      0.1520721E+03       0.2877319E+00
      0.1522523E+03       0.1880441E+00
      0.1524324E+03       0.9775299E-01
      0.1526126E+03       0.3028071E-01
      0.1527928E+03       0.3774307E-03
      0.1529730E+03       0.2308288E-01
      0.1531532E+03       0.1126126E+00
      0.1533333E+03       0.2812401E+00
      0.1535135E+03       0.5382470E+00
      0.1536937E+03       0.8890126E+00
      0.1538739E+03       0.1334305E+01
      0.1540541E+03       0.1869825E+01
      0.1542342E+03       0.2486045E+01
      0.1544144E+03       0.3168354E+01
      0.1545946E+03       0.3897520E+01
      0.1547748E+03       0.4650445E+01
      0.1549550E+03       0.5401181E+01
      0.1551351E+03       0.6122154E+01
      0.1553153E+03       0.6785518E+01
      0.1554955E+03       0.7364588E+01
      0.1556757E+03       0.7835239E+01
      0.1558559E+03       0.8177213E+01
      0.1560360E+03       0.8375244E+01
      0.1562162E+03       0.8419936E+01
      0.1563964E+03       0.8308338E+01
      0.1565766E+03       0.8044177E+01
      0.1567568E+03       0.7637734E+01
      0.1569369E+03       0.7105360E+01
      0.1571171E+03       0.6468660E+01
      0.1572973E+03       0.5753390E+01
      0.1574775E+03       0.4988122E+01
      0.1576577E+03       0.4202763E+01
      0.1578378E+03       0.3426995E+01
      0.1580180E+03       0.2688756E+01
      0.1581982E+03       0.2012812E+01
      0.1583784E+03       0.1419546E+01
      0.1585586E+03       0.9239983E+00
      0.1587387E+03       0.5352409E+00
      0.1589189E+03       0.2561104E+00
      0.1590991E+03       0.8331929E-01
      0.1592793E+03       0.7936477E-02
      0.1594595E+03       0.1620912E-01
      0.1596396E+03       0.9067293E-01
      0.1598198E+03       0.2114827E+00
      0.1600000E+03       0.3578790E+00
      0.1601802E+03       0.5096995E+00
      0.1603604E+03       0.6488370E+00
      0.1605405E+03       0.7605527E+00
      0.1607207E+03       0.8345563E+00
      0.1609009E+03       0.8657836E+00
      0.1610811E+03       0.8548146E+00
      0.1612613E+03       0.8079031E+00
      0.1614414E+03       0.7366068E+00
      0.1616216E+03       0.6570375E+00
      0.1618018E+03       0.5887712E+00
      0.1619820E+03       0.5534825E+00
      0.1621622E+03       0.5733861E+00
      0.1623423E+03       0.6695810E+00
      0.1625225E+03       0.8604029E+00
      0.1627027E+03       0.1159891E+01
      0.1628829E+03       0.1576471E+01
      0.1630631E+03       0.2111945E+01
      0.1632432E+03       0.2760867E+01
      0.1634234E+03       0.3510344E+01
      0.1636036E+03       0.4340305E+01
      0.1637838E+03       0.5224229E+01
      0.1639640E+03       0.6130295E+01
      0.1641441E+03       0.7022918E+01
      0.1643243E+03       0.7864565E+01
      0.1645045E+03       0.8617774E+01
      0.1646847E+03       0.9247240E+01
      0.1648649E+03       0.9721860E+01
      0.1650450E+03       0.1001660E+02
      0.1652252E+03       0.1011410E+02
      0.1654054E+03       0.1000584E+02
      0.1655856E+03       0.9692902E+01
      0.1657658E+03       0.9186146E+01
      0.1659459E+03       0.8505877E+01
      0.1661261E+03       0.7680945E+01
      0.1663063E+03       0.6747353E+01
      0.1664865E+03       0.5746424E+01
      0.1666667E+03       0.4722634E+01
      0.1668468E+03       0.3721231E+01
      0.1670270E+03       0.2785770E+01
      0.1672072E+03       0.1955718E+01
      0.1673874E+03       0.1264253E+01
      0.1675676E+03       0.7364140E+00
      0.1677477E+03       0.3876996E+00
      0.1679279E+03       0.2232185E+00
      0.1681081E+03       0.2374453E+00
      0.1682883E+03       0.4146129E+00
      0.1684685E+03       0.7297281E+00
      0.1686486E+03       0.1150161E+01
      0.1688288E+03       0.1637726E+01
      0.1690090E+03       0.2151133E+01
      0.1691892E+03       0.2648680E+01
      0.1693694E+03       0.3091009E+01
      0.1695495E+03       0.3443777E+01
      0.1697297E+03       0.3680066E+01
      0.1699099E+03       0.3782380E+01
      0.1700901E+03       0.3744089E+01
      0.1702703E+03       0.3570228E+01
      0.1704505E+03       0.3277567E+01
      0.1706306E+03       0.2893934E+01
      0.1708108E+03       0.2456803E+01
      0.1709910E+03       0.2011212E+01
      0.1711712E+03       0.1607106E+01
      0.1713514E+03       0.1296257E+01
      0.1715315E+03       0.1128923E+01
      0.1717117E+03       0.1150436E+01
      0.1718919E+03       0.1397935E+01
      0.1720721E+03       0.1897433E+01
      0.1722523E+03       0.2661413E+01
      0.1724324E+03       0.3687118E+01
      0.1726126E+03       0.4955677E+01
      0.1727928E+03       0.6432132E+01
      0.1729730E+03       0.8066440E+01
      0.1731532E+03       0.9795401E+01
      0.1733333E+03       0.1154548E+02
      0.1735135E+03       0.1323637E+02
      0.1736937E+03       0.1478516E+02
      0.1738739E+03       0.1611087E+02
      0.1740541E+03       0.1713917E+02
      0.1742342E+03       0.1780693E+02
      0.1744144E+03       0.1806649E+02
      0.1745946E+03       0.1788927E+02
      0.1747748E+03       0.1726855E+02
      0.1749550E+03       0.1622123E+02
      0.1751351E+03       0.1478852E+02
      0.1753153E+03       0.1303523E+02
      0.1754955E+03       0.1104794E+02
      0.1756757E+03       0.8931909E+01
      0.1758559E+03       0.6806886E+01
      0.1760360E+03       0.4801968E+01
      0.1762162E+03       0.3049797E+01
      0.1763964E+03       0.1680288E+01
      0.1765766E+03       0.8142343E+00
      0.1767568E+03       0.5570873E+00
      0.1769369E+03       0.9932218E+00
      0.1771171E+03       0.2180995E+01
      0.1772973E+03       0.4148856E+01
      0.1774775E+03       0.6892730E+01
      0.1776577E+03       0.1037484E+02
      0.1778378E+03       0.1452404E+02
      0.1780180E+03       0.1923773E+02
      0.1781982E+03       0.2438524E+02
      0.1783784E+03       0.2981258E+02
      0.1785586E+03       0.3534838E+02
      0.1787387E+03       0.4081069E+02
      0.1789189E+03       0.4601448E+02
      0.1790991E+03       0.5077928E+02
      0.1792793E+03       0.5493686E+02
      0.1794595E+03       0.5833838E+02
      0.1796396E+03       0.6086078E+02
      0.1798198E+03       0.6241215E+02
      0.1800000E+03       0.6293568E+02
 
