 FOR ENERGY=           1
 MAXIMUM PROBABILITY ERROR
 B_IMP  0.000000000000000E+000
 L_ORB  0.000000000000000E+000
 R_FIN   20.0033211882047     
 PHI_FIN  0.000000000000000E+000
 PROBAB_SURV  0.548780833205247     
 ERROR_ENERG  5.777866569694638E-005
 ERROR_PROBAB  8.241172189116241E-008
 STATE           1
 #NTRAJECT           1
 #NPROC           0
 
 MAXIMUM ENERGY ERROR
 B_IMP   6.44239233306964     
 L_ORB   26.0000000000000     
 R_FIN   20.0015319476545     
 PHI_FIN   1.77420031821832     
 PROBAB_SURV  0.356245823405198     
 ERROR_ENERG  7.952213962590578E-005
 ERROR_PROBAB  1.234041757669502E-008
 STATE           1
 #NTRAJECT           3
 #NPROC           6
 -------------------------
