Loading openmpi-geib-cuda10.2-intel/4.0.5
  Loading requirement: hpcx/2.10 intel/psxe/intel64/2020.4
    cuda10.2/toolkit/10.2.89
 MPI INITIALIZED
 PARSERING OF USER INPUT
proc_id =     2, Progress =     0%, Time(sec.) =        0.000
proc_id =     3, Progress =     0%, Time(sec.) =        0.000
proc_id =     4, Progress =     0%, Time(sec.) =        0.000
proc_id =     1, Progress =     0%, Time(sec.) =        0.000
proc_id =     6, Progress =     0%, Time(sec.) =        0.000
proc_id =     5, Progress =     0%, Time(sec.) =        0.000
proc_id =     7, Progress =     0%, Time(sec.) =        0.000
proc_id =     9, Progress =     0%, Time(sec.) =        0.000
proc_id =     8, Progress =     0%, Time(sec.) =        0.000
 ARRAY_INI_STARTED
 STATES_SIZE_FOUND         100
 number_of_channels          10
 jmax_included           9
 BASIS ARRAYS CREATED
ARRAYS ALLOCATION TOOK TIME, s =             0.000
 TOTAL_SIZE_OF_M =          385
  MAKING AN EQUIDIST GRID	
THE SIZE OF THE Mij COMPUTED BY EACH PROCESSOR= 38
 MATRIX_INI_STARTED
 COMPUTING MATRIX ELEMENTS STARTED
proc_id =     0, Progress =     0%, Time(sec.) =        0.000
 THE GRID INI
 GAUSS-LEGENDRE GRID DONE
Trucation #1 at #R = 11, R = 6.000, and #2 at #R = 31, R = 8.000
proc_id =     1, Progress =     8%, Time(sec.) =        0.010
proc_id =     2, Progress =     8%, Time(sec.) =        0.010
proc_id =     3, Progress =     8%, Time(sec.) =        0.010
proc_id =     5, Progress =     8%, Time(sec.) =        0.011
proc_id =     0, Progress =     8%, Time(sec.) =        0.008
proc_id =     4, Progress =     8%, Time(sec.) =        0.012
proc_id =     7, Progress =     8%, Time(sec.) =        0.012
proc_id =     9, Progress =     8%, Time(sec.) =        0.012
proc_id =     8, Progress =     8%, Time(sec.) =        0.012
proc_id =     6, Progress =     8%, Time(sec.) =        0.013
proc_id =     1, Progress =    16%, Time(sec.) =        0.014
proc_id =     0, Progress =    16%, Time(sec.) =        0.012
proc_id =     2, Progress =    16%, Time(sec.) =        0.015
proc_id =     3, Progress =    16%, Time(sec.) =        0.015
proc_id =     5, Progress =    16%, Time(sec.) =        0.017
proc_id =     4, Progress =    16%, Time(sec.) =        0.017
proc_id =     1, Progress =    24%, Time(sec.) =        0.018
proc_id =     0, Progress =    24%, Time(sec.) =        0.015
proc_id =     7, Progress =    16%, Time(sec.) =        0.018
proc_id =     8, Progress =    16%, Time(sec.) =        0.019
proc_id =     6, Progress =    16%, Time(sec.) =        0.019
proc_id =     2, Progress =    24%, Time(sec.) =        0.020
proc_id =     9, Progress =    16%, Time(sec.) =        0.020
proc_id =     3, Progress =    24%, Time(sec.) =        0.021
proc_id =     0, Progress =    32%, Time(sec.) =        0.018
proc_id =     1, Progress =    32%, Time(sec.) =        0.022
proc_id =     5, Progress =    24%, Time(sec.) =        0.022
proc_id =     4, Progress =    24%, Time(sec.) =        0.024
proc_id =     7, Progress =    24%, Time(sec.) =        0.024
proc_id =     2, Progress =    32%, Time(sec.) =        0.025
proc_id =     0, Progress =    40%, Time(sec.) =        0.022
proc_id =     6, Progress =    24%, Time(sec.) =        0.026
proc_id =     1, Progress =    40%, Time(sec.) =        0.026
proc_id =     3, Progress =    32%, Time(sec.) =        0.027
proc_id =     8, Progress =    24%, Time(sec.) =        0.027
proc_id =     9, Progress =    24%, Time(sec.) =        0.027
proc_id =     5, Progress =    32%, Time(sec.) =        0.028
proc_id =     0, Progress =    48%, Time(sec.) =        0.026
proc_id =     2, Progress =    40%, Time(sec.) =        0.029
proc_id =     4, Progress =    32%, Time(sec.) =        0.030
proc_id =     7, Progress =    32%, Time(sec.) =        0.030
proc_id =     1, Progress =    48%, Time(sec.) =        0.031
proc_id =     3, Progress =    40%, Time(sec.) =        0.032
proc_id =     0, Progress =    56%, Time(sec.) =        0.030
proc_id =     8, Progress =    32%, Time(sec.) =        0.033
proc_id =     5, Progress =    40%, Time(sec.) =        0.033
proc_id =     6, Progress =    32%, Time(sec.) =        0.033
proc_id =     9, Progress =    32%, Time(sec.) =        0.034
proc_id =     2, Progress =    48%, Time(sec.) =        0.034
proc_id =     1, Progress =    56%, Time(sec.) =        0.036
proc_id =     7, Progress =    40%, Time(sec.) =        0.036
proc_id =     4, Progress =    40%, Time(sec.) =        0.036
proc_id =     0, Progress =    64%, Time(sec.) =        0.033
proc_id =     3, Progress =    48%, Time(sec.) =        0.037
proc_id =     6, Progress =    40%, Time(sec.) =        0.038
proc_id =     5, Progress =    48%, Time(sec.) =        0.039
proc_id =     2, Progress =    56%, Time(sec.) =        0.040
proc_id =     0, Progress =    72%, Time(sec.) =        0.037
proc_id =     1, Progress =    64%, Time(sec.) =        0.040
proc_id =     8, Progress =    40%, Time(sec.) =        0.040
proc_id =     7, Progress =    48%, Time(sec.) =        0.041
proc_id =     4, Progress =    48%, Time(sec.) =        0.042
proc_id =     9, Progress =    40%, Time(sec.) =        0.042
proc_id =     3, Progress =    56%, Time(sec.) =        0.042
proc_id =     6, Progress =    48%, Time(sec.) =        0.044
proc_id =     0, Progress =    81%, Time(sec.) =        0.041
proc_id =     5, Progress =    56%, Time(sec.) =        0.044
proc_id =     2, Progress =    64%, Time(sec.) =        0.045
proc_id =     1, Progress =    72%, Time(sec.) =        0.045
proc_id =     4, Progress =    56%, Time(sec.) =        0.046
proc_id =     3, Progress =    64%, Time(sec.) =        0.047
proc_id =     7, Progress =    56%, Time(sec.) =        0.047
proc_id =     8, Progress =    48%, Time(sec.) =        0.048
proc_id =     9, Progress =    48%, Time(sec.) =        0.048
proc_id =     0, Progress =    89%, Time(sec.) =        0.045
proc_id =     2, Progress =    72%, Time(sec.) =        0.050
proc_id =     1, Progress =    81%, Time(sec.) =        0.050
proc_id =     5, Progress =    64%, Time(sec.) =        0.051
proc_id =     6, Progress =    56%, Time(sec.) =        0.051
proc_id =     3, Progress =    72%, Time(sec.) =        0.052
proc_id =     4, Progress =    64%, Time(sec.) =        0.053
proc_id =     0, Progress =    97%, Time(sec.) =        0.050
proc_id =     7, Progress =    64%, Time(sec.) =        0.053
proc_id =     8, Progress =    56%, Time(sec.) =        0.054
proc_id =     0, Progress =   100%, Time(sec.) =        0.052
proc_id =     9, Progress =    56%, Time(sec.) =        0.055
proc_id =     1, Progress =    89%, Time(sec.) =        0.055
proc_id =     2, Progress =    81%, Time(sec.) =        0.056
proc_id =     5, Progress =    72%, Time(sec.) =        0.057
proc_id =     6, Progress =    64%, Time(sec.) =        0.057
proc_id =     3, Progress =    81%, Time(sec.) =        0.058
proc_id =     4, Progress =    72%, Time(sec.) =        0.058
proc_id =     1, Progress =    97%, Time(sec.) =        0.059
proc_id =     7, Progress =    72%, Time(sec.) =        0.059
proc_id =     1, Progress =   100%, Time(sec.) =        0.061
proc_id =     2, Progress =    89%, Time(sec.) =        0.061
proc_id =     9, Progress =    64%, Time(sec.) =        0.062
proc_id =     8, Progress =    64%, Time(sec.) =        0.062
proc_id =     5, Progress =    81%, Time(sec.) =        0.063
proc_id =     3, Progress =    89%, Time(sec.) =        0.063
proc_id =     6, Progress =    72%, Time(sec.) =        0.064
proc_id =     4, Progress =    81%, Time(sec.) =        0.064
proc_id =     7, Progress =    81%, Time(sec.) =        0.066
proc_id =     2, Progress =    97%, Time(sec.) =        0.067
proc_id =     9, Progress =    72%, Time(sec.) =        0.068
proc_id =     2, Progress =   100%, Time(sec.) =        0.068
proc_id =     3, Progress =    97%, Time(sec.) =        0.069
proc_id =     5, Progress =    89%, Time(sec.) =        0.069
proc_id =     8, Progress =    72%, Time(sec.) =        0.070
proc_id =     4, Progress =    89%, Time(sec.) =        0.070
proc_id =     6, Progress =    81%, Time(sec.) =        0.071
proc_id =     3, Progress =   100%, Time(sec.) =        0.071
proc_id =     7, Progress =    89%, Time(sec.) =        0.072
proc_id =     9, Progress =    81%, Time(sec.) =        0.075
proc_id =     8, Progress =    81%, Time(sec.) =        0.075
proc_id =     5, Progress =    97%, Time(sec.) =        0.076
proc_id =     4, Progress =    97%, Time(sec.) =        0.076
proc_id =     6, Progress =    89%, Time(sec.) =        0.077
proc_id =     5, Progress =   100%, Time(sec.) =        0.078
proc_id =     4, Progress =   100%, Time(sec.) =        0.079
proc_id =     7, Progress =    97%, Time(sec.) =        0.079
proc_id =     7, Progress =   100%, Time(sec.) =        0.081
proc_id =     9, Progress =    89%, Time(sec.) =        0.081
proc_id =     8, Progress =    89%, Time(sec.) =        0.082
proc_id =     6, Progress =    97%, Time(sec.) =        0.084
proc_id =     6, Progress =   100%, Time(sec.) =        0.086
proc_id =     9, Progress =    97%, Time(sec.) =        0.087
proc_id =     8, Progress =    97%, Time(sec.) =        0.089
proc_id =     9, Progress =   100%, Time(sec.) =        0.089
proc_id =     8, Progress =   100%, Time(sec.) =        0.091
 SPLINING OF Mij STARTED
 SPLINING OF Mij FINISHED
 COMPUTING THE RESIDUE OF Mij
 SPLINING RESIDUE OF Mij
 MPI TASK PER TRAJECTORY WILL BE USED
MPI TASKS WHICH ARE ASSOCIATED WITH ONE TRAJECTORY =     1
 Mij ROOT PROC DISTRIBUTION STARTED
 Mij ROOT PROC DISTRIBUTION DONE
 Mij ALL PROC DISTRIBUTION STARTED
 Mij ALL PROC DISTRIBUTION DONE
 MPI_COMMUNICATORS_CREATION STARTED
 MPI_COMMUNICATORS_CREATION DONE
TIME SPENT ON MATRIX Mij READING/COMPUTING/SAVING ON DISK ,s       0.1
  
 SCATTERING CALCULATIONS STARTED
 NUMBER OF TRAJECTORIES PER PROC_GROUP MIN           8
TOTAL J RANGE: FROM    0 TO   82
TOTAL L RANGE: FROM    0 TO   82
 NUMBER OF TRAJECTORIES PER PROC_GROUP MAX           9
 TOTAL NUMBER OF TRAJECTORIES          83
TIME IT TOOK TO SETUP ARRAYS, s     0
CALCULATIONS START FOR M =    0
TRAJECTORY DONE FOR L=     8 TIME_SPENT=        1.544 SEC.
TRAJECTORY DONE FOR L=     9 TIME_SPENT=        1.546 SEC.
TRAJECTORY DONE FOR L=     1 TIME_SPENT=        1.556 SEC.
TRAJECTORY DONE FOR L=     2 TIME_SPENT=        1.557 SEC.
TRAJECTORY DONE FOR L=     3 TIME_SPENT=        1.558 SEC.
TRAJECTORY DONE FOR L=     4 TIME_SPENT=        1.563 SEC.
TRAJECTORY DONE FOR L=     5 TIME_SPENT=        1.564 SEC.
TRAJECTORY DONE FOR L=     6 TIME_SPENT=        1.568 SEC.
TRAJECTORY DONE FOR L=     7 TIME_SPENT=        1.569 SEC.
TRAJECTORY DONE FOR L=     0 TIME_SPENT=        1.582 SEC.
TRAJECTORY DONE FOR L=    11 TIME_SPENT=        1.584 SEC.
TRAJECTORY DONE FOR L=    12 TIME_SPENT=        1.591 SEC.
TRAJECTORY DONE FOR L=    13 TIME_SPENT=        1.598 SEC.
TRAJECTORY DONE FOR L=    18 TIME_SPENT=        1.614 SEC.
TRAJECTORY DONE FOR L=    19 TIME_SPENT=        1.625 SEC.
TRAJECTORY DONE FOR L=    14 TIME_SPENT=        1.609 SEC.
TRAJECTORY DONE FOR L=    15 TIME_SPENT=        1.616 SEC.
TRAJECTORY DONE FOR L=    10 TIME_SPENT=        1.608 SEC.
TRAJECTORY DONE FOR L=    16 TIME_SPENT=        1.627 SEC.
TRAJECTORY DONE FOR L=    17 TIME_SPENT=        1.635 SEC.
TRAJECTORY DONE FOR L=    21 TIME_SPENT=        1.687 SEC.
TRAJECTORY DONE FOR L=    22 TIME_SPENT=        1.704 SEC.
TRAJECTORY DONE FOR L=    23 TIME_SPENT=        1.724 SEC.
TRAJECTORY DONE FOR L=    20 TIME_SPENT=        1.700 SEC.
TRAJECTORY DONE FOR L=    24 TIME_SPENT=        1.747 SEC.
TRAJECTORY DONE FOR L=    25 TIME_SPENT=        1.771 SEC.
TRAJECTORY DONE FOR L=    28 TIME_SPENT=        1.828 SEC.
TRAJECTORY DONE FOR L=    26 TIME_SPENT=        1.800 SEC.
TRAJECTORY DONE FOR L=    27 TIME_SPENT=        1.828 SEC.
TRAJECTORY DONE FOR L=    29 TIME_SPENT=        1.865 SEC.
TRAJECTORY DONE FOR L=    31 TIME_SPENT=        1.982 SEC.
TRAJECTORY DONE FOR L=    30 TIME_SPENT=        1.963 SEC.
TRAJECTORY DONE FOR L=    32 TIME_SPENT=        2.046 SEC.
TRAJECTORY DONE FOR L=    33 TIME_SPENT=        2.124 SEC.
TRAJECTORY DONE FOR L=    34 TIME_SPENT=        2.219 SEC.
TRAJECTORY DONE FOR L=    35 TIME_SPENT=        2.330 SEC.
TRAJECTORY DONE FOR L=    36 TIME_SPENT=        2.464 SEC.
TRAJECTORY DONE FOR L=    37 TIME_SPENT=        2.610 SEC.
TRAJECTORY DONE FOR L=    38 TIME_SPENT=        2.711 SEC.
TRAJECTORY DONE FOR L=    39 TIME_SPENT=        2.856 SEC.
TRAJECTORY DONE FOR L=    42 TIME_SPENT=        2.153 SEC.
TRAJECTORY DONE FOR L=    43 TIME_SPENT=        2.049 SEC.
TRAJECTORY DONE FOR L=    44 TIME_SPENT=        1.986 SEC.
TRAJECTORY DONE FOR L=    41 TIME_SPENT=        2.373 SEC.
TRAJECTORY DONE FOR L=    45 TIME_SPENT=        1.933 SEC.
TRAJECTORY DONE FOR L=    46 TIME_SPENT=        1.891 SEC.
TRAJECTORY DONE FOR L=    48 TIME_SPENT=        1.787 SEC.
TRAJECTORY DONE FOR L=    47 TIME_SPENT=        1.855 SEC.
TRAJECTORY DONE FOR L=    49 TIME_SPENT=        1.756 SEC.
TRAJECTORY DONE FOR L=    40 TIME_SPENT=        3.218 SEC.
TRAJECTORY DONE FOR L=    53 TIME_SPENT=        1.684 SEC.
TRAJECTORY DONE FOR L=    52 TIME_SPENT=        1.710 SEC.
TRAJECTORY DONE FOR L=    54 TIME_SPENT=        1.658 SEC.
TRAJECTORY DONE FOR L=    55 TIME_SPENT=        1.632 SEC.
TRAJECTORY DONE FOR L=    51 TIME_SPENT=        1.742 SEC.
TRAJECTORY DONE FOR L=    56 TIME_SPENT=        1.609 SEC.
TRAJECTORY DONE FOR L=    58 TIME_SPENT=        1.521 SEC.
TRAJECTORY DONE FOR L=    57 TIME_SPENT=        1.580 SEC.
TRAJECTORY DONE FOR L=    59 TIME_SPENT=        1.493 SEC.
TRAJECTORY DONE FOR L=    50 TIME_SPENT=        1.808 SEC.
TRAJECTORY DONE FOR L=    63 TIME_SPENT=        1.399 SEC.
TRAJECTORY DONE FOR L=    64 TIME_SPENT=        1.364 SEC.
TRAJECTORY DONE FOR L=    65 TIME_SPENT=        1.328 SEC.
TRAJECTORY DONE FOR L=    62 TIME_SPENT=        1.432 SEC.
TRAJECTORY DONE FOR L=    68 TIME_SPENT=        1.191 SEC.
TRAJECTORY DONE FOR L=    66 TIME_SPENT=        1.292 SEC.
TRAJECTORY DONE FOR L=    69 TIME_SPENT=        1.151 SEC.
TRAJECTORY DONE FOR L=    67 TIME_SPENT=        1.255 SEC.
TRAJECTORY DONE FOR L=    61 TIME_SPENT=        1.463 SEC.
TRAJECTORY DONE FOR L=    78 TIME_SPENT=        0.643 SEC.
TRAJECTORY DONE FOR L=    79 TIME_SPENT=        0.553 SEC.
TRAJECTORY DONE FOR L=    75 TIME_SPENT=        0.867 SEC.
TRAJECTORY DONE FOR L=    76 TIME_SPENT=        0.803 SEC.
TRAJECTORY DONE FOR L=    77 TIME_SPENT=        0.731 SEC.
TRAJECTORY DONE FOR L=    74 TIME_SPENT=        0.926 SEC.
TRAJECTORY DONE FOR L=    73 TIME_SPENT=        0.982 SEC.
TRAJECTORY DONE FOR L=    72 TIME_SPENT=        1.028 SEC.
WARNING: COLLISION IMPACT PARAMETER, b, EXCEEDS RMAX FOR TRAJECTORY L = 82. THIS TRAJECTORY IS NOT PROPAGATED.
TRAJECTORY DONE FOR L=    82 TIME_SPENT=        0.001 SEC.
TRAJECTORY DONE FOR L=    60 TIME_SPENT=        1.506 SEC.
TRAJECTORY DONE FOR L=    71 TIME_SPENT=        1.064 SEC.
TRAJECTORY DONE FOR L=    81 TIME_SPENT=        0.282 SEC.
TRAJECTORY DONE FOR L=    70 TIME_SPENT=        1.093 SEC.
TRAJECTORY DONE FOR L=    80 TIME_SPENT=        0.436 SEC.
ALL TRAJECTORIES DONE FOR ENER_NUM =   1 AND M12 =    0  J12=     0
TIME IT TOOK TO PROPOGATE,s         14
 DATA FROM ALL TRAJECTORIES GATHERED
 INELASTIC CROSS SECTION CALCULATED FOR M           0
  
 CROSS SECTION CALCULATED FOR ENERGY=           1
  
 Trajectory Propagation Time:   14.9370575250000     
  
TOTAL TIME SPENT ON PROPAGATION,sec =      149
THE AVERAGE TIME PER MPI TASK SPENT ON PROPAGATION =    0  h   0   m 14.9  s
TIME SPENT ON INITIALIZATION TOOK WALL CLOCK TIME =    0  h   0   m  0.1  s
TIME SPENT ON MIJ DISTRIBUTION TOOK WALL CLOCK TIME =    0  h   0   m  0.1  s
TIME SPENT ON MIJ REALLOCATION TOOK WALL CLOCK TIME =    0  h   0   m  0.0  s
 ALL WORK DONE

real	0m15.899s
user	2m31.181s
sys	0m3.150s
