 MPI INITIALIZED
 PARSERING OF USER INPUT
 IO_test: st_count_neg=           0
 IO_test: st_count_pos=           1
 ARRAY_INI_STARTED
 EXCHANGE SYMMETRIES FOR IDENTICAL PARTICLES:
 POSITIVE EXCHANGE PARITY ONLY
 STATES_SIZE_FOUND         256
 number_of_channels          10
 jmax_included           3
 BASIS ARRAYS CREATED
ARRAYS ALLOCATION TOOK TIME, s =             0.001
 TOTAL_SIZE_OF_M =         2162
 MTRX.DAT READING STARTED
 FORMATTED READING DONE
Truncation #1 at #R = 7, R = 6.010, and #2 at #R = 16, R = 7.920
THE SIZE OF NON_ZERO PART OF Mij =       1982
 MPI TASK PER TRAJECTORY WILL BE USED
MPI TASKS WHICH ARE ASSOCIATED WITH ONE TRAJECTORY =     1
 Mij ROOT PROC DISTRIBUTION STARTED
 Mij ROOT PROC DISTRIBUTION DONE
 Mij ALL PROC DISTRIBUTION STARTED
 Mij ALL PROC DISTRIBUTION DONE
 MPI_COMMUNICATORS_CREATION STARTED
 MPI_COMMUNICATORS_CREATION DONE
TIME SPENT ON MATRIX Mij READING/COMPUTING/SAVING ON DISK ,s       0.2
  
 SCATTERING CALCULATIONS STARTED
 NUMBER OF TRAJECTORIES PER PROC_GROUP MIN           2
TOTAL J RANGE: FROM    0 TO   30
TOTAL L RANGE: FROM    0 TO   30
 NUMBER OF TRAJECTORIES PER PROC_GROUP MAX           3
 TOTAL NUMBER OF TRAJECTORIES          31
TIME IT TOOK TO SETUP ARRAYS, s     0
CALCULATIONS START FOR M =    0
TRAJECTORY DONE FOR L=    14 TIME_SPENT=       24.378 SEC.
TRAJECTORY DONE FOR L=    13 TIME_SPENT=       25.274 SEC.
TRAJECTORY DONE FOR L=    12 TIME_SPENT=       27.080 SEC.
TRAJECTORY DONE FOR L=    11 TIME_SPENT=       27.537 SEC.
TRAJECTORY DONE FOR L=    10 TIME_SPENT=       28.111 SEC.
TRAJECTORY DONE FOR L=     8 TIME_SPENT=       28.288 SEC.
TRAJECTORY DONE FOR L=     7 TIME_SPENT=       28.486 SEC.
TRAJECTORY DONE FOR L=     5 TIME_SPENT=       28.497 SEC.
TRAJECTORY DONE FOR L=     9 TIME_SPENT=       29.412 SEC.
TRAJECTORY DONE FOR L=     6 TIME_SPENT=       29.470 SEC.
TRAJECTORY DONE FOR L=     3 TIME_SPENT=       29.781 SEC.
TRAJECTORY DONE FOR L=     4 TIME_SPENT=       30.571 SEC.
TRAJECTORY DONE FOR L=    29 TIME_SPENT=        7.128 SEC.
TRAJECTORY DONE FOR L=     2 TIME_SPENT=       32.423 SEC.
TRAJECTORY DONE FOR L=    28 TIME_SPENT=        7.249 SEC.
TRAJECTORY DONE FOR L=     0 TIME_SPENT=       33.646 SEC.
TRAJECTORY DONE FOR L=    27 TIME_SPENT=        7.309 SEC.
TRAJECTORY DONE FOR L=    26 TIME_SPENT=        7.615 SEC.
TRAJECTORY DONE FOR L=     1 TIME_SPENT=       35.291 SEC.
TRAJECTORY DONE FOR L=    25 TIME_SPENT=        7.889 SEC.
TRAJECTORY DONE FOR L=    23 TIME_SPENT=       15.323 SEC.
TRAJECTORY DONE FOR L=    22 TIME_SPENT=       16.253 SEC.
TRAJECTORY DONE FOR L=    24 TIME_SPENT=       15.514 SEC.
TRAJECTORY DONE FOR L=    20 TIME_SPENT=       17.364 SEC.
TRAJECTORY DONE FOR L=    21 TIME_SPENT=       16.731 SEC.
TRAJECTORY DONE FOR L=    18 TIME_SPENT=       19.030 SEC.
TRAJECTORY DONE FOR L=    19 TIME_SPENT=       18.595 SEC.
TRAJECTORY DONE FOR L=    17 TIME_SPENT=       20.089 SEC.
TRAJECTORY DONE FOR L=    15 TIME_SPENT=       23.409 SEC.
TRAJECTORY DONE FOR L=    16 TIME_SPENT=       21.814 SEC.
TRAJECTORY DONE FOR L=    30 TIME_SPENT=        7.340 SEC.
ALL TRAJECTORIES DONE FOR ENER_NUM =   1 AND M12 =    0  J12=     0 P=   1
TIME IT TOOK TO PROPOGATE,s         64
 DATA FROM ALL TRAJECTORIES GATHERED
 INELASTIC CROSS SECTION CALCULATED FOR M           0
  
 CROSS SECTION CALCULATED FOR ENERGY=           1
  
 Trajectory Propagation Time:   64.4171876390000     
  
TOTAL TIME SPENT ON PROPAGATION,sec =      966
THE AVERAGE TIME PER MPI TASK SPENT ON PROPAGATION =    0  h   1   m  4.4  s
TIME SPENT ON INITIALIZATION TOOK WALL CLOCK TIME =    0  h   0   m  0.2  s
TIME SPENT ON MIJ.DAT READING TOOK WALL CLOCK TIME =    0  h   0   m  0.2  s
TIME SPENT ON MIJ DISTRIBUTION TOOK WALL CLOCK TIME =    0  h   0   m  0.2  s
TIME SPENT ON MIJ REALLOCATION TOOK WALL CLOCK TIME =    0  h   0   m  0.2  s
 ALL WORK DONE

real	1m5.573s
user	16m2.077s
sys	0m7.211s
