 FOR ENERGY=           1
 MAXIMUM PROBABILITY ERROR
 B_IMP   1.60637229748194     
 L_ORB   2.00000000000000     
 R_FIN   11.2913452695877     
 PHI_FIN   6.48126428501267     
 PROBAB_SURV  7.840182125588822E-002
 ERROR_ENERG   831.959132554893     
 ERROR_PROBAB  6.286519751215192E-002
 STATE           1
 #NTRAJECT           1
 #NPROC           2
 
 MAXIMUM ENERGY ERROR
 B_IMP   16.0637229748194     
 L_ORB   24.0000000000000     
 R_FIN   9.94187757896172     
 PHI_FIN   31.4161111356861     
 PROBAB_SURV  0.256217527603080     
 ERROR_ENERG   904.135185583486     
 ERROR_PROBAB  1.776521304863721E-003
 STATE           1
 #NTRAJECT           2
 #NPROC           9
 -------------------------
