STATE= 1
j12= 0
m12= 0
ENERGY#1, U(i)= 10.000 cm^-1
    B_IMPACT        L   CHANNEL=     1  CHANNEL=     2  CHANNEL=     3  CHANNEL=     4  CHANNEL=     5  CHANNEL=     6  CHANNEL=     7  CHANNEL=     8  CHANNEL=     9  CHANNEL=    10  
 0.00000000E+00      0  0.32867588E-01  0.20993960E+00  0.10310454E+00  0.64358095E-02  0.28572809E+00  0.10756041E+00  0.71383207E-01  0.55866851E-01  0.55082127E-01  0.71769611E-01 
 0.65579874E+00      1  0.59806362E-01  0.44542417E-01  0.45226753E-01  0.34861445E-01  0.11778637E+00  0.14838399E+00  0.49543460E-01  0.68604867E-01  0.92180151E-01  0.33849735E+00 
 0.13115975E+01      2  0.78401821E-01  0.12246475E+00  0.15776632E+00  0.78466053E-02  0.73293996E-01  0.19138886E+00  0.35314575E-01  0.10032366E+00  0.11664500E+00  0.11592577E+00 
 0.19673962E+01      3  0.37021450E-01  0.18272219E-01  0.52489902E-01  0.62046307E-01  0.10799475E+00  0.22405642E+00  0.49725448E-02  0.65533505E-01  0.10989293E+00  0.31739590E+00 
 0.26231950E+01      4  0.20590473E-01  0.15080931E+00  0.93805460E-01  0.31187980E-03  0.15517817E+00  0.13248596E+00  0.80478143E-02  0.26219952E-01  0.32673301E+00  0.85449698E-01 
 0.32789937E+01      5  0.77165556E-01  0.12999207E+00  0.16362930E+00  0.22861050E-01  0.65262633E-01  0.13875153E+00  0.91147165E-03  0.95054819E-01  0.16049122E+00  0.14547873E+00 
 0.39347925E+01      6  0.53116101E-02  0.12597195E-01  0.20647103E+00  0.13430808E+00  0.94469376E-01  0.86569893E-01  0.74144974E-01  0.99549663E-01  0.91016185E-01  0.19526471E+00 
 0.45905912E+01      7  0.44534604E-01  0.30867315E-02  0.15425140E+00  0.28871862E-01  0.14833876E+00  0.11127760E+00  0.50990515E-01  0.14202454E+00  0.17716706E+00  0.13913476E+00 
 0.52463900E+01      8  0.17114309E-01  0.16455174E-01  0.28880132E-01  0.63525304E-01  0.91211534E-01  0.15232967E+00  0.23013127E-01  0.12195883E+00  0.11651585E+00  0.36885995E+00 
 0.59021887E+01      9  0.55138950E-01  0.88114559E-02  0.15469293E-01  0.14741495E+00  0.13784831E+00  0.12336894E+00  0.10555281E+00  0.92935581E-01  0.13894606E+00  0.17422488E+00 
 0.65579874E+01     10  0.20726479E+00  0.40461122E-01  0.12958384E+00  0.51935421E-01  0.85511074E-01  0.14994679E+00  0.30965458E-01  0.10278040E-01  0.70136892E-01  0.22361427E+00 
 0.72137862E+01     11  0.58701789E-01  0.26721965E-01  0.93987452E-01  0.14969359E-01  0.64829875E-01  0.95058105E-01  0.13095842E-01  0.33282987E-01  0.38772050E+00  0.21146557E+00 
 0.78695849E+01     12  0.12398506E+00  0.68342663E-01  0.11432763E+00  0.28782874E-01  0.11998908E+00  0.16967406E+00  0.14373040E-01  0.20719700E-01  0.24763620E+00  0.91835279E-01 
 0.85253837E+01     13  0.33749110E-01  0.39342927E-02  0.96842438E-01  0.95436356E-01  0.27547590E-01  0.56573942E-01  0.54359639E-01  0.17430256E+00  0.87451227E-01  0.36965176E+00 
 0.91811824E+01     14  0.11830641E+00  0.22625594E-01  0.57670974E-01  0.86422135E-01  0.63150089E-01  0.56941160E-01  0.41502850E-01  0.17795848E+00  0.24114088E+00  0.13420244E+00 
 0.98369812E+01     15  0.11965253E-01  0.25105657E-02  0.67383000E-01  0.44525009E-01  0.29659652E+00  0.50604118E-01  0.51045747E-01  0.71531788E-01  0.11710439E+00  0.28668106E+00 
 0.10492780E+02     16  0.22945895E-01  0.27022802E-01  0.36725505E+00  0.30892226E-01  0.34613979E-01  0.14185877E+00  0.50146867E-01  0.28653085E-01  0.95902458E-01  0.20065107E+00 
 0.11148579E+02     17  0.15183989E+00  0.85737919E-01  0.76428955E-01  0.10150024E-01  0.77147277E-01  0.14255607E+00  0.80722801E-02  0.37864823E-01  0.11582410E+00  0.29434861E+00 
 0.11804377E+02     18  0.58670999E-02  0.41530744E-01  0.11176446E-01  0.54169151E-01  0.78287869E-01  0.44455289E+00  0.11137670E-01  0.35796846E-01  0.17139461E+00  0.14605752E+00 
 0.12460176E+02     19  0.18219416E-01  0.15738520E+00  0.40027405E-01  0.99024265E-01  0.80940883E-01  0.21162696E+00  0.56308321E-01  0.80053242E-01  0.82495580E-01  0.17382847E+00 
 0.13115975E+02     20  0.17310751E+00  0.17334315E+00  0.13538703E-01  0.18316465E-01  0.52575779E-01  0.98980075E-01  0.21656515E-01  0.95635672E-01  0.20083423E+00  0.15199059E+00 
 0.13771774E+02     21  0.69047514E-03  0.19649110E+00  0.52953618E-01  0.17375131E-01  0.24597792E-01  0.92592425E-01  0.12207586E+00  0.20209989E-01  0.10532183E+00  0.36765933E+00 
 0.14427572E+02     22  0.29711611E-01  0.27564943E-01  0.70404349E-01  0.88559675E-01  0.37948354E-01  0.43155292E+00  0.44411268E-02  0.10066203E+00  0.61763785E-01  0.14737930E+00 
 0.15083371E+02     23  0.29781648E-01  0.12686105E+00  0.10944821E+00  0.35766649E-02  0.25380757E+00  0.12921326E+00  0.69705582E-01  0.16909483E+00  0.19217358E-01  0.89289402E-01 
 0.15739170E+02     24  0.25621753E+00  0.27433923E-01  0.26524392E-01  0.81251258E-01  0.18441195E+00  0.20491169E+00  0.82086090E-02  0.29610620E-01  0.78882404E-01  0.10252986E+00 
 0.16394969E+02     25  0.99905409E+00  0.94464481E-03  0.12337948E-05  0.52288745E-09  0.10990163E-07  0.15482968E-07  0.51853771E-09  0.82755989E-10  0.13523604E-08  0.24539786E-13 
 0.17050767E+02     26  0.99950875E+00  0.49105884E-03  0.16084639E-06  0.74814857E-08  0.16429327E-08  0.18077084E-07  0.33302229E-09  0.12038105E-10  0.17548658E-11  0.19411056E-13 
 0.17706566E+02     27  0.99976227E+00  0.23748552E-03  0.22249795E-06  0.36779199E-08  0.34433927E-08  0.11098278E-07  0.23386091E-09  0.12562759E-09  0.25564648E-10  0.63345495E-15 
 0.18362365E+02     28  0.99988974E+00  0.11000454E-03  0.25417107E-06  0.19611688E-09  0.30344739E-09  0.25022099E-08  0.22125920E-10  0.11662523E-10  0.28642368E-11  0.22913449E-15 
 0.19018164E+02     29  0.99994558E+00  0.54184368E-04  0.23139760E-06  0.61649697E-09  0.11340089E-08  0.32900658E-09  0.79133903E-11  0.61302575E-13  0.13935684E-11  0.41478387E-15 
 0.19673962E+02     30  0.99997224E+00  0.27670832E-04  0.91154387E-07  0.21833803E-09  0.76531152E-10  0.83520386E-09  0.38026373E-11  0.28040736E-13  0.73111730E-13  0.28823349E-15 
 
