STATE= 1
j12= 0
m12= 0
ENERGY#1, U(i)= 10.000 cm^-1
J_TOTAL  CHANNEL=     1  CHANNEL=     2  CHANNEL=     3  CHANNEL=     4  CHANNEL=     5  CHANNEL=     6  CHANNEL=     7  CHANNEL=     8  CHANNEL=     9  CHANNEL=    10  
    0    0.12435439E-01  0.79430567E-01  0.39009563E-01  0.24349861E-02  0.10810511E+00  0.40695441E-01  0.27007809E-01  0.21137202E-01  0.20840302E-01  0.27154005E-01 
    1    0.00000000E+00  0.00000000E+00  0.00000000E+00  0.00000000E+00  0.00000000E+00  0.00000000E+00  0.00000000E+00  0.00000000E+00  0.00000000E+00  0.00000000E+00 
    2    0.14831650E+00  0.23167245E+00  0.29845413E+00  0.14843801E-01  0.13865378E+00  0.36205951E+00  0.66806280E-01  0.18978709E+00  0.22066296E+00  0.21930236E+00 
    3    0.00000000E+00  0.00000000E+00  0.00000000E+00  0.00000000E+00  0.00000000E+00  0.00000000E+00  0.00000000E+00  0.00000000E+00  0.00000000E+00  0.00000000E+00 
    4    0.70113579E-01  0.51352781E+00  0.31942134E+00  0.10619964E-02  0.52840442E+00  0.45113413E+00  0.27403987E-01  0.89282779E-01  0.11125738E+01  0.29096875E+00 
    5    0.00000000E+00  0.00000000E+00  0.00000000E+00  0.00000000E+00  0.00000000E+00  0.00000000E+00  0.00000000E+00  0.00000000E+00  0.00000000E+00  0.00000000E+00 
    6    0.26125393E-01  0.61959870E-01  0.10155371E+01  0.66060036E+00  0.46465188E+00  0.42579792E+00  0.36468539E+00  0.48963950E+00  0.44766720E+00  0.96041826E+00 
    7    0.00000000E+00  0.00000000E+00  0.00000000E+00  0.00000000E+00  0.00000000E+00  0.00000000E+00  0.00000000E+00  0.00000000E+00  0.00000000E+00  0.00000000E+00 
    8    0.11007827E+00  0.10583875E+00  0.18575538E+00  0.40859116E+00  0.58666744E+00  0.97977585E+00  0.14801913E+00  0.78443228E+00  0.74942336E+00  0.23724864E+01 
    9    0.00000000E+00  0.00000000E+00  0.00000000E+00  0.00000000E+00  0.00000000E+00  0.00000000E+00  0.00000000E+00  0.00000000E+00  0.00000000E+00  0.00000000E+00 
   10    0.16467896E+01  0.32147745E+00  0.10295879E+01  0.41264468E+00  0.67941473E+00  0.11913786E+01  0.24603115E+00  0.81662543E-01  0.55726160E+00  0.17766919E+01 
   11    0.00000000E+00  0.00000000E+00  0.00000000E+00  0.00000000E+00  0.00000000E+00  0.00000000E+00  0.00000000E+00  0.00000000E+00  0.00000000E+00  0.00000000E+00 
   12    0.11727425E+01  0.64643551E+00  0.10813954E+01  0.27224974E+00  0.11349456E+01  0.16049029E+01  0.13595085E+00  0.19598226E+00  0.23423266E+01  0.86864607E+00 
   13    0.00000000E+00  0.00000000E+00  0.00000000E+00  0.00000000E+00  0.00000000E+00  0.00000000E+00  0.00000000E+00  0.00000000E+00  0.00000000E+00  0.00000000E+00 
   14    0.12980744E+01  0.24825116E+00  0.63277394E+00  0.94823567E+00  0.69289155E+00  0.62476632E+00  0.45537504E+00  0.19525852E+01  0.26458312E+01  0.14724878E+01 
   15    0.00000000E+00  0.00000000E+00  0.00000000E+00  0.00000000E+00  0.00000000E+00  0.00000000E+00  0.00000000E+00  0.00000000E+00  0.00000000E+00  0.00000000E+00 
   16    0.28649183E+00  0.33739420E+00  0.45853767E+01  0.38570604E+00  0.43217412E+00  0.17711830E+01  0.62611059E+00  0.35774916E+00  0.11973937E+01  0.25052365E+01 
   17    0.00000000E+00  0.00000000E+00  0.00000000E+00  0.00000000E+00  0.00000000E+00  0.00000000E+00  0.00000000E+00  0.00000000E+00  0.00000000E+00  0.00000000E+00 
   18    0.82133156E-01  0.58138622E+00  0.15645835E+00  0.75831047E+00  0.10959469E+01  0.62232674E+01  0.15591553E+00  0.50111775E+00  0.23993422E+01  0.20446498E+01 
   19    0.00000000E+00  0.00000000E+00  0.00000000E+00  0.00000000E+00  0.00000000E+00  0.00000000E+00  0.00000000E+00  0.00000000E+00  0.00000000E+00  0.00000000E+00 
   20    0.26853016E+01  0.26889569E+01  0.21001689E+00  0.28413112E+00  0.81557306E+00  0.15354120E+01  0.33594310E+00  0.14835325E+01  0.31154077E+01  0.23577288E+01 
   21    0.00000000E+00  0.00000000E+00  0.00000000E+00  0.00000000E+00  0.00000000E+00  0.00000000E+00  0.00000000E+00  0.00000000E+00  0.00000000E+00  0.00000000E+00 
   22    0.50586195E+00  0.46931335E+00  0.11986856E+01  0.15077934E+01  0.64609853E+00  0.73475047E+01  0.75613438E-01  0.17138449E+01  0.10515737E+01  0.25092406E+01 
   23    0.00000000E+00  0.00000000E+00  0.00000000E+00  0.00000000E+00  0.00000000E+00  0.00000000E+00  0.00000000E+00  0.00000000E+00  0.00000000E+00  0.00000000E+00 
   24    0.47500504E+01  0.50860109E+00  0.49173918E+00  0.15063277E+01  0.34188374E+01  0.37988846E+01  0.15218048E+00  0.54895518E+00  0.14624112E+01  0.19008146E+01 
   25    0.00000000E+00  0.00000000E+00  0.00000000E+00  0.00000000E+00  0.00000000E+00  0.00000000E+00  0.00000000E+00  0.00000000E+00  0.00000000E+00  0.00000000E+00 
   26    0.20042679E+02  0.98469720E-02  0.32253770E-05  0.15002271E-06  0.32944956E-07  0.36249126E-06  0.66779394E-08  0.24139446E-09  0.35189499E-10  0.38924078E-12 
   27    0.00000000E+00  0.00000000E+00  0.00000000E+00  0.00000000E+00  0.00000000E+00  0.00000000E+00  0.00000000E+00  0.00000000E+00  0.00000000E+00  0.00000000E+00 
   28    0.21563550E+02  0.23723501E-02  0.54814350E-05  0.42294425E-08  0.65441246E-08  0.53962480E-07  0.47716601E-09  0.25151314E-09  0.61769925E-10  0.49414980E-14 
   29    0.00000000E+00  0.00000000E+00  0.00000000E+00  0.00000000E+00  0.00000000E+00  0.00000000E+00  0.00000000E+00  0.00000000E+00  0.00000000E+00  0.00000000E+00 
   30    0.23078686E+02  0.63862418E-03  0.21037819E-05  0.50390946E-08  0.17662875E-08  0.19275943E-07  0.87762309E-10  0.64716130E-12  0.16873695E-11  0.66522349E-14 
