|----------------------------------------------------------|
|                      	    MQCT                           |
|          THE PROGRAM IS TO PERFORM ROTATIONALLY          |
|   AND VIBRATIONALLY INELASTIC SCATTERING CALCULATIONS.   |
|      	     TO SITE THIS WORK, PLEASE REFER TO:           |
|          A. SEMENOV, B. MANDAL, and D. BABIKOV,          |
|          COMPUTER PHYSICS COMMUNICATIONS, 2020           |
|----------------------------------------------------------|
 
THIS RUN PERFORMED ON 11/ 3/2022 at  12 p.m. 49 minutes, LOCAL MACHINE TIME
YOUR JOB NAME: H2O+H2
 
REDUCED MASS,A.M.U.: MASS =    1.813
 
THE POTENTIAL RANGE: FROM Rmin =   3.50 TO Rmax = 20.00 BOHR
 
COLLISIONAL ENERGIES, CM-1:
E(   1)=  100.000;
 
MAX IMPACT PARAMETER IS,a.u =     15.000
ORBITAL ANGULAR MOMENTUM STEP_SIZE:=   1
 
 
ALL TRAJECTORIES WILL BE STOPPED AFTER TIME_LIMT=  0.3500E+07
 
TRAPPED TRAJECTIRY WILL STOP AFTER   1 ROUNDS AND    1 OSCILLATIONS
 
PROPAGATOR TYPE: RUNGE-KUTTA 4-TH ORDER
TIME STEP IN RUNGE-KUTTA 4TH ORDER        10.00
 
THE COLLISIONAL SYSTEM: ASYMMETRIC TOP + DIATOMIC TOP
ROTATIONAL CONSTANTS OF #1 MOLECULE ARE, CM-1: A =  27.88 ; B =    9.28; C =   14.52 ;
ROT.CONSTANT OF DIATOMIC MOLECULE, CM-1, BE =    60.8530
DISTORTION, CM-1, DE =    0.0000000
CHANNELS ENERGIES, CM-1:
#N =          J1         KA         KC         J2          E
    1          1          0          1          0     23.799
    2          1          1          0          0     42.402
INITIAL STATE IS:J1 =    1; KA =    0; KC =	   1; J2 =	   0
 
THE POTENTIAL R-UNITS ARE BOHRS
THE POTENTIAL ENERGY IS IN CM-1
 
COULPING MATRIX WILL BE COMPUTED USING NUMERICAL  INTEGRATION OF POTENTIAL OVER THE WAVEFUNCTIONS
 
 
THE SYSTEM SETUP DONE SUCCESFULLY
