 MPI INITIALIZED
 PARSERING OF USER INPUT
 ARRAY_INI_STARTED
 STATES_SIZE_FOUND         369
 number_of_channels          27
 jmax_included           7
 BASIS ARRAYS CREATED
ARRAYS ALLOCATION TOOK TIME, s =             0.001
 TOTAL_SIZE_OF_M =         7273
THE SIZE OF THE Mij COMPUTED BY EACH PROCESSOR= 41
rm: cannot remove 'MATRIX_FILES': No such file or directory
rm: cannot remove 'MATRIX_TRUNCATED': No such file or directory
 COMPUTING MATRIX ELEMENTS STARTED
 USER TERM FILE IS BEING READ 
 TERMS ARE BEING READ
 TERMS HAVE BEEN READ
 TERM MATRIX CREATED 
Trucation #1 at #R = 12, R = 5.970, and #2 at #R = 20, R = 8.130
 #proc =            0          10 %, 
 #proc =           12          10 %, 
 #proc =            1          10 %, 
 #proc =            0          20 %, 
 #proc =            2          10 %, 
 #proc =            5          10 %, 
 #proc =            0          30 %, 
 #proc =            1          20 %, 
 #proc =            2          20 %, 
 #proc =            4          10 %, 
 #proc =           12          20 %, 
 #proc =           10          10 %, 
 #proc =            0          40 %, 
 #proc =            3          10 %, 
 #proc =            0          50 %, 
 #proc =            4          20 %, 
 #proc =           38          10 %, 
 #proc =          171          10 %, 
 #proc =           48          10 %, 
 #proc =           11          10 %, 
 #proc =            5          20 %, 
 #proc =            0          60 %, 
 #proc =            1          30 %, 
 #proc =           51          10 %, 
 #proc =            2          30 %, 
 #proc =            9          10 %, 
 #proc =            0          70 %, 
 #proc =           10          20 %, 
 #proc =           13          10 %, 
 #proc =            8          10 %, 
 #proc =            1          40 %, 
 #proc =            5          30 %, 
 #proc =            3          20 %, 
 #proc =            4          30 %, 
 #proc =            0          80 %, 
 #proc =           34          10 %, 
 #proc =           12          30 %, 
 #proc =            7          10 %, 
 #proc =            6          10 %, 
 #proc =            1          50 %, 
 #proc =           50          10 %, 
 #proc =            0          90 %, 
 #proc =           10          30 %, 
 #proc =          171          20 %, 
 #proc =           32          10 %, 
 #proc =            5          40 %, 
 #proc =           19          10 %, 
 #proc =          168          10 %, 
 #proc =            2          40 %, 
 #proc =           48          20 %, 
 #proc =            0         100 %, 
 #proc =           18          10 %, 
 #proc =           15          10 %, 
 #proc =            1          60 %, 
 #proc =           97          10 %, 
 #proc =           51          20 %, 
 #proc =           20          10 %, 
 #proc =            5          50 %, 
 #proc =            8          20 %, 
 #proc =           67          10 %, 
 #proc =           11          20 %, 
 #proc =           10          40 %, 
 #proc =           68          10 %, 
 #proc =           16          10 %, 
 #proc =            4          40 %, 
 #proc =            9          20 %, 
 #proc =           14          10 %, 
 #proc =           12          40 %, 
 #proc =           17          10 %, 
 #proc =            5          60 %, 
 #proc =            1          70 %, 
 #proc =          167          10 %, 
 #proc =          102          10 %, 
 #proc =            3          30 %, 
 #proc =            2          50 %, 
 #proc =           69          10 %, 
 #proc =          104          10 %, 
 #proc =           33          10 %, 
 #proc =            6          20 %, 
 #proc =           10          50 %, 
 #proc =            7          20 %, 
 #proc =           31          10 %, 
 #proc =           13          20 %, 
 #proc =           34          20 %, 
 #proc =          170          10 %, 
 #proc =           72          10 %, 
 #proc =           11          30 %, 
 #proc =            4          50 %, 
 #proc =            1          80 %, 
 #proc =           45          10 %, 
 #proc =           12          50 %, 
 #proc =            5          70 %, 
 #proc =           10          60 %, 
 #proc =            8          30 %, 
 #proc =           45          20 %, 
 #proc =           26          10 %, 
 #proc =           18          20 %, 
 #proc =            3          40 %, 
 #proc =          171          30 %, 
 #proc =            6          30 %, 
 #proc =           50          20 %, 
 #proc =           58          10 %, 
 #proc =            2          60 %, 
 #proc =           68          20 %, 
 #proc =           20          20 %, 
 #proc =            7          30 %, 
 #proc =          100          10 %, 
 #proc =            1          90 %, 
 #proc =           32          20 %, 
 #proc =           19          20 %, 
 #proc =           38          20 %, 
 #proc =            9          30 %, 
 #proc =            5          80 %, 
 #proc =           10          70 %, 
 #proc =           16          20 %, 
 #proc =           63          10 %, 
 #proc =           48          30 %, 
 #proc =           15          20 %, 
 #proc =           14          20 %, 
 #proc =           19          30 %, 
 #proc =           51          30 %, 
 #proc =           33          20 %, 
 #proc =            1         100 %, 
 #proc =           27          10 %, 
 #proc =           67          20 %, 
 #proc =           22          10 %, 
 #proc =           11          40 %, 
 #proc =            4          60 %, 
 #proc =           19          40 %, 
 #proc =          168          20 %, 
 #proc =           25          10 %, 
 #proc =           12          60 %, 
 #proc =           47          10 %, 
 #proc =           40          10 %, 
 #proc =           10          80 %, 
 #proc =           66          10 %, 
 #proc =            2          70 %, 
 #proc =          169          10 %, 
 #proc =           43          10 %, 
 #proc =           44          10 %, 
 #proc =           56          10 %, 
 #proc =           31          20 %, 
 #proc =           17          20 %, 
 #proc =            3          50 %, 
 #proc =            5          90 %, 
 #proc =           62          10 %, 
 #proc =            6          40 %, 
 #proc =           97          20 %, 
 #proc =           13          30 %, 
 #proc =           19          50 %, 
 #proc =           20          30 %, 
 #proc =           37          10 %, 
 #proc =          167          20 %, 
 #proc =           68          30 %, 
 #proc =            8          40 %, 
 #proc =           18          30 %, 
 #proc =           98          10 %, 
 #proc =            7          40 %, 
 #proc =           10          90 %, 
 #proc =           28          10 %, 
 #proc =           11          50 %, 
 #proc =           70          10 %, 
 #proc =          102          20 %, 
 #proc =           32          30 %, 
 #proc =            8          50 %, 
 #proc =           34          30 %, 
 #proc =           26          20 %, 
 #proc =           36          10 %, 
 #proc =           14          30 %, 
 #proc =           54          10 %, 
 #proc =            9          40 %, 
 #proc =           23          10 %, 
 #proc =            2          80 %, 
 #proc =           12          70 %, 
 #proc =            5         100 %, 
 #proc =            4          70 %, 
 #proc =           16          30 %, 
 #proc =           90          10 %, 
 #proc =            6          50 %, 
 #proc =           38          30 %, 
 #proc =           55          10 %, 
 #proc =           96          10 %, 
 #proc =           19          60 %, 
 #proc =           29          10 %, 
 #proc =           21          10 %, 
 #proc =           33          30 %, 
 #proc =           53          10 %, 
 #proc =           72          20 %, 
 #proc =            3          60 %, 
 #proc =           11          60 %, 
 #proc =           67          30 %, 
 #proc =           47          20 %, 
 #proc =            7          50 %, 
 #proc =           59          10 %, 
 #proc =            2          90 %, 
 #proc =            8          60 %, 
 #proc =           24          10 %, 
 #proc =           51          40 %, 
 #proc =           31          30 %, 
 #proc =           10         100 %, 
 #proc =           18          40 %, 
 #proc =           15          30 %, 
 #proc =            6          60 %, 
 #proc =           20          40 %, 
 #proc =           68          40 %, 
 #proc =           13          40 %, 
 #proc =           42          10 %, 
 #proc =            4          80 %, 
 #proc =           19          70 %, 
 #proc =           12          80 %, 
 #proc =          171          40 %, 
 #proc =           49          10 %, 
 #proc =          168          30 %, 
 #proc =            9          50 %, 
 #proc =           71          10 %, 
 #proc =           85          10 %, 
 #proc =           49          20 %, 
 #proc =            2         100 %, 
 #proc =            3          70 %, 
 #proc =           14          40 %, 
 #proc =          103          10 %, 
 #proc =           30          10 %, 
 #proc =           35          10 %, 
 #proc =           11          70 %, 
 #proc =           34          40 %, 
 #proc =           17          30 %, 
 #proc =           62          20 %, 
 #proc =          139          10 %, 
 #proc =          124          10 %, 
 #proc =          104          20 %, 
 #proc =           33          40 %, 
 #proc =            4          90 %, 
 #proc =            9          60 %, 
 #proc =            7          60 %, 
 #proc =           16          40 %, 
 #proc =          170          20 %, 
 #proc =            8          70 %, 
 #proc =           67          40 %, 
 #proc =           18          50 %, 
 #proc =          100          20 %, 
 #proc =           97          30 %, 
 #proc =           45          30 %, 
 #proc =           70          20 %, 
 #proc =           51          50 %, 
 #proc =           47          30 %, 
 #proc =            6          70 %, 
 #proc =           48          40 %, 
 #proc =           19          80 %, 
 #proc =           49          30 %, 
 #proc =          116          10 %, 
 #proc =          169          20 %, 
 #proc =          146          10 %, 
 #proc =            9          70 %, 
 #proc =            4         100 %, 
 #proc =            3          80 %, 
 #proc =           12          90 %, 
 #proc =           20          50 %, 
 #proc =           72          30 %, 
 #proc =           31          40 %, 
 #proc =          117          10 %, 
 #proc =          102          30 %, 
 #proc =           13          50 %, 
 #proc =           27          20 %, 
 #proc =            6          80 %, 
 #proc =           52          10 %, 
 #proc =           71          20 %, 
 #proc =           93          10 %, 
 #proc =           11          80 %, 
 #proc =           21          20 %, 
 #proc =           37          20 %, 
 #proc =          167          30 %, 
 #proc =            8          80 %, 
 #proc =           58          20 %, 
 #proc =           43          20 %, 
 #proc =           63          20 %, 
 #proc =           50          30 %, 
 #proc =           25          20 %, 
 #proc =           11          90 %, 
 #proc =            9          80 %, 
 #proc =           15          40 %, 
 #proc =           53          20 %, 
 #proc =           40          20 %, 
 #proc =          106          10 %, 
 #proc =           83          10 %, 
 #proc =           49          40 %, 
 #proc =           11         100 %, 
 #proc =          100          30 %, 
 #proc =            6          90 %, 
 #proc =           62          30 %, 
 #proc =            3          90 %, 
 #proc =          171          50 %, 
 #proc =           18          60 %, 
 #proc =           69          20 %, 
 #proc =            7          70 %, 
 #proc =           47          40 %, 
 #proc =            9          90 %, 
 #proc =           34          50 %, 
 #proc =           51          60 %, 
 #proc =           13          60 %, 
 #proc =           66          20 %, 
 #proc =           14          50 %, 
 #proc =          123          10 %, 
 #proc =           32          40 %, 
 #proc =           28          20 %, 
 #proc =           12         100 %, 
 #proc =           19          90 %, 
 #proc =           29          20 %, 
 #proc =           67          50 %, 
 #proc =           49          50 %, 
 #proc =           17          40 %, 
 #proc =           26          30 %, 
 #proc =           20          60 %, 
 #proc =           90          20 %, 
 #proc =            6         100 %, 
 #proc =           71          30 %, 
 #proc =            9         100 %, 
 #proc =           38          40 %, 
 #proc =           72          40 %, 
 #proc =            3         100 %, 
 #proc =            8          90 %, 
 #proc =           16          50 %, 
 #proc =           43          30 %, 
 #proc =          104          30 %, 
 #proc =          110          10 %, 
 #proc =           77          10 %, 
 #proc =          134          10 %, 
 #proc =           53          30 %, 
 #proc =          174          10 %, 
 #proc =          108          10 %, 
 #proc =           13          70 %, 
 #proc =          100          40 %, 
 #proc =           47          50 %, 
 #proc =            7          80 %, 
 #proc =           18          70 %, 
 #proc =           55          20 %, 
 #proc =           48          50 %, 
 #proc =           62          40 %, 
 #proc =           68          50 %, 
 #proc =           23          20 %, 
 #proc =           31          50 %, 
 #proc =           19         100 %, 
 #proc =           51          70 %, 
 #proc =           71          40 %, 
 #proc =          129          10 %, 
 #proc =           67          60 %, 
 #proc =           20          70 %, 
 #proc =           15          50 %, 
 #proc =           34          60 %, 
 #proc =            8         100 %, 
 #proc =           48          60 %, 
 #proc =           72          50 %, 
 #proc =           33          50 %, 
 #proc =           30          20 %, 
 #proc =           14          60 %, 
 #proc =          109          10 %, 
 #proc =          173          10 %, 
 #proc =          172          10 %, 
 #proc =           43          40 %, 
 #proc =           70          30 %, 
 #proc =          167          40 %, 
 #proc =           84          10 %, 
 #proc =           60          10 %, 
 #proc =          170          30 %, 
 #proc =           87          10 %, 
 #proc =           58          30 %, 
 #proc =           18          80 %, 
 #proc =           47          60 %, 
 #proc =           49          60 %, 
 #proc =           34          70 %, 
 #proc =          100          50 %, 
 #proc =           24          20 %, 
 #proc =           31          60 %, 
 #proc =           25          30 %, 
 #proc =           16          60 %, 
 #proc =            7          90 %, 
 #proc =           92          10 %, 
 #proc =           53          40 %, 
 #proc =           91          10 %, 
 #proc =           22          20 %, 
 #proc =          107          10 %, 
 #proc =           40          30 %, 
 #proc =          142          10 %, 
 #proc =           54          20 %, 
 #proc =           56          20 %, 
 #proc =           67          70 %, 
 #proc =           13          80 %, 
 #proc =          171          60 %, 
 #proc =          133          10 %, 
 #proc =           71          50 %, 
 #proc =           48          70 %, 
 #proc =           17          50 %, 
 #proc =          168          40 %, 
 #proc =          169          30 %, 
 #proc =           20          80 %, 
 #proc =           15          60 %, 
 #proc =           18          90 %, 
 #proc =           28          30 %, 
 #proc =           97          40 %, 
 #proc =          136          10 %, 
 #proc =           36          20 %, 
 #proc =          172          20 %, 
 #proc =           32          50 %, 
 #proc =          157          10 %, 
 #proc =           47          70 %, 
 #proc =          102          40 %, 
 #proc =          101          10 %, 
 #proc =           72          60 %, 
 #proc =            7         100 %, 
 #proc =          143          10 %, 
 #proc =           99          10 %, 
 #proc =          124          20 %, 
 #proc =           62          50 %, 
 #proc =           65          10 %, 
 #proc =           96          20 %, 
 #proc =          100          60 %, 
 #proc =           50          40 %, 
 #proc =          175          10 %, 
 #proc =           59          20 %, 
 #proc =          123          20 %, 
 #proc =           31          70 %, 
 #proc =           14          70 %, 
 #proc =           48          80 %, 
 #proc =           32          60 %, 
 #proc =           76          10 %, 
 #proc =          167          50 %, 
 #proc =           29          30 %, 
 #proc =           67          80 %, 
 #proc =           44          20 %, 
 #proc =          131          10 %, 
 #proc =           90          30 %, 
 #proc =          130          10 %, 
 #proc =           18         100 %, 
 #proc =           51          80 %, 
 #proc =           69          30 %, 
 #proc =           34          80 %, 
 #proc =           47          80 %, 
 #proc =           17          60 %, 
 #proc =          101          20 %, 
 #proc =           37          30 %, 
 #proc =           43          50 %, 
 #proc =           27          30 %, 
 #proc =          172          30 %, 
 #proc =           70          40 %, 
 #proc =           15          70 %, 
 #proc =           20          90 %, 
 #proc =           14          80 %, 
 #proc =           32          70 %, 
 #proc =           13          90 %, 
 #proc =          147          10 %, 
 #proc =           68          60 %, 
 #proc =           41          10 %, 
 #proc =           98          20 %, 
 #proc =          116          20 %, 
 #proc =          113          10 %, 
 #proc =          141          10 %, 
 #proc =          132          10 %, 
 #proc =           31          80 %, 
 #proc =           16          70 %, 
 #proc =           85          20 %, 
 #proc =           30          30 %, 
 #proc =           33          60 %, 
 #proc =           45          40 %, 
 #proc =           23          30 %, 
 #proc =          175          20 %, 
 #proc =          167          60 %, 
 #proc =          112          10 %, 
 #proc =           14          90 %, 
 #proc =           70          50 %, 
 #proc =           86          10 %, 
 #proc =           48          90 %, 
 #proc =          171          70 %, 
 #proc =           96          30 %, 
 #proc =           58          40 %, 
 #proc =           34          90 %, 
 #proc =           55          30 %, 
 #proc =           15          80 %, 
 #proc =           32          80 %, 
 #proc =           97          50 %, 
 #proc =          101          30 %, 
 #proc =          151          10 %, 
 #proc =           49          70 %, 
 #proc =           17          70 %, 
 #proc =           53          50 %, 
 #proc =           21          30 %, 
 #proc =           98          30 %, 
 #proc =           14         100 %, 
 #proc =           62          60 %, 
 #proc =          103          20 %, 
 #proc =          117          20 %, 
 #proc =          172          40 %, 
 #proc =           16          80 %, 
 #proc =           22          30 %, 
 #proc =          160          10 %, 
 #proc =           25          40 %, 
 #proc =          102          50 %, 
 #proc =           67          90 %, 
 #proc =           33          70 %, 
 #proc =           71          60 %, 
 #proc =          104          40 %, 
 #proc =          170          40 %, 
 #proc =          161          10 %, 
 #proc =          106          20 %, 
 #proc =          155          10 %, 
 #proc =           72          70 %, 
 #proc =           13         100 %, 
 #proc =          127          10 %, 
 #proc =           15          90 %, 
 #proc =           32          90 %, 
 #proc =           99          20 %, 
 #proc =           47          90 %, 
 #proc =           50          50 %, 
 #proc =           51          90 %, 
 #proc =           26          40 %, 
 #proc =           70          60 %, 
 #proc =           83          20 %, 
 #proc =           99          30 %, 
 #proc =          128          10 %, 
 #proc =           43          60 %, 
 #proc =          133          20 %, 
 #proc =          140          10 %, 
 #proc =           28          40 %, 
 #proc =          101          40 %, 
 #proc =          113          20 %, 
 #proc =           97          60 %, 
 #proc =           34         100 %, 
 #proc =          175          30 %, 
 #proc =           31          90 %, 
 #proc =           98          40 %, 
 #proc =           17          80 %, 
 #proc =           15         100 %, 
 #proc =          172          50 %, 
 #proc =           63          30 %, 
 #proc =           24          30 %, 
 #proc =           39          10 %, 
 #proc =           20         100 %, 
 #proc =           50          60 %, 
 #proc =          123          30 %, 
 #proc =           65          20 %, 
 #proc =           99          40 %, 
 #proc =           35          20 %, 
 #proc =          111          10 %, 
 #proc =           16          90 %, 
 #proc =           61          10 %, 
 #proc =           96          40 %, 
 #proc =           90          40 %, 
 #proc =           41          20 %, 
 #proc =           33          80 %, 
 #proc =          102          60 %, 
 #proc =           57          10 %, 
 #proc =           74          10 %, 
 #proc =          105          10 %, 
 #proc =           64          10 %, 
 #proc =           89          10 %, 
 #proc =           99          50 %, 
 #proc =          120          10 %, 
 #proc =           47         100 %, 
 #proc =           29          40 %, 
 #proc =          168          50 %, 
 #proc =           70          70 %, 
 #proc =           42          20 %, 
 #proc =          167          70 %, 
 #proc =           68          70 %, 
 #proc =           66          30 %, 
 #proc =           17          90 %, 
 #proc =           50          70 %, 
 #proc =          175          40 %, 
 #proc =           97          70 %, 
 #proc =           27          40 %, 
 #proc =           98          50 %, 
 #proc =           69          40 %, 
 #proc =           46          10 %, 
 #proc =           58          50 %, 
 #proc =           99          60 %, 
 #proc =          100          70 %, 
 #proc =          122          10 %, 
 #proc =           68          80 %, 
 #proc =          174          20 %, 
 #proc =           33          90 %, 
 #proc =          101          50 %, 
 #proc =           49          80 %, 
 #proc =           16         100 %, 
 #proc =           17         100 %, 
 #proc =           91          20 %, 
 #proc =           21          40 %, 
 #proc =           40          40 %, 
 #proc =          102          70 %, 
 #proc =          113          30 %, 
 #proc =          154          10 %, 
 #proc =           62          70 %, 
 #proc =          169          40 %, 
 #proc =           98          60 %, 
 #proc =           50          80 %, 
 #proc =           96          50 %, 
 #proc =           97          80 %, 
 #proc =           51         100 %, 
 #proc =           94          10 %, 
 #proc =           49          90 %, 
 #proc =           52          20 %, 
 #proc =           32         100 %, 
 #proc =          125          10 %, 
 #proc =           31         100 %, 
 #proc =           71          70 %, 
 #proc =           84          20 %, 
 #proc =           68          90 %, 
 #proc =           80          10 %, 
 #proc =          172          60 %, 
 #proc =           43          70 %, 
 #proc =           38          50 %, 
 #proc =           49         100 %, 
 #proc =           35          30 %, 
 #proc =           22          40 %, 
 #proc =           61          20 %, 
 #proc =           55          40 %, 
 #proc =           30          40 %, 
 #proc =           41          30 %, 
 #proc =           48         100 %, 
 #proc =          118          10 %, 
 #proc =           70          80 %, 
 #proc =          124          30 %, 
 #proc =          171          80 %, 
 #proc =           27          50 %, 
 #proc =           96          60 %, 
 #proc =          108          20 %, 
 #proc =           85          30 %, 
 #proc =           23          40 %, 
 #proc =           95          10 %, 
 #proc =          134          20 %, 
 #proc =          158          10 %, 
 #proc =          157          20 %, 
 #proc =          136          20 %, 
 #proc =           33         100 %, 
 #proc =           60          20 %, 
 #proc =           44          30 %, 
 #proc =          143          20 %, 
 #proc =           69          50 %, 
 #proc =           99          70 %, 
 #proc =           73          10 %, 
 #proc =          175          50 %, 
 #proc =           37          40 %, 
 #proc =           50          90 %, 
 #proc =          103          30 %, 
 #proc =          106          30 %, 
 #proc =          102          80 %, 
 #proc =          150          10 %, 
 #proc =           65          30 %, 
 #proc =           25          50 %, 
 #proc =           69          60 %, 
 #proc =          101          60 %, 
 #proc =          146          20 %, 
 #proc =           76          20 %, 
 #proc =           96          70 %, 
 #proc =           72          80 %, 
 #proc =          167          80 %, 
 #proc =          110          20 %, 
 #proc =          173          20 %, 
 #proc =           98          70 %, 
 #proc =           62          80 %, 
 #proc =           83          30 %, 
 #proc =           69          70 %, 
 #proc =           97          90 %, 
 #proc =           36          30 %, 
 #proc =          100          80 %, 
 #proc =          116          30 %, 
 #proc =           71          80 %, 
 #proc =           93          20 %, 
 #proc =          117          30 %, 
 #proc =           79          10 %, 
 #proc =           26          50 %, 
 #proc =           21          50 %, 
 #proc =          171          90 %, 
 #proc =           99          80 %, 
 #proc =          109          20 %, 
 #proc =          112          20 %, 
 #proc =           84          30 %, 
 #proc =           43          80 %, 
 #proc =          131          20 %, 
 #proc =          160          20 %, 
 #proc =           58          60 %, 
 #proc =           27          60 %, 
 #proc =          172          70 %, 
 #proc =           56          30 %, 
 #proc =          141          20 %, 
 #proc =           69          80 %, 
 #proc =           61          30 %, 
 #proc =          102          90 %, 
 #proc =          170          50 %, 
 #proc =           96          80 %, 
 #proc =           22          50 %, 
 #proc =           90          50 %, 
 #proc =          114          10 %, 
 #proc =           71          90 %, 
 #proc =           35          40 %, 
 #proc =           28          50 %, 
 #proc =           77          20 %, 
 #proc =           45          50 %, 
 #proc =           69          90 %, 
 #proc =           38          60 %, 
 #proc =          113          40 %, 
 #proc =           91          30 %, 
 #proc =           27          70 %, 
 #proc =           37          50 %, 
 #proc =           70          90 %, 
 #proc =          123          40 %, 
 #proc =           63          40 %, 
 #proc =           50         100 %, 
 #proc =           41          40 %, 
 #proc =           53          60 %, 
 #proc =           44          40 %, 
 #proc =           59          30 %, 
 #proc =          101          70 %, 
 #proc =          105          20 %, 
 #proc =          129          20 %, 
 #proc =           87          20 %, 
 #proc =          147          20 %, 
 #proc =           25          60 %, 
 #proc =          161          20 %, 
 #proc =           39          20 %, 
 #proc =          155          20 %, 
 #proc =           66          40 %, 
 #proc =           62          90 %, 
 #proc =           65          40 %, 
 #proc =           30          50 %, 
 #proc =           43          90 %, 
 #proc =          140          20 %, 
 #proc =           27          80 %, 
 #proc =           99          90 %, 
 #proc =          142          20 %, 
 #proc =          107          20 %, 
 #proc =           60          30 %, 
 #proc =           92          20 %, 
 #proc =           40          50 %, 
 #proc =           21          60 %, 
 #proc =           98          80 %, 
 #proc =           54          30 %, 
 #proc =          169          50 %, 
 #proc =           61          40 %, 
 #proc =          123          50 %, 
 #proc =           96          90 %, 
 #proc =           84          40 %, 
 #proc =          100          90 %, 
 #proc =           26          60 %, 
 #proc =          156          10 %, 
 #proc =           24          40 %, 
 #proc =          172          80 %, 
 #proc =           29          50 %, 
 #proc =          126          10 %, 
 #proc =          167          90 %, 
 #proc =          149          10 %, 
 #proc =          144          10 %, 
 #proc =           35          50 %, 
 #proc =           79          20 %, 
 #proc =          159          10 %, 
 #proc =           28          60 %, 
 #proc =           78          10 %, 
 #proc =          168          60 %, 
 #proc =          119          10 %, 
 #proc =          124          40 %, 
 #proc =           27          90 %, 
 #proc =           30          60 %, 
 #proc =           52          30 %, 
 #proc =           75          10 %, 
 #proc =           90          60 %, 
 #proc =          139          20 %, 
 #proc =          175          60 %, 
 #proc =          121          10 %, 
 #proc =          111          20 %, 
 #proc =           39          30 %, 
 #proc =           88          10 %, 
 #proc =           23          50 %, 
 #proc =           41          50 %, 
 #proc =           36          40 %, 
 #proc =          151          20 %, 
 #proc =           37          60 %, 
 #proc =          130          20 %, 
 #proc =           64          20 %, 
 #proc =          123          60 %, 
 #proc =           57          20 %, 
 #proc =          168          70 %, 
 #proc =          114          20 %, 
 #proc =          101          80 %, 
 #proc =          154          20 %, 
 #proc =          133          30 %, 
 #proc =           42          30 %, 
 #proc =           55          50 %, 
 #proc =           22          60 %, 
 #proc =          127          20 %, 
 #proc =           44          50 %, 
 #proc =           24          50 %, 
 #proc =          104          50 %, 
 #proc =           72          90 %, 
 #proc =           43         100 %, 
 #proc =          116          40 %, 
 #proc =           40          60 %, 
 #proc =          134          30 %, 
 #proc =          112          30 %, 
 #proc =          163          10 %, 
 #proc =          165          10 %, 
 #proc =           25          70 %, 
 #proc =          175          70 %, 
 #proc =           98          90 %, 
 #proc =           27         100 %, 
 #proc =           30          70 %, 
 #proc =          168          80 %, 
 #proc =          137          10 %, 
 #proc =           58          70 %, 
 #proc =          152          10 %, 
 #proc =          172          90 %, 
 #proc =           77          30 %, 
 #proc =          105          30 %, 
 #proc =          170          60 %, 
 #proc =           38          70 %, 
 #proc =           81          10 %, 
 #proc =           26          70 %, 
 #proc =           82          10 %, 
 #proc =           84          50 %, 
 #proc =           61          50 %, 
 #proc =          174          30 %, 
 #proc =           57          30 %, 
 #proc =           23          60 %, 
 #proc =          168          90 %, 
 #proc =           21          70 %, 
 #proc =           65          50 %, 
 #proc =           39          40 %, 
 #proc =           63          50 %, 
 #proc =           36          50 %, 
 #proc =           28          70 %, 
 #proc =           85          40 %, 
 #proc =          103          40 %, 
 #proc =           79          30 %, 
 #proc =          175          80 %, 
 #proc =          122          20 %, 
 #proc =           37          70 %, 
 #proc =           46          20 %, 
 #proc =          150          20 %, 
 #proc =          123          70 %, 
 #proc =           74          20 %, 
 #proc =           24          60 %, 
 #proc =           56          40 %, 
 #proc =          125          20 %, 
 #proc =           35          60 %, 
 #proc =          117          40 %, 
 #proc =          141          30 %, 
 #proc =          120          20 %, 
 #proc =           80          20 %, 
 #proc =           90          70 %, 
 #proc =           66          50 %, 
 #proc =           44          60 %, 
 #proc =          157          30 %, 
 #proc =          113          50 %, 
 #proc =           53          70 %, 
 #proc =           30          80 %, 
 #proc =          111          30 %, 
 #proc =           40          70 %, 
 #proc =           91          40 %, 
 #proc =           45          60 %, 
 #proc =           29          60 %, 
 #proc =           52          40 %, 
 #proc =           25          80 %, 
 #proc =          108          30 %, 
 #proc =           23          70 %, 
 #proc =           22          70 %, 
 #proc =           95          20 %, 
 #proc =           86          20 %, 
 #proc =          136          30 %, 
 #proc =          143          30 %, 
 #proc =           30          90 %, 
 #proc =           64          30 %, 
 #proc =           39          50 %, 
 #proc =          106          40 %, 
 #proc =          147          30 %, 
 #proc =           21          80 %, 
 #proc =           57          40 %, 
 #proc =           46          30 %, 
 #proc =           38          80 %, 
 #proc =          173          30 %, 
 #proc =           66          60 %, 
 #proc =           63          60 %, 
 #proc =           26          80 %, 
 #proc =           24          70 %, 
 #proc =          101          90 %, 
 #proc =          110          30 %, 
 #proc =          149          20 %, 
 #proc =          174          40 %, 
 #proc =          175          90 %, 
 #proc =          123          80 %, 
 #proc =          104          60 %, 
 #proc =           83          40 %, 
 #proc =           28          80 %, 
 #proc =           36          60 %, 
 #proc =           59          40 %, 
 #proc =           84          60 %, 
 #proc =           60          40 %, 
 #proc =           30         100 %, 
 #proc =          166          10 %, 
 #proc =          173          40 %, 
 #proc =          127          30 %, 
 #proc =          118          20 %, 
 #proc =          156          20 %, 
 #proc =           82          20 %, 
 #proc =          132          20 %, 
 #proc =          114          30 %, 
 #proc =           21          90 %, 
 #proc =           64          40 %, 
 #proc =           45          70 %, 
 #proc =          174          50 %, 
 #proc =           52          50 %, 
 #proc =           54          40 %, 
 #proc =           40          80 %, 
 #proc =           22          80 %, 
 #proc =           42          40 %, 
 #proc =           23          80 %, 
 #proc =          158          20 %, 
 #proc =           41          60 %, 
 #proc =           66          70 %, 
 #proc =          138          10 %, 
 #proc =          145          10 %, 
 #proc =          173          50 %, 
 #proc =           37          80 %, 
 #proc =          150          30 %, 
 #proc =           57          50 %, 
 #proc =           58          80 %, 
 #proc =           76          30 %, 
 #proc =           29          70 %, 
 #proc =           93          30 %, 
 #proc =          162          10 %, 
 #proc =           21         100 %, 
 #proc =           56          50 %, 
 #proc =           53          80 %, 
 #proc =           46          40 %, 
 #proc =          153          10 %, 
 #proc =           94          20 %, 
 #proc =           79          40 %, 
 #proc =          129          30 %, 
 #proc =          174          60 %, 
 #proc =          173          60 %, 
 #proc =           61          60 %, 
 #proc =           44          70 %, 
 #proc =           87          30 %, 
 #proc =          169          60 %, 
 #proc =          128          20 %, 
 #proc =          130          30 %, 
 #proc =           36          70 %, 
 #proc =           38          90 %, 
 #proc =           89          20 %, 
 #proc =           60          50 %, 
 #proc =          111          40 %, 
 #proc =           63          70 %, 
 #proc =           73          20 %, 
 #proc =           90          80 %, 
 #proc =          142          30 %, 
 #proc =           22          90 %, 
 #proc =          170          70 %, 
 #proc =          173          70 %, 
 #proc =           55          60 %, 
 #proc =          113          60 %, 
 #proc =          124          50 %, 
 #proc =          159          20 %, 
 #proc =           24          80 %, 
 #proc =          123          90 %, 
 #proc =           42          50 %, 
 #proc =          174          70 %, 
 #proc =          112          40 %, 
 #proc =           84          70 %, 
 #proc =           66          80 %, 
 #proc =           39          60 %, 
 #proc =           23          90 %, 
 #proc =           52          60 %, 
 #proc =           64          50 %, 
 #proc =          105          40 %, 
 #proc =           46          50 %, 
 #proc =          134          40 %, 
 #proc =           45          80 %, 
 #proc =           25          90 %, 
 #proc =           28          90 %, 
 #proc =           75          20 %, 
 #proc =          109          30 %, 
 #proc =          161          30 %, 
 #proc =           58          90 %, 
 #proc =          162          20 %, 
 #proc =          174          80 %, 
 #proc =           24          90 %, 
 #proc =          155          30 %, 
 #proc =           29          80 %, 
 #proc =          158          30 %, 
 #proc =           57          60 %, 
 #proc =          173          80 %, 
 #proc =          108          40 %, 
 #proc =          164          10 %, 
 #proc =          130          40 %, 
 #proc =           40          90 %, 
 #proc =           26          90 %, 
 #proc =          169          70 %, 
 #proc =           35          70 %, 
 #proc =           22         100 %, 
 #proc =           41          70 %, 
 #proc =          114          40 %, 
 #proc =          115          10 %, 
 #proc =           63          80 %, 
 #proc =           42          60 %, 
 #proc =           60          60 %, 
 #proc =          116          50 %, 
 #proc =           77          40 %, 
 #proc =          131          30 %, 
 #proc =           38         100 %, 
 #proc =          169          80 %, 
 #proc =           89          30 %, 
 #proc =           82          30 %, 
 #proc =           52          70 %, 
 #proc =          160          30 %, 
 #proc =          146          30 %, 
 #proc =          107          30 %, 
 #proc =           24         100 %, 
 #proc =           53          90 %, 
 #proc =           66          90 %, 
 #proc =           36          80 %, 
 #proc =           64          60 %, 
 #proc =           85          50 %, 
 #proc =           56          60 %, 
 #proc =           79          50 %, 
 #proc =           92          30 %, 
 #proc =          111          50 %, 
 #proc =           45          90 %, 
 #proc =          156          30 %, 
 #proc =          173          90 %, 
 #proc =           65          60 %, 
 #proc =          169          90 %, 
 #proc =          126          20 %, 
 #proc =           54          50 %, 
 #proc =           74          30 %, 
 #proc =          150          40 %, 
 #proc =           87          40 %, 
 #proc =          149          30 %, 
 #proc =          157          40 %, 
 #proc =           78          20 %, 
 #proc =          130          50 %, 
 #proc =           46          60 %, 
 #proc =           61          70 %, 
 #proc =           39          70 %, 
 #proc =           91          50 %, 
 #proc =           42          70 %, 
 #proc =           75          30 %, 
 #proc =          117          50 %, 
 #proc =          174          90 %, 
 #proc =           59          50 %, 
 #proc =          139          30 %, 
 #proc =           93          40 %, 
 #proc =          121          20 %, 
 #proc =          143          40 %, 
 #proc =           29          90 %, 
 #proc =          136          40 %, 
 #proc =           90          90 %, 
 #proc =           84          80 %, 
 #proc =          106          50 %, 
 #proc =           60          70 %, 
 #proc =          140          30 %, 
 #proc =          144          20 %, 
 #proc =          154          30 %, 
 #proc =           54          60 %, 
 #proc =           25         100 %, 
 #proc =          115          20 %, 
 #proc =           53         100 %, 
 #proc =          135          10 %, 
 #proc =          110          40 %, 
 #proc =           37          90 %, 
 #proc =          125          30 %, 
 #proc =          158          40 %, 
 #proc =           39          80 %, 
 #proc =          159          30 %, 
 #proc =           89          40 %, 
 #proc =          104          70 %, 
 #proc =           56          70 %, 
 #proc =           83          50 %, 
 #proc =          151          30 %, 
 #proc =           63          90 %, 
 #proc =           52          80 %, 
 #proc =          127          40 %, 
 #proc =          162          30 %, 
 #proc =          103          50 %, 
 #proc =           57          70 %, 
 #proc =           23         100 %, 
 #proc =           61          80 %, 
 #proc =           88          20 %, 
 #proc =          116          60 %, 
 #proc =           39          90 %, 
 #proc =           35          80 %, 
 #proc =           82          40 %, 
 #proc =          137          20 %, 
 #proc =          120          30 %, 
 #proc =           55          70 %, 
 #proc =           64          70 %, 
 #proc =           26         100 %, 
 #proc =           45         100 %, 
 #proc =           81          20 %, 
 #proc =           54          70 %, 
 #proc =          133          40 %, 
 #proc =           80          30 %, 
 #proc =          129          40 %, 
 #proc =          148          10 %, 
 #proc =           44          80 %, 
 #proc =          150          50 %, 
 #proc =          130          60 %, 
 #proc =           61          90 %, 
 #proc =          170          80 %, 
 #proc =           87          50 %, 
 #proc =           86          30 %, 
 #proc =          113          70 %, 
 #proc =           41          80 %, 
 #proc =           75          40 %, 
 #proc =           35          90 %, 
 #proc =          158          50 %, 
 #proc =           56          80 %, 
 #proc =           60          80 %, 
 #proc =           59          60 %, 
 #proc =           46          70 %, 
 #proc =           39         100 %, 
 #proc =           40         100 %, 
 #proc =          141          40 %, 
 #proc =           54          80 %, 
 #proc =          116          70 %, 
 #proc =          114          50 %, 
 #proc =          124          60 %, 
 #proc =          115          30 %, 
 #proc =          119          20 %, 
 #proc =           42          80 %, 
 #proc =          117          60 %, 
 #proc =           79          60 %, 
 #proc =           59          70 %, 
 #proc =           28         100 %, 
 #proc =           84          90 %, 
 #proc =           35         100 %, 
 #proc =           89          50 %, 
 #proc =           81          30 %, 
 #proc =          111          60 %, 
 #proc =           76          40 %, 
 #proc =          170          90 %, 
 #proc =          147          40 %, 
 #proc =           65          70 %, 
 #proc =           41          90 %, 
 #proc =           95          30 %, 
 #proc =          162          40 %, 
 #proc =           29         100 %, 
 #proc =           80          40 %, 
 #proc =          139          40 %, 
 #proc =           77          50 %, 
 #proc =          135          20 %, 
 #proc =          116          80 %, 
 #proc =           59          80 %, 
 #proc =          108          50 %, 
 #proc =          149          40 %, 
 #proc =           57          80 %, 
 #proc =          159          40 %, 
 #proc =           73          30 %, 
 #proc =          128          30 %, 
 #proc =           56          90 %, 
 #proc =          130          70 %, 
 #proc =           85          60 %, 
 #proc =          156          40 %, 
 #proc =           36          90 %, 
 #proc =          118          30 %, 
 #proc =           75          50 %, 
 #proc =           55          80 %, 
 #proc =          163          20 %, 
 #proc =          158          60 %, 
 #proc =          150          60 %, 
 #proc =           59          90 %, 
 #proc =           74          40 %, 
 #proc =          112          50 %, 
 #proc =           37         100 %, 
 #proc =          127          50 %, 
 #proc =           46          80 %, 
 #proc =           79          70 %, 
 #proc =          122          30 %, 
 #proc =           91          60 %, 
 #proc =          105          50 %, 
 #proc =           57          90 %, 
 #proc =           81          40 %, 
 #proc =          115          40 %, 
 #proc =           93          50 %, 
 #proc =          130          80 %, 
 #proc =           54          90 %, 
 #proc =           42          90 %, 
 #proc =          106          60 %, 
 #proc =          109          40 %, 
 #proc =           64          80 %, 
 #proc =          117          70 %, 
 #proc =           94          30 %, 
 #proc =           41         100 %, 
 #proc =          148          20 %, 
 #proc =          152          20 %, 
 #proc =           46          90 %, 
 #proc =           82          50 %, 
 #proc =           55          90 %, 
 #proc =          104          80 %, 
 #proc =          124          70 %, 
 #proc =           83          60 %, 
 #proc =           42         100 %, 
 #proc =           52          90 %, 
 #proc =          132          30 %, 
 #proc =           44          90 %, 
 #proc =          116          90 %, 
 #proc =           36         100 %, 
 #proc =           89          60 %, 
 #proc =          146          40 %, 
 #proc =           46         100 %, 
 #proc =          138          20 %, 
 #proc =          142          40 %, 
 #proc =          131          40 %, 
 #proc =          145          20 %, 
 #proc =           55         100 %, 
 #proc =          130          90 %, 
 #proc =          153          20 %, 
 #proc =           80          50 %, 
 #proc =           81          50 %, 
 #proc =           78          30 %, 
 #proc =           74          50 %, 
 #proc =           79          80 %, 
 #proc =          160          40 %, 
 #proc =          117          80 %, 
 #proc =          165          20 %, 
 #proc =          113          80 %, 
 #proc =          107          40 %, 
 #proc =          121          30 %, 
 #proc =           64          90 %, 
 #proc =           44         100 %, 
 #proc =           77          60 %, 
 #proc =          157          50 %, 
 #proc =           95          40 %, 
 #proc =           54         100 %, 
 #proc =           92          40 %, 
 #proc =          154          40 %, 
 #proc =           60          90 %, 
 #proc =           56         100 %, 
 #proc =          135          30 %, 
 #proc =          110          50 %, 
 #proc =          103          60 %, 
 #proc =          126          30 %, 
 #proc =           65          80 %, 
 #proc =          124          80 %, 
 #proc =          158          70 %, 
 #proc =          144          30 %, 
 #proc =          162          50 %, 
 #proc =          111          70 %, 
 #proc =          115          50 %, 
 #proc =          161          40 %, 
 #proc =           88          30 %, 
 #proc =          155          40 %, 
 #proc =          133          50 %, 
 #proc =          120          40 %, 
 #proc =          150          70 %, 
 #proc =          125          40 %, 
 #proc =          108          60 %, 
 #proc =           79          90 %, 
 #proc =          159          50 %, 
 #proc =           81          60 %, 
 #proc =           80          60 %, 
 #proc =           75          60 %, 
 #proc =          104          90 %, 
 #proc =          143          50 %, 
 #proc =          148          30 %, 
 #proc =           86          40 %, 
 #proc =           77          70 %, 
 #proc =           95          50 %, 
 #proc =          136          50 %, 
 #proc =           74          60 %, 
 #proc =           87          60 %, 
 #proc =          117          90 %, 
 #proc =           52         100 %, 
 #proc =          113          90 %, 
 #proc =          114          60 %, 
 #proc =          134          50 %, 
 #proc =          124          90 %, 
 #proc =          151          40 %, 
 #proc =          135          40 %, 
 #proc =          149          50 %, 
 #proc =           76          50 %, 
 #proc =          141          50 %, 
 #proc =          140          40 %, 
 #proc =          158          80 %, 
 #proc =           91          70 %, 
 #proc =          146          50 %, 
 #proc =           89          70 %, 
 #proc =          139          50 %, 
 #proc =           65          90 %, 
 #proc =          128          40 %, 
 #proc =          137          30 %, 
 #proc =           85          70 %, 
 #proc =          154          50 %, 
 #proc =          112          60 %, 
 #proc =           95          60 %, 
 #proc =          105          60 %, 
 #proc =           93          60 %, 
 #proc =           83          70 %, 
 #proc =          148          40 %, 
 #proc =           87          70 %, 
 #proc =          109          50 %, 
 #proc =          129          50 %, 
 #proc =           73          40 %, 
 #proc =           89          80 %, 
 #proc =           77          80 %, 
 #proc =          156          50 %, 
 #proc =           94          40 %, 
 #proc =          118          40 %, 
 #proc =           74          70 %, 
 #proc =          166          20 %, 
 #proc =          120          50 %, 
 #proc =          127          60 %, 
 #proc =           82          60 %, 
 #proc =          158          90 %, 
 #proc =          122          40 %, 
 #proc =          106          70 %, 
 #proc =           80          70 %, 
 #proc =          111          80 %, 
 #proc =          133          60 %, 
 #proc =          115          60 %, 
 #proc =          159          60 %, 
 #proc =           89          90 %, 
 #proc =           83          80 %, 
 #proc =          147          50 %, 
 #proc =           81          70 %, 
 #proc =           75          70 %, 
 #proc =          107          50 %, 
 #proc =          131          50 %, 
 #proc =          119          30 %, 
 #proc =           95          70 %, 
 #proc =           92          50 %, 
 #proc =           77          90 %, 
 #proc =          118          50 %, 
 #proc =          103          70 %, 
 #proc =          160          50 %, 
 #proc =          122          50 %, 
 #proc =          166          30 %, 
 #proc =           87          80 %, 
 #proc =           78          40 %, 
 #proc =           85          80 %, 
 #proc =           83          90 %, 
 #proc =          162          60 %, 
 #proc =          142          50 %, 
 #proc =          132          40 %, 
 #proc =          110          60 %, 
 #proc =          139          60 %, 
 #proc =          163          30 %, 
 #proc =           86          50 %, 
 #proc =          145          30 %, 
 #proc =          122          60 %, 
 #proc =          157          60 %, 
 #proc =           73          50 %, 
 #proc =          108          70 %, 
 #proc =          114          70 %, 
 #proc =          150          80 %, 
 #proc =           95          80 %, 
 #proc =           74          80 %, 
 #proc =          166          40 %, 
 #proc =          118          60 %, 
 #proc =          120          60 %, 
 #proc =           87          90 %, 
 #proc =          110          70 %, 
 #proc =           85          90 %, 
 #proc =          135          50 %, 
 #proc =          115          70 %, 
 #proc =          138          30 %, 
 #proc =          164          20 %, 
 #proc =           73          60 %, 
 #proc =          141          60 %, 
 #proc =          143          60 %, 
 #proc =           88          40 %, 
 #proc =          112          70 %, 
 #proc =          105          70 %, 
 #proc =          163          40 %, 
 #proc =           76          60 %, 
 #proc =          136          60 %, 
 #proc =          152          30 %, 
 #proc =           91          80 %, 
 #proc =          125          50 %, 
 #proc =           75          80 %, 
 #proc =          106          80 %, 
 #proc =          109          60 %, 
 #proc =          122          70 %, 
 #proc =          146          60 %, 
 #proc =           93          70 %, 
 #proc =          110          80 %, 
 #proc =           81          80 %, 
 #proc =          149          60 %, 
 #proc =           82          70 %, 
 #proc =          128          50 %, 
 #proc =           73          70 %, 
 #proc =          127          70 %, 
 #proc =           78          50 %, 
 #proc =          134          60 %, 
 #proc =          148          50 %, 
 #proc =          166          50 %, 
 #proc =          150          90 %, 
 #proc =          156          60 %, 
 #proc =           80          80 %, 
 #proc =          118          70 %, 
 #proc =          120          70 %, 
 #proc =          111          90 %, 
 #proc =          161          50 %, 
 #proc =          162          70 %, 
 #proc =          153          30 %, 
 #proc =          140          50 %, 
 #proc =          129          60 %, 
 #proc =          108          80 %, 
 #proc =          155          50 %, 
 #proc =          165          30 %, 
 #proc =          125          60 %, 
 #proc =           91          90 %, 
 #proc =          106          90 %, 
 #proc =          154          60 %, 
 #proc =          121          40 %, 
 #proc =          142          60 %, 
 #proc =           73          80 %, 
 #proc =          133          70 %, 
 #proc =          103          80 %, 
 #proc =           93          80 %, 
 #proc =          122          80 %, 
 #proc =          127          80 %, 
 #proc =          110          90 %, 
 #proc =          126          40 %, 
 #proc =           78          60 %, 
 #proc =           94          50 %, 
 #proc =          163          50 %, 
 #proc =           95          90 %, 
 #proc =          159          70 %, 
 #proc =           81          90 %, 
 #proc =           75          90 %, 
 #proc =          120          80 %, 
 #proc =           73          90 %, 
 #proc =          107          60 %, 
 #proc =          147          60 %, 
 #proc =          114          80 %, 
 #proc =          142          70 %, 
 #proc =          125          70 %, 
 #proc =           78          70 %, 
 #proc =           74          90 %, 
 #proc =          118          80 %, 
 #proc =          129          70 %, 
 #proc =           92          60 %, 
 #proc =          115          80 %, 
 #proc =           93          90 %, 
 #proc =          137          40 %, 
 #proc =          144          40 %, 
 #proc =          127          90 %, 
 #proc =          136          70 %, 
 #proc =          151          50 %, 
 #proc =          166          60 %, 
 #proc =          108          90 %, 
 #proc =          105          80 %, 
 #proc =          122          90 %, 
 #proc =          163          60 %, 
 #proc =          112          80 %, 
 #proc =          135          60 %, 
 #proc =          129          80 %, 
 #proc =           76          70 %, 
 #proc =          142          80 %, 
 #proc =          125          80 %, 
 #proc =           88          50 %, 
 #proc =          120          90 %, 
 #proc =           78          80 %, 
 #proc =           82          80 %, 
 #proc =           76          80 %, 
 #proc =           80          90 %, 
 #proc =          139          70 %, 
 #proc =          154          70 %, 
 #proc =          132          50 %, 
 #proc =          151          60 %, 
 #proc =          143          70 %, 
 #proc =          148          60 %, 
 #proc =           76          90 %, 
 #proc =          160          60 %, 
 #proc =          119          40 %, 
 #proc =          129          90 %, 
 #proc =          145          40 %, 
 #proc =          162          80 %, 
 #proc =           88          60 %, 
 #proc =          136          80 %, 
 #proc =          146          70 %, 
 #proc =          119          50 %, 
 #proc =          134          70 %, 
 #proc =          156          70 %, 
 #proc =          163          70 %, 
 #proc =          161          60 %, 
 #proc =          131          60 %, 
 #proc =          125          90 %, 
 #proc =           86          60 %, 
 #proc =          155          60 %, 
 #proc =          142          90 %, 
 #proc =           86          70 %, 
 #proc =          114          90 %, 
 #proc =           88          70 %, 
 #proc =          143          80 %, 
 #proc =          119          60 %, 
 #proc =          133          80 %, 
 #proc =          151          70 %, 
 #proc =           78          90 %, 
 #proc =           86          80 %, 
 #proc =          136          90 %, 
 #proc =          157          70 %, 
 #proc =          140          60 %, 
 #proc =           86          90 %, 
 #proc =          118          90 %, 
 #proc =          115          90 %, 
 #proc =          121          50 %, 
 #proc =           88          80 %, 
 #proc =          109          70 %, 
 #proc =          126          50 %, 
 #proc =          149          70 %, 
 #proc =           94          60 %, 
 #proc =          119          70 %, 
 #proc =           82          90 %, 
 #proc =          135          70 %, 
 #proc =          128          60 %, 
 #proc =          138          40 %, 
 #proc =          164          30 %, 
 #proc =          157          80 %, 
 #proc =          166          70 %, 
 #proc =          151          80 %, 
 #proc =          141          70 %, 
 #proc =          159          80 %, 
 #proc =          143          90 %, 
 #proc =          107          70 %, 
 #proc =           92          70 %, 
 #proc =          119          80 %, 
 #proc =           94          70 %, 
 #proc =          103          90 %, 
 #proc =          162          90 %, 
 #proc =          148          70 %, 
 #proc =          149          80 %, 
 #proc =          147          70 %, 
 #proc =          153          40 %, 
 #proc =          166          80 %, 
 #proc =           92          80 %, 
 #proc =          152          40 %, 
 #proc =          157          90 %, 
 #proc =          139          80 %, 
 #proc =          154          80 %, 
 #proc =           94          80 %, 
 #proc =          144          50 %, 
 #proc =           92          90 %, 
 #proc =           88          90 %, 
 #proc =          149          90 %, 
 #proc =          119          90 %, 
 #proc =          146          80 %, 
 #proc =          105          90 %, 
 #proc =          166          90 %, 
 #proc =          112          90 %, 
 #proc =          151          90 %, 
 #proc =           94          90 %, 
 #proc =          163          80 %, 
 #proc =          165          40 %, 
 #proc =          126          60 %, 
 #proc =          121          60 %, 
 #proc =          137          50 %, 
 #proc =          126          70 %, 
 #proc =          133          90 %, 
 #proc =          160          70 %, 
 #proc =          134          80 %, 
 #proc =          107          80 %, 
 #proc =          126          80 %, 
 #proc =          121          70 %, 
 #proc =          126          90 %, 
 #proc =          132          60 %, 
 #proc =          156          80 %, 
 #proc =          131          70 %, 
 #proc =          107          90 %, 
 #proc =          161          70 %, 
 #proc =          139          90 %, 
 #proc =          155          70 %, 
 #proc =          109          80 %, 
 #proc =          128          70 %, 
 #proc =          121          80 %, 
 #proc =          109          90 %, 
 #proc =          135          80 %, 
 #proc =          121          90 %, 
 #proc =          159          90 %, 
 #proc =          145          50 %, 
 #proc =          140          70 %, 
 #proc =          141          80 %, 
 #proc =          148          80 %, 
 #proc =          154          90 %, 
 #proc =          138          50 %, 
 #proc =          146          90 %, 
 #proc =          163          90 %, 
 #proc =          147          80 %, 
 #proc =          137          60 %, 
 #proc =          128          80 %, 
 #proc =          152          50 %, 
 #proc =          131          80 %, 
 #proc =          128          90 %, 
 #proc =          164          40 %, 
 #proc =          153          50 %, 
 #proc =          137          70 %, 
 #proc =          152          60 %, 
 #proc =          131          90 %, 
 #proc =          165          50 %, 
 #proc =          144          60 %, 
 #proc =          132          70 %, 
 #proc =          156          90 %, 
 #proc =          137          80 %, 
 #proc =          161          80 %, 
 #proc =          155          80 %, 
 #proc =          135          90 %, 
 #proc =          152          70 %, 
 #proc =          160          80 %, 
 #proc =          165          60 %, 
 #proc =          144          70 %, 
 #proc =          134          90 %, 
 #proc =          148          90 %, 
 #proc =          137          90 %, 
 #proc =          145          60 %, 
 #proc =          165          70 %, 
 #proc =          152          80 %, 
 #proc =          140          80 %, 
 #proc =          141          90 %, 
 #proc =          144          80 %, 
 #proc =          147          90 %, 
 #proc =          144          90 %, 
 #proc =          152          90 %, 
 #proc =          165          80 %, 
 #proc =          138          60 %, 
 #proc =          165          90 %, 
 #proc =          164          50 %, 
 #proc =          164          60 %, 
 #proc =          153          60 %, 
 #proc =          160          90 %, 
 #proc =          132          80 %, 
 #proc =          161          90 %, 
 #proc =          155          90 %, 
 #proc =          164          70 %, 
 #proc =          138          70 %, 
 #proc =          138          80 %, 
 #proc =          138          90 %, 
 #proc =          164          80 %, 
 #proc =          153          70 %, 
 #proc =          140          90 %, 
 #proc =          145          70 %, 
 #proc =          153          80 %, 
 #proc =          132          90 %, 
 #proc =          153          90 %, 
 #proc =          164          90 %, 
 #proc =          145          80 %, 
 #proc =          145          90 %, 
 SYSTEM_SETUP_DONE
TIME SPENT ON MATRIX Mij READING/COMPUTING/SAVING ON DISK ,s       0.4
        TIME SPENT ON MATRIX Mij SAVING ON DISK ,s       0.3
 ALL WORK ON MATRIX IS DONE

real	1m27.724s
user	0m0.511s
sys	0m0.584s
