|----------------------------------------------------------|
|                      	    MQCT                           |
|          THE PROGRAM IS TO PERFORM ROTATIONALLY          |
|   AND VIBRATIONALLY INELASTIC SCATTERING CALCULATIONS.   |
|      	     TO SITE THIS WORK, PLEASE REFER TO:           |
|          A. SEMENOV, B. MANDAL, and D. BABIKOV,          |
|          COMPUTER PHYSICS COMMUNICATIONS, 2020           |
|----------------------------------------------------------|
 
THIS RUN PERFORMED ON 11/ 4/2022 at   6 a.m. 41 minutes, LOCAL MACHINE TIME
YOUR JOB NAME: H2O+H2
 
REDUCED MASS,A.M.U.: MASS =    1.813
 
THE POTENTIAL RANGE: FROM Rmin =   3.00 TO Rmax = 30.00 BOHR
 
COLLISIONAL ENERGIES, CM-1:
E(   1)=  574.000;
 
MAX IMPACT PARAMETER IS,a.u =     25.000
ORBITAL ANGULAR MOMENTUM STEP_SIZE:=   1
 
 
ALL TRAJECTORIES WILL BE STOPPED AFTER TIME_LIMT=  0.3500E+07
 
TRAPPED TRAJECTIRY WILL STOP AFTER   1 ROUNDS AND    1 OSCILLATIONS
 
PROPAGATOR TYPE: RUNGE-KUTTA 4-TH ORDER
TIME STEP IN RUNGE-KUTTA 4TH ORDER        10.00
 
THE COLLISIONAL SYSTEM: ASYMMETRIC TOP + DIATOMIC TOP
ROTATIONAL CONSTANTS OF #1 MOLECULE ARE, CM-1: A =  27.88 ; B =    9.28; C =   14.52 ;
ROT.CONSTANT OF DIATOMIC MOLECULE, CM-1, BE =    60.8530
DISTORTION, CM-1, DE =    0.0000000
CHANNELS ENERGIES, CM-1:
#N =          J1         KA         KC         J2          E
    1          0          0          0          0      0.000
    2          1          1          1          0     37.158
    3          2          0          2          0     70.133
    4          2          1          1          0     95.245
    5          2          2          0          0    136.588
    6          3          1          3          0    142.331
    7          3          2          2          0    206.720
    8          4          0          4          0    222.310
    9          4          1          3          0    276.099
   10          3          3          1          0    287.340
   11          4          2          2          0    316.579
   12          5          1          5          0    326.971
   13          0          0          0          2    365.118
   14          4          3          1          0    385.920
   15          1          1          1          2    402.276
   16          5          2          4          0    417.119
   17          2          0          2          2    435.251
   18          6          0          6          0    447.413
   19          2          1          1          2    460.363
   20          4          4          0          0    494.713
   21          2          2          0          2    501.706
   22          5          3          3          0    506.274
   23          3          1          3          2    507.449
   24          6          1          5          0    544.916
   25          3          2          2          2    571.838
   26          4          0          4          2    587.428
   27          7          1          7          0    587.559
INITIAL STATE IS:J1 =    0; KA =    0; KC =	   0; J2 =	   0
 
THE POTENTIAL R-UNITS ARE BOHRS
THE POTENTIAL ENERGY IS IN CM-1
 
USER SUPPLIED POTENTIAL TERMS WILL BE USED
 
NUMBER OF POTENTIAL TERMS INCLUDED N_TERMS =   83
THE POTENTIAL TERMS ARE, (L1,NJU1,L2,L):
(  0,  0,  0,  0); (  0,  0,  2,  2); (  0,  0,  4,  4); (  1,  0,  0,  1); (  1,  0,  2,  1); (  1,  0,  2,  3); (  1,  0,  4,  3); (  1,  0,  4,  5); (  1,  0,  6,  7); (  2,  0,  0,  2); (  2,  0,  2,  0); (  2,  0,  2,  2); (  2,  0,  2,  4); (  2,  0,  4,  6); (  2,  2,  0,  2); (  2,  2,  2,  0); (  2,  2,  2,  1); (  2,  2,  2,  2); (  2,  2,  2,  3); (  2,  2,  2,  4); (  2,  2,  4,  6); (  2,  2,  6,  8); (  3,  0,  0,  3); (  3,  0,  2,  1); (  3,  0,  2,  3); (  3,  0,  2,  5); (  3,  0,  4,  7); (  3,  2,  0,  3); (  3,  2,  2,  1); (  3,  2,  2,  3); (  3,  2,  2,  4); (  3,  2,  2,  5); (  3,  2,  4,  7); (  3,  2,  6,  9); (  4,  0,  0,  4); (  4,  0,  2,  4); (  4,  0,  2,  6); (  4,  0,  4,  8); (  4,  2,  0,  4); (  4,  2,  2,  2); (  4,  2,  2,  4); (  4,  2,  2,  6); (  4,  2,  4,  8); (  4,  4,  0,  4); (  4,  4,  2,  2); (  4,  4,  2,  4); (  4,  4,  2,  5); (  4,  4,  2,  6); (  4,  4,  4,  8); (  5,  0,  0,  5); (  5,  0,  2,  7); (  5,  2,  0,  5); (  5,  2,  2,  7); (  5,  4,  0,  5); (  5,  4,  2,  5); (  5,  4,  2,  7); (  5,  4,  4,  9); (  6,  0,  0,  6); (  6,  0,  2,  8); (  6,  0,  4, 10); (  6,  2,  0,  6); (  6,  2,  2,  8); (  6,  2,  4, 10); (  6,  4,  0,  6); (  6,  4,  2,  8); (  6,  4,  4, 10); (  6,  6,  0,  6); (  6,  6,  2,  8); (  6,  6,  4, 10); (  7,  0,  0,  7); (  7,  0,  2,  9); (  7,  2,  0,  7); (  7,  2,  2,  9); (  7,  2,  4, 11); (  7,  4,  0,  7); (  7,  4,  2,  9); (  7,  6,  0,  7); (  7,  6,  2,  9); (  7,  6,  4, 11); (  8,  6,  0,  8); (  8,  6,  2, 10); (  9,  4,  2, 11); (  9,  6,  2, 11); 
 
NUMBER OF R-GRID POINTS IS N_R = 101
 
 
THE SYSTEM SETUP DONE SUCCESFULLY
