 MPI INITIALIZED
 PARSERING OF USER INPUT
 ARRAY_INI_STARTED
 STATES_SIZE_FOUND           4
 number_of_channels           2
 jmax_included           1
 BASIS ARRAYS CREATED
ARRAYS ALLOCATION TOOK TIME, s =             0.002
 TOTAL_SIZE_OF_M =            5
  MAKING AN EQUIDIST GRID	
The list of expansion terms was generated and saved in the file named EXPANSION_TERMS_LIST.DAT
 Program will stop now.
The list of expansion terms was generated and saved in the file named EXPANSION_TERMS_LIST.DAT
 Program will stop now.
The list of expansion terms was generated and saved in the file named EXPANSION_TERMS_LIST.DAT
 Program will stop now.
The list of expansion terms was generated and saved in the file named EXPANSION_TERMS_LIST.DAT
 Program will stop now.
The list of expansion terms was generated and saved in the file named EXPANSION_TERMS_LIST.DAT
 Program will stop now.
The list of expansion terms was generated and saved in the file named EXPANSION_TERMS_LIST.DAT
 Program will stop now.
The list of expansion terms was generated and saved in the file named EXPANSION_TERMS_LIST.DAT
 Program will stop now.
 EXPANSION WILL BE COMPUTED
The list of expansion terms was generated and saved in the file named EXPANSION_TERMS_LIST.DAT
 Program will stop now.
The list of expansion terms was generated and saved in the file named EXPANSION_TERMS_LIST.DAT
 Program will stop now.
The list of expansion terms was generated and saved in the file named EXPANSION_TERMS_LIST.DAT
 Program will stop now.
The list of expansion terms was generated and saved in the file named EXPANSION_TERMS_LIST.DAT
 Program will stop now.
The list of expansion terms was generated and saved in the file named EXPANSION_TERMS_LIST.DAT
 Program will stop now.
The list of expansion terms was generated and saved in the file named EXPANSION_TERMS_LIST.DAT
 Program will stop now.
The list of expansion terms was generated and saved in the file named EXPANSION_TERMS_LIST.DAT
 Program will stop now.
The list of expansion terms was generated and saved in the file named EXPANSION_TERMS_LIST.DAT
 Program will stop now.
The list of expansion terms was generated and saved in the file named EXPANSION_TERMS_LIST.DAT
 Program will stop now.
The list of expansion terms was generated and saved in the file named EXPANSION_TERMS_LIST.DAT
 Program will stop now.
The list of expansion terms was generated and saved in the file named EXPANSION_TERMS_LIST.DAT
 Program will stop now.
The list of expansion terms was generated and saved in the file named EXPANSION_TERMS_LIST.DAT
 Program will stop now.
The list of expansion terms was generated and saved in the file named EXPANSION_TERMS_LIST.DAT
 Program will stop now.
The list of expansion terms was generated and saved in the file named EXPANSION_TERMS_LIST.DAT
 Program will stop now.
The list of expansion terms was generated and saved in the file named EXPANSION_TERMS_LIST.DAT
 Program will stop now.
The list of expansion terms was generated and saved in the file named EXPANSION_TERMS_LIST.DAT
 Program will stop now.
The list of expansion terms was generated and saved in the file named EXPANSION_TERMS_LIST.DAT
 Program will stop now.
The list of expansion terms was generated and saved in the file named EXPANSION_TERMS_LIST.DAT
 Program will stop now.
The list of expansion terms was generated and saved in the file named EXPANSION_TERMS_LIST.DAT
 Program will stop now.
The list of expansion terms was generated and saved in the file named EXPANSION_TERMS_LIST.DAT
 Program will stop now.
The list of expansion terms was generated and saved in the file named EXPANSION_TERMS_LIST.DAT
 Program will stop now.
The list of expansion terms was generated and saved in the file named EXPANSION_TERMS_LIST.DAT
 Program will stop now.
The list of expansion terms was generated and saved in the file named EXPANSION_TERMS_LIST.DAT
 Program will stop now.
The list of expansion terms was generated and saved in the file named EXPANSION_TERMS_LIST.DAT
 Program will stop now.
The list of expansion terms was generated and saved in the file named EXPANSION_TERMS_LIST.DAT
 Program will stop now.
The list of expansion terms was generated and saved in the file named EXPANSION_TERMS_LIST.DAT
 Program will stop now.
The list of expansion terms was generated and saved in the file named EXPANSION_TERMS_LIST.DAT
 Program will stop now.
The list of expansion terms was generated and saved in the file named EXPANSION_TERMS_LIST.DAT
 Program will stop now.
The list of expansion terms was generated and saved in the file named EXPANSION_TERMS_LIST.DAT
 Program will stop now.
The list of expansion terms was generated and saved in the file named EXPANSION_TERMS_LIST.DAT
 Program will stop now.
The list of expansion terms was generated and saved in the file named EXPANSION_TERMS_LIST.DAT
 Program will stop now.
The list of expansion terms was generated and saved in the file named EXPANSION_TERMS_LIST.DAT
 Program will stop now.
The list of expansion terms was generated and saved in the file named EXPANSION_TERMS_LIST.DAT
 Program will stop now.
The list of expansion terms was generated and saved in the file named EXPANSION_TERMS_LIST.DAT
 Program will stop now.
The list of expansion terms was generated and saved in the file named EXPANSION_TERMS_LIST.DAT
 Program will stop now.
The list of expansion terms was generated and saved in the file named EXPANSION_TERMS_LIST.DAT
 Program will stop now.
The list of expansion terms was generated and saved in the file named EXPANSION_TERMS_LIST.DAT
 Program will stop now.
The list of expansion terms was generated and saved in the file named EXPANSION_TERMS_LIST.DAT
 Program will stop now.
The list of expansion terms was generated and saved in the file named EXPANSION_TERMS_LIST.DAT
 Program will stop now.
The list of expansion terms was generated and saved in the file named EXPANSION_TERMS_LIST.DAT
 Program will stop now.
The list of expansion terms was generated and saved in the file named EXPANSION_TERMS_LIST.DAT
 Program will stop now.
The list of expansion terms was generated and saved in the file named EXPANSION_TERMS_LIST.DAT
 Program will stop now.
The list of expansion terms was generated and saved in the file named EXPANSION_TERMS_LIST.DAT
 Program will stop now.
The list of expansion terms was generated and saved in the file named EXPANSION_TERMS_LIST.DAT
 Program will stop now.
The list of expansion terms was generated and saved in the file named EXPANSION_TERMS_LIST.DAT
 Program will stop now.
The list of expansion terms was generated and saved in the file named EXPANSION_TERMS_LIST.DAT
 Program will stop now.
The list of expansion terms was generated and saved in the file named EXPANSION_TERMS_LIST.DAT
 Program will stop now.
The list of expansion terms was generated and saved in the file named EXPANSION_TERMS_LIST.DAT
 Program will stop now.
The list of expansion terms was generated and saved in the file named EXPANSION_TERMS_LIST.DAT
 Program will stop now.
The list of expansion terms was generated and saved in the file named EXPANSION_TERMS_LIST.DAT
 Program will stop now.
The list of expansion terms was generated and saved in the file named EXPANSION_TERMS_LIST.DAT
 Program will stop now.
The list of expansion terms was generated and saved in the file named EXPANSION_TERMS_LIST.DAT
 Program will stop now.
The list of expansion terms was generated and saved in the file named EXPANSION_TERMS_LIST.DAT
 Program will stop now.
The list of expansion terms was generated and saved in the file named EXPANSION_TERMS_LIST.DAT
 Program will stop now.
The list of expansion terms was generated and saved in the file named EXPANSION_TERMS_LIST.DAT
 Program will stop now.
The list of expansion terms was generated and saved in the file named EXPANSION_TERMS_LIST.DAT
 Program will stop now.
The list of expansion terms was generated and saved in the file named EXPANSION_TERMS_LIST.DAT
 Program will stop now.
The list of expansion terms was generated and saved in the file named EXPANSION_TERMS_LIST.DAT
 Program will stop now.
The list of expansion terms was generated and saved in the file named EXPANSION_TERMS_LIST.DAT
 Program will stop now.
The list of expansion terms was generated and saved in the file named EXPANSION_TERMS_LIST.DAT
 Program will stop now.
The list of expansion terms was generated and saved in the file named EXPANSION_TERMS_LIST.DAT
 Program will stop now.
The list of expansion terms was generated and saved in the file named EXPANSION_TERMS_LIST.DAT
 Program will stop now.
The list of expansion terms was generated and saved in the file named EXPANSION_TERMS_LIST.DAT
 Program will stop now.
The list of expansion terms was generated and saved in the file named EXPANSION_TERMS_LIST.DAT
 Program will stop now.
The list of expansion terms was generated and saved in the file named EXPANSION_TERMS_LIST.DAT
 Program will stop now.
The list of expansion terms was generated and saved in the file named EXPANSION_TERMS_LIST.DAT
 Program will stop now.
The list of expansion terms was generated and saved in the file named EXPANSION_TERMS_LIST.DAT
 Program will stop now.
The list of expansion terms was generated and saved in the file named EXPANSION_TERMS_LIST.DAT
 Program will stop now.
The list of expansion terms was generated and saved in the file named EXPANSION_TERMS_LIST.DAT
 Program will stop now.
The list of expansion terms was generated and saved in the file named EXPANSION_TERMS_LIST.DAT
 Program will stop now.
The list of expansion terms was generated and saved in the file named EXPANSION_TERMS_LIST.DAT
 Program will stop now.
The list of expansion terms was generated and saved in the file named EXPANSION_TERMS_LIST.DAT
 Program will stop now.
The list of expansion terms was generated and saved in the file named EXPANSION_TERMS_LIST.DAT
 Program will stop now.
The list of expansion terms was generated and saved in the file named EXPANSION_TERMS_LIST.DAT
 Program will stop now.
The list of expansion terms was generated and saved in the file named EXPANSION_TERMS_LIST.DAT
 Program will stop now.
The list of expansion terms was generated and saved in the file named EXPANSION_TERMS_LIST.DAT
 Program will stop now.
The list of expansion terms was generated and saved in the file named EXPANSION_TERMS_LIST.DAT
 Program will stop now.
The list of expansion terms was generated and saved in the file named EXPANSION_TERMS_LIST.DAT
 Program will stop now.
The list of expansion terms was generated and saved in the file named EXPANSION_TERMS_LIST.DAT
 Program will stop now.
The list of expansion terms was generated and saved in the file named EXPANSION_TERMS_LIST.DAT
 Program will stop now.
The list of expansion terms was generated and saved in the file named EXPANSION_TERMS_LIST.DAT
 Program will stop now.
The list of expansion terms was generated and saved in the file named EXPANSION_TERMS_LIST.DAT
 Program will stop now.
The list of expansion terms was generated and saved in the file named EXPANSION_TERMS_LIST.DAT
 Program will stop now.
The list of expansion terms was generated and saved in the file named EXPANSION_TERMS_LIST.DAT
 Program will stop now.
The list of expansion terms was generated and saved in the file named EXPANSION_TERMS_LIST.DAT
 Program will stop now.
The list of expansion terms was generated and saved in the file named EXPANSION_TERMS_LIST.DAT
 Program will stop now.
The list of expansion terms was generated and saved in the file named EXPANSION_TERMS_LIST.DAT
 Program will stop now.
The list of expansion terms was generated and saved in the file named EXPANSION_TERMS_LIST.DAT
 Program will stop now.
The list of expansion terms was generated and saved in the file named EXPANSION_TERMS_LIST.DAT
 Program will stop now.
The list of expansion terms was generated and saved in the file named EXPANSION_TERMS_LIST.DAT
 Program will stop now.
The list of expansion terms was generated and saved in the file named EXPANSION_TERMS_LIST.DAT
 Program will stop now.
The list of expansion terms was generated and saved in the file named EXPANSION_TERMS_LIST.DAT
 Program will stop now.
The list of expansion terms was generated and saved in the file named EXPANSION_TERMS_LIST.DAT
 Program will stop now.
The list of expansion terms was generated and saved in the file named EXPANSION_TERMS_LIST.DAT
 Program will stop now.
The list of expansion terms was generated and saved in the file named EXPANSION_TERMS_LIST.DAT
 Program will stop now.
The list of expansion terms was generated and saved in the file named EXPANSION_TERMS_LIST.DAT
 Program will stop now.
The list of expansion terms was generated and saved in the file named EXPANSION_TERMS_LIST.DAT
 Program will stop now.
The list of expansion terms was generated and saved in the file named EXPANSION_TERMS_LIST.DAT
 Program will stop now.
The list of expansion terms was generated and saved in the file named EXPANSION_TERMS_LIST.DAT
 Program will stop now.
The list of expansion terms was generated and saved in the file named EXPANSION_TERMS_LIST.DAT
 Program will stop now.
The list of expansion terms was generated and saved in the file named EXPANSION_TERMS_LIST.DAT
 Program will stop now.
The list of expansion terms was generated and saved in the file named EXPANSION_TERMS_LIST.DAT
 Program will stop now.
The list of expansion terms was generated and saved in the file named EXPANSION_TERMS_LIST.DAT
 Program will stop now.
The list of expansion terms was generated and saved in the file named EXPANSION_TERMS_LIST.DAT
 Program will stop now.
The list of expansion terms was generated and saved in the file named EXPANSION_TERMS_LIST.DAT
The list of expansion terms was generated and saved in the file named EXPANSION_TERMS_LIST.DAT
 Program will stop now.
 Program will stop now.
The list of expansion terms was generated and saved in the file named EXPANSION_TERMS_LIST.DAT
 Program will stop now.
The list of expansion terms was generated and saved in the file named EXPANSION_TERMS_LIST.DAT
 Program will stop now.
The list of expansion terms was generated and saved in the file named EXPANSION_TERMS_LIST.DAT
 Program will stop now.
The list of expansion terms was generated and saved in the file named EXPANSION_TERMS_LIST.DAT
 Program will stop now.
The list of expansion terms was generated and saved in the file named EXPANSION_TERMS_LIST.DAT
 Program will stop now.
The list of expansion terms was generated and saved in the file named EXPANSION_TERMS_LIST.DAT
 Program will stop now.
The list of expansion terms was generated and saved in the file named EXPANSION_TERMS_LIST.DAT
 Program will stop now.
The list of expansion terms was generated and saved in the file named EXPANSION_TERMS_LIST.DAT
 Program will stop now.
The list of expansion terms was generated and saved in the file named EXPANSION_TERMS_LIST.DAT
 Program will stop now.
The list of expansion terms was generated and saved in the file named EXPANSION_TERMS_LIST.DAT
 Program will stop now.
The list of expansion terms was generated and saved in the file named EXPANSION_TERMS_LIST.DAT
 Program will stop now.
The list of expansion terms was generated and saved in the file named EXPANSION_TERMS_LIST.DAT
 Program will stop now.
The list of expansion terms was generated and saved in the file named EXPANSION_TERMS_LIST.DAT
 Program will stop now.
The list of expansion terms was generated and saved in the file named EXPANSION_TERMS_LIST.DAT
 Program will stop now.
The list of expansion terms was generated and saved in the file named EXPANSION_TERMS_LIST.DAT
 Program will stop now.

real	0m3.346s
user	0m0.054s
sys	0m0.030s
