 MPI INITIALIZED
 PARSERING OF USER INPUT
 rows in Input         174
 ARRAY_INI_STARTED
 EXCHANGE SYMMETRIES FOR INDETICAL PARTICLES:
 POSITIVE EXCHANGE PARITY ONLY
 STATES_SIZE_FOUND          81
 number_of_channels           6
 jmax_included           2
 BASIS ARRAYS CREATED
ARRAYS ALLOCATION TOOK TIME, s =             0.000
 TOTAL_SIZE_OF_M =          366
THE SIZE OF THE Mij COMPUTED BY EACH PROCESSOR= 366
 MATRIX_INI_STARTED
 COMPUTING MATRIX ELEMENTS STARTED
 USER TERM FILE IS BEING READ 
 TERMS ARE BEING READ
 TERMS HAVE BEEN READ
 TERM MATRIX CREATED 
Trucation #1 at #R = 1, R = 6.000, and #2 at #R = 2, R = 8.090
 SPLINING OF Mij STARTED
 SPLINING OF Mij FINISHED
 TERMS ARE BEING READ
 TERMS HAVE BEEN READ
 SYSTEM_SETUP_DONE
MATRIX HAS BEEN SAVED INTO THE FILE  "   MTRX.DAT "
TIME SPENT ON MATRIX Mij READING/COMPUTING/SAVING ON DISK ,s      50.8
        TIME SPENT ON MATRIX Mij SAVING ON DISK ,s       0.0
 ALL WORK ON MATRIX IS DONE
