-----------------------------------------
 generating CCpol-8sf[2014] (Eckart embedding) energies
 Eckart embedding is applied to translate (angles + bonds) to the Cartesian coordinates
 initially the molecule is put in the xz plane
-----------------------------------------
to check if the parameters are read properly:
Calculated value:   -1.45754  and should be:  -1.45754
-----------------------------------------

Calculated value:   -1.45754  and should be:  -1.45754
-----------------------------------------

Calculated value:   -1.45754  and should be:  -1.45754
-----------------------------------------

Calculated value:   -1.45754  and should be:  -1.45754
-----------------------------------------

Calculated value:   -1.45754  and should be:  -1.45754
-----------------------------------------

Calculated value:   -1.45754  and should be:  -1.45754
-----------------------------------------

Calculated value:   -1.45754  and should be:  -1.45754
-----------------------------------------

Calculated value:   -1.45754  and should be:  -1.45754
-----------------------------------------

Calculated value:   -1.45754  and should be:  -1.45754
-----------------------------------------

Calculated value:   -1.45754  and should be:  -1.45754
-----------------------------------------

Calculated value:   -1.45754  and should be:  -1.45754
-----------------------------------------

Calculated value:   -1.45754  and should be:  -1.45754
-----------------------------------------

Calculated value:   -1.45754  and should be:  -1.45754
-----------------------------------------

Calculated value:   -1.45754  and should be:  -1.45754
-----------------------------------------

Calculated value:   -1.45754  and should be:  -1.45754
-----------------------------------------

Calculated value:   -1.45754  and should be:  -1.45754
-----------------------------------------

Calculated value:   -1.45754  and should be:  -1.45754
-----------------------------------------

Calculated value:   -1.45754  and should be:  -1.45754
-----------------------------------------

Calculated value:   -1.45754  and should be:  -1.45754
-----------------------------------------

Calculated value:   -1.45754  and should be:  -1.45754
-----------------------------------------
eCalculated-----------------------------------------
to check if the parameters are read properly:
Calculated value:   -1.45754  and should be:  -1.45754
-----------------------------------------
-----------------------------------------
-----------------------------------------
 generating CCpol-8sf[2014] (Eckart embedd generating CC Eckart embedding is applied to translate  Eckart embedding is applied to translate (ang initially the molecule is put in the xz p init-----------------------------------------
to check if the parameters are read properto cCalculated value:   -1.45754  and should bCalculated va-----------------------------------------
-----------------------------------------
-----------------------------------------
-----------------------------------------
 generating CCpol-8sf[2014] (Eckart embedd generating CC Eckart embedding is applied to translate  Eckart embedding is applied to translate (ang initially the molecule is put in the xz p init-----------------------------------------
to check if the parameters are read properto cCalculated value:   -1.45754  and should bCalculated va-----------------------------------------
-----------------------------------------
-----------------------------------------
 generating CCpol-8sf[2014] (Eckart embedd generating CC Eckart embedding is applied to translate  Eckart embedding is applied to translate (ang initially the molecule is put in the xz p init-----------------------------------------
to check if the parameters are read properto cCalculated value:   -1.45754  and should bCalculated va-----------------------------------------
-----------------------------------------
