 MPI INITIALIZED
 PARSERING OF USER INPUT
 ARRAY_INI_STARTED
 STATES_SIZE_FOUND         198
 number_of_channels          18
 jmax_included          10
 BASIS ARRAYS CREATED
ARRAYS ALLOCATION TOOK TIME, s =             0.001
 TOTAL_SIZE_OF_M =         1251
  MAKING AN EQUIDIST GRID	
THE SIZE OF THE Mij COMPUTED BY EACH PROCESSOR= 34
 MATRIX_INI_STARTED
 COMPUTING MATRIX ELEMENTS STARTED
 THE GRID INI
 ARRAYS ALLOCATED
 GAUSS-LEGENDRE GRID DONE
Trucation #1 at #R = 20, R = 6.024, and #2 at #R = 29, R = 7.929
 SPLINING OF Mij STARTED
 SPLINING OF Mij FINISHED
 COMPUTING THE RESIDUE OF Mij
 SPLINING RESIDUE OF Mij
 SYSTEM_SETUP_DONE
MATRIX HAS BEEN SAVED INTO THE FILE  "   MTRX.DAT "
TIME SPENT ON MATRIX Mij READING/COMPUTING/SAVING ON DISK ,s       0.2
        TIME SPENT ON MATRIX Mij SAVING ON DISK ,s       2.6
 ALL WORK ON MATRIX IS DONE

real	0m14.808s
user	0m0.416s
sys	0m0.203s
