     3.5      0.0      0.0      0.0      0.0      0.0  0.117801380337E+03
     3.5     15.0      0.0      0.0      0.0      0.0  0.138025469285E+03
     3.5     30.0      0.0      0.0      0.0      0.0  0.695352658169E+03
     3.5     45.0      0.0      0.0      0.0      0.0  0.391348501626E+04
     3.5     60.0      0.0      0.0      0.0      0.0  0.874704103367E+04
     3.5     75.0      0.0      0.0      0.0      0.0  0.102564790539E+05
     3.5     90.0      0.0      0.0      0.0      0.0  0.472107490870E+04
     3.5    105.0      0.0      0.0      0.0      0.0  0.113180314401E+04
     3.5    120.0      0.0      0.0      0.0      0.0  0.205994437025E+03
     3.5    135.0      0.0      0.0      0.0      0.0  0.708390153452E+00
     3.5    150.0      0.0      0.0      0.0      0.0 -0.386165767980E+02
     3.5    165.0      0.0      0.0      0.0      0.0  0.236354150381E+02
     3.5    180.0      0.0      0.0      0.0      0.0  0.304124725872E+03
     3.5    195.0      0.0      0.0      0.0      0.0  0.845036010607E+03
     3.5    210.0      0.0      0.0      0.0      0.0  0.111320063256E+04
     3.5    225.0      0.0      0.0      0.0      0.0  0.723793671558E+03
     3.5    240.0      0.0      0.0      0.0      0.0  0.309788587625E+03
     3.5    255.0      0.0      0.0      0.0      0.0  0.557220325982E+03
     3.5    270.0      0.0      0.0      0.0      0.0  0.848859648429E+04
     3.5    285.0      0.0      0.0      0.0      0.0  0.188828828561E+05
     3.5    300.0      0.0      0.0      0.0      0.0  0.308438563722E+04
     3.5    315.0      0.0      0.0      0.0      0.0  0.145778128144E+03
     3.5    330.0      0.0      0.0      0.0      0.0  0.451881709347E+02
     3.5    345.0      0.0      0.0      0.0      0.0  0.863194761220E+02
     3.5    360.0      0.0      0.0      0.0      0.0  0.117801380337E+03
