     3.5     90.0      0.0      0.0      0.0      0.0  0.472107490870E+04
     3.5     90.0     15.0      0.0      0.0      0.0  0.345577298598E+04
     3.5     90.0     30.0      0.0      0.0      0.0  0.202301865658E+04
     3.5     90.0     45.0      0.0      0.0      0.0  0.859971957714E+03
     3.5     90.0     60.0      0.0      0.0      0.0  0.145648425844E+03
     3.5     90.0     75.0      0.0      0.0      0.0 -0.323067540123E+02
     3.5     90.0     90.0      0.0      0.0      0.0 -0.506527022521E+02
     3.5     90.0    105.0      0.0      0.0      0.0 -0.471605464813E+02
     3.5     90.0    120.0      0.0      0.0      0.0 -0.384069041907E+02
     3.5     90.0    135.0      0.0      0.0      0.0 -0.597250727559E+00
     3.5     90.0    150.0      0.0      0.0      0.0  0.183936899608E+03
     3.5     90.0    165.0      0.0      0.0      0.0  0.250405620659E+04
     3.5     90.0    180.0      0.0      0.0      0.0  0.848859648429E+04
     3.5     90.0    195.0      0.0      0.0      0.0  0.250405620659E+04
     3.5     90.0    210.0      0.0      0.0      0.0  0.183936899608E+03
     3.5     90.0    225.0      0.0      0.0      0.0 -0.597250727559E+00
     3.5     90.0    240.0      0.0      0.0      0.0 -0.384069041907E+02
     3.5     90.0    255.0      0.0      0.0      0.0 -0.471605464813E+02
     3.5     90.0    270.0      0.0      0.0      0.0 -0.506527022521E+02
     3.5     90.0    285.0      0.0      0.0      0.0 -0.323067540123E+02
     3.5     90.0    300.0      0.0      0.0      0.0  0.145648425844E+03
     3.5     90.0    315.0      0.0      0.0      0.0  0.859971957714E+03
     3.5     90.0    330.0      0.0      0.0      0.0  0.202301865658E+04
     3.5     90.0    345.0      0.0      0.0      0.0  0.345577298598E+04
     3.5     90.0    360.0      0.0      0.0      0.0  0.472107490870E+04
