 Water normalized-cartesian-coordinates
  0.774880000000000       0.000000000000000E+000 -0.532851076034806     
  0.000000000000000E+000  0.000000000000000E+000  6.714892396519352E-002
 -0.774880000000000       0.000000000000000E+000 -0.532851076034806     
 
 Ammonia normalized-cartesian-coordinates
  6.084395840627588E-008 -1.747451783057005E-007  0.112750458014159     
   1.75945891516621      -0.359965264392324      -0.522198428776812     
 -0.567990430327433        1.70372174436204      -0.522197512932352     
  -1.19146933022604       -1.34375405199900      -0.522198414855500     
 
 Water atom-atom bond distances (Ang)
#atom_1_2   0.518604199784E+00
#atom_1_3   0.820097674008E+00
#atom_2_3   0.518604199784E+00
 
 Ammonia atom-atom bond distances (Ang)
#atom_1_2   0.100800000000E+01
#atom_1_3   0.100800140109E+01
#atom_1_4   0.100800047908E+01
#atom_2_3   0.164605796514E+01
#atom_2_4   0.164605740052E+01
#atom_3_4   0.164605882783E+01
 Initialization of PES Done.
  0.000000000000000E+000   166844.835092615     
   1.00000000000000        166844.867694430     
   2.00000000000000        166844.898625081     
   3.00000000000000        166844.927545446     
   4.00000000000000        166844.954138421     
   5.00000000000000        166844.978112392     
   6.00000000000000        166844.999204435     
   7.00000000000000        166845.017183192     
   8.00000000000000        166845.031851411     
   9.00000000000000        166845.043048105     
   10.0000000000000        166845.050650316     
   11.0000000000000        166845.054574464     
   12.0000000000000        166845.054777262     
   13.0000000000000        166845.051256191     
   14.0000000000000        166845.044049528     
   15.0000000000000        166845.033235927     
   16.0000000000000        166845.018933557     
   17.0000000000000        166845.001298808     
   18.0000000000000        166844.980524579     
   19.0000000000000        166844.956838163     
   20.0000000000000        166844.930498757     
   21.0000000000000        166844.901794624     
   22.0000000000000        166844.871039934     
   23.0000000000000        166844.838571323     
   24.0000000000000        166844.804744204     
   25.0000000000000        166844.769928873     
   26.0000000000000        166844.734506454     
   27.0000000000000        166844.698864722     
   28.0000000000000        166844.663393855     
   29.0000000000000        166844.628482162     
   30.0000000000000        166844.594511825     
   31.0000000000000        166844.561854715     
   32.0000000000000        166844.530868318     
   33.0000000000000        166844.501891818     
   34.0000000000000        166844.475242380     
   35.0000000000000        166844.451211680     
   36.0000000000000        166844.430062705     
   37.0000000000000        166844.412026874     
   38.0000000000000        166844.397301504     
   39.0000000000000        166844.386047648     
   40.0000000000000        166844.378388330     
   41.0000000000000        166844.374407199     
   42.0000000000000        166844.374147612     
   43.0000000000000        166844.377612159     
   44.0000000000000        166844.384762636     
   45.0000000000000        166844.395520463     
   46.0000000000000        166844.409767546     
   47.0000000000000        166844.427347572     
   48.0000000000000        166844.448067718     
   49.0000000000000        166844.471700768     
   50.0000000000000        166844.497987599     
   51.0000000000000        166844.526640025     
   52.0000000000000        166844.557343949     
   53.0000000000000        166844.589762808     
   54.0000000000000        166844.623541259     
   55.0000000000000        166844.658309074     
   56.0000000000000        166844.693685194     
   57.0000000000000        166844.729281907     
   58.0000000000000        166844.764709092     
   59.0000000000000        166844.799578497     
   60.0000000000000        166844.833507993     
   61.0000000000000        166844.866125757     
   62.0000000000000        166844.897074350     
   63.0000000000000        166844.926014633     
   64.0000000000000        166844.952629479     
   65.0000000000000        166844.976627252     
   66.0000000000000        166844.997745002     
   67.0000000000000        166845.015751341     
   68.0000000000000        166845.030448986     
   69.0000000000000        166845.041676915     
   70.0000000000000        166845.049312134     
   71.0000000000000        166845.053271021     
   72.0000000000000        166845.053510249     
   73.0000000000000        166845.050027252     
   74.0000000000000        166845.042860261     
   75.0000000000000        166845.032087879     
   76.0000000000000        166845.017828223     
   77.0000000000000        166845.000237628     
   78.0000000000000        166844.979508938     
   79.0000000000000        166844.955869384     
   80.0000000000000        166844.929578105     
   81.0000000000000        166844.900923300     
   82.0000000000000        166844.870219074     
   83.0000000000000        166844.837801997     
   84.0000000000000        166844.804027413     
   85.0000000000000        166844.769265550     
   86.0000000000000        166844.733897459     
   87.0000000000000        166844.698310843     
   88.0000000000000        166844.662895808     
   89.0000000000000        166844.628040586     
   90.0000000000000        166844.594127286     
   91.0000000000000        166844.561527701     
   92.0000000000000        166844.530599240     
   93.0000000000000        166844.501681009     
   94.0000000000000        166844.475090097     
   95.0000000000000        166844.451118100     
   96.0000000000000        166844.430027925     
   97.0000000000000        166844.412050916     
   98.0000000000000        166844.397384309     
   99.0000000000000        166844.386189079     
   100.000000000000        166844.378588172     
   101.000000000000        166844.374665160     
   102.000000000000        166844.374463322     
   103.000000000000        166844.377985173     
   104.000000000000        166844.385192434     
   105.000000000000        166844.396006449     
   106.000000000000        166844.410309053     
   107.000000000000        166844.427943858     
   108.000000000000        166844.448717972     
   109.000000000000        166844.472404108     
   110.000000000000        166844.498743077     
   111.000000000000        166844.527446626     
   112.000000000000        166844.558200592     
   113.000000000000        166844.590668351     
   114.000000000000        166844.624494498     
   115.000000000000        166844.659308746     
   116.000000000000        166844.694729979     
   117.000000000000        166844.730370430     
   118.000000000000        166844.765839925     
   119.000000000000        166844.800750163     
   120.000000000000        166844.834718966     
   121.000000000000        166844.867374464     
   122.000000000000        166844.898359177     
   123.000000000000        166844.927333921     
   124.000000000000        166844.953981535     
   125.000000000000        166844.978010344     
   126.000000000000        166844.999157364     
   127.000000000000        166845.017191178     
   128.000000000000        166845.031914474     
   129.000000000000        166845.043166204     
   130.000000000000        166845.050823349     
   131.000000000000        166845.054802270     
   132.000000000000        166845.055059618     
   133.000000000000        166845.051592813     
   134.000000000000        166845.044440073     
   135.000000000000        166845.033679990     
   136.000000000000        166845.019430674     
   137.000000000000        166845.001848454     
   138.000000000000        166844.981126169     
   139.000000000000        166844.957491053     
   140.000000000000        166844.931202244     
   141.000000000000        166844.902547945     
   142.000000000000        166844.871842270     
   143.000000000000        166844.839421795     
   144.000000000000        166844.805641876     
   145.000000000000        166844.770872753     
   146.000000000000        166844.735495493     
   147.000000000000        166844.699897818     
   148.000000000000        166844.664469850     
   149.000000000000        166844.629599846     
   150.000000000000        166844.595669934     
   151.000000000000        166844.563051936     
   152.000000000000        166844.532103286     
   153.000000000000        166844.503163119     
   154.000000000000        166844.476548555     
   155.000000000000        166844.452551220     
   156.000000000000        166844.431434057     
   157.000000000000        166844.413428444     
   158.000000000000        166844.398731654     
   159.000000000000        166844.387504700     
   160.000000000000        166844.379870568     
   161.000000000000        166844.375912870     
   162.000000000000        166844.375674929     
   163.000000000000        166844.379159301     
   164.000000000000        166844.386327752     
   165.000000000000        166844.397101673     
   166.000000000000        166844.411362944     
   167.000000000000        166844.428955226     
   168.000000000000        166844.449685676     
   169.000000000000        166844.473327057     
   170.000000000000        166844.499620230     
   171.000000000000        166844.528276992     
   172.000000000000        166844.558983236     
   173.000000000000        166844.591402388     
   174.000000000000        166844.625179098     
   175.000000000000        166844.659943134     
   176.000000000000        166844.695313435     
   177.000000000000        166844.730902289     
   178.000000000000        166844.766319580     
   179.000000000000        166844.801177062     
   180.000000000000        166844.835092615     
   181.000000000000        166844.867694430     
   182.000000000000        166844.898625081     
   183.000000000000        166844.927545446     
   184.000000000000        166844.954138421     
   185.000000000000        166844.978112392     
   186.000000000000        166844.999204435     
   187.000000000000        166845.017183192     
   188.000000000000        166845.031851411     
   189.000000000000        166845.043048105     
   190.000000000000        166845.050650316     
   191.000000000000        166845.054574464     
   192.000000000000        166845.054777262     
   193.000000000000        166845.051256191     
   194.000000000000        166845.044049528     
   195.000000000000        166845.033235927     
   196.000000000000        166845.018933557     
   197.000000000000        166845.001298808     
   198.000000000000        166844.980524579     
   199.000000000000        166844.956838163     
   200.000000000000        166844.930498757     
   201.000000000000        166844.901794624     
   202.000000000000        166844.871039934     
   203.000000000000        166844.838571323     
   204.000000000000        166844.804744204     
   205.000000000000        166844.769928873     
   206.000000000000        166844.734506454     
   207.000000000000        166844.698864722     
   208.000000000000        166844.663393855     
   209.000000000000        166844.628482162     
   210.000000000000        166844.594511825     
   211.000000000000        166844.561854715     
   212.000000000000        166844.530868318     
   213.000000000000        166844.501891818     
   214.000000000000        166844.475242380     
   215.000000000000        166844.451211680     
   216.000000000000        166844.430062705     
   217.000000000000        166844.412026874     
   218.000000000000        166844.397301504     
   219.000000000000        166844.386047648     
   220.000000000000        166844.378388330     
   221.000000000000        166844.374407199     
   222.000000000000        166844.374147612     
   223.000000000000        166844.377612159     
   224.000000000000        166844.384762636     
   225.000000000000        166844.395520463     
   226.000000000000        166844.409767546     
   227.000000000000        166844.427347572     
   228.000000000000        166844.448067718     
   229.000000000000        166844.471700768     
   230.000000000000        166844.497987599     
   231.000000000000        166844.526640025     
   232.000000000000        166844.557343949     
   233.000000000000        166844.589762808     
   234.000000000000        166844.623541259     
   235.000000000000        166844.658309074     
   236.000000000000        166844.693685194     
   237.000000000000        166844.729281907     
   238.000000000000        166844.764709092     
   239.000000000000        166844.799578497     
   240.000000000000        166844.833507993     
   241.000000000000        166844.866125757     
   242.000000000000        166844.897074350     
   243.000000000000        166844.926014633     
   244.000000000000        166844.952629479     
   245.000000000000        166844.976627252     
   246.000000000000        166844.997745002     
   247.000000000000        166845.015751341     
   248.000000000000        166845.030448986     
   249.000000000000        166845.041676915     
   250.000000000000        166845.049312134     
   251.000000000000        166845.053271021     
   252.000000000000        166845.053510249     
   253.000000000000        166845.050027252     
   254.000000000000        166845.042860261     
   255.000000000000        166845.032087879     
   256.000000000000        166845.017828223     
   257.000000000000        166845.000237628     
   258.000000000000        166844.979508938     
   259.000000000000        166844.955869384     
   260.000000000000        166844.929578105     
   261.000000000000        166844.900923300     
   262.000000000000        166844.870219074     
   263.000000000000        166844.837801997     
   264.000000000000        166844.804027414     
   265.000000000000        166844.769265550     
   266.000000000000        166844.733897459     
   267.000000000000        166844.698310843     
   268.000000000000        166844.662895808     
   269.000000000000        166844.628040586     
   270.000000000000        166844.594127286     
   271.000000000000        166844.561527701     
   272.000000000000        166844.530599240     
   273.000000000000        166844.501681009     
   274.000000000000        166844.475090097     
   275.000000000000        166844.451118100     
   276.000000000000        166844.430027926     
   277.000000000000        166844.412050916     
   278.000000000000        166844.397384309     
   279.000000000000        166844.386189079     
   280.000000000000        166844.378588172     
   281.000000000000        166844.374665160     
   282.000000000000        166844.374463322     
   283.000000000000        166844.377985174     
   284.000000000000        166844.385192434     
   285.000000000000        166844.396006450     
   286.000000000000        166844.410309053     
   287.000000000000        166844.427943858     
   288.000000000000        166844.448717972     
   289.000000000000        166844.472404108     
   290.000000000000        166844.498743077     
   291.000000000000        166844.527446626     
   292.000000000000        166844.558200592     
   293.000000000000        166844.590668351     
   294.000000000000        166844.624494498     
   295.000000000000        166844.659308746     
   296.000000000000        166844.694729979     
   297.000000000000        166844.730370430     
   298.000000000000        166844.765839925     
   299.000000000000        166844.800750163     
   300.000000000000        166844.834718966     
   301.000000000000        166844.867374464     
   302.000000000000        166844.898359177     
   303.000000000000        166844.927333922     
   304.000000000000        166844.953981535     
   305.000000000000        166844.978010344     
   306.000000000000        166844.999157364     
   307.000000000000        166845.017191178     
   308.000000000000        166845.031914474     
   309.000000000000        166845.043166204     
   310.000000000000        166845.050823349     
   311.000000000000        166845.054802270     
   312.000000000000        166845.055059618     
   313.000000000000        166845.051592813     
   314.000000000000        166845.044440073     
   315.000000000000        166845.033679990     
   316.000000000000        166845.019430674     
   317.000000000000        166845.001848454     
   318.000000000000        166844.981126169     
   319.000000000000        166844.957491053     
   320.000000000000        166844.931202244     
   321.000000000000        166844.902547945     
   322.000000000000        166844.871842270     
   323.000000000000        166844.839421795     
   324.000000000000        166844.805641876     
   325.000000000000        166844.770872753     
   326.000000000000        166844.735495493     
   327.000000000000        166844.699897818     
   328.000000000000        166844.664469850     
   329.000000000000        166844.629599846     
   330.000000000000        166844.595669934     
   331.000000000000        166844.563051936     
   332.000000000000        166844.532103286     
   333.000000000000        166844.503163119     
   334.000000000000        166844.476548555     
   335.000000000000        166844.452551220     
   336.000000000000        166844.431434057     
   337.000000000000        166844.413428444     
   338.000000000000        166844.398731654     
   339.000000000000        166844.387504700     
   340.000000000000        166844.379870568     
   341.000000000000        166844.375912870     
   342.000000000000        166844.375674929     
   343.000000000000        166844.379159301     
   344.000000000000        166844.386327752     
   345.000000000000        166844.397101673     
   346.000000000000        166844.411362944     
   347.000000000000        166844.428955227     
   348.000000000000        166844.449685676     
   349.000000000000        166844.473327057     
   350.000000000000        166844.499620230     
   351.000000000000        166844.528276992     
   352.000000000000        166844.558983236     
   353.000000000000        166844.591402388     
   354.000000000000        166844.625179098     
   355.000000000000        166844.659943134     
   356.000000000000        166844.695313435     
   357.000000000000        166844.730902289     
   358.000000000000        166844.766319580     
   359.000000000000        166844.801177062     
   360.000000000000        166844.835092615     
