 Water normalized-cartesian-coordinates
  0.774880000000000       0.000000000000000E+000 -0.532851076034806     
  0.000000000000000E+000  0.000000000000000E+000  6.714892396519352E-002
 -0.774880000000000       0.000000000000000E+000 -0.532851076034806     
 
 Ammonia normalized-cartesian-coordinates
  6.084395840627588E-008 -1.747451783057005E-007  0.112750458014159     
   1.75945891516621      -0.359965264392324      -0.522198428776812     
 -0.567990430327433        1.70372174436204      -0.522197512932352     
  -1.19146933022604       -1.34375405199900      -0.522198414855500     
 
 Water atom-atom bond distances (Ang)
#atom_1_2   0.518604199784E+00
#atom_1_3   0.820097674008E+00
#atom_2_3   0.518604199784E+00
 
 Ammonia atom-atom bond distances (Ang)
#atom_1_2   0.100800000000E+01
#atom_1_3   0.100800140109E+01
#atom_1_4   0.100800047908E+01
#atom_2_3   0.164605796514E+01
#atom_2_4   0.164605740052E+01
#atom_3_4   0.164605882783E+01
 Initialization of PES Done.
  0.000000000000000E+000   301897654.181422     
   1.00000000000000        301901089.862852     
   2.00000000000000        301904350.022332     
   3.00000000000000        301907398.871775     
   4.00000000000000        301910202.931219     
   5.00000000000000        301912731.398923     
   6.00000000000000        301914956.492284     
   7.00000000000000        301916853.755685     
   8.00000000000000        301918402.331755     
   9.00000000000000        301919585.192917     
   10.0000000000000        301920389.330556     
   11.0000000000000        301920805.899624     
   12.0000000000000        301920830.317004     
   13.0000000000000        301920462.312490     
   14.0000000000000        301919705.931794     
   15.0000000000000        301918569.491544     
   16.0000000000000        301917065.486795     
   17.0000000000000        301915210.452121     
   18.0000000000000        301913024.777919     
   19.0000000000000        301910532.484014     
   20.0000000000000        301907760.953212     
   21.0000000000000        301904740.627839     
   22.0000000000000        301901504.672757     
   23.0000000000000        301898088.608688     
   24.0000000000000        301894529.920018     
   25.0000000000000        301890867.641509     
   26.0000000000000        301887141.928554     
   27.0000000000000        301883393.615780     
   28.0000000000000        301879663.768898     
   29.0000000000000        301875993.234743     
   30.0000000000000        301872422.194428     
   31.0000000000000        301868989.724492     
   32.0000000000000        301865733.370775     
   33.0000000000000        301862688.739615     
   34.0000000000000        301859889.110719     
   35.0000000000000        301857365.075834     
   36.0000000000000        301855144.207024     
   37.0000000000000        301853250.758043     
   38.0000000000000        301851705.401914     
   39.0000000000000        301850525.007467     
   40.0000000000000        301849722.457120     
   41.0000000000000        301849306.507823     
   42.0000000000000        301849281.696563     
   43.0000000000000        301849648.291431     
   44.0000000000000        301850402.288730     
   45.0000000000000        301851535.456174     
   46.0000000000000        301853035.421720     
   47.0000000000000        301854885.807126     
   48.0000000000000        301857066.404852     
   49.0000000000000        301859553.396493     
   50.0000000000000        301862319.610456     
   51.0000000000000        301865334.816226     
   52.0000000000000        301868566.052128     
   53.0000000000000        301871977.983154     
   54.0000000000000        301875533.285080     
   55.0000000000000        301879193.050795     
   56.0000000000000        301882917.214495     
   57.0000000000000        301886664.989208     
   58.0000000000000        301890395.312889     
   59.0000000000000        301894067.298268     
   60.0000000000000        301897640.681486     
   61.0000000000000        301901076.264608     
   62.0000000000000        301904336.347083     
   63.0000000000000        301907385.141348     
   64.0000000000000        301910189.167906     
   65.0000000000000        301912717.625424     
   66.0000000000000        301914942.731645     
   67.0000000000000        301916840.031232     
   68.0000000000000        301918388.667033     
   69.0000000000000        301919571.611616     
   70.0000000000000        301920375.856447     
   71.0000000000000        301920792.556487     
   72.0000000000000        301920817.128558     
   73.0000000000000        301920449.302323     
   74.0000000000000        301919693.123295     
   75.0000000000000        301918556.907830     
   76.0000000000000        301917053.150644     
   77.0000000000000        301915198.385910     
   78.0000000000000        301913013.003551     
   79.0000000000000        301910521.022863     
   80.0000000000000        301907749.826057     
   81.0000000000000        301904729.854811     
   82.0000000000000        301901494.273279     
   83.0000000000000        301898078.601426     
   84.0000000000000        301894520.322833     
   85.0000000000000        301890858.471409     
   86.0000000000000        301887133.201653     
   87.0000000000000        301883385.347260     
   88.0000000000000        301879655.972973     
   89.0000000000000        301875985.924627     
   90.0000000000000        301872415.382308     
   91.0000000000000        301868983.421501     
   92.0000000000000        301865727.586974     
   93.0000000000000        301862683.483970     
   94.0000000000000        301859884.391091     
   95.0000000000000        301857360.898964     
   96.0000000000000        301855140.578526     
   97.0000000000000        301853247.682398     
   98.0000000000000        301851702.882469     
   99.0000000000000        301850523.046431     
   100.000000000000        301849721.055573     
   101.000000000000        301849305.665716     
   102.000000000000        301849281.412732     
   103.000000000000        301849648.563602     
   104.000000000000        301850403.113538     
   105.000000000000        301851536.829178     
   106.000000000000        301853037.337419     
   107.000000000000        301854888.258984     
   108.000000000000        301857069.385319     
   109.000000000000        301859556.897034     
   110.000000000000        301862323.621577     
   111.000000000000        301865339.327508     
   112.000000000000        301868571.052259     
   113.000000000000        301871983.459965     
   114.000000000000        301875539.225587     
   115.000000000000        301879199.441236     
   116.000000000000        301882924.040376     
   117.000000000000        301886672.235345     
   118.000000000000        301890402.963463     
   119.000000000000        301894075.336866     
   120.000000000000        301897649.091159     
   121.000000000000        301901085.027922     
   122.000000000000        301904345.446174     
   123.000000000000        301907394.557980     
   124.000000000000        301910198.883525     
   125.000000000000        301912727.621220     
   126.000000000000        301914952.988605     
   127.000000000000        301916850.530208     
   128.000000000000        301918399.388792     
   129.000000000000        301919582.536905     
   130.000000000000        301920386.966046     
   131.000000000000        301920803.831270     
   132.000000000000        301920828.549546     
   133.000000000000        301920460.850740     
   134.000000000000        301919704.780617     
   135.000000000000        301918568.655838     
   136.000000000000        301917064.971469     
   137.000000000000        301915210.262075     
   138.000000000000        301913024.918018     
   139.000000000000        301910532.959063     
   140.000000000000        301907761.767931     
   141.000000000000        301904741.786834     
   142.000000000000        301901506.180492     
   143.000000000000        301898090.469453     
   144.000000000000        301894532.137901     
   145.000000000000        301890870.220365     
   146.000000000000        301887144.871970     
   147.000000000000        301883396.927044     
   148.000000000000        301879667.450965     
   149.000000000000        301875997.290199     
   150.000000000000        301872426.625459     
   151.000000000000        301868994.532848     
   152.000000000000        301865738.557736     
   153.000000000000        301862694.305954     
   154.000000000000        301859895.056669     
   155.000000000000        301857371.401057     
   156.000000000000        301855150.910573     
   157.000000000000        301853257.838332     
   158.000000000000        301851712.856688     
   159.000000000000        301850532.833767     
   160.000000000000        301849730.651259     
   161.000000000000        301849315.065356     
   162.000000000000        301849290.612263     
   163.000000000000        301849657.559264     
   164.000000000000        301850411.901838     
   165.000000000000        301851545.406854     
   166.000000000000        301853045.701410     
   167.000000000000        301854896.406391     
   168.000000000000        301857077.313379     
   169.000000000000        301859564.603083     
   170.000000000000        301862331.103024     
   171.000000000000        301865346.581803     
   172.000000000000        301868578.076868     
   173.000000000000        301871990.252344     
   174.000000000000        301875545.783159     
   175.000000000000        301879205.761366     
   176.000000000000        301882930.120358     
   177.000000000000        301886678.072380     
   178.000000000000        301890408.554644     
   179.000000000000        301894080.679166     
   180.000000000000        301897654.181422     
   181.000000000000        301901089.862852     
   182.000000000000        301904350.022332     
   183.000000000000        301907398.871775     
   184.000000000000        301910202.931219     
   185.000000000000        301912731.398923     
   186.000000000000        301914956.492284     
   187.000000000000        301916853.755685     
   188.000000000000        301918402.331755     
   189.000000000000        301919585.192917     
   190.000000000000        301920389.330556     
   191.000000000000        301920805.899624     
   192.000000000000        301920830.317004     
   193.000000000000        301920462.312490     
   194.000000000000        301919705.931794     
   195.000000000000        301918569.491544     
   196.000000000000        301917065.486795     
   197.000000000000        301915210.452121     
   198.000000000000        301913024.777919     
   199.000000000000        301910532.484014     
   200.000000000000        301907760.953212     
   201.000000000000        301904740.627839     
   202.000000000000        301901504.672757     
   203.000000000000        301898088.608688     
   204.000000000000        301894529.920018     
   205.000000000000        301890867.641509     
   206.000000000000        301887141.928554     
   207.000000000000        301883393.615780     
   208.000000000000        301879663.768898     
   209.000000000000        301875993.234743     
   210.000000000000        301872422.194428     
   211.000000000000        301868989.724492     
   212.000000000000        301865733.370775     
   213.000000000000        301862688.739615     
   214.000000000000        301859889.110719     
   215.000000000000        301857365.075834     
   216.000000000000        301855144.207024     
   217.000000000000        301853250.758043     
   218.000000000000        301851705.401914     
   219.000000000000        301850525.007467     
   220.000000000000        301849722.457120     
   221.000000000000        301849306.507823     
   222.000000000000        301849281.696563     
   223.000000000000        301849648.291431     
   224.000000000000        301850402.288730     
   225.000000000000        301851535.456174     
   226.000000000000        301853035.421720     
   227.000000000000        301854885.807126     
   228.000000000000        301857066.404852     
   229.000000000000        301859553.396493     
   230.000000000000        301862319.610456     
   231.000000000000        301865334.816226     
   232.000000000000        301868566.052128     
   233.000000000000        301871977.983153     
   234.000000000000        301875533.285080     
   235.000000000000        301879193.050795     
   236.000000000000        301882917.214495     
   237.000000000000        301886664.989208     
   238.000000000000        301890395.312889     
   239.000000000000        301894067.298268     
   240.000000000000        301897640.681486     
   241.000000000000        301901076.264608     
   242.000000000000        301904336.347083     
   243.000000000000        301907385.141348     
   244.000000000000        301910189.167906     
   245.000000000000        301912717.625424     
   246.000000000000        301914942.731644     
   247.000000000000        301916840.031232     
   248.000000000000        301918388.667033     
   249.000000000000        301919571.611616     
   250.000000000000        301920375.856447     
   251.000000000000        301920792.556487     
   252.000000000000        301920817.128558     
   253.000000000000        301920449.302323     
   254.000000000000        301919693.123295     
   255.000000000000        301918556.907830     
   256.000000000000        301917053.150644     
   257.000000000000        301915198.385910     
   258.000000000000        301913013.003551     
   259.000000000000        301910521.022863     
   260.000000000000        301907749.826057     
   261.000000000000        301904729.854811     
   262.000000000000        301901494.273279     
   263.000000000000        301898078.601426     
   264.000000000000        301894520.322832     
   265.000000000000        301890858.471409     
   266.000000000000        301887133.201653     
   267.000000000000        301883385.347260     
   268.000000000000        301879655.972973     
   269.000000000000        301875985.924627     
   270.000000000000        301872415.382308     
   271.000000000000        301868983.421501     
   272.000000000000        301865727.586974     
   273.000000000000        301862683.483970     
   274.000000000000        301859884.391091     
   275.000000000000        301857360.898964     
   276.000000000000        301855140.578526     
   277.000000000000        301853247.682398     
   278.000000000000        301851702.882469     
   279.000000000000        301850523.046431     
   280.000000000000        301849721.055573     
   281.000000000000        301849305.665716     
   282.000000000000        301849281.412732     
   283.000000000000        301849648.563602     
   284.000000000000        301850403.113538     
   285.000000000000        301851536.829178     
   286.000000000000        301853037.337419     
   287.000000000000        301854888.258983     
   288.000000000000        301857069.385319     
   289.000000000000        301859556.897034     
   290.000000000000        301862323.621577     
   291.000000000000        301865339.327508     
   292.000000000000        301868571.052259     
   293.000000000000        301871983.459965     
   294.000000000000        301875539.225587     
   295.000000000000        301879199.441236     
   296.000000000000        301882924.040376     
   297.000000000000        301886672.235345     
   298.000000000000        301890402.963462     
   299.000000000000        301894075.336866     
   300.000000000000        301897649.091159     
   301.000000000000        301901085.027922     
   302.000000000000        301904345.446174     
   303.000000000000        301907394.557980     
   304.000000000000        301910198.883525     
   305.000000000000        301912727.621220     
   306.000000000000        301914952.988605     
   307.000000000000        301916850.530208     
   308.000000000000        301918399.388792     
   309.000000000000        301919582.536905     
   310.000000000000        301920386.966046     
   311.000000000000        301920803.831270     
   312.000000000000        301920828.549546     
   313.000000000000        301920460.850741     
   314.000000000000        301919704.780618     
   315.000000000000        301918568.655838     
   316.000000000000        301917064.971469     
   317.000000000000        301915210.262075     
   318.000000000000        301913024.918018     
   319.000000000000        301910532.959063     
   320.000000000000        301907761.767931     
   321.000000000000        301904741.786834     
   322.000000000000        301901506.180492     
   323.000000000000        301898090.469453     
   324.000000000000        301894532.137902     
   325.000000000000        301890870.220365     
   326.000000000000        301887144.871970     
   327.000000000000        301883396.927044     
   328.000000000000        301879667.450965     
   329.000000000000        301875997.290199     
   330.000000000000        301872426.625459     
   331.000000000000        301868994.532848     
   332.000000000000        301865738.557736     
   333.000000000000        301862694.305954     
   334.000000000000        301859895.056669     
   335.000000000000        301857371.401057     
   336.000000000000        301855150.910573     
   337.000000000000        301853257.838332     
   338.000000000000        301851712.856688     
   339.000000000000        301850532.833767     
   340.000000000000        301849730.651259     
   341.000000000000        301849315.065356     
   342.000000000000        301849290.612263     
   343.000000000000        301849657.559264     
   344.000000000000        301850411.901838     
   345.000000000000        301851545.406854     
   346.000000000000        301853045.701410     
   347.000000000000        301854896.406391     
   348.000000000000        301857077.313379     
   349.000000000000        301859564.603083     
   350.000000000000        301862331.103024     
   351.000000000000        301865346.581803     
   352.000000000000        301868578.076868     
   353.000000000000        301871990.252344     
   354.000000000000        301875545.783159     
   355.000000000000        301879205.761366     
   356.000000000000        301882930.120358     
   357.000000000000        301886678.072380     
   358.000000000000        301890408.554644     
   359.000000000000        301894080.679166     
   360.000000000000        301897654.181422     
