 Water normalized-cartesian-coordinates
  0.774880000000000       0.000000000000000E+000 -0.532851076034806     
  0.000000000000000E+000  0.000000000000000E+000  6.714892396519352E-002
 -0.774880000000000       0.000000000000000E+000 -0.532851076034806     
 
 Ammonia normalized-cartesian-coordinates
  6.084395840627588E-008 -1.747451783057005E-007  0.112750458014159     
   1.75945891516621      -0.359965264392324      -0.522198428776812     
 -0.567990430327433        1.70372174436204      -0.522197512932352     
  -1.19146933022604       -1.34375405199900      -0.522198414855500     
 
 Water atom-atom bond distances (Ang)
#atom_1_2   0.518604199784E+00
#atom_1_3   0.820097674008E+00
#atom_2_3   0.518604199784E+00
 
 Ammonia atom-atom bond distances (Ang)
#atom_1_2   0.100800000000E+01
#atom_1_3   0.100800140109E+01
#atom_1_4   0.100800047908E+01
#atom_2_3   0.164605796514E+01
#atom_2_4   0.164605740052E+01
#atom_3_4   0.164605882783E+01
 Initialization of PES Done.
  0.000000000000000E+000  -302.620928003318     
   1.00000000000000       -302.580673278745     
   2.00000000000000       -302.454376164654     
   3.00000000000000       -302.237082063317     
   4.00000000000000       -301.923340710534     
   5.00000000000000       -301.507183171502     
   6.00000000000000       -300.982100218604     
   7.00000000000000       -300.341022389547     
   8.00000000000000       -299.576302063465     
   9.00000000000000       -298.679697934164     
   10.0000000000000       -297.642362303237     
   11.0000000000000       -296.454831660977     
   12.0000000000000       -295.107021069161     
   13.0000000000000       -293.588222906383     
   14.0000000000000       -291.887110582627     
   15.0000000000000       -289.991747874385     
   16.0000000000000       -287.889604573579     
   17.0000000000000       -285.567579181543     
   18.0000000000000       -283.012029411803     
   19.0000000000000       -280.208811290681     
   20.0000000000000       -277.143327660854     
   21.0000000000000       -273.800586897948     
   22.0000000000000       -270.165272641613     
   23.0000000000000       -266.221825318050     
   24.0000000000000       -261.954536188037     
   25.0000000000000       -257.347654590558     
   26.0000000000000       -252.385508964661     
   27.0000000000000       -247.052642118555     
   28.0000000000000       -241.333961072925     
   29.0000000000000       -235.214901632947     
   30.0000000000000       -228.681607638725     
   31.0000000000000       -221.721124605833     
   32.0000000000000       -214.321607195720     
   33.0000000000000       -206.472539650300     
   34.0000000000000       -198.164967987376     
   35.0000000000000       -189.391742386147     
   36.0000000000000       -180.147767798513     
   37.0000000000000       -170.430260407524     
   38.0000000000000       -160.239007125621     
   39.0000000000000       -149.576624890651     
   40.0000000000000       -138.448816086853     
   41.0000000000000       -126.864616002478     
   42.0000000000000       -114.836627848492     
   43.0000000000000       -102.381240518023     
   44.0000000000000       -89.5188239791702     
   45.0000000000000       -76.2738969804452     
   46.0000000000000       -62.6752616245579     
   47.0000000000000       -48.7560993483990     
   48.0000000000000       -34.5540229497956     
   49.0000000000000       -20.1110795381796     
   50.0000000000000       -5.47369966767511     
   51.0000000000000        9.30741155492093     
   52.0000000000000        24.1774449042208     
   53.0000000000000        39.0777216828097     
   54.0000000000000        53.9459942538024     
   55.0000000000000        68.7168129969578     
   56.0000000000000        83.3219589681320     
   57.0000000000000        97.6909401851339     
   58.0000000000000        111.751548036450     
   59.0000000000000        125.430468846693     
   60.0000000000000        138.653944172795     
   61.0000000000000        151.348471989883     
   62.0000000000000        163.441539599882     
   63.0000000000000        174.862377904051     
   64.0000000000000        185.542725666881     
   65.0000000000000        195.417591604178     
   66.0000000000000        204.426001589225     
   67.0000000000000        212.511718017580     
   68.0000000000000        219.623918425587     
   69.0000000000000        225.717820832571     
   70.0000000000000        230.755243974349     
   71.0000000000000        234.705091607669     
   72.0000000000000        237.543751371731     
   73.0000000000000        239.255400263853     
   74.0000000000000        239.832210581475     
   75.0000000000000        239.274452153490     
   76.0000000000000        237.590488775121     
   77.0000000000000        234.796668912078     
   78.0000000000000        230.917112889408     
   79.0000000000000        225.983400865951     
   80.0000000000000        220.034167856898     
   81.0000000000000        213.114613849661     
   82.0000000000000        205.275938614048     
   83.0000000000000        196.574712097059     
   84.0000000000000        187.072192285693     
   85.0000000000000        176.833603099295     
   86.0000000000000        165.927385228091     
   87.0000000000000        154.424432869636     
   88.0000000000000        142.397329043554     
   89.0000000000000        129.919591609267     
   90.0000000000000        117.064941302414     
   91.0000000000000        103.906602079727     
   92.0000000000000        90.5166428608294     
   93.0000000000000        76.9653684228206     
   94.0000000000000        63.3207657844409     
   95.0000000000000        49.6480109554467     
   96.0000000000000        36.0090394654710     
   97.0000000000000        22.4621826633129     
   98.0000000000000        9.06187042635827     
   99.0000000000000       -4.14160033111535     
   100.000000000000       -17.1022330897844     
   101.000000000000       -29.7784378241575     
   102.000000000000       -42.1330793324132     
   103.000000000000       -54.1334720419667     
   104.000000000000       -65.7513260598798     
   105.000000000000       -76.9626496093551     
   106.000000000000       -87.7476132214407     
   107.000000000000       -98.0903811458683     
   108.000000000000       -107.978915419983     
   109.000000000000       -117.404757905036     
   110.000000000000       -126.362795380586     
   111.000000000000       -134.851012496462     
   112.000000000000       -142.870237033707     
   113.000000000000       -150.423881536285     
   114.000000000000       -157.517684958192     
   115.000000000000       -164.159457538972     
   116.000000000000       -170.358831685672     
   117.000000000000       -176.127021210867     
   118.000000000000       -181.476590862649     
   119.000000000000       -186.421237689965     
   120.000000000000       -190.975585420518     
   121.000000000000       -195.154992692090     
   122.000000000000       -198.975375674220     
   123.000000000000       -202.453045346636     
   124.000000000000       -205.604559464198     
   125.000000000000       -208.446589034676     
   126.000000000000       -210.995798964306     
   127.000000000000       -213.268742385060     
   128.000000000000       -215.281768064785     
   129.000000000000       -217.050940214488     
   130.000000000000       -218.591969943565     
   131.000000000000       -219.920157571095     
   132.000000000000       -221.050344976886     
   133.000000000000       -221.996877167254     
   134.000000000000       -222.773572235175     
   135.000000000000       -223.393698910149     
   136.000000000000       -223.869960917899     
   137.000000000000       -224.214487401896     
   138.000000000000       -224.438828696017     
   139.000000000000       -224.553956778885     
   140.000000000000       -224.570269784332     
   141.000000000000       -224.497599987768     
   142.000000000000       -224.345224734170     
   143.000000000000       -224.121879819051     
   144.000000000000       -223.835774878519     
   145.000000000000       -223.494610387889     
   146.000000000000       -223.105595909789     
   147.000000000000       -222.675469272135     
   148.000000000000       -222.210516393385     
   149.000000000000       -221.716591507106     
   150.000000000000       -221.199137569935     
   151.000000000000       -220.663206666590     
   152.000000000000       -220.113480252530     
   153.000000000000       -219.554289099478     
   154.000000000000       -218.989632831157     
   155.000000000000       -218.423198956528     
   156.000000000000       -217.858381325620     
   157.000000000000       -217.298297948795     
   158.000000000000       -216.745808134252     
   159.000000000000       -216.203528910719     
   160.000000000000       -215.673850712957     
   161.000000000000       -215.158952316812     
   162.000000000000       -214.660815018446     
   163.000000000000       -214.181236059023     
   164.000000000000       -213.721841301748     
   165.000000000000       -213.284097172802     
   166.000000000000       -212.869321881528     
   167.000000000000       -212.478695938276     
   168.000000000000       -212.113271990749     
   169.000000000000       -211.773984001477     
   170.000000000000       -211.461655790430     
   171.000000000000       -211.177008967650     
   172.000000000000       -210.920670281342     
   173.000000000000       -210.693178407078     
   174.000000000000       -210.494990203729     
   175.000000000000       -210.326486461520     
   176.000000000000       -210.187977167120     
   177.000000000000       -210.079706310163     
   178.000000000000       -210.001856254866     
   179.000000000000       -209.954551699675     
   180.000000000000       -209.937863247023     
   181.000000000000       -209.951810604416     
   182.000000000000       -209.996365437177     
   183.000000000000       -210.071453892288     
   184.000000000000       -210.176958811846     
   185.000000000000       -210.312721653836     
   186.000000000000       -210.478544137007     
   187.000000000000       -210.674189625912     
   188.000000000000       -210.899384271341     
   189.000000000000       -211.153817920720     
   190.000000000000       -211.437144812380     
   191.000000000000       -211.748984067001     
   192.000000000000       -212.088919989030     
   193.000000000000       -212.456502190418     
   194.000000000000       -212.851245548636     
   195.000000000000       -213.272630010615     
   196.000000000000       -213.720100254066     
   197.000000000000       -214.193065217437     
   198.000000000000       -214.690897509745     
   199.000000000000       -215.212932711508     
   200.000000000000       -215.758468578122     
   201.000000000000       -216.326764157192     
   202.000000000000       -216.917038831623     
   203.000000000000       -217.528471300597     
   204.000000000000       -218.160198511034     
   205.000000000000       -218.811314552627     
   206.000000000000       -219.480869530156     
   207.000000000000       -220.167868427473     
   208.000000000000       -220.871269978279     
   209.000000000000       -221.589985559673     
   210.000000000000       -222.322878125325     
   211.000000000000       -223.068761196093     
   212.000000000000       -223.826397926889     
   213.000000000000       -224.594500269691     
   214.000000000000       -225.371728253640     
   215.000000000000       -226.156689404295     
   216.000000000000       -226.947938325240     
   217.000000000000       -227.743976466322     
   218.000000000000       -228.543252103921     
   219.000000000000       -229.344160559659     
   220.000000000000       -230.145044684958     
   221.000000000000       -230.944195639719     
   222.000000000000       -231.739853994195     
   223.000000000000       -232.530211183709     
   224.000000000000       -233.313411346351     
   225.000000000000       -234.087553573998     
   226.000000000000       -234.850694607003     
   227.000000000000       -235.600852002582     
   228.000000000000       -236.336007806336     
   229.000000000000       -237.054112755328     
   230.000000000000       -237.753091039784     
   231.000000000000       -238.430845648608     
   232.000000000000       -239.085264321637     
   233.000000000000       -239.714226128660     
   234.000000000000       -240.315608691861     
   235.000000000000       -240.887296064322     
   236.000000000000       -241.427187272590     
   237.000000000000       -241.933205526023     
   238.000000000000       -242.403308089712     
   239.000000000000       -242.835496811082     
   240.000000000000       -243.227829283035     
   241.000000000000       -243.578430618448     
   242.000000000000       -243.885505802275     
   243.000000000000       -244.147352578216     
   244.000000000000       -244.362374817158     
   245.000000000000       -244.529096304277     
   246.000000000000       -244.646174871058     
   247.000000000000       -244.712416787433     
   248.000000000000       -244.726791318152     
   249.000000000000       -244.688445336264     
   250.000000000000       -244.596717875541     
   251.000000000000       -244.451154492924     
   252.000000000000       -244.251521301827     
   253.000000000000       -243.997818527610     
   254.000000000000       -243.690293427944     
   255.000000000000       -243.329452413409     
   256.000000000000       -242.916072197693     
   257.000000000000       -242.451209802439     
   258.000000000000       -241.936211239447     
   259.000000000000       -241.372718692661     
   260.000000000000       -240.762676024517     
   261.000000000000       -240.108332435966     
   262.000000000000       -239.412244116890     
   263.000000000000       -238.677273733999     
   264.000000000000       -237.906587616600     
   265.000000000000       -237.103650516985     
   266.000000000000       -236.272217841565     
   267.000000000000       -235.416325271223     
   268.000000000000       -234.540275714566     
   269.000000000000       -233.648623565594     
   270.000000000000       -232.746156267541     
   271.000000000000       -231.837873216952     
   272.000000000000       -230.928962076018     
   273.000000000000       -230.024772596364     
   274.000000000000       -229.130788093323     
   275.000000000000       -228.252594745693     
   276.000000000000       -227.395848931422     
   277.000000000000       -226.566242843954     
   278.000000000000       -225.769468666446     
   279.000000000000       -225.011181611064     
   280.000000000000       -224.296962157391     
   281.000000000000       -223.632277847067     
   282.000000000000       -223.022445010471     
   283.000000000000       -222.472590815087     
   284.000000000000       -221.987616033706     
   285.000000000000       -221.572158933365     
   286.000000000000       -221.230560682832     
   287.000000000000       -220.966832667169     
   288.000000000000       -220.784626082577     
   289.000000000000       -220.687204163381     
   290.000000000000       -220.677417365865     
   291.000000000000       -220.757681801167     
   292.000000000000       -220.929961171953     
   293.000000000000       -221.195752425776     
   294.000000000000       -221.556075292551     
   295.000000000000       -222.011465825231     
   296.000000000000       -222.561974012345     
   297.000000000000       -223.207165479500     
   298.000000000000       -223.946127245147     
   299.000000000000       -224.777477444743     
   300.000000000000       -225.699378887868     
   301.000000000000       -226.709556265724     
   302.000000000000       -227.805316782481     
   303.000000000000       -228.983573944007     
   304.000000000000       -230.240874202095     
   305.000000000000       -231.573426122065     
   306.000000000000       -232.977131716829     
   307.000000000000       -234.447619571580     
   308.000000000000       -235.980279370279     
   309.000000000000       -237.570297428125     
   310.000000000000       -239.212692833119     
   311.000000000000       -240.902353804487     
   312.000000000000       -242.634073885721     
   313.000000000000       -244.402587605058     
   314.000000000000       -246.202605255718     
   315.000000000000       -248.028846471693     
   316.000000000000       -249.876072301736     
   317.000000000000       -251.739115513702     
   318.000000000000       -253.612908893016     
   319.000000000000       -255.492511332038     
   320.000000000000       -257.373131540868     
   321.000000000000       -259.250149244035     
   322.000000000000       -261.119133761013     
   323.000000000000       -262.975859901020     
   324.000000000000       -264.816321133643     
   325.000000000000       -266.636740026087     
   326.000000000000       -268.433575964881     
   327.000000000000       -270.203530204466     
   328.000000000000       -271.943548307015     
   329.000000000000       -273.650820056883     
   330.000000000000       -275.322776949339     
   331.000000000000       -276.957087366464     
   332.000000000000       -278.551649563563     
   333.000000000000       -280.104582597048     
   334.000000000000       -281.614215329775     
   335.000000000000       -283.079073652316     
   336.000000000000       -284.497866058940     
   337.000000000000       -285.869467715272     
   338.000000000000       -287.192903151056     
   339.000000000000       -288.467327706336     
   340.000000000000       -289.692007853045     
   341.000000000000       -290.866300506626     
   342.000000000000       -291.989631434288     
   343.000000000000       -293.061472857987     
   344.000000000000       -294.081320341590     
   345.000000000000       -295.048669043042     
   346.000000000000       -295.962989404121     
   347.000000000000       -296.823702342632     
   348.000000000000       -297.630154004964     
   349.000000000000       -298.381590130972     
   350.000000000000       -299.077130078416     
   351.000000000000       -299.715740550814     
   352.000000000000       -300.296209070751     
   353.000000000000       -300.817117240661     
   354.000000000000       -301.276813834923     
   355.000000000000       -301.673387771027     
   356.000000000000       -302.004641013714     
   357.000000000000       -302.268061474439     
   358.000000000000       -302.460795979511     
   359.000000000000       -302.579623393812     
   360.000000000000       -302.620928003318     
