 Water normalized-cartesian-coordinates
  0.774880000000000       0.000000000000000E+000 -0.532851076034806     
  0.000000000000000E+000  0.000000000000000E+000  6.714892396519352E-002
 -0.774880000000000       0.000000000000000E+000 -0.532851076034806     
 
 Ammonia normalized-cartesian-coordinates
  6.084395840627588E-008 -1.747451783057005E-007  0.112750458014159     
   1.75945891516621      -0.359965264392324      -0.522198428776812     
 -0.567990430327433        1.70372174436204      -0.522197512932352     
  -1.19146933022604       -1.34375405199900      -0.522198414855500     
 
 Water atom-atom bond distances (Ang)
#atom_1_2   0.518604199784E+00
#atom_1_3   0.820097674008E+00
#atom_2_3   0.518604199784E+00
 
 Ammonia atom-atom bond distances (Ang)
#atom_1_2   0.100800000000E+01
#atom_1_3   0.100800140109E+01
#atom_1_4   0.100800047908E+01
#atom_2_3   0.164605796514E+01
#atom_2_4   0.164605740052E+01
#atom_3_4   0.164605882783E+01
 Initialization of PES Done.
  0.000000000000000E+000   304870.336598680     
   1.00000000000000        304879.734623449     
   2.00000000000000        304888.651399561     
   3.00000000000000        304896.989207451     
   4.00000000000000        304904.656669033     
   5.00000000000000        304911.569749408     
   6.00000000000000        304917.652678150     
   7.00000000000000        304922.838780039     
   8.00000000000000        304927.071206130     
   9.00000000000000        304930.303557113     
   10.0000000000000        304932.500392120     
   11.0000000000000        304933.637617381     
   12.0000000000000        304933.702750454     
   13.0000000000000        304932.695057136     
   14.0000000000000        304930.625559531     
   15.0000000000000        304927.516915202     
   16.0000000000000        304923.403168730     
   17.0000000000000        304918.329378407     
   18.0000000000000        304912.351122174     
   19.0000000000000        304905.533888239     
   20.0000000000000        304897.952357056     
   21.0000000000000        304889.689582576     
   22.0000000000000        304880.836081753     
   23.0000000000000        304871.488842303     
   24.0000000000000        304861.750259624     
   25.0000000000000        304851.727014532     
   26.0000000000000        304841.528904134     
   27.0000000000000        304831.267638662     
   28.0000000000000        304821.055617464     
   29.0000000000000        304811.004697552     
   30.0000000000000        304801.224968223     
   31.0000000000000        304791.823545159     
   32.0000000000000        304782.903397204     
   33.0000000000000        304774.562218671     
   34.0000000000000        304766.891359509     
   35.0000000000000        304759.974825029     
   36.0000000000000        304753.888356121     
   37.0000000000000        304748.698600029     
   38.0000000000000        304744.462380730     
   39.0000000000000        304741.226076886     
   40.0000000000000        304739.025114177     
   41.0000000000000        304737.883577549     
   42.0000000000000        304737.813947602     
   43.0000000000000        304738.816964013     
   44.0000000000000        304740.881617478     
   45.0000000000000        304743.985270248     
   46.0000000000000        304748.093903968     
   47.0000000000000        304753.162492090     
   48.0000000000000        304759.135492809     
   49.0000000000000        304765.947457133     
   50.0000000000000        304773.523745443     
   51.0000000000000        304781.781344732     
   52.0000000000000        304790.629777570     
   53.0000000000000        304799.972092875     
   54.0000000000000        304809.705927664     
   55.0000000000000        304819.724628157     
   56.0000000000000        304829.918417984     
   57.0000000000000        304840.175600699     
   58.0000000000000        304850.383783446     
   59.0000000000000        304860.431108373     
   60.0000000000000        304870.207478298     
   61.0000000000000        304879.605763196     
   62.0000000000000        304888.522974287     
   63.0000000000000        304896.861392830     
   64.0000000000000        304904.529641253     
   65.0000000000000        304911.443684857     
   66.0000000000000        304917.527753088     
   67.0000000000000        304922.715170272     
   68.0000000000000        304926.949086679     
   69.0000000000000        304930.183101876     
   70.0000000000000        304932.381773539     
   71.0000000000000        304933.521006099     
   72.0000000000000        304933.588314984     
   73.0000000000000        304932.582963522     
   74.0000000000000        304930.515971015     
   75.0000000000000        304927.409991896     
   76.0000000000000        304923.299067290     
   77.0000000000000        304918.228251714     
   78.0000000000000        304912.253119023     
   79.0000000000000        304905.439153031     
   80.0000000000000        304897.861029504     
   81.0000000000000        304889.601797420     
   82.0000000000000        304880.751968479     
   83.0000000000000        304871.408524883     
   84.0000000000000        304861.673856261     
   85.0000000000000        304851.654637419     
   86.0000000000000        304841.460659230     
   87.0000000000000        304831.203625478     
   88.0000000000000        304820.995928862     
   89.0000000000000        304810.949419569     
   90.0000000000000        304801.174179902     
   91.0000000000000        304791.777318394     
   92.0000000000000        304782.861796613     
   93.0000000000000        304774.525301477     
   94.0000000000000        304766.859175437     
   95.0000000000000        304759.947416228     
   96.0000000000000        304753.865757099     
   97.0000000000000        304748.680837606     
   98.0000000000000        304744.449474006     
   99.0000000000000        304741.218037234     
   100.000000000000        304739.021945250     
   101.000000000000        304737.885275300     
   102.000000000000        304737.820500330     
   103.000000000000        304738.828352422     
   104.000000000000        304740.897814751     
   105.000000000000        304744.006242142     
   106.000000000000        304748.119608924     
   107.000000000000        304753.192881357     
   108.000000000000        304759.170510586     
   109.000000000000        304765.987040725     
   110.000000000000        304773.567825434     
   111.000000000000        304781.829845166     
   112.000000000000        304790.682616150     
   113.000000000000        304800.029181175     
   114.000000000000        304809.767171349     
   115.000000000000        304819.789927218     
   116.000000000000        304829.987666980     
   117.000000000000        304840.248689011     
   118.000000000000        304850.460595539     
   119.000000000000        304860.511524062     
   120.000000000000        304870.291373025     
   121.000000000000        304879.693008315     
   122.000000000000        304888.613437343     
   123.000000000000        304896.954937855     
   124.000000000000        304904.626129055     
   125.000000000000        304911.542973315     
   126.000000000000        304917.629697447     
   127.000000000000        304922.819623438     
   128.000000000000        304927.055899511     
   129.000000000000        304930.292123481     
   130.000000000000        304932.492851554     
   131.000000000000        304933.633986980     
   132.000000000000        304933.703044284     
   133.000000000000        304932.699286161     
   134.000000000000        304930.633731550     
   135.000000000000        304927.529034781     
   136.000000000000        304923.419237122     
   137.000000000000        304918.349393480     
   138.000000000000        304912.375078331     
   139.000000000000        304905.561776334     
   140.000000000000        304897.984164311     
   141.000000000000        304889.725292499     
   142.000000000000        304880.875674049     
   143.000000000000        304871.532292790     
   144.000000000000        304861.797540149     
   145.000000000000        304851.778092885     
   146.000000000000        304841.583743966     
   147.000000000000        304831.326199407     
   148.000000000000        304821.117854257     
   149.000000000000        304811.070561161     
   150.000000000000        304801.294404979     
   151.000000000000        304791.896496888     
   152.000000000000        304782.979801173     
   153.000000000000        304774.642007536     
   154.000000000000        304766.974461270     
   155.000000000000        304760.061162992     
   156.000000000000        304753.977848873     
   157.000000000000        304748.791161418     
   158.000000000000        304744.557919853     
   159.000000000000        304741.324498096     
   160.000000000000        304739.126317092     
   161.000000000000        304737.987457077     
   162.000000000000        304737.920393976     
   163.000000000000        304738.925862844     
   164.000000000000        304740.992849812     
   165.000000000000        304744.098712643     
   166.000000000000        304748.209428584     
   167.000000000000        304753.279966790     
   168.000000000000        304759.254781276     
   169.000000000000        304766.068419000     
   170.000000000000        304773.646236442     
   171.000000000000        304781.905216848     
   172.000000000000        304790.754879217     
   173.000000000000        304800.098269086     
   174.000000000000        304809.833020288     
   175.000000000000        304819.852476076     
   176.000000000000        304830.046857339     
   177.000000000000        304840.304465132     
   178.000000000000        304850.512904353     
   179.000000000000        304860.560315166     
   180.000000000000        304870.336598680     
   181.000000000000        304879.734623449     
   182.000000000000        304888.651399561     
   183.000000000000        304896.989207451     
   184.000000000000        304904.656669033     
   185.000000000000        304911.569749408     
   186.000000000000        304917.652678150     
   187.000000000000        304922.838780039     
   188.000000000000        304927.071206129     
   189.000000000000        304930.303557113     
   190.000000000000        304932.500392120     
   191.000000000000        304933.637617381     
   192.000000000000        304933.702750454     
   193.000000000000        304932.695057136     
   194.000000000000        304930.625559530     
   195.000000000000        304927.516915202     
   196.000000000000        304923.403168730     
   197.000000000000        304918.329378406     
   198.000000000000        304912.351122174     
   199.000000000000        304905.533888239     
   200.000000000000        304897.952357056     
   201.000000000000        304889.689582576     
   202.000000000000        304880.836081753     
   203.000000000000        304871.488842303     
   204.000000000000        304861.750259624     
   205.000000000000        304851.727014532     
   206.000000000000        304841.528904133     
   207.000000000000        304831.267638662     
   208.000000000000        304821.055617464     
   209.000000000000        304811.004697552     
   210.000000000000        304801.224968223     
   211.000000000000        304791.823545159     
   212.000000000000        304782.903397204     
   213.000000000000        304774.562218671     
   214.000000000000        304766.891359509     
   215.000000000000        304759.974825029     
   216.000000000000        304753.888356121     
   217.000000000000        304748.698600029     
   218.000000000000        304744.462380730     
   219.000000000000        304741.226076886     
   220.000000000000        304739.025114177     
   221.000000000000        304737.883577549     
   222.000000000000        304737.813947602     
   223.000000000000        304738.816964013     
   224.000000000000        304740.881617478     
   225.000000000000        304743.985270248     
   226.000000000000        304748.093903968     
   227.000000000000        304753.162492090     
   228.000000000000        304759.135492809     
   229.000000000000        304765.947457132     
   230.000000000000        304773.523745443     
   231.000000000000        304781.781344732     
   232.000000000000        304790.629777570     
   233.000000000000        304799.972092875     
   234.000000000000        304809.705927664     
   235.000000000000        304819.724628157     
   236.000000000000        304829.918417984     
   237.000000000000        304840.175600699     
   238.000000000000        304850.383783446     
   239.000000000000        304860.431108373     
   240.000000000000        304870.207478298     
   241.000000000000        304879.605763196     
   242.000000000000        304888.522974287     
   243.000000000000        304896.861392830     
   244.000000000000        304904.529641254     
   245.000000000000        304911.443684857     
   246.000000000000        304917.527753088     
   247.000000000000        304922.715170272     
   248.000000000000        304926.949086679     
   249.000000000000        304930.183101876     
   250.000000000000        304932.381773539     
   251.000000000000        304933.521006099     
   252.000000000000        304933.588314984     
   253.000000000000        304932.582963522     
   254.000000000000        304930.515971015     
   255.000000000000        304927.409991896     
   256.000000000000        304923.299067290     
   257.000000000000        304918.228251714     
   258.000000000000        304912.253119023     
   259.000000000000        304905.439153031     
   260.000000000000        304897.861029504     
   261.000000000000        304889.601797420     
   262.000000000000        304880.751968479     
   263.000000000000        304871.408524883     
   264.000000000000        304861.673856261     
   265.000000000000        304851.654637419     
   266.000000000000        304841.460659230     
   267.000000000000        304831.203625478     
   268.000000000000        304820.995928862     
   269.000000000000        304810.949419569     
   270.000000000000        304801.174179902     
   271.000000000000        304791.777318394     
   272.000000000000        304782.861796613     
   273.000000000000        304774.525301477     
   274.000000000000        304766.859175437     
   275.000000000000        304759.947416228     
   276.000000000000        304753.865757099     
   277.000000000000        304748.680837606     
   278.000000000000        304744.449474006     
   279.000000000000        304741.218037234     
   280.000000000000        304739.021945250     
   281.000000000000        304737.885275300     
   282.000000000000        304737.820500330     
   283.000000000000        304738.828352422     
   284.000000000000        304740.897814750     
   285.000000000000        304744.006242142     
   286.000000000000        304748.119608924     
   287.000000000000        304753.192881357     
   288.000000000000        304759.170510586     
   289.000000000000        304765.987040725     
   290.000000000000        304773.567825434     
   291.000000000000        304781.829845167     
   292.000000000000        304790.682616150     
   293.000000000000        304800.029181175     
   294.000000000000        304809.767171349     
   295.000000000000        304819.789927218     
   296.000000000000        304829.987666980     
   297.000000000000        304840.248689011     
   298.000000000000        304850.460595539     
   299.000000000000        304860.511524062     
   300.000000000000        304870.291373025     
   301.000000000000        304879.693008315     
   302.000000000000        304888.613437343     
   303.000000000000        304896.954937855     
   304.000000000000        304904.626129055     
   305.000000000000        304911.542973315     
   306.000000000000        304917.629697447     
   307.000000000000        304922.819623438     
   308.000000000000        304927.055899511     
   309.000000000000        304930.292123481     
   310.000000000000        304932.492851554     
   311.000000000000        304933.633986980     
   312.000000000000        304933.703044284     
   313.000000000000        304932.699286161     
   314.000000000000        304930.633731550     
   315.000000000000        304927.529034781     
   316.000000000000        304923.419237122     
   317.000000000000        304918.349393480     
   318.000000000000        304912.375078331     
   319.000000000000        304905.561776334     
   320.000000000000        304897.984164311     
   321.000000000000        304889.725292499     
   322.000000000000        304880.875674049     
   323.000000000000        304871.532292790     
   324.000000000000        304861.797540149     
   325.000000000000        304851.778092885     
   326.000000000000        304841.583743966     
   327.000000000000        304831.326199407     
   328.000000000000        304821.117854258     
   329.000000000000        304811.070561161     
   330.000000000000        304801.294404979     
   331.000000000000        304791.896496888     
   332.000000000000        304782.979801173     
   333.000000000000        304774.642007536     
   334.000000000000        304766.974461270     
   335.000000000000        304760.061162992     
   336.000000000000        304753.977848873     
   337.000000000000        304748.791161418     
   338.000000000000        304744.557919853     
   339.000000000000        304741.324498096     
   340.000000000000        304739.126317092     
   341.000000000000        304737.987457077     
   342.000000000000        304737.920393976     
   343.000000000000        304738.925862844     
   344.000000000000        304740.992849812     
   345.000000000000        304744.098712643     
   346.000000000000        304748.209428584     
   347.000000000000        304753.279966790     
   348.000000000000        304759.254781276     
   349.000000000000        304766.068419000     
   350.000000000000        304773.646236442     
   351.000000000000        304781.905216848     
   352.000000000000        304790.754879217     
   353.000000000000        304800.098269086     
   354.000000000000        304809.833020288     
   355.000000000000        304819.852476076     
   356.000000000000        304830.046857339     
   357.000000000000        304840.304465132     
   358.000000000000        304850.512904353     
   359.000000000000        304860.560315166     
   360.000000000000        304870.336598680     
