 Water normalized-cartesian-coordinates
  0.774880000000000       0.000000000000000E+000 -0.532851076034806     
  0.000000000000000E+000  0.000000000000000E+000  6.714892396519352E-002
 -0.774880000000000       0.000000000000000E+000 -0.532851076034806     
 
 Ammonia normalized-cartesian-coordinates
  6.084395840627588E-008 -1.747451783057005E-007  0.112750458014159     
   1.75945891516621      -0.359965264392324      -0.522198428776812     
 -0.567990430327433        1.70372174436204      -0.522197512932352     
  -1.19146933022604       -1.34375405199900      -0.522198414855500     
 
 Water atom-atom bond distances (Ang)
#atom_1_2   0.518604199784E+00
#atom_1_3   0.820097674008E+00
#atom_2_3   0.518604199784E+00
 
 Ammonia atom-atom bond distances (Ang)
#atom_1_2   0.100800000000E+01
#atom_1_3   0.100800140109E+01
#atom_1_4   0.100800047908E+01
#atom_2_3   0.164605796514E+01
#atom_2_4   0.164605740052E+01
#atom_3_4   0.164605882783E+01
 Initialization of PES Done.
   5.00000000000000        14240.2846064575     
   5.04500000000000        12592.9278895667     
   5.09000000000000        11132.5640652839     
   5.13500000000000        9837.33400913179     
   5.18000000000000        8688.04537292280     
   5.22500000000000        7667.83195660001     
   5.27000000000000        6761.85862340437     
   5.31500000000000        5957.06539312977     
   5.36000000000000        5241.94527654802     
   5.40500000000000        4606.35120137171     
   5.45000000000000        4041.32804866168     
   5.49500000000000        3538.96638700110     
   5.54000000000000        3092.27497564479     
   5.58500000000000        2695.06952028162     
   5.63000000000000        2341.87551699014     
   5.67500000000000        2027.84332064869     
   5.72000000000000        1748.67383124211     
   5.76500000000000        1500.55341173250     
   5.81000000000000        1280.09683994988     
   5.85500000000000        1084.29725897758     
   5.90000000000000        910.482229701399     
   5.94500000000000        756.275108903627     
   5.99000000000000        619.561079348659     
   6.03500000000000        498.457247130848     
   6.08000000000000        391.286298184172     
   6.12500000000000        296.553272027099     
   6.17000000000000        212.925068017575     
   6.21500000000000        139.212348886803     
   6.26000000000000        74.3535491860449     
   6.30500000000000        17.4007334405081     
   6.35000000000000       -32.4929189519920     
   6.39500000000000       -76.0841970365024     
   6.44000000000000       -114.049680446865     
   6.48500000000000       -146.994449819028     
   6.53000000000000       -175.459816465520     
   6.57500000000000       -199.930186230349     
   6.62000000000000       -220.839158421795     
   6.66500000000000       -238.574948478841     
   6.71000000000000       -253.485212330670     
   6.75500000000000       -265.881341054978     
   6.80000000000000       -276.042286254568     
   6.84500000000000       -284.217969401613     
   6.89000000000000       -290.632322113787     
   6.93500000000000       -295.485998812945     
   6.98000000000000       -298.958798376515     
   7.02500000000000       -301.211827139093     
   7.07000000000000       -302.389431862580     
   7.11500000000000       -302.620928003318     
   7.16000000000000       -302.022145707804     
   7.20500000000000       -300.696813416101     
   7.25000000000000       -298.737796701379     
   7.29500000000000       -296.228207988098     
   7.34000000000000       -293.242401037797     
   7.38500000000000       -289.846862542164     
   7.43000000000000       -286.101011793107     
   7.47500000000000       -282.057918187666     
   7.52000000000000       -277.764945252549     
   7.56500000000000       -273.264328922614     
   7.61000000000000       -268.593696965012     
   7.65500000000000       -263.786535693381     
   7.70000000000000       -258.872609453161     
   7.74500000000000       -253.878337770084     
   7.79000000000000       -248.827134530444     
   7.83500000000000       -243.739713096392     
   7.88000000000000       -238.634360845469     
   7.92500000000000       -233.527186255072     
   7.97000000000000       -228.432341324307     
   8.01500000000000       -223.362221833204     
   8.06000000000000       -218.327647678481     
   8.10500000000000       -213.338025292373     
   8.15000000000000       -208.401493943414     
   8.19500000000000       -203.525057532606     
   8.24000000000000       -198.714703332715     
   8.28500000000000       -193.975508970324     
   8.33000000000000       -189.311738817803     
   8.37500000000000       -184.726930843791     
   8.42000000000000       -180.223974864711     
   8.46500000000000       -175.805183044724     
   8.51000000000000       -171.472353406409     
   8.55500000000000       -167.226827038065     
   8.60000000000000       -163.069539615043     
   8.64500000000000       -159.001067791088     
   8.69000000000000       -155.021670960469     
   8.73500000000000       -151.131328842166     
   8.78000000000000       -147.329775292839     
   8.82500000000000       -143.616528715337     
   8.87000000000000       -139.990919393472     
   8.91500000000000       -136.452114051497     
   8.96000000000000       -132.999137907544     
   9.00500000000000       -129.630894464094     
   9.05000000000000       -126.346183254952     
   9.09500000000000       -123.143715746909     
   9.14000000000000       -120.022129575136     
   9.18500000000000       -116.980001274049     
   9.23000000000000       -114.015857649838     
   9.27500000000000       -111.128185926762     
   9.32000000000000       -108.315442786666     
   9.36500000000000       -105.576062409696     
   9.41000000000000       -102.908463613877     
   9.45500000000000       -100.311056181866     
   9.50000000000000       -97.7822464547741     
   9.54500000000000       -95.3204422653069     
   9.59000000000000       -92.9240572756180     
   9.63500000000000       -90.5915147790029     
   9.68000000000000       -88.3212510189589     
   9.72500000000000       -86.1117180740237     
   9.77000000000000       -83.9613863522024     
   9.81500000000000       -81.8687467346182     
   9.86000000000000       -79.8323124042487     
   9.90500000000000       -77.8506203921876     
   9.95000000000000       -75.9222328707814     
   9.99500000000000       -74.0457382201806     
   10.0400000000000       -72.2197518923166     
   10.0850000000000       -70.4429170940033     
   10.1300000000000       -68.7139053087909     
   10.1750000000000       -67.0314166753013     
   10.2200000000000       -65.3941802380742     
   10.2650000000000       -63.8009540853910     
   10.3100000000000       -62.2505253871519     
   10.3550000000000       -60.7417103445954     
   10.4000000000000       -59.2733540625072     
   10.4450000000000       -57.8443303535090     
   10.4900000000000       -56.4535414830780     
   10.5350000000000       -55.0999178630843     
   10.5800000000000       -53.7824177008547     
   10.6250000000000       -52.5000266100678     
   10.6700000000000       -51.2517571891453     
   10.7150000000000       -50.0366485722217     
   10.7600000000000       -48.8537659572564     
   10.8050000000000       -47.7022001153689     
   10.8500000000000       -46.5810668850540     
   10.8950000000000       -45.4895066545394     
   10.9400000000000       -44.4266838351984     
   10.9850000000000       -43.3917863286089     
   11.0300000000000       -42.3840249895610     
   11.0750000000000       -41.4026330870582     
   11.1200000000000       -40.4468657651139     
   11.1650000000000       -39.5159995049393     
   11.2100000000000       -38.6093315899203     
   11.2550000000000       -37.7261795746101     
   11.3000000000000       -36.8658807588070     
   11.3450000000000       -36.0277916676445     
   11.3900000000000       -35.2112875384937     
   11.4350000000000       -34.4157618153659     
   11.4800000000000       -33.6406256513948     
   11.5250000000000       -32.8853074198918     
   11.5700000000000       -32.1492522343790     
   11.6150000000000       -31.4319214779343     
   11.6600000000000       -30.7327923421132     
   11.7050000000000       -30.0513573756557     
   11.7500000000000       -29.3871240431293     
   11.7950000000000       -28.7396142936170     
   11.8400000000000       -28.1083641395125     
   11.8850000000000       -27.4929232454496     
   11.9300000000000       -26.8928545273613     
   11.9750000000000       -26.3077337616321     
   12.0200000000000       -25.7371492042828     
   12.0650000000000       -25.1807012201065     
   12.1100000000000       -24.6380019216521     
   12.1550000000000       -24.1086748179357     
   12.2000000000000       -23.5923544727482     
   12.2450000000000       -23.0886861724108     
   12.2900000000000       -22.5973256028234     
   12.3350000000000       -22.1179385356391     
   12.3800000000000       -21.6502005233932     
   12.4250000000000       -21.1937966034071     
   12.4700000000000       -20.7484210102848     
   12.5150000000000       -20.3137768968133     
   12.5600000000000       -19.8895760630797     
   12.6050000000000       -19.4755386936109     
   12.6500000000000       -19.0713931023461     
   12.6950000000000       -18.6768754852474     
   12.7400000000000       -18.2917296803579     
   12.7850000000000       -17.9157069351139     
   12.8300000000000       -17.5485656807233     
   12.8750000000000       -17.1900713134191     
   12.9200000000000       -16.8399959824042     
   12.9650000000000       -16.4981183843015     
   13.0100000000000       -16.1642235639288     
   13.0550000000000       -15.8381027212198     
   13.1000000000000       -15.5195530241163     
   13.1450000000000       -15.2083774272579     
   13.1900000000000       -14.9043844963026     
   13.2350000000000       -14.6073882377103     
   13.2800000000000       -14.3172079338300     
   13.3250000000000       -14.0336679831297     
   13.3700000000000       -13.7565977454171     
   13.4150000000000       -13.4858313918982     
   13.4600000000000       -13.2212077599272     
   13.5050000000000       -12.9625702123047     
   13.5500000000000       -12.7097665009833     
   13.5950000000000       -12.4626486350457     
   13.6400000000000       -12.2210727528215     
   13.6850000000000       -11.9848989980143     
   13.7300000000000       -11.7539913997143     
   13.7750000000000       -11.5282177561736     
   13.8200000000000       -11.3074495222261     
   13.8650000000000       -11.0915617002373     
   13.9100000000000       -10.8804327344721     
   13.9550000000000       -10.6739444087724     
   14.0000000000000       -10.4719817474386     
   14.0450000000000       -10.2744329192145     
   14.0900000000000       -10.0811891442749     
   14.1350000000000       -9.89214460412125     
   14.1800000000000       -9.70719635429176     
   14.2250000000000       -9.52624423979617     
   14.2700000000000       -9.34919081318751     
   14.3150000000000       -9.17594125518636     
   14.3600000000000       -9.00640329777580     
   14.4050000000000       -8.84048714968754     
   14.4500000000000       -8.67810542420226     
   14.4950000000000       -8.51917306918996     
   14.5400000000000       -8.36360729931807     
   14.5850000000000       -8.21132753035768     
   14.6300000000000       -8.06225531552021     
   14.6750000000000       -7.91631428375949     
   14.7200000000000       -7.77343007997558     
   14.7650000000000       -7.63353030705963     
   14.8100000000000       -7.49654446972003     
   14.8550000000000       -7.36240392003317     
   14.9000000000000       -7.23104180466276     
   14.9450000000000       -7.10239301369468     
   14.9900000000000       -6.97639413103509     
   15.0350000000000       -6.85298338632177     
   15.0800000000000       -6.73210060830028     
   15.1250000000000       -6.61368717961778     
   15.1700000000000       -6.49768599298934     
   15.2150000000000       -6.38404140869266     
   15.2600000000000       -6.27269921334883     
   15.3050000000000       -6.16360657994814     
   15.3500000000000       -6.05671202908098     
   15.3950000000000       -5.95196539133573     
   15.4400000000000       -5.84931777082624     
   15.4850000000000       -5.74872150981315     
   15.5300000000000       -5.65013015438424     
   15.5750000000000       -5.55349842116020     
   15.6200000000000       -5.45878216499335     
   15.6650000000000       -5.36593834762797     
   15.7100000000000       -5.27492500729169     
   15.7550000000000       -5.18570122918870     
   15.8000000000000       -5.09822711686627     
   15.8450000000000       -5.01246376442719     
   15.8900000000000       -4.92837322956141     
   15.9350000000000       -4.84591850737133     
   15.9800000000000       -4.76506350496570     
   16.0250000000000       -4.68577301679828     
   16.0700000000000       -4.60801270072777     
   16.1150000000000       -4.53174905477673     
   16.1600000000000       -4.45694939456755     
   16.2050000000000       -4.38358183141454     
   16.2500000000000       -4.31161525105168     
   16.2950000000000       -4.24101929297639     
   16.3400000000000       -4.17176433039029     
   16.3850000000000       -4.10382145071832     
   16.4300000000000       -4.03716243668869     
   16.4750000000000       -3.97175974795614     
   16.5200000000000       -3.90758650325192     
   16.5650000000000       -3.84461646304433     
   16.6100000000000       -3.78282401269412     
   16.6550000000000       -3.72218414608977     
   16.7000000000000       -3.66267244974781     
   16.7450000000000       -3.60426508736416     
   16.7900000000000       -3.54693878480270     
   16.8350000000000       -3.49067081550791     
   16.8800000000000       -3.43543898632850     
   16.9250000000000       -3.38122162373992     
   16.9700000000000       -3.32799756045339     
   17.0150000000000       -3.27574612240009     
   17.0600000000000       -3.22444711607900     
   17.1050000000000       -3.17408081625759     
   17.1500000000000       -3.12462795401482     
   17.1950000000000       -3.07606970511609     
   17.2400000000000       -3.02838767871036     
   17.2850000000000       -2.98156390633978     
   17.3300000000000       -2.93558083125248     
   17.3750000000000       -2.89042129800973     
   17.4200000000000       -2.84606854237846     
   17.4650000000000       -2.80250618150100     
   17.5100000000000       -2.75971820433357     
   17.5550000000000       -2.71768896234591     
   17.6000000000000       -2.67640316047413     
   17.6450000000000       -2.63584584831942     
   17.6900000000000       -2.59600241158558     
   17.7350000000000       -2.55685856374811     
   17.7800000000000       -2.51840033794835     
   17.8250000000000       -2.48061407910604     
   17.8700000000000       -2.44348643624388     
   17.9150000000000       -2.40700435501809     
   17.9600000000000       -2.37115507044888     
   18.0050000000000       -2.33592609984517     
   18.0500000000000       -2.30130523591786     
   18.0950000000000       -2.26728054007628     
   18.1400000000000       -2.23384033590262     
   18.1850000000000       -2.20097320279913     
   18.2300000000000       -2.16866796980320     
   18.2750000000000       -2.13691370956558     
   18.3200000000000       -2.10569973248705     
   18.3650000000000       -2.07501558100902     
   18.4100000000000       -2.04485102405371     
   18.4550000000000       -2.01519605160973     
   18.5000000000000       -1.98604086945891     
   18.5450000000000       -1.95737589404036     
   18.5900000000000       -1.92919174744795     
   18.6350000000000       -1.90147925255755     
   18.6800000000000       -1.87422942828014     
   18.7250000000000       -1.84743348493760     
   18.7700000000000       -1.82108281975751     
   18.8150000000000       -1.79516901248371     
   18.8600000000000       -1.76968382109952     
   18.9050000000000       -1.74461917766027     
   18.9500000000000       -1.71996718423242     
   18.9950000000000       -1.69572010893594     
   19.0400000000000       -1.67187038208755     
   19.0850000000000       -1.64841059244161     
   19.1300000000000       -1.62533348352634     
   19.1750000000000       -1.60263195007248     
   19.2200000000000       -1.58029903453211     
   19.2650000000000       -1.55832792368496     
   19.3100000000000       -1.53671194532992     
   19.3550000000000       -1.51544456505949     
   19.4000000000000       -1.49451938311483     
   19.4450000000000       -1.47393013131922     
   19.4900000000000       -1.45367067008794     
   19.5350000000000       -1.43373498551236     
   19.5800000000000       -1.41411718651634     
   19.6250000000000       -1.39481150208297     
   19.6700000000000       -1.37581227854972     
   19.7150000000000       -1.35711397697031     
   19.7600000000000       -1.33871117054131     
   19.8050000000000       -1.32059854209199     
   19.8500000000000       -1.30277088163548     
   19.8950000000000       -1.28522308397986     
   19.9400000000000       -1.26795014639745     
   19.9850000000000       -1.25094716635071     
   20.0300000000000       -1.23420933927350     
   20.0750000000000       -1.21773195640594     
   20.1200000000000       -1.20151040268169     
   20.1650000000000       -1.18554015466620     
   20.2100000000000       -1.16981677854453     
   20.2550000000000       -1.15433592815758     
   20.3000000000000       -1.13909334308538     
   20.3450000000000       -1.12408484677619     
   20.3900000000000       -1.10930634472034     
   20.4350000000000       -1.09475382266755     
   20.4800000000000       -1.08042334488663     
   20.5250000000000       -1.06631105246646     
   20.5700000000000       -1.05241316165726     
   20.6150000000000       -1.03872596225102     
   20.6600000000000       -1.02524581600011     
   20.7050000000000       -1.01196915507315     
   20.7500000000000      -0.998892480547096     
   20.7950000000000      -0.986012360934744     
   20.8400000000000      -0.973325430746601     
   20.8850000000000      -0.960828389086378     
   20.9300000000000      -0.948517998279190     
   20.9750000000000      -0.936391082531649     
   21.0200000000000      -0.924444526623053     
   21.0650000000000      -0.912675274626870     
   21.1100000000000      -0.901080328661786     
   21.1550000000000      -0.889656747671546     
   21.2000000000000      -0.878401646232886     
   21.2450000000000      -0.867312193390838     
   21.2900000000000      -0.856385611520750     
   21.3350000000000      -0.845619175216327     
   21.3800000000000      -0.835010210203080     
   21.4250000000000      -0.824556092276515     
   21.4700000000000      -0.814254246264485     
   21.5150000000000      -0.804102145013088     
   21.5600000000000      -0.794097308395540     
   21.6050000000000      -0.784237302343452     
   21.6500000000000      -0.774519737899965     
   21.6950000000000      -0.764942270294207     
   21.7400000000000      -0.755502598036552     
   21.7850000000000      -0.746198462034169     
   21.8300000000000      -0.737027644726375     
   21.8750000000000      -0.727987969239298     
   21.9200000000000      -0.719077298559397     
   21.9650000000000      -0.710293534725368     
   22.0100000000000      -0.701634618038007     
   22.0550000000000      -0.693098526287572     
   22.1000000000000      -0.684683273998266     
   22.1450000000000      -0.676386911689369     
   22.1900000000000      -0.668207525152686     
   22.2350000000000      -0.660143234745861     
   22.2800000000000      -0.652192194701224     
   22.3250000000000      -0.644352592449775     
   22.3700000000000      -0.636622647959945     
   22.4150000000000      -0.629000613090799     
   22.4600000000000      -0.621484770959324     
   22.5050000000000      -0.614073435321476     
   22.5500000000000      -0.606764949966655     
   22.5950000000000      -0.599557688125301     
   22.6400000000000      -0.592450051889287     
   22.6850000000000      -0.585440471644835     
   22.7300000000000      -0.578527405517619     
   22.7750000000000      -0.571709338829820     
   22.8200000000000      -0.564984783568816     
   22.8650000000000      -0.558352277867250     
   22.9100000000000      -0.551810385494211     
   22.9550000000000      -0.545357695357275     
   23.0000000000000      -0.538992821015137     
   23.0450000000000      -0.532714400200611     
   23.0900000000000      -0.526521094353741     
   23.1350000000000      -0.520411588164801     
   23.1800000000000      -0.514384589126952     
   23.2250000000000      -0.508438827098328     
   23.2700000000000      -0.502573053873355     
   23.3150000000000      -0.496786042763064     
   23.3600000000000      -0.491076588184214     
   23.4050000000000      -0.485443505257021     
   23.4500000000000      -0.479885629411279     
   23.4950000000000      -0.474401816000715     
   23.5400000000000      -0.468990939925358     
   23.5850000000000      -0.463651895261761     
   23.6300000000000      -0.458383594900899     
   23.6750000000000      -0.453184970193551     
   23.7200000000000      -0.448054970603022     
   23.7650000000000      -0.442992563365027     
   23.8100000000000      -0.437996733154569     
   23.8550000000000      -0.433066481759680     
   23.9000000000000      -0.428200827761838     
   23.9450000000000      -0.423398806222940     
   23.9900000000000      -0.418659468378670     
   24.0350000000000      -0.413981881338121     
   24.0800000000000      -0.409365127789539     
   24.1250000000000      -0.404808305712047     
   24.1700000000000      -0.400310528093216     
   24.2150000000000      -0.395870922652361     
   24.2600000000000      -0.391488631569432     
   24.3050000000000      -0.387162811219371     
   24.3500000000000      -0.382892631911830     
   24.3950000000000      -0.378677277636115     
   24.4400000000000      -0.374515945811255     
   24.4850000000000      -0.370407847041076     
   24.5300000000000      -0.366352204874177     
   24.5750000000000      -0.362348255568699     
   24.6200000000000      -0.358395247861777     
   24.6650000000000      -0.354492442743590     
   24.7100000000000      -0.350639113235881     
   24.7550000000000      -0.346834544174891     
   24.8000000000000      -0.343078031998564     
   24.8450000000000      -0.339368884537979     
   24.8900000000000      -0.335706420812876     
   24.9350000000000      -0.332089970831221     
   24.9800000000000      -0.328518875392701     
   25.0250000000000      -0.324992485896079     
   25.0700000000000      -0.321510164150318     
   25.1150000000000      -0.318071282189401     
   25.1600000000000      -0.314675222090761     
   25.2050000000000      -0.311321375797248     
   25.2500000000000      -0.308009144942562     
   25.2950000000000      -0.304737940680070     
   25.3400000000000      -0.301507183514944     
   25.3850000000000      -0.298316303139542     
   25.4300000000000      -0.295164738271974     
   25.4750000000000      -0.292051936497774     
   25.5200000000000      -0.288977354114624     
   25.5650000000000      -0.285940455980057     
   25.6100000000000      -0.282940715362081     
   25.6550000000000      -0.279977613792672     
   25.7000000000000      -0.277050640924050     
   25.7450000000000      -0.274159294387715     
   25.7900000000000      -0.271303079656154     
   25.8350000000000      -0.268481509907188     
   25.8800000000000      -0.265694105890890     
   25.9250000000000      -0.262940395799018     
   25.9700000000000      -0.260219915136934     
   26.0150000000000      -0.257532206597928     
   26.0600000000000      -0.254876819939914     
   26.1050000000000      -0.252253311864455     
   26.1500000000000      -0.249661245898050     
   26.1950000000000      -0.247100192275656     
   26.2400000000000      -0.244569727826388     
   26.2850000000000      -0.242069435861357     
   26.3300000000000      -0.239598906063598     
   26.3750000000000      -0.237157734380055     
   26.4200000000000      -0.234745522915574     
   26.4650000000000      -0.232361879828856     
   26.5100000000000      -0.230006419230354     
   26.5550000000000      -0.227678761082044     
   26.6000000000000      -0.225378531099064     
   26.6450000000000      -0.223105360653152     
   26.6900000000000      -0.220858886677875     
   26.7350000000000      -0.218638751575591     
   26.7800000000000      -0.216444603126129     
   26.8250000000000      -0.214276094397131     
   26.8700000000000      -0.212132883656042     
   26.9150000000000      -0.210014634283708     
   26.9600000000000      -0.207921014689545     
   27.0050000000000      -0.205851698228255     
   27.0500000000000      -0.203806363118057     
   27.0950000000000      -0.201784692360399     
   27.1400000000000      -0.199786373661126     
   27.1850000000000      -0.197811099353077     
   27.2300000000000      -0.195858566320071     
   27.2750000000000      -0.193928475922275     
   27.3200000000000      -0.192020533922906     
   27.3650000000000      -0.190134450416255     
   27.4100000000000      -0.188269939757001     
   27.4550000000000      -0.186426720490789     
   27.5000000000000      -0.184604515286057     
   27.5450000000000      -0.182803050867069     
   27.5900000000000      -0.181022057948153     
   27.6350000000000      -0.179261271169100     
   27.6800000000000      -0.177520429031717     
   27.7250000000000      -0.175799273837505     
   27.7700000000000      -0.174097551626436     
   27.8150000000000      -0.172415012116821     
   27.8600000000000      -0.170751408646230     
   27.9050000000000      -0.169106498113463     
   27.9500000000000      -0.167480040921533     
   27.9950000000000      -0.165871800921662     
   28.0400000000000      -0.164281545358245     
   28.0850000000000      -0.162709044814796     
   28.1300000000000      -0.161154073160820     
   28.1750000000000      -0.159616407499629     
   28.2200000000000      -0.158095828117058     
   28.2650000000000      -0.156592118431080     
   28.3100000000000      -0.155105064942288     
   28.3550000000000      -0.153634457185248     
   28.4000000000000      -0.152180087680684     
   28.4450000000000      -0.150741751888496     
   28.4900000000000      -0.149319248161590     
   28.5350000000000      -0.147912377700500     
   28.5800000000000      -0.146520944508792     
   28.6250000000000      -0.145144755349243     
   28.6700000000000      -0.143783619700756     
   28.7150000000000      -0.142437349716032     
   28.7600000000000      -0.141105760179949     
   28.8050000000000      -0.139788668468667     
   28.8500000000000      -0.138485894509418     
   28.8950000000000      -0.137197260740989     
   28.9400000000000      -0.135922592074878     
   28.9850000000000      -0.134661715857099     
   29.0300000000000      -0.133414461830649     
   29.0750000000000      -0.132180662098597     
   29.1200000000000      -0.130960151087808     
   29.1650000000000      -0.129752765513272     
   29.2100000000000      -0.128558344343036     
   29.2550000000000      -0.127376728763726     
   29.3000000000000      -0.126207762146651     
   29.3450000000000      -0.125051290014470     
   29.3900000000000      -0.123907160008424     
   29.4350000000000      -0.122775221856110     
   29.4800000000000      -0.121655327339794     
   29.5250000000000      -0.120547330265258     
   29.5700000000000      -0.119451086431160     
   29.6150000000000      -0.118366453598904     
   29.6600000000000      -0.117293291463010     
   29.7050000000000      -0.116231461621980     
   29.7500000000000      -0.115180827549638     
   29.7950000000000      -0.114141254566951     
   29.8400000000000      -0.113112609814307     
   29.8850000000000      -0.112094762224263     
   29.9300000000000      -0.111087582494723     
   29.9750000000000      -0.110090943062573     
   30.0200000000000      -0.109104718077738     
   30.0650000000000      -0.108128783377670     
   30.1100000000000      -0.107163016462251     
   30.1550000000000      -0.106207296469101     
   30.2000000000000      -0.105261504149300     
   30.2450000000000      -0.104325521843494     
   30.2900000000000      -0.103399233458396     
   30.3350000000000      -0.102482524443664     
   30.3800000000000      -0.101575281769158     
   30.4250000000000      -0.100677393902563     
   30.4700000000000      -9.978875078737562E-002
   30.5150000000000      -9.890924382124017E-002
   30.5600000000000      -9.803876583464149E-002
   30.6050000000000      -9.717721106993565E-002
   30.6500000000000      -9.632447516071957E-002
   30.6950000000000      -9.548045511153073E-002
   30.7400000000000      -9.464504927787280E-002
   30.7850000000000      -9.381815734656036E-002
   30.8300000000000      -9.299968031637806E-002
   30.8750000000000      -9.218952047904760E-002
   30.9200000000000      -9.138758140049892E-002
   30.9650000000000      -9.059376790243800E-002
   31.0100000000000      -8.980798604420887E-002
   31.0550000000000      -8.903014310494185E-002
   31.1000000000000      -8.826014756598588E-002
   31.1450000000000      -8.749790909361749E-002
   31.1900000000000      -8.674333852202379E-002
   31.2350000000000      -8.599634783655309E-002
   31.2800000000000      -8.525685015722997E-002
   31.3250000000000      -8.452475972252875E-002
   31.3700000000000      -8.379999187340267E-002
   31.4150000000000      -8.308246303756280E-002
   31.4600000000000      -8.237209071400339E-002
   31.5050000000000      -8.166879345776921E-002
   31.5500000000000      -8.097249086496081E-002
   31.5950000000000      -8.028310355797323E-002
   31.6400000000000      -7.960055317096482E-002
   31.6850000000000      -7.892476233555205E-002
   31.7300000000000      -7.825565466672631E-002
   31.7750000000000      -7.759315474898908E-002
   31.8200000000000      -7.693718812270142E-002
   31.8650000000000      -7.628768127064552E-002
   31.9100000000000      -7.564456160479242E-002
   31.9550000000000      -7.500775745327481E-002
   32.0000000000000      -7.437719804755973E-002
   32.0450000000000      -7.375281350981892E-002
   32.0900000000000      -7.313453484049270E-002
   32.1350000000000      -7.252229390604517E-002
   32.1800000000000      -7.191602342690560E-002
   32.2250000000000      -7.131565696559616E-002
   32.2700000000000      -7.072112891503878E-002
   32.3150000000000      -7.013237448704203E-002
   32.3600000000000      -6.954932970096232E-002
   32.4050000000000      -6.897193137253788E-002
   32.4500000000000      -6.840011710289212E-002
   32.4950000000000      -6.783382526770412E-002
   32.5400000000000      -6.727299500654225E-002
   32.5850000000000      -6.671756621236052E-002
   32.6300000000000      -6.616747952115180E-002
   32.6750000000000      -6.562267630175882E-002
   32.7200000000000      -6.508309864583725E-002
   32.7650000000000      -6.454868935797045E-002
   32.8100000000000      -6.401939194593252E-002
   32.8550000000000      -6.349515061109745E-002
   32.9000000000000      -6.297591023899182E-002
   32.9450000000000      -6.246161638998880E-002
   32.9900000000000      -6.195221529014136E-002
   33.0350000000000      -6.144765382215207E-002
   33.0800000000000      -6.094787951647750E-002
   33.1250000000000      -6.045284054256494E-002
   33.1700000000000      -5.996248570021929E-002
   33.2150000000000      -5.947676441109807E-002
   33.2600000000000      -5.899562671033264E-002
   33.3050000000000      -5.851902323827280E-002
   33.3500000000000      -5.804690523235449E-002
   33.3950000000000      -5.757922451908617E-002
   33.4400000000000      -5.711593350615454E-002
   33.4850000000000      -5.665698517464567E-002
   33.5300000000000      -5.620233307138070E-002
   33.5750000000000      -5.575193130136404E-002
   33.6200000000000      -5.530573452034258E-002
   33.6650000000000      -5.486369792747313E-002
   33.7100000000000      -5.442577725809798E-002
   33.7550000000000      -5.399192877662510E-002
   33.8000000000000      -5.356210926951287E-002
   33.8450000000000      -5.313627603835656E-002
   33.8900000000000      -5.271438689307538E-002
   33.9350000000000      -5.229640014519868E-002
   33.9800000000000      -5.188227460124951E-002
   34.0250000000000      -5.147196955622389E-002
   34.0700000000000      -5.106544478716434E-002
   34.1150000000000      -5.066266054682689E-002
   34.1600000000000      -5.026357755743851E-002
   34.2050000000000      -4.986815700454538E-002
   34.2500000000000      -4.947636053094929E-002
   34.2950000000000      -4.908815023073106E-002
   34.3400000000000      -4.870348864336017E-002
   34.3850000000000      -4.832233874788852E-002
   34.4300000000000      -4.794466395722728E-002
   34.4750000000000      -4.757042811250606E-002
   34.5200000000000      -4.719959547751186E-002
   34.5650000000000      -4.683213073320823E-002
   34.6100000000000      -4.646799897233172E-002
   34.6550000000000      -4.610716569406565E-002
   34.7000000000000      -4.574959679878932E-002
   34.7450000000000      -4.539525858290210E-002
   34.7900000000000      -4.504411773372005E-002
   34.8350000000000      -4.469614132444608E-002
   34.8800000000000      -4.435129680920964E-002
   34.9250000000000      -4.400955201817789E-002
   34.9700000000000      -4.367087515273473E-002
   35.0150000000000      -4.333523478072830E-002
   35.0600000000000      -4.300259983178506E-002
   35.1050000000000      -4.267293959268981E-002
   35.1500000000000      -4.234622370283041E-002
   35.1950000000000      -4.202242214970632E-002
   35.2400000000000      -4.170150526450024E-002
   35.2850000000000      -4.138344371771101E-002
   35.3300000000000      -4.106820851484833E-002
   35.3750000000000      -4.075577099218672E-002
   35.4200000000000      -4.044610281257897E-002
   35.4650000000000      -4.013917596132772E-002
   35.5100000000000      -3.983496274211431E-002
   35.5550000000000      -3.953343577298418E-002
   35.6000000000000      -3.923456798238790E-002
   35.6450000000000      -3.893833260527661E-002
   35.6900000000000      -3.864470317925214E-002
   35.7350000000000      -3.835365354076951E-002
   35.7800000000000      -3.806515782139205E-002
   35.8250000000000      -3.777919044409819E-002
   35.8700000000000      -3.749572611963894E-002
   35.9150000000000      -3.721473984294510E-002
   35.9600000000000      -3.693620688958438E-002
   36.0050000000000      -3.666010281226621E-002
   36.0500000000000      -3.638640343739521E-002
   36.0950000000000      -3.611508486167109E-002
   36.1400000000000      -3.584612344873523E-002
   36.1850000000000      -3.557949582586298E-002
   36.2300000000000      -3.531517888070088E-002
   36.2750000000000      -3.505314975804828E-002
   36.3200000000000      -3.479338585668269E-002
   36.3650000000000      -3.453586482622810E-002
   36.4100000000000      -3.428056456406580E-002
   36.4550000000000      -3.402746321228701E-002
   36.5000000000000      -3.377653915468652E-002
   36.5450000000000      -3.352777101379712E-002
   36.5900000000000      -3.328113764796382E-002
   36.6350000000000      -3.303661814845757E-002
   36.6800000000000      -3.279419183662765E-002
   36.7250000000000      -3.255383826109261E-002
   36.7700000000000      -3.231553719496839E-002
   36.8150000000000      -3.207926863313409E-002
   36.8600000000000      -3.184501278953402E-002
   36.9050000000000      -3.161275009451581E-002
   36.9500000000000      -3.138246119220417E-002
   36.9950000000000      -3.115412693790965E-002
   37.0400000000000      -3.092772839557173E-002
   37.0850000000000      -3.070324683523619E-002
   37.1300000000000      -3.048066373056581E-002
   37.1750000000000      -3.025996075638400E-002
   37.2200000000000      -3.004111978625131E-002
   37.2650000000000      -2.982412289007371E-002
   37.3100000000000      -2.960895233174257E-002
   37.3550000000000      -2.939559056680597E-002
   37.4000000000000      -2.918402024017031E-002
   37.4450000000000      -2.897422418383277E-002
   37.4900000000000      -2.876618541464311E-002
   37.5350000000000      -2.855988713209512E-002
   37.5800000000000      -2.835531271614692E-002
   37.6250000000000      -2.815244572507013E-002
   37.6700000000000      -2.795126989332675E-002
   37.7150000000000      -2.775176912947424E-002
   37.7600000000000      -2.755392751409760E-002
   37.8050000000000      -2.735772929776878E-002
   37.8500000000000      -2.716315889903241E-002
   37.8950000000000      -2.697020090241791E-002
   37.9400000000000      -2.677884005647721E-002
   37.9850000000000      -2.658906127184844E-002
   38.0300000000000      -2.640084961934411E-002
   38.0750000000000      -2.621419032806461E-002
   38.1200000000000      -2.602906878353566E-002
   38.1650000000000      -2.584547052587028E-002
   38.2100000000000      -2.566338124795408E-002
   38.2550000000000      -2.548278679365431E-002
   38.3000000000000      -2.530367315605155E-002
   38.3450000000000      -2.512602647569469E-002
   38.3900000000000      -2.494983303887786E-002
   38.4350000000000      -2.477507927593973E-002
   38.4800000000000      -2.460175175958451E-002
   38.5250000000000      -2.442983720322445E-002
   38.5700000000000      -2.425932245934366E-002
   38.6150000000000      -2.409019451788270E-002
   38.6600000000000      -2.392244050464382E-002
   38.7050000000000      -2.375604767971649E-002
   38.7500000000000      -2.359100343592310E-002
   38.7950000000000      -2.342729529728433E-002
   38.8400000000000      -2.326491091750401E-002
   38.8850000000000      -2.310383807847309E-002
   38.9300000000000      -2.294406468879296E-002
   38.9750000000000      -2.278557878231700E-002
   39.0200000000000      -2.262836851671082E-002
   39.0650000000000      -2.247242217203056E-002
   39.1100000000000      -2.231772814931940E-002
   39.1550000000000      -2.216427496922128E-002
   39.2000000000000      -2.201205127061259E-002
   39.2450000000000      -2.186104580925054E-002
   39.2900000000000      -2.171124745643902E-002
   39.3350000000000      -2.156264519771076E-002
   39.3800000000000      -2.141522813152632E-002
   39.4250000000000      -2.126898546798907E-002
   39.4700000000000      -2.112390652757654E-002
   39.5150000000000      -2.097998073988735E-002
   39.5600000000000      -2.083719764240391E-002
   39.6050000000000      -2.069554687927054E-002
   39.6500000000000      -2.055501820008663E-002
   39.6950000000000      -2.041560145871502E-002
   39.7400000000000      -2.027728661210511E-002
   39.7850000000000      -2.014006371913045E-002
   39.8300000000000      -2.000392293944075E-002
   39.8750000000000      -1.986885453232838E-002
   39.9200000000000      -1.973484885560840E-002
   39.9650000000000      -1.960189636451287E-002
   40.0100000000000      -1.946998761059844E-002
   40.0550000000000      -1.933911324066767E-002
   40.1000000000000      -1.920926399570347E-002
   40.1450000000000      -1.908043070981666E-002
   40.1900000000000      -1.895260430920643E-002
   40.2350000000000      -1.882577581113367E-002
   40.2800000000000      -1.869993632290672E-002
   40.3250000000000      -1.857507704087964E-002
   40.3700000000000      -1.845118924946260E-002
   40.4150000000000      -1.832826432014455E-002
   40.4600000000000      -1.820629371052761E-002
   40.5050000000000      -1.808526896337339E-002
   40.5500000000000      -1.796518170566069E-002
   40.5950000000000      -1.784602364765493E-002
   40.6400000000000      -1.772778658198869E-002
   40.6850000000000      -1.761046238275348E-002
   40.7300000000000      -1.749404300460240E-002
   40.7750000000000      -1.737852048186389E-002
   40.8200000000000      -1.726388692766596E-002
   40.8650000000000      -1.715013453307107E-002
   40.9100000000000      -1.703725556622156E-002
   40.9550000000000      -1.692524237149513E-002
   41.0000000000000      -1.681408736867079E-002
   41.0450000000000      -1.670378305210457E-002
   41.0900000000000      -1.659432198991528E-002
   41.1350000000000      -1.648569682317998E-002
   41.1800000000000      -1.637790026513912E-002
   41.2250000000000      -1.627092510041121E-002
   41.2700000000000      -1.616476418421680E-002
   41.3150000000000      -1.605941044161178E-002
   41.3600000000000      -1.595485686672989E-002
   41.4050000000000      -1.585109652203414E-002
   41.4500000000000      -1.574812253757724E-002
   41.4950000000000      -1.564592811027072E-002
   41.5400000000000      -1.554450650316289E-002
   41.5850000000000      -1.544385104472518E-002
   41.6300000000000      -1.534395512814715E-002
   41.6750000000000      -1.524481221063957E-002
   41.7200000000000      -1.514641581274609E-002
   41.7650000000000      -1.504875951766273E-002
   41.8100000000000      -1.495183697056561E-002
   41.8550000000000      -1.485564187794646E-002
   41.9000000000000      -1.476016800695608E-002
   41.9450000000000      -1.466540918475548E-002
   41.9900000000000      -1.457135929787458E-002
   42.0350000000000      -1.447801229157857E-002
   42.0800000000000      -1.438536216924152E-002
   42.1250000000000      -1.429340299172756E-002
   42.1700000000000      -1.420212887677912E-002
   42.2150000000000      -1.411153399841236E-002
   42.2600000000000      -1.402161258631969E-002
   42.3050000000000      -1.393235892527931E-002
   42.3500000000000      -1.384376735457147E-002
   42.3950000000000      -1.375583226740175E-002
   42.4400000000000      -1.366854811033075E-002
   42.4850000000000      -1.358190938271080E-002
   42.5300000000000      -1.349591063612879E-002
   42.5750000000000      -1.341054647385579E-002
   42.6200000000000      -1.332581155030278E-002
   42.6650000000000      -1.324170057048295E-002
   42.7100000000000      -1.315820828947995E-002
   42.7550000000000      -1.307532951192246E-002
   42.8000000000000      -1.299305909146470E-002
   42.8450000000000      -1.291139193027305E-002
   42.8900000000000      -1.283032297851844E-002
   42.9350000000000      -1.274984723387471E-002
   42.9800000000000      -1.266995974102256E-002
   43.0250000000000      -1.259065559115941E-002
   43.0700000000000      -1.251192992151469E-002
   43.1150000000000      -1.243377791487075E-002
   43.1600000000000      -1.235619479908928E-002
   43.2050000000000      -1.227917584664307E-002
   43.2500000000000      -1.220271637415317E-002
   43.2950000000000      -1.212681174193132E-002
   43.3400000000000      -1.205145735352756E-002
   43.3850000000000      -1.197664865528299E-002
   43.4300000000000      -1.190238113588768E-002
   43.4750000000000      -1.182865032594348E-002
   43.5200000000000      -1.175545179753192E-002
   43.5650000000000      -1.168278116378687E-002
   43.6100000000000      -1.161063407847220E-002
   43.6550000000000      -1.153900623556402E-002
   43.7000000000000      -1.146789336883784E-002
   43.7450000000000      -1.139729125146019E-002
   43.7900000000000      -1.132719569558503E-002
   43.8350000000000      -1.125760255195459E-002
   43.8800000000000      -1.118850770950470E-002
   43.9250000000000      -1.111990709497459E-002
   43.9700000000000      -1.105179667252111E-002
   44.0150000000000      -1.098417244333717E-002
   44.0600000000000      -1.091703044527458E-002
   44.1050000000000      -1.085036675247092E-002
   44.1500000000000      -1.078417747498087E-002
   44.1950000000000      -1.071845875841139E-002
   44.2400000000000      -1.065320678356109E-002
   44.2850000000000      -1.058841776606365E-002
   44.3300000000000      -1.052408795603507E-002
   44.3750000000000      -1.046021363772504E-002
   44.4200000000000      -1.039679112917205E-002
   44.4650000000000      -1.033381678186233E-002
   44.5100000000000      -1.027128698039264E-002
   44.5550000000000      -1.020919814213674E-002
   44.6000000000000      -1.014754671691561E-002
   44.6450000000000      -1.008632918667122E-002
   44.6900000000000      -1.002554206514399E-002
   44.7350000000000      -9.965181897553816E-003
   44.7800000000000      -9.905245260284497E-003
   44.8250000000000      -9.845728760571810E-003
   44.8700000000000      -9.786629036194839E-003
   44.9150000000000      -9.727942755170841E-003
   44.9600000000000      -9.669666615453383E-003
   45.0050000000000      -9.611797344633808E-003
   45.0500000000000      -9.554331699645955E-003
   45.0950000000000      -9.497266466474176E-003
   45.1400000000000      -9.440598459864464E-003
   45.1850000000000      -9.384324523038799E-003
   45.2300000000000      -9.328441527412539E-003
   45.2750000000000      -9.272946372314997E-003
   45.3200000000000      -9.217835984712980E-003
   45.3650000000000      -9.163107318937354E-003
   45.4100000000000      -9.108757356412612E-003
   45.4550000000000      -9.054783105389298E-003
   45.5000000000000      -9.001181600679481E-003
   45.5450000000000      -8.947949903394925E-003
   45.5900000000000      -8.895085100688231E-003
   45.6350000000000      -8.842584305496675E-003
   45.6800000000000      -8.790444656288917E-003
   45.7250000000000      -8.738663316814360E-003
   45.7700000000000      -8.687237475855251E-003
   45.8150000000000      -8.636164346981428E-003
   45.8600000000000      -8.585441168307763E-003
   45.9050000000000      -8.535065202254138E-003
   45.9500000000000      -8.485033735308073E-003
   45.9950000000000      -8.435344077789824E-003
   46.0400000000000      -8.385993563620079E-003
   46.0850000000000      -8.336979550090096E-003
   46.1300000000000      -8.288299417634308E-003
   46.1750000000000      -8.239950569605340E-003
   46.2200000000000      -8.191930432051492E-003
   46.2650000000000      -8.144236453496543E-003
   46.3100000000000      -8.096866104721892E-003
   46.3550000000000      -8.049816878551056E-003
   46.4000000000000      -8.003086289636465E-003
   46.4450000000000      -7.956671874248483E-003
   46.4900000000000      -7.910571190066693E-003
   46.5350000000000      -7.864781815973432E-003
   46.5800000000000      -7.819301351849401E-003
   46.6250000000000      -7.774127418371594E-003
   46.6700000000000      -7.729257656813260E-003
   46.7150000000000      -7.684689728845991E-003
   46.7600000000000      -7.640421316343916E-003
   46.8050000000000      -7.596450121189991E-003
   46.8500000000000      -7.552773865084258E-003
   46.8950000000000      -7.509390289354200E-003
   46.9400000000000      -7.466297154767002E-003
   46.9850000000000      -7.423492241343903E-003
   47.0300000000000      -7.380973348176389E-003
   47.0750000000000      -7.338738293244350E-003
   47.1200000000000      -7.296784913236165E-003
   47.1650000000000      -7.255111063370653E-003
   47.2100000000000      -7.213714617220884E-003
   47.2550000000000      -7.172593466539827E-003
   47.3000000000000      -7.131745521087817E-003
   47.3450000000000      -7.091168708461853E-003
   47.3900000000000      -7.050860973926631E-003
   47.4350000000000      -7.010820280247361E-003
   47.4800000000000      -6.971044607524297E-003
   47.5250000000000      -6.931531953029035E-003
   47.5700000000000      -6.892280331042464E-003
   47.6150000000000      -6.853287772694422E-003
   47.6600000000000      -6.814552325804971E-003
   47.7050000000000      -6.776072054727406E-003
   47.7500000000000      -6.737845040192780E-003
   47.7950000000000      -6.699869379156109E-003
   47.8400000000000      -6.662143184644136E-003
   47.8850000000000      -6.624664585604661E-003
   47.9300000000000      -6.587431726757437E-003
   47.9750000000000      -6.550442768446598E-003
   48.0200000000000      -6.513695886494606E-003
   48.0650000000000      -6.477189272057658E-003
   48.1100000000000      -6.440921131482666E-003
   48.1550000000000      -6.404889686165608E-003
   48.2000000000000      -6.369093172411396E-003
   48.2450000000000      -6.333529841295121E-003
   48.2900000000000      -6.298197958524804E-003
   48.3350000000000      -6.263095804305437E-003
   48.3800000000000      -6.228221673204523E-003
   48.4250000000000      -6.193573874018872E-003
   48.4700000000000      -6.159150729642872E-003
   48.5150000000000      -6.124950576938025E-003
   48.5600000000000      -6.090971766603816E-003
   48.6050000000000      -6.057212663049905E-003
   48.6500000000000      -6.023671644269655E-003
   48.6950000000000      -5.990347101714855E-003
   48.7400000000000      -5.957237440171804E-003
   48.7850000000000      -5.924341077638571E-003
   48.8300000000000      -5.891656445203568E-003
   48.8750000000000      -5.859181986925296E-003
   48.9200000000000      -5.826916159713310E-003
   48.9650000000000      -5.794857433210440E-003
   49.0100000000000      -5.763004289676094E-003
   49.0550000000000      -5.731355223870866E-003
   49.1000000000000      -5.699908742942186E-003
   49.1450000000000      -5.668663366311203E-003
   49.1900000000000      -5.637617625560731E-003
   49.2350000000000      -5.606770064324406E-003
   49.2800000000000      -5.576119238176866E-003
   49.3250000000000      -5.545663714525098E-003
   49.3700000000000      -5.515402072500813E-003
   49.4150000000000      -5.485332902853962E-003
   49.4600000000000      -5.455454807847256E-003
   49.5050000000000      -5.425766401151778E-003
   49.5500000000000      -5.396266307743597E-003
   49.5950000000000      -5.366953163801459E-003
   49.6400000000000      -5.337825616605466E-003
   49.6850000000000      -5.308882324436758E-003
   49.7300000000000      -5.280121956478194E-003
   49.7750000000000      -5.251543192716047E-003
   49.8200000000000      -5.223144723842638E-003
   49.8650000000000      -5.194925251159950E-003
   49.9100000000000      -5.166883486484173E-003
   49.9550000000000      -5.139018152051246E-003
   50.0000000000000      -5.111327980423288E-003
