 Water normalized-cartesian-coordinates
  0.774880000000000       0.000000000000000E+000 -0.532851076034806     
  0.000000000000000E+000  0.000000000000000E+000  6.714892396519352E-002
 -0.774880000000000       0.000000000000000E+000 -0.532851076034806     
 
 Ammonia normalized-cartesian-coordinates
  6.084395840627588E-008 -1.747451783057005E-007  0.112750458014159     
   1.75945891516621      -0.359965264392324      -0.522198428776812     
 -0.567990430327433        1.70372174436204      -0.522197512932352     
  -1.19146933022604       -1.34375405199900      -0.522198414855500     
 
 Water atom-atom bond distances (Ang)
#atom_1_2   0.518604199784E+00
#atom_1_3   0.820097674008E+00
#atom_2_3   0.518604199784E+00
 
 Ammonia atom-atom bond distances (Ang)
#atom_1_2   0.100800000000E+01
#atom_1_3   0.100800140109E+01
#atom_1_4   0.100800047908E+01
#atom_2_3   0.164605796514E+01
#atom_2_4   0.164605740052E+01
#atom_3_4   0.164605882783E+01
 Initialization of PES Done.
  0.000000000000000E+000  -371.416481719290     
   1.00000000000000       -371.416472867205     
   2.00000000000000       -371.416464471965     
   3.00000000000000       -371.416456625970     
   4.00000000000000       -371.416449415617     
   5.00000000000000       -371.416442920352     
   6.00000000000000       -371.416437211798     
   7.00000000000000       -371.416432352973     
   8.00000000000000       -371.416428397596     
   9.00000000000000       -371.416425389497     
   10.0000000000000       -371.416423362139     
   11.0000000000000       -371.416422338251     
   12.0000000000000       -371.416422329576     
   13.0000000000000       -371.416423336741     
   14.0000000000000       -371.416425349254     
   15.0000000000000       -371.416428345613     
   16.0000000000000       -371.416432293544     
   17.0000000000000       -371.416437150355     
   18.0000000000000       -371.416442863399     
   19.0000000000000       -371.416449370652     
   20.0000000000000       -371.416456601396     
   21.0000000000000       -371.416464476984     
   22.0000000000000       -371.416472911712     
   23.0000000000000       -371.416481813746     
   24.0000000000000       -371.416491086138     
   25.0000000000000       -371.416500627879     
   26.0000000000000       -371.416510335009     
   27.0000000000000       -371.416520101757     
   28.0000000000000       -371.416529821694     
   29.0000000000000       -371.416539388904     
   30.0000000000000       -371.416548699138     
   31.0000000000000       -371.416557650960     
   32.0000000000000       -371.416566146857     
   33.0000000000000       -371.416574094303     
   34.0000000000000       -371.416581406779     
   35.0000000000000       -371.416588004711     
   36.0000000000000       -371.416593816350     
   37.0000000000000       -371.416598778551     
   38.0000000000000       -371.416602837471     
   39.0000000000000       -371.416605949149     
   40.0000000000000       -371.416608079994     
   41.0000000000000       -371.416609207153     
   42.0000000000000       -371.416609318754     
   43.0000000000000       -371.416608414044     
   44.0000000000000       -371.416606503390     
   45.0000000000000       -371.416603608166     
   46.0000000000000       -371.416599760523     
   47.0000000000000       -371.416595003032     
   48.0000000000000       -371.416589388216     
   49.0000000000000       -371.416582977977     
   50.0000000000000       -371.416575842917     
   51.0000000000000       -371.416568061563     
   52.0000000000000       -371.416559719507     
   53.0000000000000       -371.416550908465     
   54.0000000000000       -371.416541725277     
   55.0000000000000       -371.416532270841     
   56.0000000000000       -371.416522649011     
   57.0000000000000       -371.416512965454     
   58.0000000000000       -371.416503326496     
   59.0000000000000       -371.416493837957     
   60.0000000000000       -371.416484603988     
   61.0000000000000       -371.416475725933     
   62.0000000000000       -371.416467301216     
   63.0000000000000       -371.416459422274     
   64.0000000000000       -371.416452175546     
   65.0000000000000       -371.416445640525     
   66.0000000000000       -371.416439888883     
   67.0000000000000       -371.416434983693     
   68.0000000000000       -371.416430978732     
   69.0000000000000       -371.416427917892     
   70.0000000000000       -371.416425834705     
   71.0000000000000       -371.416424751967     
   72.0000000000000       -371.416424681495     
   73.0000000000000       -371.416425623996     
   74.0000000000000       -371.416427569056     
   75.0000000000000       -371.416430495259     
   76.0000000000000       -371.416434370418     
   77.0000000000000       -371.416439151932     
   78.0000000000000       -371.416444787248     
   79.0000000000000       -371.416451214440     
   80.0000000000000       -371.416458362887     
   81.0000000000000       -371.416466154047     
   82.0000000000000       -371.416474502318     
   83.0000000000000       -371.416483315975     
   84.0000000000000       -371.416492498179     
   85.0000000000000       -371.416501948032     
   86.0000000000000       -371.416511561690     
   87.0000000000000       -371.416521233494     
   88.0000000000000       -371.416530857133     
   89.0000000000000       -371.416540326810     
   90.0000000000000       -371.416549538396     
   91.0000000000000       -371.416558390577     
   92.0000000000000       -371.416566785960     
   93.0000000000000       -371.416574632144     
   94.0000000000000       -371.416581842732     
   95.0000000000000       -371.416588338277     
   96.0000000000000       -371.416594047153     
   97.0000000000000       -371.416598906342     
   98.0000000000000       -371.416602862124     
   99.0000000000000       -371.416605870665     
   100.000000000000       -371.416607898500     
   101.000000000000       -371.416608922899     
   102.000000000000       -371.416608932117     
   103.000000000000       -371.416607925522     
   104.000000000000       -371.416605913606     
   105.000000000000       -371.416602917866     
   106.000000000000       -371.416598970573     
   107.000000000000       -371.416594114417     
   108.000000000000       -371.416588402042     
   109.000000000000       -371.416581895467     
   110.000000000000       -371.416574665408     
   111.000000000000       -371.416566790507     
   112.000000000000       -371.416558356468     
   113.000000000000       -371.416549455118     
   114.000000000000       -371.416540183404     
   115.000000000000       -371.416530642331     
   116.000000000000       -371.416520935854     
   117.000000000000       -371.416511169743     
   118.000000000000       -371.416501450424     
   119.000000000000       -371.416491883809     
   120.000000000000       -371.416482574144     
   121.000000000000       -371.416473622863     
   122.000000000000       -371.416465127476     
   123.000000000000       -371.416457180505     
   124.000000000000       -371.416449868471     
   125.000000000000       -371.416443270942     
   126.000000000000       -371.416437459666     
   127.000000000000       -371.416432497786     
   128.000000000000       -371.416428439145     
   129.000000000000       -371.416425327701     
   130.000000000000       -371.416423197044     
   131.000000000000       -371.416422070028     
   132.000000000000       -371.416421958522     
   133.000000000000       -371.416422863280     
   134.000000000000       -371.416424773935     
   135.000000000000       -371.416427669110     
   136.000000000000       -371.416431516658     
   137.000000000000       -371.416436274007     
   138.000000000000       -371.416441888634     
   139.000000000000       -371.416448298638     
   140.000000000000       -371.416455433419     
   141.000000000000       -371.416463214450     
   142.000000000000       -371.416471556143     
   143.000000000000       -371.416480366781     
   144.000000000000       -371.416489549527     
   145.000000000000       -371.416499003485     
   146.000000000000       -371.416508624804     
   147.000000000000       -371.416518307819     
   148.000000000000       -371.416527946206     
   149.000000000000       -371.416537434148     
   150.000000000000       -371.416546667498     
   151.000000000000       -371.416555544915     
   152.000000000000       -371.416563968977     
   153.000000000000       -371.416571847251     
   154.000000000000       -371.416579093300     
   155.000000000000       -371.416585627636     
   156.000000000000       -371.416591378589     
   157.000000000000       -371.416596283090     
   158.000000000000       -371.416600287367     
   159.000000000000       -371.416603347528     
   160.000000000000       -371.416605430048     
   161.000000000000       -371.416606512132     
   162.000000000000       -371.416606581966     
   163.000000000000       -371.416605638848     
   164.000000000000       -371.416603693192     
   165.000000000000       -371.416600766420     
   166.000000000000       -371.416596890719     
   167.000000000000       -371.416592108695     
   168.000000000000       -371.416586472903     
   169.000000000000       -371.416580045270     
   170.000000000000       -371.416572896420     
   171.000000000000       -371.416565104897     
   172.000000000000       -371.416556756305     
   173.000000000000       -371.416547942369     
   174.000000000000       -371.416538759931     
   175.000000000000       -371.416529309890     
   176.000000000000       -371.416519696090     
   177.000000000000       -371.416510024191     
   178.000000000000       -371.416500400504     
   179.000000000000       -371.416490930828     
   180.000000000000       -371.416481719290     
   181.000000000000       -371.416472867205     
   182.000000000000       -371.416464471965     
   183.000000000000       -371.416456625970     
   184.000000000000       -371.416449415617     
   185.000000000000       -371.416442920352     
   186.000000000000       -371.416437211798     
   187.000000000000       -371.416432352973     
   188.000000000000       -371.416428397596     
   189.000000000000       -371.416425389496     
   190.000000000000       -371.416423362139     
   191.000000000000       -371.416422338251     
   192.000000000000       -371.416422329576     
   193.000000000000       -371.416423336741     
   194.000000000000       -371.416425349254     
   195.000000000000       -371.416428345613     
   196.000000000000       -371.416432293544     
   197.000000000000       -371.416437150355     
   198.000000000000       -371.416442863399     
   199.000000000000       -371.416449370652     
   200.000000000000       -371.416456601396     
   201.000000000000       -371.416464476984     
   202.000000000000       -371.416472911712     
   203.000000000000       -371.416481813746     
   204.000000000000       -371.416491086138     
   205.000000000000       -371.416500627878     
   206.000000000000       -371.416510335009     
   207.000000000000       -371.416520101757     
   208.000000000000       -371.416529821694     
   209.000000000000       -371.416539388904     
   210.000000000000       -371.416548699138     
   211.000000000000       -371.416557650960     
   212.000000000000       -371.416566146857     
   213.000000000000       -371.416574094303     
   214.000000000000       -371.416581406779     
   215.000000000000       -371.416588004711     
   216.000000000000       -371.416593816350     
   217.000000000000       -371.416598778551     
   218.000000000000       -371.416602837471     
   219.000000000000       -371.416605949148     
   220.000000000000       -371.416608079994     
   221.000000000000       -371.416609207153     
   222.000000000000       -371.416609318754     
   223.000000000000       -371.416608414044     
   224.000000000000       -371.416606503389     
   225.000000000000       -371.416603608166     
   226.000000000000       -371.416599760523     
   227.000000000000       -371.416595003032     
   228.000000000000       -371.416589388216     
   229.000000000000       -371.416582977977     
   230.000000000000       -371.416575842917     
   231.000000000000       -371.416568061563     
   232.000000000000       -371.416559719507     
   233.000000000000       -371.416550908465     
   234.000000000000       -371.416541725277     
   235.000000000000       -371.416532270841     
   236.000000000000       -371.416522649011     
   237.000000000000       -371.416512965454     
   238.000000000000       -371.416503326496     
   239.000000000000       -371.416493837957     
   240.000000000000       -371.416484603989     
   241.000000000000       -371.416475725933     
   242.000000000000       -371.416467301216     
   243.000000000000       -371.416459422274     
   244.000000000000       -371.416452175546     
   245.000000000000       -371.416445640525     
   246.000000000000       -371.416439888883     
   247.000000000000       -371.416434983693     
   248.000000000000       -371.416430978732     
   249.000000000000       -371.416427917892     
   250.000000000000       -371.416425834705     
   251.000000000000       -371.416424751967     
   252.000000000000       -371.416424681495     
   253.000000000000       -371.416425623996     
   254.000000000000       -371.416427569056     
   255.000000000000       -371.416430495259     
   256.000000000000       -371.416434370418     
   257.000000000000       -371.416439151932     
   258.000000000000       -371.416444787248     
   259.000000000000       -371.416451214440     
   260.000000000000       -371.416458362887     
   261.000000000000       -371.416466154047     
   262.000000000000       -371.416474502318     
   263.000000000000       -371.416483315975     
   264.000000000000       -371.416492498179     
   265.000000000000       -371.416501948032     
   266.000000000000       -371.416511561690     
   267.000000000000       -371.416521233494     
   268.000000000000       -371.416530857133     
   269.000000000000       -371.416540326810     
   270.000000000000       -371.416549538396     
   271.000000000000       -371.416558390577     
   272.000000000000       -371.416566785960     
   273.000000000000       -371.416574632144     
   274.000000000000       -371.416581842732     
   275.000000000000       -371.416588338277     
   276.000000000000       -371.416594047153     
   277.000000000000       -371.416598906342     
   278.000000000000       -371.416602862124     
   279.000000000000       -371.416605870665     
   280.000000000000       -371.416607898500     
   281.000000000000       -371.416608922899     
   282.000000000000       -371.416608932117     
   283.000000000000       -371.416607925523     
   284.000000000000       -371.416605913606     
   285.000000000000       -371.416602917866     
   286.000000000000       -371.416598970573     
   287.000000000000       -371.416594114417     
   288.000000000000       -371.416588402042     
   289.000000000000       -371.416581895467     
   290.000000000000       -371.416574665408     
   291.000000000000       -371.416566790507     
   292.000000000000       -371.416558356468     
   293.000000000000       -371.416549455118     
   294.000000000000       -371.416540183404     
   295.000000000000       -371.416530642331     
   296.000000000000       -371.416520935854     
   297.000000000000       -371.416511169743     
   298.000000000000       -371.416501450424     
   299.000000000000       -371.416491883809     
   300.000000000000       -371.416482574144     
   301.000000000000       -371.416473622863     
   302.000000000000       -371.416465127476     
   303.000000000000       -371.416457180506     
   304.000000000000       -371.416449868471     
   305.000000000000       -371.416443270942     
   306.000000000000       -371.416437459666     
   307.000000000000       -371.416432497786     
   308.000000000000       -371.416428439145     
   309.000000000000       -371.416425327701     
   310.000000000000       -371.416423197044     
   311.000000000000       -371.416422070028     
   312.000000000000       -371.416421958522     
   313.000000000000       -371.416422863280     
   314.000000000000       -371.416424773935     
   315.000000000000       -371.416427669110     
   316.000000000000       -371.416431516658     
   317.000000000000       -371.416436274007     
   318.000000000000       -371.416441888634     
   319.000000000000       -371.416448298638     
   320.000000000000       -371.416455433419     
   321.000000000000       -371.416463214450     
   322.000000000000       -371.416471556143     
   323.000000000000       -371.416480366781     
   324.000000000000       -371.416489549527     
   325.000000000000       -371.416499003485     
   326.000000000000       -371.416508624804     
   327.000000000000       -371.416518307819     
   328.000000000000       -371.416527946206     
   329.000000000000       -371.416537434149     
   330.000000000000       -371.416546667498     
   331.000000000000       -371.416555544915     
   332.000000000000       -371.416563968977     
   333.000000000000       -371.416571847251     
   334.000000000000       -371.416579093300     
   335.000000000000       -371.416585627636     
   336.000000000000       -371.416591378589     
   337.000000000000       -371.416596283090     
   338.000000000000       -371.416600287367     
   339.000000000000       -371.416603347528     
   340.000000000000       -371.416605430048     
   341.000000000000       -371.416606512132     
   342.000000000000       -371.416606581966     
   343.000000000000       -371.416605638848     
   344.000000000000       -371.416603693192     
   345.000000000000       -371.416600766420     
   346.000000000000       -371.416596890719     
   347.000000000000       -371.416592108695     
   348.000000000000       -371.416586472903     
   349.000000000000       -371.416580045270     
   350.000000000000       -371.416572896420     
   351.000000000000       -371.416565104897     
   352.000000000000       -371.416556756305     
   353.000000000000       -371.416547942369     
   354.000000000000       -371.416538759931     
   355.000000000000       -371.416529309890     
   356.000000000000       -371.416519696090     
   357.000000000000       -371.416510024191     
   358.000000000000       -371.416500400504     
   359.000000000000       -371.416490930828     
   360.000000000000       -371.416481719290     
