 Water normalized-cartesian-coordinates
  0.774880000000000       0.000000000000000E+000 -0.532851076034806     
  0.000000000000000E+000  0.000000000000000E+000  6.714892396519352E-002
 -0.774880000000000       0.000000000000000E+000 -0.532851076034806     
 
 Ammonia normalized-cartesian-coordinates
  6.084395840627588E-008 -1.747451783057005E-007  0.112750458014159     
   1.75945891516621      -0.359965264392324      -0.522198428776812     
 -0.567990430327433        1.70372174436204      -0.522197512932352     
  -1.19146933022604       -1.34375405199900      -0.522198414855500     
 
 Water atom-atom bond distances (Ang)
#atom_1_2   0.518604199784E+00
#atom_1_3   0.820097674008E+00
#atom_2_3   0.518604199784E+00
 
 Ammonia atom-atom bond distances (Ang)
#atom_1_2   0.100800000000E+01
#atom_1_3   0.100800140109E+01
#atom_1_4   0.100800047908E+01
#atom_2_3   0.164605796514E+01
#atom_2_4   0.164605740052E+01
#atom_3_4   0.164605882783E+01
 Initialization of PES Done.
  0.000000000000000E+000   166844.835092615     
   1.00000000000000        166844.801177062     
   2.00000000000000        166844.766319580     
   3.00000000000000        166844.730902289     
   4.00000000000000        166844.695313435     
   5.00000000000000        166844.659943134     
   6.00000000000000        166844.625179098     
   7.00000000000000        166844.591402388     
   8.00000000000000        166844.558983236     
   9.00000000000000        166844.528276992     
   10.0000000000000        166844.499620230     
   11.0000000000000        166844.473327057     
   12.0000000000000        166844.449685676     
   13.0000000000000        166844.428955227     
   14.0000000000000        166844.411362944     
   15.0000000000000        166844.397101673     
   16.0000000000000        166844.386327752     
   17.0000000000000        166844.379159301     
   18.0000000000000        166844.375674929     
   19.0000000000000        166844.375912870     
   20.0000000000000        166844.379870568     
   21.0000000000000        166844.387504700     
   22.0000000000000        166844.398731654     
   23.0000000000000        166844.413428444     
   24.0000000000000        166844.431434057     
   25.0000000000000        166844.452551220     
   26.0000000000000        166844.476548555     
   27.0000000000000        166844.503163119     
   28.0000000000000        166844.532103286     
   29.0000000000000        166844.563051936     
   30.0000000000000        166844.595669934     
   31.0000000000000        166844.629599846     
   32.0000000000000        166844.664469850     
   33.0000000000000        166844.699897818     
   34.0000000000000        166844.735495493     
   35.0000000000000        166844.770872753     
   36.0000000000000        166844.805641876     
   37.0000000000000        166844.839421795     
   38.0000000000000        166844.871842270     
   39.0000000000000        166844.902547945     
   40.0000000000000        166844.931202244     
   41.0000000000000        166844.957491053     
   42.0000000000000        166844.981126169     
   43.0000000000000        166845.001848454     
   44.0000000000000        166845.019430674     
   45.0000000000000        166845.033679990     
   46.0000000000000        166845.044440073     
   47.0000000000000        166845.051592813     
   48.0000000000000        166845.055059618     
   49.0000000000000        166845.054802270     
   50.0000000000000        166845.050823349     
   51.0000000000000        166845.043166204     
   52.0000000000000        166845.031914474     
   53.0000000000000        166845.017191178     
   54.0000000000000        166844.999157364     
   55.0000000000000        166844.978010344     
   56.0000000000000        166844.953981535     
   57.0000000000000        166844.927333921     
   58.0000000000000        166844.898359177     
   59.0000000000000        166844.867374464     
   60.0000000000000        166844.834718966     
   61.0000000000000        166844.800750163     
   62.0000000000000        166844.765839925     
   63.0000000000000        166844.730370430     
   64.0000000000000        166844.694729979     
   65.0000000000000        166844.659308746     
   66.0000000000000        166844.624494498     
   67.0000000000000        166844.590668351     
   68.0000000000000        166844.558200592     
   69.0000000000000        166844.527446626     
   70.0000000000000        166844.498743077     
   71.0000000000000        166844.472404108     
   72.0000000000000        166844.448717972     
   73.0000000000000        166844.427943858     
   74.0000000000000        166844.410309053     
   75.0000000000000        166844.396006450     
   76.0000000000000        166844.385192434     
   77.0000000000000        166844.377985174     
   78.0000000000000        166844.374463322     
   79.0000000000000        166844.374665160     
   80.0000000000000        166844.378588172     
   81.0000000000000        166844.386189079     
   82.0000000000000        166844.397384309     
   83.0000000000000        166844.412050916     
   84.0000000000000        166844.430027926     
   85.0000000000000        166844.451118100     
   86.0000000000000        166844.475090097     
   87.0000000000000        166844.501681009     
   88.0000000000000        166844.530599240     
   89.0000000000000        166844.561527701     
   90.0000000000000        166844.594127286     
   91.0000000000000        166844.628040586     
   92.0000000000000        166844.662895808     
   93.0000000000000        166844.698310843     
   94.0000000000000        166844.733897459     
   95.0000000000000        166844.769265550     
   96.0000000000000        166844.804027414     
   97.0000000000000        166844.837801997     
   98.0000000000000        166844.870219074     
   99.0000000000000        166844.900923300     
   100.000000000000        166844.929578105     
   101.000000000000        166844.955869384     
   102.000000000000        166844.979508938     
   103.000000000000        166845.000237628     
   104.000000000000        166845.017828223     
   105.000000000000        166845.032087879     
   106.000000000000        166845.042860261     
   107.000000000000        166845.050027252     
   108.000000000000        166845.053510249     
   109.000000000000        166845.053271021     
   110.000000000000        166845.049312134     
   111.000000000000        166845.041676915     
   112.000000000000        166845.030448986     
   113.000000000000        166845.015751341     
   114.000000000000        166844.997745002     
   115.000000000000        166844.976627252     
   116.000000000000        166844.952629479     
   117.000000000000        166844.926014633     
   118.000000000000        166844.897074350     
   119.000000000000        166844.866125757     
   120.000000000000        166844.833507993     
   121.000000000000        166844.799578497     
   122.000000000000        166844.764709092     
   123.000000000000        166844.729281907     
   124.000000000000        166844.693685194     
   125.000000000000        166844.658309074     
   126.000000000000        166844.623541259     
   127.000000000000        166844.589762808     
   128.000000000000        166844.557343949     
   129.000000000000        166844.526640025     
   130.000000000000        166844.497987599     
   131.000000000000        166844.471700768     
   132.000000000000        166844.448067718     
   133.000000000000        166844.427347572     
   134.000000000000        166844.409767546     
   135.000000000000        166844.395520463     
   136.000000000000        166844.384762636     
   137.000000000000        166844.377612159     
   138.000000000000        166844.374147612     
   139.000000000000        166844.374407199     
   140.000000000000        166844.378388330     
   141.000000000000        166844.386047648     
   142.000000000000        166844.397301504     
   143.000000000000        166844.412026874     
   144.000000000000        166844.430062705     
   145.000000000000        166844.451211680     
   146.000000000000        166844.475242380     
   147.000000000000        166844.501891818     
   148.000000000000        166844.530868318     
   149.000000000000        166844.561854715     
   150.000000000000        166844.594511825     
   151.000000000000        166844.628482162     
   152.000000000000        166844.663393855     
   153.000000000000        166844.698864722     
   154.000000000000        166844.734506454     
   155.000000000000        166844.769928873     
   156.000000000000        166844.804744204     
   157.000000000000        166844.838571323     
   158.000000000000        166844.871039934     
   159.000000000000        166844.901794624     
   160.000000000000        166844.930498757     
   161.000000000000        166844.956838163     
   162.000000000000        166844.980524579     
   163.000000000000        166845.001298808     
   164.000000000000        166845.018933557     
   165.000000000000        166845.033235927     
   166.000000000000        166845.044049528     
   167.000000000000        166845.051256191     
   168.000000000000        166845.054777262     
   169.000000000000        166845.054574464     
   170.000000000000        166845.050650316     
   171.000000000000        166845.043048105     
   172.000000000000        166845.031851411     
   173.000000000000        166845.017183192     
   174.000000000000        166844.999204435     
   175.000000000000        166844.978112392     
   176.000000000000        166844.954138421     
   177.000000000000        166844.927545446     
   178.000000000000        166844.898625081     
   179.000000000000        166844.867694430     
   180.000000000000        166844.835092615     
   181.000000000000        166844.801177062     
   182.000000000000        166844.766319580     
   183.000000000000        166844.730902289     
   184.000000000000        166844.695313435     
   185.000000000000        166844.659943134     
   186.000000000000        166844.625179098     
   187.000000000000        166844.591402388     
   188.000000000000        166844.558983236     
   189.000000000000        166844.528276992     
   190.000000000000        166844.499620230     
   191.000000000000        166844.473327057     
   192.000000000000        166844.449685676     
   193.000000000000        166844.428955226     
   194.000000000000        166844.411362944     
   195.000000000000        166844.397101673     
   196.000000000000        166844.386327752     
   197.000000000000        166844.379159301     
   198.000000000000        166844.375674929     
   199.000000000000        166844.375912870     
   200.000000000000        166844.379870568     
   201.000000000000        166844.387504700     
   202.000000000000        166844.398731654     
   203.000000000000        166844.413428444     
   204.000000000000        166844.431434057     
   205.000000000000        166844.452551220     
   206.000000000000        166844.476548555     
   207.000000000000        166844.503163119     
   208.000000000000        166844.532103286     
   209.000000000000        166844.563051936     
   210.000000000000        166844.595669934     
   211.000000000000        166844.629599846     
   212.000000000000        166844.664469850     
   213.000000000000        166844.699897818     
   214.000000000000        166844.735495493     
   215.000000000000        166844.770872753     
   216.000000000000        166844.805641876     
   217.000000000000        166844.839421795     
   218.000000000000        166844.871842270     
   219.000000000000        166844.902547945     
   220.000000000000        166844.931202244     
   221.000000000000        166844.957491053     
   222.000000000000        166844.981126169     
   223.000000000000        166845.001848454     
   224.000000000000        166845.019430674     
   225.000000000000        166845.033679990     
   226.000000000000        166845.044440073     
   227.000000000000        166845.051592813     
   228.000000000000        166845.055059618     
   229.000000000000        166845.054802270     
   230.000000000000        166845.050823349     
   231.000000000000        166845.043166204     
   232.000000000000        166845.031914474     
   233.000000000000        166845.017191178     
   234.000000000000        166844.999157364     
   235.000000000000        166844.978010344     
   236.000000000000        166844.953981535     
   237.000000000000        166844.927333921     
   238.000000000000        166844.898359177     
   239.000000000000        166844.867374464     
   240.000000000000        166844.834718966     
   241.000000000000        166844.800750163     
   242.000000000000        166844.765839925     
   243.000000000000        166844.730370430     
   244.000000000000        166844.694729979     
   245.000000000000        166844.659308746     
   246.000000000000        166844.624494498     
   247.000000000000        166844.590668351     
   248.000000000000        166844.558200592     
   249.000000000000        166844.527446626     
   250.000000000000        166844.498743077     
   251.000000000000        166844.472404108     
   252.000000000000        166844.448717972     
   253.000000000000        166844.427943858     
   254.000000000000        166844.410309053     
   255.000000000000        166844.396006450     
   256.000000000000        166844.385192434     
   257.000000000000        166844.377985173     
   258.000000000000        166844.374463322     
   259.000000000000        166844.374665160     
   260.000000000000        166844.378588172     
   261.000000000000        166844.386189079     
   262.000000000000        166844.397384309     
   263.000000000000        166844.412050916     
   264.000000000000        166844.430027925     
   265.000000000000        166844.451118100     
   266.000000000000        166844.475090097     
   267.000000000000        166844.501681009     
   268.000000000000        166844.530599240     
   269.000000000000        166844.561527701     
   270.000000000000        166844.594127286     
   271.000000000000        166844.628040586     
   272.000000000000        166844.662895808     
   273.000000000000        166844.698310843     
   274.000000000000        166844.733897459     
   275.000000000000        166844.769265550     
   276.000000000000        166844.804027413     
   277.000000000000        166844.837801997     
   278.000000000000        166844.870219074     
   279.000000000000        166844.900923300     
   280.000000000000        166844.929578105     
   281.000000000000        166844.955869384     
   282.000000000000        166844.979508938     
   283.000000000000        166845.000237628     
   284.000000000000        166845.017828223     
   285.000000000000        166845.032087879     
   286.000000000000        166845.042860261     
   287.000000000000        166845.050027252     
   288.000000000000        166845.053510249     
   289.000000000000        166845.053271021     
   290.000000000000        166845.049312134     
   291.000000000000        166845.041676915     
   292.000000000000        166845.030448986     
   293.000000000000        166845.015751341     
   294.000000000000        166844.997745002     
   295.000000000000        166844.976627252     
   296.000000000000        166844.952629479     
   297.000000000000        166844.926014633     
   298.000000000000        166844.897074350     
   299.000000000000        166844.866125757     
   300.000000000000        166844.833507993     
   301.000000000000        166844.799578497     
   302.000000000000        166844.764709092     
   303.000000000000        166844.729281907     
   304.000000000000        166844.693685194     
   305.000000000000        166844.658309074     
   306.000000000000        166844.623541259     
   307.000000000000        166844.589762808     
   308.000000000000        166844.557343949     
   309.000000000000        166844.526640025     
   310.000000000000        166844.497987599     
   311.000000000000        166844.471700768     
   312.000000000000        166844.448067718     
   313.000000000000        166844.427347572     
   314.000000000000        166844.409767546     
   315.000000000000        166844.395520463     
   316.000000000000        166844.384762636     
   317.000000000000        166844.377612159     
   318.000000000000        166844.374147612     
   319.000000000000        166844.374407199     
   320.000000000000        166844.378388330     
   321.000000000000        166844.386047648     
   322.000000000000        166844.397301504     
   323.000000000000        166844.412026874     
   324.000000000000        166844.430062705     
   325.000000000000        166844.451211680     
   326.000000000000        166844.475242380     
   327.000000000000        166844.501891818     
   328.000000000000        166844.530868318     
   329.000000000000        166844.561854715     
   330.000000000000        166844.594511825     
   331.000000000000        166844.628482162     
   332.000000000000        166844.663393855     
   333.000000000000        166844.698864722     
   334.000000000000        166844.734506454     
   335.000000000000        166844.769928873     
   336.000000000000        166844.804744204     
   337.000000000000        166844.838571323     
   338.000000000000        166844.871039934     
   339.000000000000        166844.901794624     
   340.000000000000        166844.930498757     
   341.000000000000        166844.956838163     
   342.000000000000        166844.980524579     
   343.000000000000        166845.001298808     
   344.000000000000        166845.018933557     
   345.000000000000        166845.033235927     
   346.000000000000        166845.044049528     
   347.000000000000        166845.051256191     
   348.000000000000        166845.054777262     
   349.000000000000        166845.054574464     
   350.000000000000        166845.050650316     
   351.000000000000        166845.043048105     
   352.000000000000        166845.031851411     
   353.000000000000        166845.017183192     
   354.000000000000        166844.999204435     
   355.000000000000        166844.978112392     
   356.000000000000        166844.954138421     
   357.000000000000        166844.927545446     
   358.000000000000        166844.898625081     
   359.000000000000        166844.867694430     
   360.000000000000        166844.835092615     
