 Water normalized-cartesian-coordinates
  0.774880000000000       0.000000000000000E+000 -0.532851076034806     
  0.000000000000000E+000  0.000000000000000E+000  6.714892396519352E-002
 -0.774880000000000       0.000000000000000E+000 -0.532851076034806     
 
 Ammonia normalized-cartesian-coordinates
  6.084395840627588E-008 -1.747451783057005E-007  0.112750458014159     
   1.75945891516621      -0.359965264392324      -0.522198428776812     
 -0.567990430327433        1.70372174436204      -0.522197512932352     
  -1.19146933022604       -1.34375405199900      -0.522198414855500     
 
 Water atom-atom bond distances (Ang)
#atom_1_2   0.518604199784E+00
#atom_1_3   0.820097674008E+00
#atom_2_3   0.518604199784E+00
 
 Ammonia atom-atom bond distances (Ang)
#atom_1_2   0.100800000000E+01
#atom_1_3   0.100800140109E+01
#atom_1_4   0.100800047908E+01
#atom_2_3   0.164605796514E+01
#atom_2_4   0.164605740052E+01
#atom_3_4   0.164605882783E+01
 Initialization of PES Done.
  0.000000000000000E+000   166844.835092615     
   1.00000000000000        166838.422196833     
   2.00000000000000        166837.213774319     
   3.00000000000000        166841.235258534     
   4.00000000000000        166850.560704446     
   5.00000000000000        166865.312912410     
   6.00000000000000        166885.663676047     
   7.00000000000000        166911.834154297     
   8.00000000000000        166944.095367833     
   9.00000000000000        166982.768820015     
   10.0000000000000        167028.227242562     
   11.0000000000000        167080.895466067     
   12.0000000000000        167141.251415423     
   13.0000000000000        167209.827230130     
   14.0000000000000        167287.210509328     
   15.0000000000000        167374.045681201     
   16.0000000000000        167471.035496191     
   17.0000000000000        167578.942643166     
   18.0000000000000        167698.591487316     
   19.0000000000000        167830.869928166     
   20.0000000000000        167976.731375556     
   21.0000000000000        168137.196840854     
   22.0000000000000        168313.357140000     
   23.0000000000000        168506.375204159     
   24.0000000000000        168717.488492862     
   25.0000000000000        168948.011503504     
   26.0000000000000        169199.338369852     
   27.0000000000000        169472.945540980     
   28.0000000000000        169770.394530516     
   29.0000000000000        170093.334724530     
   30.0000000000000        170443.506234557     
   31.0000000000000        170822.742780307     
   32.0000000000000        171232.974584449     
   33.0000000000000        171676.231259516     
   34.0000000000000        172154.644664425     
   35.0000000000000        172670.451705377     
   36.0000000000000        173225.997052923     
   37.0000000000000        173823.735743867     
   38.0000000000000        174466.235633291     
   39.0000000000000        175156.179658444     
   40.0000000000000        175896.367872538     
   41.0000000000000        176689.719202537     
   42.0000000000000        177539.272881035     
   43.0000000000000        178448.189498075     
   44.0000000000000        179419.751614552     
   45.0000000000000        180457.363874451     
   46.0000000000000        181564.552548854     
   47.0000000000000        182744.964440317     
   48.0000000000000        184002.365071997     
   49.0000000000000        185340.636081847     
   50.0000000000000        186763.771738363     
   51.0000000000000        188275.874490872     
   52.0000000000000        189881.149464244     
   53.0000000000000        191583.897805361     
   54.0000000000000        193388.508786701     
   55.0000000000000        195299.450571254     
   56.0000000000000        197321.259542600     
   57.0000000000000        199458.528104753     
   58.0000000000000        201715.890858150     
   59.0000000000000        204098.009061351     
   60.0000000000000        206609.553292557     
   61.0000000000000        209255.184231214     
   62.0000000000000        212039.531487858     
   63.0000000000000        214967.170420057     
   64.0000000000000        218042.596884044     
   65.0000000000000        221270.199885432     
   66.0000000000000        224654.232108377     
   67.0000000000000        228198.778320881     
   68.0000000000000        231907.721674451     
   69.0000000000000        235784.707939327     
   70.0000000000000        239833.107741740     
   71.0000000000000        244055.976897273     
   72.0000000000000        248456.014964150     
   73.0000000000000        253035.522172216     
   74.0000000000000        257796.354917106     
   75.0000000000000        262739.880044611     
   76.0000000000000        267866.928187115     
   77.0000000000000        273177.746451918     
   78.0000000000000        278671.950799869     
   79.0000000000000        284348.478491588     
   80.0000000000000        290205.541017089     
   81.0000000000000        296240.577962294     
   82.0000000000000        302450.212302164     
   83.0000000000000        308830.207644178     
   84.0000000000000        315375.427977051     
   85.0000000000000        322079.800507069     
   86.0000000000000        328936.282187376     
   87.0000000000000        335936.830563228     
   88.0000000000000        343072.379567648     
   89.0000000000000        350332.820906303     
   90.0000000000000        357706.991666778     
   91.0000000000000        365182.668775047     
   92.0000000000000        372746.570899837     
   93.0000000000000        380384.368373176     
   94.0000000000000        388080.701651914     
   95.0000000000000        395819.208789934     
   96.0000000000000        403582.562323724     
   97.0000000000000        411352.515894725     
   98.0000000000000        419109.960840442     
   99.0000000000000        426834.992882927     
   100.000000000000        434506.988928505     
   101.000000000000        442104.693867303     
   102.000000000000        449606.317126520     
   103.000000000000        456989.638588968     
   104.000000000000        464232.123340124     
   105.000000000000        471311.044555094     
   106.000000000000        478203.613684105     
   107.000000000000        484887.116944388     
   108.000000000000        491339.056980836     
   109.000000000000        497537.298421063     
   110.000000000000        503460.215926023     
   111.000000000000        509086.843228831     
   112.000000000000        514397.021565424     
   113.000000000000        519371.545834480     
   114.000000000000        523992.306783829     
   115.000000000000        528242.427508832     
   116.000000000000        532106.392567148     
   117.000000000000        535570.168065136     
   118.000000000000        538621.311154597     
   119.000000000000        541249.067494334     
   120.000000000000        543444.455377866     
   121.000000000000        545200.335404651     
   122.000000000000        546511.464774083     
   123.000000000000        547374.535505757     
   124.000000000000        547788.196131042     
   125.000000000000        547753.056654844     
   126.000000000000        547271.676846506     
   127.000000000000        546348.538179053     
   128.000000000000        544989.999990028     
   129.000000000000        543204.240678876     
   130.000000000000        541001.184979109     
   131.000000000000        538392.418543009     
   132.000000000000        535391.091247519     
   133.000000000000        532011.810768428     
   134.000000000000        528270.528072881     
   135.000000000000        524184.416545986     
   136.000000000000        519771.746494940     
   137.000000000000        515051.756764245     
   138.000000000000        510044.525149752     
   139.000000000000        504770.839219959     
   140.000000000000        499252.069043917     
   141.000000000000        493510.043190331     
   142.000000000000        487566.929207056     
   143.000000000000        481445.119619374     
   144.000000000000        475167.124304674     
   145.000000000000        468755.469915991     
   146.000000000000        462232.606842509     
   147.000000000000        455620.824016474     
   148.000000000000        448942.171707435     
   149.000000000000        442218.392289959     
   150.000000000000        435470.858832905     
   151.000000000000        428720.521239212     
   152.000000000000        421987.859566182     
   153.000000000000        415292.844078041     
   154.000000000000        408654.901524827     
   155.000000000000        402092.887103491     
   156.000000000000        395625.061537114     
   157.000000000000        389269.072704132     
   158.000000000000        383041.941259419     
   159.000000000000        376960.049710250     
   160.000000000000        371039.134440038     
   161.000000000000        365294.280208740     
   162.000000000000        359739.916698450     
   163.000000000000        354389.816713745     
   164.000000000000        349257.095686877     
   165.000000000000        344354.212176292     
   166.000000000000        339692.969081973     
   167.000000000000        335284.515331926     
   168.000000000000        331139.347820241     
   169.000000000000        327267.313398444     
   170.000000000000        323677.610738535     
   171.000000000000        320378.791898575     
   172.000000000000        317378.763430720     
   173.000000000000        314684.786877902     
   174.000000000000        312303.478510072     
   175.000000000000        310240.808154811     
   176.000000000000        308502.096981458     
   177.000000000000        307092.014103409     
   178.000000000000        306014.571870981     
   179.000000000000        305273.119737902     
   180.000000000000        304870.336598680     
   181.000000000000        304808.221512452     
   182.000000000000        305088.082751504     
   183.000000000000        305710.525139950     
   184.000000000000        306675.435679712     
   185.000000000000        307981.967497140     
   186.000000000000        309628.522183700     
   187.000000000000        311612.730648038     
   188.000000000000        313931.432643510     
   189.000000000000        316580.655184539     
   190.000000000000        319555.590116013     
   191.000000000000        322850.571151580     
   192.000000000000        326459.050748229     
   193.000000000000        330373.577235025     
   194.000000000000        334585.772662287     
   195.000000000000        339086.311882863     
   196.000000000000        343864.903418435     
   197.000000000000        348910.272699919     
   198.000000000000        354210.148301067     
   199.000000000000        359751.251807163     
   200.000000000000        365519.291975404     
   201.000000000000        371498.963849138     
   202.000000000000        377673.953483657     
   203.000000000000        384026.948926013     
   204.000000000000        390539.658064481     
   205.000000000000        397192.833924238     
   206.000000000000        403966.307934158     
   207.000000000000        410839.031624866     
   208.000000000000        417789.127140344     
   209.000000000000        424793.946854478     
   210.000000000000        431830.142280346     
   211.000000000000        438873.742344355     
   212.000000000000        445900.240970640     
   213.000000000000        452884.693784496     
   214.000000000000        459801.823598983     
   215.000000000000        466626.134197890     
   216.000000000000        473332.031773665     
   217.000000000000        479893.953223185     
   218.000000000000        486286.500350561     
   219.000000000000        492484.578877696     
   220.000000000000        498463.541023689     
   221.000000000000        504199.330286967     
   222.000000000000        509668.626952820     
   223.000000000000        514848.992757589     
   224.000000000000        519719.013072306     
   225.000000000000        524258.434926264     
   226.000000000000        528448.299177493     
   227.000000000000        532271.065154312     
   228.000000000000        535710.726141564     
   229.000000000000        538752.914167311     
   230.000000000000        541384.992660334     
   231.000000000000        543596.135694770     
   232.000000000000        545377.392713172     
   233.000000000000        546721.737820518     
   234.000000000000        547624.102965020     
   235.000000000000        548081.394562477     
   236.000000000000        548092.493373949     
   237.000000000000        547658.237705902     
   238.000000000000        546781.390261422     
   239.000000000000        545466.589224437     
   240.000000000000        543720.284399714     
   241.000000000000        541550.659453962     
   242.000000000000        538967.541502081     
   243.000000000000        535982.299452786     
   244.000000000000        532607.732665575     
   245.000000000000        528857.951573434     
   246.000000000000        524748.251990922     
   247.000000000000        520294.984854692     
   248.000000000000        515515.423133624     
   249.000000000000        510427.627600031     
   250.000000000000        505050.313074675     
   251.000000000000        499402.716649905     
   252.000000000000        493504.469261680     
   253.000000000000        487375.471827242     
   254.000000000000        481035.776996276     
   255.000000000000        474505.477384756     
   256.000000000000        467804.600978163     
   257.000000000000        460953.014209267     
   258.000000000000        453970.333040316     
   259.000000000000        446875.842214571     
   260.000000000000        439688.422691224     
   261.000000000000        432426.487143895     
   262.000000000000        425107.923288174     
   263.000000000000        417750.044709330     
   264.000000000000        410369.548787865     
   265.000000000000        402982.481267745     
   266.000000000000        395604.206978942     
   267.000000000000        388249.386210811     
   268.000000000000        380931.956233792     
   269.000000000000        373665.117481604     
   270.000000000000        366461.323931898     
   271.000000000000        359332.277257574     
   272.000000000000        352288.924361019     
   273.000000000000        345341.457946758     
   274.000000000000        338499.319832270     
   275.000000000000        331771.206739784     
   276.000000000000        325165.078352181     
   277.000000000000        318688.167452254     
   278.000000000000        312346.991995597     
   279.000000000000        306147.368992674     
   280.000000000000        300094.430094941     
   281.000000000000        294192.638793262     
   282.000000000000        288445.809144653     
   283.000000000000        282857.125946112     
   284.000000000000        277429.166272646     
   285.000000000000        272163.922291467     
   286.000000000000        267062.825256485     
   287.000000000000        262126.770577664     
   288.000000000000        257356.143849327     
   289.000000000000        252750.847710936     
   290.000000000000        248310.329403956     
   291.000000000000        244033.608879718     
   292.000000000000        239919.307306209     
   293.000000000000        235965.675816913     
   294.000000000000        232170.624342220     
   295.000000000000        228531.750363898     
   296.000000000000        225046.367435464     
   297.000000000000        221711.533316099     
   298.000000000000        218524.077572712     
   299.000000000000        215480.628513750     
   300.000000000000        212577.639329043     
   301.000000000000        209811.413322107     
   302.000000000000        207178.128134472     
   303.000000000000        204673.858875590     
   304.000000000000        202294.600086242     
   305.000000000000        200036.286477873     
   306.000000000000        197894.812404636     
   307.000000000000        195866.050038912     
   308.000000000000        193945.866234387     
   309.000000000000        192130.138073335     
   310.000000000000        190414.767106371     
   311.000000000000        188795.692303500     
   312.000000000000        187268.901744744     
   313.000000000000        185830.443086917     
   314.000000000000        184476.432850243     
   315.000000000000        183203.064574475     
   316.000000000000        182006.615898983     
   317.000000000000        180883.454625066     
   318.000000000000        179830.043821457     
   319.000000000000        178842.946035802     
   320.000000000000        177918.826675852     
   321.000000000000        177054.456624265     
   322.000000000000        176246.714150448     
   323.000000000000        175492.586181736     
   324.000000000000        174789.168994654     
   325.000000000000        174133.668384965     
   326.000000000000        173523.399372860     
   327.000000000000        172955.785497029     
   328.000000000000        172428.357748518     
   329.000000000000        171938.753192313     
   330.000000000000        171484.713321555     
   331.000000000000        171064.082186198     
   332.000000000000        170674.804334839     
   333.000000000000        170314.922605409     
   334.000000000000        169982.575797470     
   335.000000000000        169675.996255948     
   336.000000000000        169393.507393416     
   337.000000000000        169133.521175399     
   338.000000000000        168894.535590668     
   339.000000000000        168675.132126212     
   340.000000000000        168473.973264320     
   341.000000000000        168289.800017255     
   342.000000000000        168121.429513090     
   343.000000000000        167967.752644567     
   344.000000000000        167827.731791308     
   345.000000000000        167700.398624246     
   346.000000000000        167584.851999908     
   347.000000000000        167480.255951005     
   348.000000000000        167385.837778791     
   349.000000000000        167300.886251733     
   350.000000000000        167224.749914262     
   351.000000000000        167156.835508674     
   352.000000000000        167096.606512665     
   353.000000000000        167043.581794480     
   354.000000000000        166997.334387215     
   355.000000000000        166957.490383484     
   356.000000000000        166923.727951355     
   357.000000000000        166895.776472212     
   358.000000000000        166873.415801068     
   359.000000000000        166856.475649662     
   360.000000000000        166844.835092615     
