 Water normalized-cartesian-coordinates
  0.774880000000000       0.000000000000000E+000 -0.532851076034806     
  0.000000000000000E+000  0.000000000000000E+000  6.714892396519352E-002
 -0.774880000000000       0.000000000000000E+000 -0.532851076034806     
 
 Ammonia normalized-cartesian-coordinates
  6.084395840627588E-008 -1.747451783057005E-007  0.112750458014159     
   1.75945891516621      -0.359965264392324      -0.522198428776812     
 -0.567990430327433        1.70372174436204      -0.522197512932352     
  -1.19146933022604       -1.34375405199900      -0.522198414855500     
 
 Water atom-atom bond distances (Ang)
#atom_1_2   0.518604199784E+00
#atom_1_3   0.820097674008E+00
#atom_2_3   0.518604199784E+00
 
 Ammonia atom-atom bond distances (Ang)
#atom_1_2   0.100800000000E+01
#atom_1_3   0.100800140109E+01
#atom_1_4   0.100800047908E+01
#atom_2_3   0.164605796514E+01
#atom_2_4   0.164605740052E+01
#atom_3_4   0.164605882783E+01
 Initialization of PES Done.
  0.000000000000000E+000   301897654.181422     
   1.00000000000000        301811151.884735     
   2.00000000000000        301715823.655923     
   3.00000000000000        301611052.085874     
   4.00000000000000        301496413.828629     
   5.00000000000000        301371672.925330     
   6.00000000000000        301236775.588111     
   7.00000000000000        301091846.382345     
   8.00000000000000        300937185.757871     
   9.00000000000000        300773268.891768     
   10.0000000000000        300600745.817013     
   11.0000000000000        300420442.822991     
   12.0000000000000        300233365.125313     
   13.0000000000000        300040700.813975     
   14.0000000000000        299843826.100429     
   15.0000000000000        299644311.895926     
   16.0000000000000        299443931.765528     
   17.0000000000000        299244671.314566     
   18.0000000000000        299048739.077315     
   19.0000000000000        298858578.991236     
   20.0000000000000        298676884.554579     
   21.0000000000000        298506614.780634     
   22.0000000000000        298351012.078605     
   23.0000000000000        298213622.209272     
   24.0000000000000        298098316.483582     
   25.0000000000000        298009316.394336     
   26.0000000000000        297951220.895709     
   27.0000000000000        297929036.572712     
   28.0000000000000        297948210.973642     
   29.0000000000000        298014669.413382     
   30.0000000000000        298134855.595024     
   31.0000000000000        298315776.442376     
   32.0000000000000        298565051.587394     
   33.0000000000000        298890968.015601     
   34.0000000000000        299302540.440267     
   35.0000000000000        299809578.053959     
   36.0000000000000        300422758.395629     
   37.0000000000000        301153709.174537     
   38.0000000000000        302015099.011061     
   39.0000000000000        303020738.191092     
   40.0000000000000        304185690.687920     
   41.0000000000000        305526398.886151     
   42.0000000000000        307060822.649312     
   43.0000000000000        308808594.609965     
   44.0000000000000        310791193.831997     
   45.0000000000000        313032140.303231     
   46.0000000000000        315557213.066750     
   47.0000000000000        318394695.195610     
   48.0000000000000        321575649.262195     
   49.0000000000000        325134227.454527     
   50.0000000000000        329108021.051374     
   51.0000000000000        333538454.589330     
   52.0000000000000        338471230.741051     
   53.0000000000000        343956832.676106     
   54.0000000000000        350051091.494780     
   55.0000000000000        356815827.209040     
   56.0000000000000        364319572.689662     
   57.0000000000000        372638390.997241     
   58.0000000000000        381856797.556487     
   59.0000000000000        392068799.702304     
   60.0000000000000        403379067.201420     
   61.0000000000000        415904248.406586     
   62.0000000000000        429774447.695405     
   63.0000000000000        445134880.736469     
   64.0000000000000        462147724.854353     
   65.0000000000000        480994182.261131     
   66.0000000000000        501876774.098935     
   67.0000000000000        525021882.991237     
   68.0000000000000        550682561.004841     
   69.0000000000000        579141618.431554     
   70.0000000000000        610715006.433565     
   71.0000000000000        645755503.156138     
   72.0000000000000        684656708.160491     
   73.0000000000000        727857343.700705     
   74.0000000000000        775845853.159394     
   75.0000000000000        829165276.532835     
   76.0000000000000        888418369.852766     
   77.0000000000000        954272919.461310     
   78.0000000000000        1027467182.71733     
   79.0000000000000        1108815363.61149     
   80.0000000000000        1199213004.53550     
   81.0000000000000        1299642143.78275     
   82.0000000000000        1411176052.04962     
   83.0000000000000        1534983320.21717     
   84.0000000000000        1672331025.20573     
   85.0000000000000        1824586651.20492     
   86.0000000000000        1993218390.98634     
   87.0000000000000        2179793397.71689     
   88.0000000000000        2385973503.73737     
   89.0000000000000        2613507871.92529     
   90.0000000000000        2864222001.13040     
   91.0000000000000        3140002474.28484     
   92.0000000000000        3442776821.63234     
   93.0000000000000        3774487878.50732     
   94.0000000000000        4137062054.45334     
   95.0000000000000        4532371006.01087     
   96.0000000000000        4962186327.23349     
   97.0000000000000        5428127047.56965     
   98.0000000000000        5931599962.75047     
   99.0000000000000        6473733125.32786     
   100.000000000000        7055303189.00016     
   101.000000000000        7676657732.05279     
   102.000000000000        8337634171.82492     
   103.000000000000        9037477409.14535     
   104.000000000000        9774758886.69275     
   105.000000000000        10547300277.8193     
   106.000000000000        11352105504.4030     
   107.000000000000        12185305169.0321     
   108.000000000000        13042117729.0527     
   109.000000000000        13916831787.2802     
   110.000000000000        14802813679.1346     
   111.000000000000        15692544059.5707     
   112.000000000000        16577686410.4727     
   113.000000000000        17449189294.9437     
   114.000000000000        18297422798.6319     
   115.000000000000        19112347967.4444     
   116.000000000000        19883716252.3506     
   117.000000000000        20601294109.2004     
   118.000000000000        21255106099.9866     
   119.000000000000        21835688240.0957     
   120.000000000000        22334342073.3660     
   121.000000000000        22743379160.4995     
   122.000000000000        23056345437.5816     
   123.000000000000        23268215302.2764     
   124.000000000000        23375546329.2369     
   125.000000000000        23376587163.3686     
   126.000000000000        23271333296.6779     
   127.000000000000        23061527961.8054     
   128.000000000000        22750608098.5812     
   129.000000000000        22343598076.0021     
   130.000000000000        21846956387.6248     
   131.000000000000        21268382708.2989     
   132.000000000000        20616594363.5268     
   133.000000000000        19901082324.9547     
   134.000000000000        19131857264.9746     
   135.000000000000        18319195992.2387     
   136.000000000000        17473397808.9303     
   137.000000000000        16604559080.0106     
   138.000000000000        15722372711.1645     
   139.000000000000        14835957435.2530     
   140.000000000000        13953719945.3555     
   141.000000000000        13083251111.9565     
   142.000000000000        12231255887.0062     
   143.000000000000        11403515105.9980     
   144.000000000000        10604876299.2877     
   145.000000000000        9839269835.89719     
   146.000000000000        9109746242.41116     
   147.000000000000        8418530341.75001     
   148.000000000000        7767087902.75584     
   149.000000000000        7156200734.31224     
   150.000000000000        6586046546.47082     
   151.000000000000        6056280386.19868     
   152.000000000000        5566114991.65038     
   153.000000000000        5114397957.60482     
   154.000000000000        4699684134.84964     
   155.000000000000        4320302174.76404     
   156.000000000000        3974414561.63189     
   157.000000000000        3660070840.53782     
   158.000000000000        3375254044.93251     
   159.000000000000        3117920556.43373     
   160.000000000000        2886033794.77023     
   161.000000000000        2677592244.82314     
   162.000000000000        2490652388.62132     
   163.000000000000        2323347131.62291     
   164.000000000000        2173900303.36456     
   165.000000000000        2040637780.84691     
   166.000000000000        1921995736.36535     
   167.000000000000        1816526456.47190     
   168.000000000000        1722902120.89242     
   169.000000000000        1639916873.94246     
   170.000000000000        1566487469.59757     
   171.000000000000        1501652727.11822     
   172.000000000000        1444571998.24780     
   173.000000000000        1394522819.83960     
   174.000000000000        1350897906.90326     
   175.000000000000        1313201629.45549     
   176.000000000000        1281046110.72477     
   177.000000000000        1254147082.42771     
   178.000000000000        1232319633.12830     
   179.000000000000        1215473986.27750     
   180.000000000000        1203611443.75330     
   181.000000000000        1196820627.19902     
   182.000000000000        1195274142.14926     
   183.000000000000        1199225778.15859     
   184.000000000000        1209008341.57941     
   185.000000000000        1225032196.25173     
   186.000000000000        1247784561.38768     
   187.000000000000        1277829585.73863     
   188.000000000000        1315809183.18390     
   189.000000000000        1362444577.64260     
   190.000000000000        1418538465.09752     
   191.000000000000        1484977657.85890     
   192.000000000000        1562736031.21698     
   193.000000000000        1652877545.49606     
   194.000000000000        1756559067.36951     
   195.000000000000        1875032663.32808     
   196.000000000000        2009646985.78220     
   197.000000000000        2161847319.08840     
   198.000000000000        2333173799.91633     
   199.000000000000        2525257275.49634     
   200.000000000000        2739812216.80970     
   201.000000000000        2978626064.95928     
   202.000000000000        3243544361.99502     
   203.000000000000        3536451007.57213     
   204.000000000000        3859242996.17777     
   205.000000000000        4213799033.32584     
   206.000000000000        4601941510.76525     
   207.000000000000        5025391448.28455     
   208.000000000000        5485716190.71754     
   209.000000000000        5984269889.77163     
   210.000000000000        6522127105.83552     
   211.000000000000        7100010236.38406     
   212.000000000000        7718211912.10784     
   213.000000000000        8376513991.02181     
   214.000000000000        9074105309.46434     
   215.000000000000        9809500894.44936     
   216.000000000000        10580465873.6954     
   217.000000000000        11383947799.5448     
   218.000000000000        12216021486.0484     
   219.000000000000        13071850695.4622     
   220.000000000000        13945671050.8972     
   221.000000000000        14830798348.7133     
   222.000000000000        15719665958.7834     
   223.000000000000        16603894208.5087     
   224.000000000000        17474393542.8951     
   225.000000000000        18321501858.3862     
   226.000000000000        19135154770.8795     
   227.000000000000        19905085775.9279     
   228.000000000000        20621051395.9920     
   229.000000000000        21273074611.7030     
   230.000000000000        21851698279.9392     
   231.000000000000        22348238990.5319     
   232.000000000000        22755031032.2759     
   233.000000000000        23065649927.7308     
   234.000000000000        23275105415.8349     
   235.000000000000        23379994823.6930     
   236.000000000000        23378609432.3774     
   237.000000000000        23270988611.6200     
   238.000000000000        23058919033.9157     
   239.000000000000        22745879004.6253     
   240.000000000000        22336930667.8336     
   241.000000000000        21838565374.9637     
   242.000000000000        21258509660.0645     
   243.000000000000        20605500912.5768     
   244.000000000000        19889042882.1395     
   245.000000000000        19119151550.6254     
   246.000000000000        18306101677.6852     
   247.000000000000        17460183529.8071     
   248.000000000000        16591478040.3691     
   249.000000000000        15709657046.6904     
   250.000000000000        14823813449.3420     
   251.000000000000        13942324277.3135     
   252.000000000000        13072747845.5544     
   253.000000000000        12221754562.6957     
   254.000000000000        11395089563.1012     
   255.000000000000        10597564246.3868     
   256.000000000000        9833073028.65005     
   257.000000000000        9104631137.64899     
   258.000000000000        8414429093.98070     
   259.000000000000        7763899572.82005     
   260.000000000000        7153792588.42789     
   261.000000000000        6584255335.76725     
   262.000000000000        6054913510.65917     
   263.000000000000        5564951466.90282     
   264.000000000000        5113189117.17211     
   265.000000000000        4698154013.48455     
   266.000000000000        4318147529.74987     
   267.000000000000        3971304498.04917     
   268.000000000000        3655646013.26827     
   269.000000000000        3369125414.53138     
   270.000000000000        3109667677.99105     
   271.000000000000        2875202618.62070     
   272.000000000000        2663692405.61638     
   273.000000000000        2473153955.01788     
   274.000000000000        2301676782.92660     
   275.000000000000        2147436891.92382     
   276.000000000000        2008707230.21876     
   277.000000000000        1883865215.17796     
   278.000000000000        1771397756.76188     
   279.000000000000        1669904157.52068     
   280.000000000000        1578097208.57940     
   281.000000000000        1494802748.76770     
   282.000000000000        1418957908.95057     
   283.000000000000        1349608226.93924     
   284.000000000000        1285903790.46017     
   285.000000000000        1227094546.14207     
   286.000000000000        1172524900.34972     
   287.000000000000        1121627731.52151     
   288.000000000000        1073917931.76967     
   289.000000000000        1028985596.10555     
   290.000000000000        986488979.053174     
   291.000000000000        946147339.114250     
   292.000000000000        907733790.350065     
   293.000000000000        871068276.425178     
   294.000000000000        836010775.381899     
   295.000000000000        802454833.134966     
   296.000000000000        770321510.482630     
   297.000000000000        739553812.886173     
   298.000000000000        710111655.124776     
   299.000000000000        681967395.037688     
   300.000000000000        655101952.786113     
   301.000000000000        629501515.209041     
   302.000000000000        605154809.598742     
   303.000000000000        582050918.113187     
   304.000000000000        560177593.427430     
   305.000000000000        539520028.276617     
   306.000000000000        520060026.265694     
   307.000000000000        501775518.576477     
   308.000000000000        484640370.741223     
   309.000000000000        468624425.143014     
   310.000000000000        453693727.972347     
   311.000000000000        439810893.626296     
   312.000000000000        426935564.602225     
   313.000000000000        415024930.463839     
   314.000000000000        404034275.138915     
   315.000000000000        393917527.393370     
   316.000000000000        384627794.618387     
   317.000000000000        376117864.923018     
   318.000000000000        368340666.850855     
   319.000000000000        361249679.785895     
   320.000000000000        354799291.266107     
   321.000000000000        348945099.998025     
   322.000000000000        343644165.397867     
   323.000000000000        338855206.024291     
   324.000000000000        334538750.373501     
   325.000000000000        330657244.241359     
   326.000000000000        327175119.281489     
   327.000000000000        324058827.562256     
   328.000000000000        321276846.903561     
   329.000000000000        318799661.604834     
   330.000000000000        316599722.900526     
   331.000000000000        314651393.134060     
   332.000000000000        312930877.254494     
   333.000000000000        311416144.835288     
   334.000000000000        310086845.409145     
   335.000000000000        308924219.520439     
   336.000000000000        307911007.526296     
   337.000000000000        307031357.835327     
   338.000000000000        306270735.962890     
   339.000000000000        305615835.505047     
   340.000000000000        305054491.890225     
   341.000000000000        304575599.556899     
   342.000000000000        304169033.025559     
   343.000000000000        303825572.181350     
   344.000000000000        303536831.957709     
   345.000000000000        303295196.508038     
   346.000000000000        303093757.869461     
   347.000000000000        302926259.057264     
   348.000000000000        302787041.478317     
   349.000000000000        302670996.514260     
   350.000000000000        302573521.098635     
   351.000000000000        302490477.094372     
   352.000000000000        302418154.267763     
   353.000000000000        302353236.650654     
   354.000000000000        302292772.082994     
   355.000000000000        302234144.732007     
   356.000000000000        302175050.391287     
   357.000000000000        302113474.372289     
   358.000000000000        302047671.811483     
   359.000000000000        301976150.228272     
   360.000000000000        301897654.181422     
