 Water normalized-cartesian-coordinates
  0.774880000000000       0.000000000000000E+000 -0.532851076034806     
  0.000000000000000E+000  0.000000000000000E+000  6.714892396519352E-002
 -0.774880000000000       0.000000000000000E+000 -0.532851076034806     
 
 Ammonia normalized-cartesian-coordinates
  6.084395840627588E-008 -1.747451783057005E-007  0.112750458014159     
   1.75945891516621      -0.359965264392324      -0.522198428776812     
 -0.567990430327433        1.70372174436204      -0.522197512932352     
  -1.19146933022604       -1.34375405199900      -0.522198414855500     
 
 Water atom-atom bond distances (Ang)
#atom_1_2   0.518604199784E+00
#atom_1_3   0.820097674008E+00
#atom_2_3   0.518604199784E+00
 
 Ammonia atom-atom bond distances (Ang)
#atom_1_2   0.100800000000E+01
#atom_1_3   0.100800140109E+01
#atom_1_4   0.100800047908E+01
#atom_2_3   0.164605796514E+01
#atom_2_4   0.164605740052E+01
#atom_3_4   0.164605882783E+01
 Initialization of PES Done.
  0.000000000000000E+000  -302.620928003318     
   1.00000000000000       -302.629506414580     
   2.00000000000000       -302.655138822095     
   3.00000000000000       -302.697802041272     
   4.00000000000000       -302.757456108930     
   5.00000000000000       -302.834044219475     
   6.00000000000000       -302.927492635387     
   7.00000000000000       -303.037710572491     
   8.00000000000000       -303.164590060595     
   9.00000000000000       -303.308005780235     
   10.0000000000000       -303.467814876439     
   11.0000000000000       -303.643856750542     
   12.0000000000000       -303.835952831277     
   13.0000000000000       -304.043906326510     
   14.0000000000000       -304.267501957190     
   15.0000000000000       -304.506505675211     
   16.0000000000000       -304.760664367142     
   17.0000000000000       -305.029705545903     
   18.0000000000000       -305.313337032708     
   19.0000000000000       -305.611246631800     
   20.0000000000000       -305.923101800694     
   21.0000000000000       -306.248549318895     
   22.0000000000000       -306.587214958277     
   23.0000000000000       -306.938703158538     
   24.0000000000000       -307.302596711396     
   25.0000000000000       -307.678456457446     
   26.0000000000000       -308.065820999835     
   27.0000000000000       -308.464206439189     
   28.0000000000000       -308.873106134460     
   29.0000000000000       -309.291990494649     
   30.0000000000000       -309.720306806593     
   31.0000000000000       -310.157479104289     
   32.0000000000000       -310.602908085446     
   33.0000000000000       -311.055971081236     
   34.0000000000000       -311.516022085411     
   35.0000000000000       -311.982391849210     
   36.0000000000000       -312.454388048653     
   37.0000000000000       -312.931295531019     
   38.0000000000000       -313.412376647458     
   39.0000000000000       -313.896871678820     
   40.0000000000000       -314.383999361880     
   41.0000000000000       -314.872957523190     
   42.0000000000000       -315.362923827824     
   43.0000000000000       -315.853056650234     
   44.0000000000000       -316.342496074360     
   45.0000000000000       -316.830365029986     
   46.0000000000000       -317.315770572147     
   47.0000000000000       -317.797805310090     
   48.0000000000000       -318.275548991951     
   49.0000000000000       -318.748070250889     
   50.0000000000000       -319.214428517880     
   51.0000000000000       -319.673676105773     
   52.0000000000000       -320.124860468501     
   53.0000000000000       -320.567026638546     
   54.0000000000000       -320.999219844819     
   55.0000000000000       -321.420488312134     
   56.0000000000000       -321.829886242300     
   57.0000000000000       -322.226476975639     
   58.0000000000000       -322.609336330385     
   59.0000000000000       -322.977556115970     
   60.0000000000000       -323.330247814624     
   61.0000000000000       -323.666546424095     
   62.0000000000000       -323.985614452490     
   63.0000000000000       -324.286646054422     
   64.0000000000000       -324.568871295710     
   65.0000000000000       -324.831560531887     
   66.0000000000000       -325.074028883710     
   67.0000000000000       -325.295640790803     
   68.0000000000000       -325.495814622412     
   69.0000000000000       -325.674027322172     
   70.0000000000000       -325.829819061663     
   71.0000000000000       -325.962797875491     
   72.0000000000000       -326.072644248636     
   73.0000000000000       -326.159115624911     
   74.0000000000000       -326.222050803615     
   75.0000000000000       -326.261374189823     
   76.0000000000000       -326.277099862349     
   77.0000000000000       -326.269335422157     
   78.0000000000000       -326.238285583042     
   79.0000000000000       -326.184255465697     
   80.0000000000000       -326.107653555868     
   81.0000000000000       -326.008994287249     
   82.0000000000000       -325.888900210070     
   83.0000000000000       -325.748103707007     
   84.0000000000000       -325.587448219133     
   85.0000000000000       -325.407888946176     
   86.0000000000000       -325.210492987260     
   87.0000000000000       -324.996438890781     
   88.0000000000000       -324.767015584861     
   89.0000000000000       -324.523620663207     
   90.0000000000000       -324.267758004918     
   91.0000000000000       -324.001034710987     
   92.0000000000000       -323.725157344860     
   93.0000000000000       -323.441927469388     
   94.0000000000000       -323.153236477830     
   95.0000000000000       -322.861059722238     
   96.0000000000000       -322.567449948407     
   97.0000000000000       -322.274530052725     
   98.0000000000000       -321.984485182460     
   99.0000000000000       -321.699554207379     
   100.000000000000       -321.422020596923     
   101.000000000000       -321.154202743403     
   102.000000000000       -320.898443777861     
   103.000000000000       -320.657100931097     
   104.000000000000       -320.432534498015     
   105.000000000000       -320.227096468652     
   106.000000000000       -320.043118894038     
   107.000000000000       -319.882902059310     
   108.000000000000       -319.748702540148     
   109.000000000000       -319.642721221627     
   110.000000000000       -319.567091360868     
   111.000000000000       -319.523866776412     
   112.000000000000       -319.515010248002     
   113.000000000000       -319.542382210354     
   114.000000000000       -319.607729823605     
   115.000000000000       -319.712676501326     
   116.000000000000       -319.858711974407     
   117.000000000000       -320.047182965664     
   118.000000000000       -320.279284545786     
   119.000000000000       -320.556052236259     
   120.000000000000       -320.878354919194     
   121.000000000000       -321.246888607661     
   122.000000000000       -321.662171123205     
   123.000000000000       -322.124537719814     
   124.000000000000       -322.634137685809     
   125.000000000000       -323.190931946980     
   126.000000000000       -323.794691685952     
   127.000000000000       -324.444997984292     
   128.000000000000       -325.141242485410     
   129.000000000000       -325.882629067852     
   130.000000000000       -326.668176510424     
   131.000000000000       -327.496722122607     
   132.000000000000       -328.366926306152     
   133.000000000000       -329.277278006638     
   134.000000000000       -330.226101007168     
   135.000000000000       -331.211561010414     
   136.000000000000       -332.231673449856     
   137.000000000000       -333.284311966475     
   138.000000000000       -334.367217483284     
   139.000000000000       -335.478007806971     
   140.000000000000       -336.614187683665     
   141.000000000000       -337.773159234335     
   142.000000000000       -338.952232694648     
   143.000000000000       -340.148637384210     
   144.000000000000       -341.359532830976     
   145.000000000000       -342.582019978218     
   146.000000000000       -343.813152403704     
   147.000000000000       -345.049947483667     
   148.000000000000       -346.289397437638     
   149.000000000000       -347.528480194246     
   150.000000000000       -348.764170022539     
   151.000000000000       -349.993447878270     
   152.000000000000       -351.213311419728     
   153.000000000000       -352.420784653119     
   154.000000000000       -353.612927173070     
   155.000000000000       -354.786842969483     
   156.000000000000       -355.939688777642     
   157.000000000000       -357.068681954115     
   158.000000000000       -358.171107866481     
   159.000000000000       -359.244326790240     
   160.000000000000       -360.285780311371     
   161.000000000000       -361.292997237753     
   162.000000000000       -362.263599027153     
   163.000000000000       -363.195304743523     
   164.000000000000       -364.085935557013     
   165.000000000000       -364.933418806283     
   166.000000000000       -365.735791644429     
   167.000000000000       -366.491204292077     
   168.000000000000       -367.197922922899     
   169.000000000000       -367.854332208043     
   170.000000000000       -368.458937546696     
   171.000000000000       -369.010367010154     
   172.000000000000       -369.507373026586     
   173.000000000000       -369.948833832837     
   174.000000000000       -370.333754718511     
   175.000000000000       -370.661269085899     
   176.000000000000       -370.930639347361     
   177.000000000000       -371.141257679396     
   178.000000000000       -371.292646649990     
   179.000000000000       -371.384459732888     
   180.000000000000       -371.416481719290     
   181.000000000000       -371.388629034133     
   182.000000000000       -371.300949960670     
   183.000000000000       -371.153624773521     
   184.000000000000       -370.946965776809     
   185.000000000000       -370.681417240483     
   186.000000000000       -370.357555224476     
   187.000000000000       -369.976087277045     
   188.000000000000       -369.537851990513     
   189.000000000000       -369.043818394772     
   190.000000000000       -368.495085166288     
   191.000000000000       -367.892879628111     
   192.000000000000       -367.238556514486     
   193.000000000000       -366.533596472223     
   194.000000000000       -365.779604269925     
   195.000000000000       -364.978306685684     
   196.000000000000       -364.131550043786     
   197.000000000000       -363.241297371490     
   198.000000000000       -362.309625147991     
   199.000000000000       -361.338719619235     
   200.000000000000       -360.330872654447     
   201.000000000000       -359.288477122856     
   202.000000000000       -358.214021772362     
   203.000000000000       -357.110085595572     
   204.000000000000       -355.979331672848     
   205.000000000000       -354.824500486620     
   206.000000000000       -353.648402706264     
   207.000000000000       -352.453911448192     
   208.000000000000       -351.243954021481     
   209.000000000000       -350.021503175190     
   210.000000000000       -348.789567869601     
   211.000000000000       -347.551183599629     
   212.000000000000       -346.309402304807     
   213.000000000000       -345.067281906200     
   214.000000000000       -343.827875516437     
   215.000000000000       -342.594220374643     
   216.000000000000       -341.369326563259     
   217.000000000000       -340.156165568565     
   218.000000000000       -338.957658751048     
   219.000000000000       -337.776665795481     
   220.000000000000       -336.615973213735     
   221.000000000000       -335.478282975715     
   222.000000000000       -334.366201345545     
   223.000000000000       -333.282228000950     
   224.000000000000       -332.228745513917     
   225.000000000000       -331.208009269892     
   226.000000000000       -330.222137901193     
   227.000000000000       -329.273104307833     
   228.000000000000       -328.362727335660     
   229.000000000000       -327.492664177639     
   230.000000000000       -326.664403559219     
   231.000000000000       -325.879259763163     
   232.000000000000       -325.138367543011     
   233.000000000000       -324.442677967482     
   234.000000000000       -323.792955230852     
   235.000000000000       -323.189774456575     
   236.000000000000       -322.633520513334     
   237.000000000000       -322.124387854437     
   238.000000000000       -321.662381382992     
   239.000000000000       -321.247318336853     
   240.000000000000       -320.878831178906     
   241.000000000000       -320.556371470023     
   242.000000000000       -320.279214694041     
   243.000000000000       -320.046465996475     
   244.000000000000       -319.857066791516     
   245.000000000000       -319.709802185144     
   246.000000000000       -319.603309156148     
   247.000000000000       -319.536085431358     
   248.000000000000       -319.506498986680     
   249.000000000000       -319.512798101496     
   250.000000000000       -319.553121890777     
   251.000000000000       -319.625511236777     
   252.000000000000       -319.727920040573     
   253.000000000000       -319.858226712800     
   254.000000000000       -320.014245822923     
   255.000000000000       -320.193739827026     
   256.000000000000       -320.394430795562     
   257.000000000000       -320.614012064605     
   258.000000000000       -320.850159736922     
   259.000000000000       -321.100543962535     
   260.000000000000       -321.362839932367     
   261.000000000000       -321.634738522903     
   262.000000000000       -321.913956534641     
   263.000000000000       -322.198246472173     
   264.000000000000       -322.485405819216     
   265.000000000000       -322.773285767462     
   266.000000000000       -323.059799363907     
   267.000000000000       -323.342929047134     
   268.000000000000       -323.620733548847     
   269.000000000000       -323.891354142750     
   270.000000000000       -324.153020228513     
   271.000000000000       -324.404054244100     
   272.000000000000       -324.642875905007     
   273.000000000000       -324.868005774019     
   274.000000000000       -325.078068169843     
   275.000000000000       -325.271793427412     
   276.000000000000       -325.448019526729     
   277.000000000000       -325.605693110854     
   278.000000000000       -325.743869916942     
   279.000000000000       -325.861714647217     
   280.000000000000       -325.958500309265     
   281.000000000000       -326.033607057200     
   282.000000000000       -326.086520566991     
   283.000000000000       -326.116829980610     
   284.000000000000       -326.124225454633     
   285.000000000000       -326.108495349569     
   286.000000000000       -326.069523096490     
   287.000000000000       -326.007283777479     
   288.000000000000       -325.921840456130     
   289.000000000000       -325.813340293689     
   290.000000000000       -325.682010485635     
   291.000000000000       -325.528154052385     
   292.000000000000       -325.352145516595     
   293.000000000000       -325.154426498060     
   294.000000000000       -324.935501255679     
   295.000000000000       -324.695932204255     
   296.000000000000       -324.436335432108     
   297.000000000000       -324.157376243663     
   298.000000000000       -323.859764749239     
   299.000000000000       -323.544251522388     
   300.000000000000       -323.211623343180     
   301.000000000000       -322.862699043908     
   302.000000000000       -322.498325471836     
   303.000000000000       -322.119373581714     
   304.000000000000       -321.726734669028     
   305.000000000000       -321.321316753204     
   306.000000000000       -320.904041118348     
   307.000000000000       -320.475839017485     
   308.000000000000       -320.037648544843     
   309.000000000000       -319.590411679260     
   310.000000000000       -319.135071500542     
   311.000000000000       -318.672569579370     
   312.000000000000       -318.203843540276     
   313.000000000000       -317.729824796168     
   314.000000000000       -317.251436452009     
   315.000000000000       -316.769591374421     
   316.000000000000       -316.285190423280     
   317.000000000000       -315.799120840718     
   318.000000000000       -315.312254792429     
   319.000000000000       -314.825448055698     
   320.000000000000       -314.339538848187     
   321.000000000000       -313.855346791209     
   322.000000000000       -313.373672000971     
   323.000000000000       -312.895294301098     
   324.000000000000       -312.420972549598     
   325.000000000000       -311.951444073407     
   326.000000000000       -311.487424203583     
   327.000000000000       -311.029605904270     
   328.000000000000       -310.578659488620     
   329.000000000000       -310.135232414920     
   330.000000000000       -309.699949156342     
   331.000000000000       -309.273411137863     
   332.000000000000       -308.856196734067     
   333.000000000000       -308.448861321766     
   334.000000000000       -308.051937381558     
   335.000000000000       -307.665934642659     
   336.000000000000       -307.291340265617     
   337.000000000000       -306.928619057696     
   338.000000000000       -306.578213716003     
   339.000000000000       -306.240545093669     
   340.000000000000       -305.916012484623     
   341.000000000000       -305.604993922761     
   342.000000000000       -305.307846491551     
   343.000000000000       -305.024906640360     
   344.000000000000       -304.756490504004     
   345.000000000000       -304.502894222279     
   346.000000000000       -304.264394256450     
   347.000000000000       -304.041247699869     
   348.000000000000       -303.833692580149     
   349.000000000000       -303.641948150481     
   350.000000000000       -303.466215167916     
   351.000000000000       -303.306676156597     
   352.000000000000       -303.163495654146     
   353.000000000000       -303.036820439539     
   354.000000000000       -302.926779741030     
   355.000000000000       -302.833485422811     
   356.000000000000       -302.757032149275     
   357.000000000000       -302.697497525901     
   358.000000000000       -302.654942215933     
   359.000000000000       -302.629410032166     
   360.000000000000       -302.620928003318     
