 Water normalized-cartesian-coordinates
  0.774880000000000       0.000000000000000E+000 -0.532851076034806     
  0.000000000000000E+000  0.000000000000000E+000  6.714892396519352E-002
 -0.774880000000000       0.000000000000000E+000 -0.532851076034806     
 
 Ammonia normalized-cartesian-coordinates
  6.084395840627588E-008 -1.747451783057005E-007  0.112750458014159     
   1.75945891516621      -0.359965264392324      -0.522198428776812     
 -0.567990430327433        1.70372174436204      -0.522197512932352     
  -1.19146933022604       -1.34375405199900      -0.522198414855500     
 
 Water atom-atom bond distances (Ang)
#atom_1_2   0.518604199784E+00
#atom_1_3   0.820097674008E+00
#atom_2_3   0.518604199784E+00
 
 Ammonia atom-atom bond distances (Ang)
#atom_1_2   0.100800000000E+01
#atom_1_3   0.100800140109E+01
#atom_1_4   0.100800047908E+01
#atom_2_3   0.164605796514E+01
#atom_2_4   0.164605740052E+01
#atom_3_4   0.164605882783E+01
 Initialization of PES Done.
  0.000000000000000E+000   1203611443.75330     
   1.00000000000000        1211516849.07096     
   2.00000000000000        1219043739.53149     
   3.00000000000000        1226105162.96828     
   4.00000000000000        1232618782.03379     
   5.00000000000000        1238507994.90547     
   6.00000000000000        1243703006.18094     
   7.00000000000000        1248141825.83899     
   8.00000000000000        1251771174.70356     
   9.00000000000000        1254547276.14558     
   10.0000000000000        1256436515.77461     
   11.0000000000000        1257415953.55604     
   12.0000000000000        1257473676.05521     
   13.0000000000000        1256608980.24249     
   14.0000000000000        1254832384.35600     
   15.0000000000000        1252165465.55478     
   16.0000000000000        1248640528.34294     
   17.0000000000000        1244300111.83746     
   18.0000000000000        1239196347.73501     
   19.0000000000000        1233390184.16321     
   20.0000000000000        1226950493.36416     
   21.0000000000000        1219953083.26175     
   22.0000000000000        1212479634.35371     
   23.0000000000000        1204616584.02187     
   24.0000000000000        1196453980.28009     
   25.0000000000000        1188084326.22242     
   26.0000000000000        1179601435.06539     
   27.0000000000000        1171099313.79069     
   28.0000000000000        1162671091.10051     
   29.0000000000000        1154408002.81760     
   30.0000000000000        1146398445.12289     
   31.0000000000000        1138727103.24738     
   32.0000000000000        1131474160.54020     
   33.0000000000000        1124714590.32361     
   34.0000000000000        1118517530.70720     
   35.0000000000000        1112945740.63788     
   36.0000000000000        1108055133.95825     
   37.0000000000000        1103894387.16479     
   38.0000000000000        1100504615.90664     
   39.0000000000000        1097919115.03893     
   40.0000000000000        1096163157.21248     
   41.0000000000000        1095253845.50530     
   42.0000000000000        1095200016.42415     
   43.0000000000000        1096002190.66387     
   44.0000000000000        1097652570.23374     
   45.0000000000000        1100135081.86804     
   46.0000000000000        1103425467.95044     
   47.0000000000000        1107491427.41881     
   48.0000000000000        1112292810.20068     
   49.0000000000000        1117781869.58602     
   50.0000000000000        1123903577.50779     
   51.0000000000000        1130596007.91629     
   52.0000000000000        1137790793.25694     
   53.0000000000000        1145413658.46512     
   54.0000000000000        1153385035.86364     
   55.0000000000000        1161620762.89679     
   56.0000000000000        1170032862.78532     
   57.0000000000000        1178530405.98816     
   58.0000000000000        1187020447.87533     
   59.0000000000000        1195409035.33883     
   60.0000000000000        1203602272.29691     
   61.0000000000000        1211507431.29610     
   62.0000000000000        1219034095.80918     
   63.0000000000000        1226095315.48991     
   64.0000000000000        1232608754.70140     
   65.0000000000000        1238497813.19546     
   66.0000000000000        1243692696.98253     
   67.0000000000000        1248131417.26980     
   68.0000000000000        1251760695.90500     
   69.0000000000000        1254536757.06137     
   70.0000000000000        1256425986.91628     
   71.0000000000000        1257405445.75959     
   72.0000000000000        1257463220.23340     
   73.0000000000000        1256598607.13731     
   74.0000000000000        1254822124.29592     
   75.0000000000000        1252155348.22130     
   76.0000000000000        1248630582.55050     
   77.0000000000000        1244290365.33074     
   78.0000000000000        1239186827.00675     
   79.0000000000000        1233380914.29549     
   80.0000000000000        1226941497.89521     
   81.0000000000000        1219944384.07975     
   82.0000000000000        1212471251.61840     
   83.0000000000000        1204608536.11401     
   84.0000000000000        1196446283.77814     
   85.0000000000000        1188076995.90536     
   86.0000000000000        1179594483.93976     
   87.0000000000000        1171092753.13967     
   88.0000000000000        1162664930.55230     
   89.0000000000000        1154402250.43031     
   90.0000000000000        1146393107.48249     
   91.0000000000000        1138722185.57560     
   92.0000000000000        1131469666.80895     
   93.0000000000000        1124710523.37257     
   94.0000000000000        1118513892.36151     
   95.0000000000000        1112942531.82274     
   96.0000000000000        1108052354.80795     
   97.0000000000000        1103892037.12332     
   98.0000000000000        1100502693.81811     
   99.0000000000000        1097917619.22570     
   100.000000000000        1096162085.53974     
   101.000000000000        1095253195.43097     
   102.000000000000        1095199785.03350     
   103.000000000000        1096002374.68851     
   104.000000000000        1097653166.05516     
   105.000000000000        1100136085.50613     
   106.000000000000        1103426875.03790     
   107.000000000000        1107493233.16255     
   108.000000000000        1112295009.33181     
   109.000000000000        1117784456.30019     
   110.000000000000        1123906545.39799     
   111.000000000000        1130599349.90033     
   112.000000000000        1137794501.50224     
   113.000000000000        1145417724.31333     
   114.000000000000        1153389449.75789     
   115.000000000000        1161625514.31426     
   116.000000000000        1170037940.17788     
   117.000000000000        1178535796.73376     
   118.000000000000        1187026138.24247     
   119.000000000000        1195415010.46643     
   120.000000000000        1203608516.19137     
   121.000000000000        1211513926.84729     
   122.000000000000        1219040824.82619     
   123.000000000000        1226102258.75741     
   124.000000000000        1232615892.05663     
   125.000000000000        1238505123.62544     
   126.000000000000        1243700158.74062     
   127.000000000000        1248139008.01001     
   128.000000000000        1251768392.83217     
   129.000000000000        1254544537.09482     
   130.000000000000        1256433826.86400     
   131.000000000000        1257413322.50002     
   132.000000000000        1257471110.90129     
   133.000000000000        1256606489.31034     
   134.000000000000        1254829976.17849     
   135.000000000000        1252163148.82209     
   136.000000000000        1248638311.85063     
   137.000000000000        1244298004.43938     
   138.000000000000        1239194358.30169     
   139.000000000000        1233388321.54639     
   140.000000000000        1226948766.36768     
   141.000000000000        1219951500.61901     
   142.000000000000        1212478204.71171     
   143.000000000000        1204615315.93161     
   144.000000000000        1196452882.19276     
   145.000000000000        1188083406.49103     
   146.000000000000        1179600701.95086     
   147.000000000000        1171098775.47154     
   148.000000000000        1162670755.68517     
   149.000000000000        1154407878.35817     
   150.000000000000        1146398539.62900     
   151.000000000000        1138727424.69908     
   152.000000000000        1131474716.89843     
   153.000000000000        1124715389.53698     
   154.000000000000        1118518580.71386     
   155.000000000000        1112947049.36116     
   156.000000000000        1108056709.29515     
   157.000000000000        1103896236.96600     
   158.000000000000        1100506747.94750     
   159.000000000000        1097921536.98039     
   160.000000000000        1096165876.55167     
   161.000000000000        1095256869.51519     
   162.000000000000        1095203352.08245     
   163.000000000000        1096005844.57105     
   164.000000000000        1097656548.52075     
   165.000000000000        1100139390.09437     
   166.000000000000        1103430110.99346     
   167.000000000000        1107496409.35576     
   168.000000000000        1112298134.18482     
   169.000000000000        1117787537.71884     
   170.000000000000        1123909590.70946     
   171.000000000000        1130602365.79669     
   172.000000000000        1137797493.98992     
   173.000000000000        1145420698.66883     
   174.000000000000        1153392410.48972     
   175.000000000000        1161628465.13150     
   176.000000000000        1170040883.96541     
   177.000000000000        1178538735.53448     
   178.000000000000        1187029073.24665     
   179.000000000000        1195417942.00834     
   180.000000000000        1203611443.75330     
   181.000000000000        1211516849.07096     
   182.000000000000        1219043739.53149     
   183.000000000000        1226105162.96828     
   184.000000000000        1232618782.03379     
   185.000000000000        1238507994.90547     
   186.000000000000        1243703006.18094     
   187.000000000000        1248141825.83899     
   188.000000000000        1251771174.70355     
   189.000000000000        1254547276.14558     
   190.000000000000        1256436515.77461     
   191.000000000000        1257415953.55604     
   192.000000000000        1257473676.05521     
   193.000000000000        1256608980.24249     
   194.000000000000        1254832384.35600     
   195.000000000000        1252165465.55478     
   196.000000000000        1248640528.34294     
   197.000000000000        1244300111.83746     
   198.000000000000        1239196347.73501     
   199.000000000000        1233390184.16321     
   200.000000000000        1226950493.36416     
   201.000000000000        1219953083.26175     
   202.000000000000        1212479634.35371     
   203.000000000000        1204616584.02187     
   204.000000000000        1196453980.28009     
   205.000000000000        1188084326.22242     
   206.000000000000        1179601435.06539     
   207.000000000000        1171099313.79069     
   208.000000000000        1162671091.10051     
   209.000000000000        1154408002.81760     
   210.000000000000        1146398445.12289     
   211.000000000000        1138727103.24738     
   212.000000000000        1131474160.54020     
   213.000000000000        1124714590.32361     
   214.000000000000        1118517530.70721     
   215.000000000000        1112945740.63787     
   216.000000000000        1108055133.95825     
   217.000000000000        1103894387.16479     
   218.000000000000        1100504615.90664     
   219.000000000000        1097919115.03893     
   220.000000000000        1096163157.21248     
   221.000000000000        1095253845.50530     
   222.000000000000        1095200016.42415     
   223.000000000000        1096002190.66387     
   224.000000000000        1097652570.23374     
   225.000000000000        1100135081.86804     
   226.000000000000        1103425467.95044     
   227.000000000000        1107491427.41881     
   228.000000000000        1112292810.20068     
   229.000000000000        1117781869.58602     
   230.000000000000        1123903577.50779     
   231.000000000000        1130596007.91629     
   232.000000000000        1137790793.25694     
   233.000000000000        1145413658.46512     
   234.000000000000        1153385035.86364     
   235.000000000000        1161620762.89679     
   236.000000000000        1170032862.78532     
   237.000000000000        1178530405.98816     
   238.000000000000        1187020447.87533     
   239.000000000000        1195409035.33884     
   240.000000000000        1203602272.29691     
   241.000000000000        1211507431.29610     
   242.000000000000        1219034095.80918     
   243.000000000000        1226095315.48991     
   244.000000000000        1232608754.70140     
   245.000000000000        1238497813.19546     
   246.000000000000        1243692696.98253     
   247.000000000000        1248131417.26980     
   248.000000000000        1251760695.90500     
   249.000000000000        1254536757.06137     
   250.000000000000        1256425986.91628     
   251.000000000000        1257405445.75959     
   252.000000000000        1257463220.23340     
   253.000000000000        1256598607.13731     
   254.000000000000        1254822124.29592     
   255.000000000000        1252155348.22130     
   256.000000000000        1248630582.55050     
   257.000000000000        1244290365.33074     
   258.000000000000        1239186827.00675     
   259.000000000000        1233380914.29549     
   260.000000000000        1226941497.89521     
   261.000000000000        1219944384.07975     
   262.000000000000        1212471251.61840     
   263.000000000000        1204608536.11401     
   264.000000000000        1196446283.77814     
   265.000000000000        1188076995.90536     
   266.000000000000        1179594483.93976     
   267.000000000000        1171092753.13967     
   268.000000000000        1162664930.55230     
   269.000000000000        1154402250.43031     
   270.000000000000        1146393107.48249     
   271.000000000000        1138722185.57560     
   272.000000000000        1131469666.80895     
   273.000000000000        1124710523.37257     
   274.000000000000        1118513892.36151     
   275.000000000000        1112942531.82274     
   276.000000000000        1108052354.80795     
   277.000000000000        1103892037.12332     
   278.000000000000        1100502693.81812     
   279.000000000000        1097917619.22570     
   280.000000000000        1096162085.53974     
   281.000000000000        1095253195.43097     
   282.000000000000        1095199785.03350     
   283.000000000000        1096002374.68851     
   284.000000000000        1097653166.05516     
   285.000000000000        1100136085.50613     
   286.000000000000        1103426875.03790     
   287.000000000000        1107493233.16255     
   288.000000000000        1112295009.33181     
   289.000000000000        1117784456.30019     
   290.000000000000        1123906545.39799     
   291.000000000000        1130599349.90033     
   292.000000000000        1137794501.50224     
   293.000000000000        1145417724.31333     
   294.000000000000        1153389449.75789     
   295.000000000000        1161625514.31426     
   296.000000000000        1170037940.17788     
   297.000000000000        1178535796.73376     
   298.000000000000        1187026138.24247     
   299.000000000000        1195415010.46642     
   300.000000000000        1203608516.19137     
   301.000000000000        1211513926.84729     
   302.000000000000        1219040824.82619     
   303.000000000000        1226102258.75741     
   304.000000000000        1232615892.05663     
   305.000000000000        1238505123.62544     
   306.000000000000        1243700158.74062     
   307.000000000000        1248139008.01001     
   308.000000000000        1251768392.83217     
   309.000000000000        1254544537.09482     
   310.000000000000        1256433826.86400     
   311.000000000000        1257413322.50002     
   312.000000000000        1257471110.90129     
   313.000000000000        1256606489.31034     
   314.000000000000        1254829976.17849     
   315.000000000000        1252163148.82209     
   316.000000000000        1248638311.85063     
   317.000000000000        1244298004.43938     
   318.000000000000        1239194358.30169     
   319.000000000000        1233388321.54640     
   320.000000000000        1226948766.36768     
   321.000000000000        1219951500.61901     
   322.000000000000        1212478204.71171     
   323.000000000000        1204615315.93161     
   324.000000000000        1196452882.19276     
   325.000000000000        1188083406.49103     
   326.000000000000        1179600701.95086     
   327.000000000000        1171098775.47154     
   328.000000000000        1162670755.68517     
   329.000000000000        1154407878.35817     
   330.000000000000        1146398539.62900     
   331.000000000000        1138727424.69908     
   332.000000000000        1131474716.89843     
   333.000000000000        1124715389.53698     
   334.000000000000        1118518580.71386     
   335.000000000000        1112947049.36116     
   336.000000000000        1108056709.29515     
   337.000000000000        1103896236.96600     
   338.000000000000        1100506747.94750     
   339.000000000000        1097921536.98039     
   340.000000000000        1096165876.55167     
   341.000000000000        1095256869.51519     
   342.000000000000        1095203352.08245     
   343.000000000000        1096005844.57105     
   344.000000000000        1097656548.52075     
   345.000000000000        1100139390.09437     
   346.000000000000        1103430110.99347     
   347.000000000000        1107496409.35576     
   348.000000000000        1112298134.18482     
   349.000000000000        1117787537.71884     
   350.000000000000        1123909590.70946     
   351.000000000000        1130602365.79669     
   352.000000000000        1137797493.98993     
   353.000000000000        1145420698.66883     
   354.000000000000        1153392410.48972     
   355.000000000000        1161628465.13150     
   356.000000000000        1170040883.96541     
   357.000000000000        1178538735.53448     
   358.000000000000        1187029073.24665     
   359.000000000000        1195417942.00834     
   360.000000000000        1203611443.75330     
