 Water normalized-cartesian-coordinates
  0.774880000000000       0.000000000000000E+000 -0.532851076034806     
  0.000000000000000E+000  0.000000000000000E+000  6.714892396519352E-002
 -0.774880000000000       0.000000000000000E+000 -0.532851076034806     
 
 Ammonia normalized-cartesian-coordinates
  6.084395840627588E-008 -1.747451783057005E-007  0.112750458014159     
   1.75945891516621      -0.359965264392324      -0.522198428776812     
 -0.567990430327433        1.70372174436204      -0.522197512932352     
  -1.19146933022604       -1.34375405199900      -0.522198414855500     
 
 Water atom-atom bond distances (Ang)
#atom_1_2   0.518604199784E+00
#atom_1_3   0.820097674008E+00
#atom_2_3   0.518604199784E+00
 
 Ammonia atom-atom bond distances (Ang)
#atom_1_2   0.100800000000E+01
#atom_1_3   0.100800140109E+01
#atom_1_4   0.100800047908E+01
#atom_2_3   0.164605796514E+01
#atom_2_4   0.164605740052E+01
#atom_3_4   0.164605882783E+01
 Initialization of PES Done.
  0.000000000000000E+000  -302.620928003318     
   1.00000000000000       -302.620928191879     
   2.00000000000000       -302.620928385921     
   3.00000000000000       -302.620928583329     
   4.00000000000000       -302.620928781955     
   5.00000000000000       -302.620928979639     
   6.00000000000000       -302.620929174236     
   7.00000000000000       -302.620929363635     
   8.00000000000000       -302.620929545787     
   9.00000000000000       -302.620929718723     
   10.0000000000000       -302.620929880579     
   11.0000000000000       -302.620930029614     
   12.0000000000000       -302.620930164230     
   13.0000000000000       -302.620930282989     
   14.0000000000000       -302.620930384630     
   15.0000000000000       -302.620930468081     
   16.0000000000000       -302.620930532473     
   17.0000000000000       -302.620930577146     
   18.0000000000000       -302.620930601660     
   19.0000000000000       -302.620930605796     
   20.0000000000000       -302.620930589563     
   21.0000000000000       -302.620930553193     
   22.0000000000000       -302.620930497141     
   23.0000000000000       -302.620930422080     
   24.0000000000000       -302.620930328892     
   25.0000000000000       -302.620930218661     
   26.0000000000000       -302.620930092657     
   27.0000000000000       -302.620929952326     
   28.0000000000000       -302.620929799273     
   29.0000000000000       -302.620929635242     
   30.0000000000000       -302.620929462099     
   31.0000000000000       -302.620929281812     
   32.0000000000000       -302.620929096428     
   33.0000000000000       -302.620928908051     
   34.0000000000000       -302.620928718817     
   35.0000000000000       -302.620928530875     
   36.0000000000000       -302.620928346358     
   37.0000000000000       -302.620928167365     
   38.0000000000000       -302.620927995933     
   39.0000000000000       -302.620927834016     
   40.0000000000000       -302.620927683467     
   41.0000000000000       -302.620927546012     
   42.0000000000000       -302.620927423235     
   43.0000000000000       -302.620927316559     
   44.0000000000000       -302.620927227230     
   45.0000000000000       -302.620927156307     
   46.0000000000000       -302.620927104642     
   47.0000000000000       -302.620927072880     
   48.0000000000000       -302.620927061446     
   49.0000000000000       -302.620927070541     
   50.0000000000000       -302.620927100142     
   51.0000000000000       -302.620927150000     
   52.0000000000000       -302.620927219644     
   53.0000000000000       -302.620927308384     
   54.0000000000000       -302.620927415322     
   55.0000000000000       -302.620927539356     
   56.0000000000000       -302.620927679200     
   57.0000000000000       -302.620927833392     
   58.0000000000000       -302.620928000309     
   59.0000000000000       -302.620928178191     
   60.0000000000000       -302.620928365153     
   61.0000000000000       -302.620928559213     
   62.0000000000000       -302.620928758307     
   63.0000000000000       -302.620928960313     
   64.0000000000000       -302.620929163079     
   65.0000000000000       -302.620929364440     
   66.0000000000000       -302.620929562245     
   67.0000000000000       -302.620929754381     
   68.0000000000000       -302.620929938794     
   69.0000000000000       -302.620930113514     
   70.0000000000000       -302.620930276674     
   71.0000000000000       -302.620930426531     
   72.0000000000000       -302.620930561487     
   73.0000000000000       -302.620930680103     
   74.0000000000000       -302.620930781118     
   75.0000000000000       -302.620930863463     
   76.0000000000000       -302.620930926267     
   77.0000000000000       -302.620930968874     
   78.0000000000000       -302.620930990846     
   79.0000000000000       -302.620930991968     
   80.0000000000000       -302.620930972251     
   81.0000000000000       -302.620930931932     
   82.0000000000000       -302.620930871472     
   83.0000000000000       -302.620930791547     
   84.0000000000000       -302.620930693047     
   85.0000000000000       -302.620930577061     
   86.0000000000000       -302.620930444867     
   87.0000000000000       -302.620930297918     
   88.0000000000000       -302.620930137826     
   89.0000000000000       -302.620929966346     
   90.0000000000000       -302.620929785351     
   91.0000000000000       -302.620929596820     
   92.0000000000000       -302.620929402808     
   93.0000000000000       -302.620929205430     
   94.0000000000000       -302.620929006835     
   95.0000000000000       -302.620928809180     
   96.0000000000000       -302.620928614613     
   97.0000000000000       -302.620928425243     
   98.0000000000000       -302.620928243120     
   99.0000000000000       -302.620928070211     
   100.000000000000       -302.620927908383     
   101.000000000000       -302.620927759374     
   102.000000000000       -302.620927624784     
   103.000000000000       -302.620927506049     
   104.000000000000       -302.620927404431     
   105.000000000000       -302.620927321001     
   106.000000000000       -302.620927256629     
   107.000000000000       -302.620927211974     
   108.000000000000       -302.620927187477     
   109.000000000000       -302.620927183355     
   110.000000000000       -302.620927199600     
   111.000000000000       -302.620927235981     
   112.000000000000       -302.620927292042     
   113.000000000000       -302.620927367110     
   114.000000000000       -302.620927460303     
   115.000000000000       -302.620927570537     
   116.000000000000       -302.620927696541     
   117.000000000000       -302.620927836870     
   118.000000000000       -302.620927989920     
   119.000000000000       -302.620928153946     
   120.000000000000       -302.620928327081     
   121.000000000000       -302.620928507358     
   122.000000000000       -302.620928692730     
   123.000000000000       -302.620928881094     
   124.000000000000       -302.620929070312     
   125.000000000000       -302.620929258237     
   126.000000000000       -302.620929442735     
   127.000000000000       -302.620929621708     
   128.000000000000       -302.620929793118     
   129.000000000000       -302.620929955011     
   130.000000000000       -302.620930105536     
   131.000000000000       -302.620930242965     
   132.000000000000       -302.620930365716     
   133.000000000000       -302.620930472364     
   134.000000000000       -302.620930561664     
   135.000000000000       -302.620930632559     
   136.000000000000       -302.620930684194     
   137.000000000000       -302.620930715926     
   138.000000000000       -302.620930727330     
   139.000000000000       -302.620930718205     
   140.000000000000       -302.620930688574     
   141.000000000000       -302.620930638686     
   142.000000000000       -302.620930569013     
   143.000000000000       -302.620930480244     
   144.000000000000       -302.620930373278     
   145.000000000000       -302.620930249217     
   146.000000000000       -302.620930109346     
   147.000000000000       -302.620929955130     
   148.000000000000       -302.620929788188     
   149.000000000000       -302.620929610284     
   150.000000000000       -302.620929423300     
   151.000000000000       -302.620929229220     
   152.000000000000       -302.620929030108     
   153.000000000000       -302.620928828086     
   154.000000000000       -302.620928625305     
   155.000000000000       -302.620928423932     
   156.000000000000       -302.620928226116     
   157.000000000000       -302.620928033971     
   158.000000000000       -302.620927849550     
   159.000000000000       -302.620927674826     
   160.000000000000       -302.620927511663     
   161.000000000000       -302.620927361806     
   162.000000000000       -302.620927226852     
   163.000000000000       -302.620927108239     
   164.000000000000       -302.620927007229     
   165.000000000000       -302.620926924893     
   166.000000000000       -302.620926862098     
   167.000000000000       -302.620926819503     
   168.000000000000       -302.620926797544     
   169.000000000000       -302.620926796438     
   170.000000000000       -302.620926816172     
   171.000000000000       -302.620926856509     
   172.000000000000       -302.620926916991     
   173.000000000000       -302.620926996937     
   174.000000000000       -302.620927095461     
   175.000000000000       -302.620927211471     
   176.000000000000       -302.620927343691     
   177.000000000000       -302.620927490667     
   178.000000000000       -302.620927650786     
   179.000000000000       -302.620927822295     
   180.000000000000       -302.620928003318     
   181.000000000000       -302.620928191879     
   182.000000000000       -302.620928385921     
   183.000000000000       -302.620928583329     
   184.000000000000       -302.620928781954     
   185.000000000000       -302.620928979639     
   186.000000000000       -302.620929174236     
   187.000000000000       -302.620929363635     
   188.000000000000       -302.620929545787     
   189.000000000000       -302.620929718723     
   190.000000000000       -302.620929880579     
   191.000000000000       -302.620930029614     
   192.000000000000       -302.620930164230     
   193.000000000000       -302.620930282989     
   194.000000000000       -302.620930384630     
   195.000000000000       -302.620930468081     
   196.000000000000       -302.620930532473     
   197.000000000000       -302.620930577146     
   198.000000000000       -302.620930601660     
   199.000000000000       -302.620930605796     
   200.000000000000       -302.620930589563     
   201.000000000000       -302.620930553193     
   202.000000000000       -302.620930497141     
   203.000000000000       -302.620930422080     
   204.000000000000       -302.620930328892     
   205.000000000000       -302.620930218661     
   206.000000000000       -302.620930092657     
   207.000000000000       -302.620929952326     
   208.000000000000       -302.620929799273     
   209.000000000000       -302.620929635242     
   210.000000000000       -302.620929462099     
   211.000000000000       -302.620929281812     
   212.000000000000       -302.620929096428     
   213.000000000000       -302.620928908051     
   214.000000000000       -302.620928718817     
   215.000000000000       -302.620928530875     
   216.000000000000       -302.620928346358     
   217.000000000000       -302.620928167365     
   218.000000000000       -302.620927995933     
   219.000000000000       -302.620927834016     
   220.000000000000       -302.620927683467     
   221.000000000000       -302.620927546012     
   222.000000000000       -302.620927423235     
   223.000000000000       -302.620927316559     
   224.000000000000       -302.620927227231     
   225.000000000000       -302.620927156307     
   226.000000000000       -302.620927104642     
   227.000000000000       -302.620927072880     
   228.000000000000       -302.620927061446     
   229.000000000000       -302.620927070541     
   230.000000000000       -302.620927100142     
   231.000000000000       -302.620927150000     
   232.000000000000       -302.620927219644     
   233.000000000000       -302.620927308384     
   234.000000000000       -302.620927415321     
   235.000000000000       -302.620927539356     
   236.000000000000       -302.620927679201     
   237.000000000000       -302.620927833392     
   238.000000000000       -302.620928000309     
   239.000000000000       -302.620928178191     
   240.000000000000       -302.620928365153     
   241.000000000000       -302.620928559213     
   242.000000000000       -302.620928758307     
   243.000000000000       -302.620928960313     
   244.000000000000       -302.620929163079     
   245.000000000000       -302.620929364440     
   246.000000000000       -302.620929562245     
   247.000000000000       -302.620929754381     
   248.000000000000       -302.620929938794     
   249.000000000000       -302.620930113514     
   250.000000000000       -302.620930276674     
   251.000000000000       -302.620930426531     
   252.000000000000       -302.620930561487     
   253.000000000000       -302.620930680103     
   254.000000000000       -302.620930781118     
   255.000000000000       -302.620930863463     
   256.000000000000       -302.620930926267     
   257.000000000000       -302.620930968874     
   258.000000000000       -302.620930990846     
   259.000000000000       -302.620930991968     
   260.000000000000       -302.620930972251     
   261.000000000000       -302.620930931932     
   262.000000000000       -302.620930871472     
   263.000000000000       -302.620930791547     
   264.000000000000       -302.620930693047     
   265.000000000000       -302.620930577061     
   266.000000000000       -302.620930444867     
   267.000000000000       -302.620930297918     
   268.000000000000       -302.620930137826     
   269.000000000000       -302.620929966346     
   270.000000000000       -302.620929785351     
   271.000000000000       -302.620929596820     
   272.000000000000       -302.620929402808     
   273.000000000000       -302.620929205430     
   274.000000000000       -302.620929006835     
   275.000000000000       -302.620928809180     
   276.000000000000       -302.620928614613     
   277.000000000000       -302.620928425243     
   278.000000000000       -302.620928243120     
   279.000000000000       -302.620928070211     
   280.000000000000       -302.620927908383     
   281.000000000000       -302.620927759374     
   282.000000000000       -302.620927624784     
   283.000000000000       -302.620927506049     
   284.000000000000       -302.620927404431     
   285.000000000000       -302.620927321001     
   286.000000000000       -302.620927256629     
   287.000000000000       -302.620927211974     
   288.000000000000       -302.620927187477     
   289.000000000000       -302.620927183355     
   290.000000000000       -302.620927199600     
   291.000000000000       -302.620927235981     
   292.000000000000       -302.620927292042     
   293.000000000000       -302.620927367110     
   294.000000000000       -302.620927460303     
   295.000000000000       -302.620927570537     
   296.000000000000       -302.620927696541     
   297.000000000000       -302.620927836871     
   298.000000000000       -302.620927989920     
   299.000000000000       -302.620928153946     
   300.000000000000       -302.620928327081     
   301.000000000000       -302.620928507358     
   302.000000000000       -302.620928692730     
   303.000000000000       -302.620928881094     
   304.000000000000       -302.620929070312     
   305.000000000000       -302.620929258237     
   306.000000000000       -302.620929442735     
   307.000000000000       -302.620929621708     
   308.000000000000       -302.620929793118     
   309.000000000000       -302.620929955011     
   310.000000000000       -302.620930105536     
   311.000000000000       -302.620930242965     
   312.000000000000       -302.620930365716     
   313.000000000000       -302.620930472364     
   314.000000000000       -302.620930561664     
   315.000000000000       -302.620930632559     
   316.000000000000       -302.620930684194     
   317.000000000000       -302.620930715926     
   318.000000000000       -302.620930727330     
   319.000000000000       -302.620930718205     
   320.000000000000       -302.620930688574     
   321.000000000000       -302.620930638686     
   322.000000000000       -302.620930569013     
   323.000000000000       -302.620930480244     
   324.000000000000       -302.620930373278     
   325.000000000000       -302.620930249216     
   326.000000000000       -302.620930109346     
   327.000000000000       -302.620929955130     
   328.000000000000       -302.620929788188     
   329.000000000000       -302.620929610284     
   330.000000000000       -302.620929423300     
   331.000000000000       -302.620929229220     
   332.000000000000       -302.620929030108     
   333.000000000000       -302.620928828086     
   334.000000000000       -302.620928625305     
   335.000000000000       -302.620928423932     
   336.000000000000       -302.620928226116     
   337.000000000000       -302.620928033971     
   338.000000000000       -302.620927849550     
   339.000000000000       -302.620927674826     
   340.000000000000       -302.620927511663     
   341.000000000000       -302.620927361806     
   342.000000000000       -302.620927226852     
   343.000000000000       -302.620927108239     
   344.000000000000       -302.620927007229     
   345.000000000000       -302.620926924893     
   346.000000000000       -302.620926862098     
   347.000000000000       -302.620926819503     
   348.000000000000       -302.620926797544     
   349.000000000000       -302.620926796438     
   350.000000000000       -302.620926816172     
   351.000000000000       -302.620926856509     
   352.000000000000       -302.620926916990     
   353.000000000000       -302.620926996937     
   354.000000000000       -302.620927095461     
   355.000000000000       -302.620927211471     
   356.000000000000       -302.620927343691     
   357.000000000000       -302.620927490667     
   358.000000000000       -302.620927650786     
   359.000000000000       -302.620927822295     
   360.000000000000       -302.620928003318     
