 FOR ENERGY=           1
 MAXIMUM PROBABILITY ERROR
 B_IMP   5.49128765843380     
 L_ORB   47.0000000000000     
 R_FIN   30.0033720616486     
 PHI_FIN   2.03070589674335     
 PROBAB_SURV  0.706800301892196     
 ERROR_ENERG   123.083933652176     
 ERROR_PROBAB  1.558695706490587E-002
 STATE           1
 #NTRAJECT           3
 #NPROC           0
 
 MAXIMUM ENERGY ERROR
 B_IMP   1.09679611050489     
 L_ORB   9.00000000000000     
 R_FIN   30.0011377153199     
 PHI_FIN  0.358142533538436     
 PROBAB_SURV  0.921367731009541     
 ERROR_ENERG   173.473155875056     
 ERROR_PROBAB  1.046179472220521E-002
 STATE           1
 #NTRAJECT           1
 #NPROC           0
 -------------------------
