STATE= 1
j12= 0
m12= 0
ENERGY#1, U(i)= 500.000 cm^-1
J_TOTAL  CHANNEL=     1  CHANNEL=     2  CHANNEL=     3  CHANNEL=     4  CHANNEL=     5  CHANNEL=     6  CHANNEL=     7  CHANNEL=     8  CHANNEL=     9  
    0    0.10834140E-01  0.34756056E-03  0.13007938E-05  0.51782847E-03  0.21710132E-04  0.45718228E-05  0.15378921E-04  0.49097814E-05  0.10127121E-04 
    1    0.32502419E-01  0.10426817E-02  0.39023813E-05  0.15534854E-02  0.65130396E-04  0.13715468E-04  0.46136764E-04  0.14729344E-04  0.30381362E-04 
    2    0.54170698E-01  0.17378028E-02  0.65039688E-05  0.25891423E-02  0.10855066E-03  0.22859114E-04  0.76894607E-04  0.24548907E-04  0.50635603E-04 
    3    0.75838978E-01  0.24329239E-02  0.91055563E-05  0.36247993E-02  0.15197092E-03  0.32002759E-04  0.10765245E-03  0.34368470E-04  0.70889845E-04 
    4    0.97507257E-01  0.31280450E-02  0.11707144E-04  0.46604562E-02  0.19539119E-03  0.41146405E-04  0.13841029E-03  0.44188032E-04  0.91144086E-04 
    5    0.11917554E+00  0.38231662E-02  0.14308731E-04  0.56961132E-02  0.23881145E-03  0.50290050E-04  0.16916814E-03  0.54007595E-04  0.11139833E-03 
    6    0.14084382E+00  0.45182873E-02  0.16910319E-04  0.67317701E-02  0.28223172E-03  0.59433696E-04  0.19992598E-03  0.63827158E-04  0.13165257E-03 
    7    0.16251210E+00  0.52134084E-02  0.19511906E-04  0.77674270E-02  0.32565198E-03  0.68577342E-04  0.23068382E-03  0.73646721E-04  0.15190681E-03 
    8    0.18418037E+00  0.59085295E-02  0.22113494E-04  0.88030840E-02  0.36907225E-03  0.77720987E-04  0.26144166E-03  0.83466283E-04  0.17216105E-03 
    9    0.20584865E+00  0.66036506E-02  0.24715081E-04  0.98387409E-02  0.41249251E-03  0.86864633E-04  0.29219951E-03  0.93285846E-04  0.19241529E-03 
   10    0.22751693E+00  0.72987718E-02  0.27316669E-04  0.10874398E-01  0.45591277E-03  0.96008278E-04  0.32295735E-03  0.10310541E-03  0.21266953E-03 
   11    0.24918521E+00  0.79938929E-02  0.29918256E-04  0.11910055E-01  0.49933304E-03  0.10515192E-03  0.35371519E-03  0.11292497E-03  0.23292378E-03 
   12    0.27085349E+00  0.86890140E-02  0.32519844E-04  0.12945712E-01  0.54275330E-03  0.11429557E-03  0.38447303E-03  0.12274453E-03  0.25317802E-03 
   13    0.29252177E+00  0.93841351E-02  0.35121431E-04  0.13981369E-01  0.58617357E-03  0.12343921E-03  0.41523088E-03  0.13256410E-03  0.27343226E-03 
   14    0.31419005E+00  0.10079256E-01  0.37723019E-04  0.15017026E-01  0.62959383E-03  0.13258286E-03  0.44598872E-03  0.14238366E-03  0.29368650E-03 
   15    0.33585833E+00  0.10774377E-01  0.40324606E-04  0.16052683E-01  0.67301410E-03  0.14172651E-03  0.47674656E-03  0.15220322E-03  0.31394074E-03 
   16    0.35752661E+00  0.11469498E-01  0.42926194E-04  0.17088339E-01  0.71643436E-03  0.15087015E-03  0.50750441E-03  0.16202279E-03  0.33419498E-03 
   17    0.37919489E+00  0.12164620E-01  0.45527781E-04  0.18123996E-01  0.75985462E-03  0.16001380E-03  0.53826225E-03  0.17184235E-03  0.35444922E-03 
   18    0.40086317E+00  0.12859741E-01  0.48129369E-04  0.19159653E-01  0.80327489E-03  0.16915744E-03  0.56902009E-03  0.18166191E-03  0.37470347E-03 
   19    0.37908099E+00  0.36792810E-01  0.26792561E-03  0.39938266E-01  0.91372207E-03  0.17206468E-03  0.70398038E-03  0.29360065E-03  0.37257569E-03 
   20    0.39852104E+00  0.38679620E-01  0.28166538E-03  0.41986382E-01  0.96057962E-03  0.18088851E-03  0.74008194E-03  0.30865709E-03  0.39168214E-03 
   21    0.41796109E+00  0.40566431E-01  0.29540516E-03  0.44034498E-01  0.10074372E-02  0.18971234E-03  0.77618350E-03  0.32371353E-03  0.41078858E-03 
   22    0.43740114E+00  0.42453242E-01  0.30914493E-03  0.46082615E-01  0.10542947E-02  0.19853617E-03  0.81228506E-03  0.33876998E-03  0.42989503E-03 
   23    0.45684119E+00  0.44340053E-01  0.32288470E-03  0.48130731E-01  0.11011522E-02  0.20736000E-03  0.84838662E-03  0.35382642E-03  0.44900147E-03 
   24    0.47628124E+00  0.46226863E-01  0.33662448E-03  0.50178847E-01  0.11480098E-02  0.21618383E-03  0.88448817E-03  0.36888286E-03  0.46810792E-03 
   25    0.49572129E+00  0.48113674E-01  0.35036425E-03  0.52226963E-01  0.11948673E-02  0.22500766E-03  0.92058973E-03  0.38393931E-03  0.48721437E-03 
   26    0.51516134E+00  0.50000485E-01  0.36410403E-03  0.54275080E-01  0.12417249E-02  0.23383149E-03  0.95669129E-03  0.39899575E-03  0.50632081E-03 
   27    0.53460139E+00  0.51887296E-01  0.37784380E-03  0.56323196E-01  0.12885824E-02  0.24265532E-03  0.99279285E-03  0.41405219E-03  0.52542726E-03 
   28    0.55404144E+00  0.53774106E-01  0.39158358E-03  0.58371312E-01  0.13354400E-02  0.25147915E-03  0.10288944E-02  0.42910864E-03  0.54453370E-03 
   29    0.57348149E+00  0.55660917E-01  0.40532335E-03  0.60419428E-01  0.13822975E-02  0.26030298E-03  0.10649960E-02  0.44416508E-03  0.56364015E-03 
   30    0.59292154E+00  0.57547728E-01  0.41906313E-03  0.62467544E-01  0.14291550E-02  0.26912681E-03  0.11010975E-02  0.45922152E-03  0.58274659E-03 
   31    0.61236159E+00  0.59434539E-01  0.43280290E-03  0.64515661E-01  0.14760126E-02  0.27795064E-03  0.11371991E-02  0.47427797E-03  0.60185304E-03 
   32    0.63180165E+00  0.61321349E-01  0.44654268E-03  0.66563777E-01  0.15228701E-02  0.28677447E-03  0.11733006E-02  0.48933441E-03  0.62095948E-03 
   33    0.65124170E+00  0.63208160E-01  0.46028245E-03  0.68611893E-01  0.15697277E-02  0.29559830E-03  0.12094022E-02  0.50439085E-03  0.64006593E-03 
   34    0.67068175E+00  0.65094971E-01  0.47402223E-03  0.70660009E-01  0.16165852E-02  0.30442213E-03  0.12455038E-02  0.51944730E-03  0.65917238E-03 
   35    0.69012180E+00  0.66981782E-01  0.48776200E-03  0.72708125E-01  0.16634427E-02  0.31324596E-03  0.12816053E-02  0.53450374E-03  0.67827882E-03 
   36    0.70956185E+00  0.68868592E-01  0.50150178E-03  0.74756242E-01  0.17103003E-02  0.32206979E-03  0.13177069E-02  0.54956018E-03  0.69738527E-03 
   37    0.72900190E+00  0.70755403E-01  0.51524155E-03  0.76804358E-01  0.17571578E-02  0.33089362E-03  0.13538084E-02  0.56461663E-03  0.71649171E-03 
   38    0.63995419E+00  0.12861947E+00  0.38720386E-03  0.13246349E+00  0.18793946E-02  0.50422599E-03  0.38728325E-03  0.58114245E-03  0.50680162E-03 
   39    0.65657637E+00  0.13196023E+00  0.39726111E-03  0.13590410E+00  0.19282100E-02  0.51732277E-03  0.39734255E-03  0.59623706E-03  0.51996530E-03 
   40    0.67319856E+00  0.13530100E+00  0.40731835E-03  0.13934471E+00  0.19770255E-02  0.53041955E-03  0.40740186E-03  0.61133167E-03  0.53312898E-03 
   41    0.68982075E+00  0.13864176E+00  0.41737559E-03  0.14278532E+00  0.20258409E-02  0.54351633E-03  0.41746116E-03  0.62642628E-03  0.54629266E-03 
   42    0.70644293E+00  0.14198253E+00  0.42743284E-03  0.14622593E+00  0.20746564E-02  0.55661311E-03  0.42752047E-03  0.64152088E-03  0.55945633E-03 
   43    0.72306512E+00  0.14532329E+00  0.43749008E-03  0.14966654E+00  0.21234718E-02  0.56970989E-03  0.43757977E-03  0.65661549E-03  0.57262001E-03 
   44    0.73968731E+00  0.14866406E+00  0.44754732E-03  0.15310715E+00  0.21722873E-02  0.58280667E-03  0.44763908E-03  0.67171010E-03  0.58578369E-03 
   45    0.75630949E+00  0.15200482E+00  0.45760457E-03  0.15654776E+00  0.22211027E-02  0.59590345E-03  0.45769838E-03  0.68680471E-03  0.59894737E-03 
   46    0.77293168E+00  0.15534559E+00  0.46766181E-03  0.15998837E+00  0.22699181E-02  0.60900023E-03  0.46775769E-03  0.70189932E-03  0.61211105E-03 
   47    0.78955386E+00  0.15868635E+00  0.47771905E-03  0.16342898E+00  0.23187336E-02  0.62209701E-03  0.47781699E-03  0.71699393E-03  0.62527473E-03 
   48    0.80617605E+00  0.16202712E+00  0.48777629E-03  0.16686959E+00  0.23675490E-02  0.63519379E-03  0.48787630E-03  0.73208854E-03  0.63843840E-03 
   49    0.82279824E+00  0.16536788E+00  0.49783354E-03  0.17031020E+00  0.24163645E-02  0.64829056E-03  0.49793560E-03  0.74718315E-03  0.65160208E-03 
   50    0.83942042E+00  0.16870865E+00  0.50789078E-03  0.17375082E+00  0.24651799E-02  0.66138734E-03  0.50799491E-03  0.76227776E-03  0.66476576E-03 
   51    0.85604261E+00  0.17204942E+00  0.51794802E-03  0.17719143E+00  0.25139954E-02  0.67448412E-03  0.51805421E-03  0.77737237E-03  0.67792944E-03 
   52    0.87266480E+00  0.17539018E+00  0.52800527E-03  0.18063204E+00  0.25628108E-02  0.68758090E-03  0.52811352E-03  0.79246698E-03  0.69109312E-03 
   53    0.88928698E+00  0.17873095E+00  0.53806251E-03  0.18407265E+00  0.26116263E-02  0.70067768E-03  0.53817282E-03  0.80756158E-03  0.70425680E-03 
   54    0.90590917E+00  0.18207171E+00  0.54811975E-03  0.18751326E+00  0.26604417E-02  0.71377446E-03  0.54823213E-03  0.82265619E-03  0.71742047E-03 
   55    0.92253136E+00  0.18541248E+00  0.55817700E-03  0.19095387E+00  0.27092571E-02  0.72687124E-03  0.55829143E-03  0.83775080E-03  0.73058415E-03 
   56    0.93915354E+00  0.18875324E+00  0.56823424E-03  0.19439448E+00  0.27580726E-02  0.73996802E-03  0.56835074E-03  0.85284541E-03  0.74374783E-03 
   57    0.50403080E+00  0.41151028E+00  0.38828506E-03  0.43317719E+00  0.10393624E-02  0.53766074E-03  0.39639992E-03  0.71691665E-03  0.41673163E-03 
   58    0.51279656E+00  0.41866698E+00  0.39503784E-03  0.44071070E+00  0.10574383E-02  0.54701136E-03  0.40329384E-03  0.72938476E-03  0.42397914E-03 
   59    0.52156231E+00  0.42582368E+00  0.40179062E-03  0.44824422E+00  0.10755142E-02  0.55636198E-03  0.41018775E-03  0.74185288E-03  0.43122665E-03 
   60    0.53032806E+00  0.43298038E+00  0.40854341E-03  0.45577774E+00  0.10935900E-02  0.56571260E-03  0.41708166E-03  0.75432099E-03  0.43847415E-03 
   61    0.53909381E+00  0.44013708E+00  0.41529619E-03  0.46331125E+00  0.11116659E-02  0.57506322E-03  0.42397557E-03  0.76678911E-03  0.44572166E-03 
   62    0.54785957E+00  0.44729378E+00  0.42204897E-03  0.47084477E+00  0.11297418E-02  0.58441385E-03  0.43086948E-03  0.77925722E-03  0.45296917E-03 
   63    0.55662532E+00  0.45445048E+00  0.42880176E-03  0.47837829E+00  0.11478177E-02  0.59376447E-03  0.43776340E-03  0.79172534E-03  0.46021667E-03 
   64    0.56539107E+00  0.46160718E+00  0.43555454E-03  0.48591180E+00  0.11658935E-02  0.60311509E-03  0.44465731E-03  0.80419345E-03  0.46746418E-03 
   65    0.57415683E+00  0.46876388E+00  0.44230732E-03  0.49344532E+00  0.11839694E-02  0.61246571E-03  0.45155122E-03  0.81666157E-03  0.47471169E-03 
   66    0.58292258E+00  0.47592058E+00  0.44906011E-03  0.50097884E+00  0.12020453E-02  0.62181633E-03  0.45844513E-03  0.82912969E-03  0.48195919E-03 
   67    0.59168833E+00  0.48307728E+00  0.45581289E-03  0.50851235E+00  0.12201211E-02  0.63116695E-03  0.46533904E-03  0.84159780E-03  0.48920670E-03 
   68    0.60045409E+00  0.49023398E+00  0.46256568E-03  0.51604587E+00  0.12381970E-02  0.64051757E-03  0.47223295E-03  0.85406592E-03  0.49645421E-03 
   69    0.60921984E+00  0.49739068E+00  0.46931846E-03  0.52357938E+00  0.12562729E-02  0.64986820E-03  0.47912687E-03  0.86653403E-03  0.50370171E-03 
   70    0.61798559E+00  0.50454738E+00  0.47607124E-03  0.53111290E+00  0.12743487E-02  0.65921882E-03  0.48602078E-03  0.87900215E-03  0.51094922E-03 
   71    0.62675135E+00  0.51170408E+00  0.48282403E-03  0.53864642E+00  0.12924246E-02  0.66856944E-03  0.49291469E-03  0.89147026E-03  0.51819673E-03 
   72    0.63551710E+00  0.51886078E+00  0.48957681E-03  0.54617993E+00  0.13105005E-02  0.67792006E-03  0.49980860E-03  0.90393838E-03  0.52544423E-03 
   73    0.64428285E+00  0.52601749E+00  0.49632959E-03  0.55371345E+00  0.13285763E-02  0.68727068E-03  0.50670251E-03  0.91640649E-03  0.53269174E-03 
   74    0.65304860E+00  0.53317419E+00  0.50308238E-03  0.56124697E+00  0.13466522E-02  0.69662130E-03  0.51359642E-03  0.92887461E-03  0.53993925E-03 
   75    0.66181436E+00  0.54033089E+00  0.50983516E-03  0.56878048E+00  0.13647281E-02  0.70597193E-03  0.52049034E-03  0.94134273E-03  0.54718675E-03 
   76    0.13307996E+01  0.23662329E+00  0.24776452E-03  0.22319419E+00  0.47745266E-02  0.10012849E-02  0.55856159E-03  0.12779295E-02  0.61263802E-03 
   77    0.13481957E+01  0.23971640E+00  0.25100327E-03  0.22611177E+00  0.48369387E-02  0.10143736E-02  0.56586305E-03  0.12946345E-02  0.62064636E-03 
   78    0.13655918E+01  0.24280952E+00  0.25424202E-03  0.22902934E+00  0.48993508E-02  0.10274623E-02  0.57316451E-03  0.13113394E-02  0.62865470E-03 
   79    0.13829879E+01  0.24590263E+00  0.25748078E-03  0.23194691E+00  0.49617630E-02  0.10405510E-02  0.58046597E-03  0.13280444E-02  0.63666304E-03 
   80    0.14003839E+01  0.24899575E+00  0.26071953E-03  0.23486448E+00  0.50241751E-02  0.10536397E-02  0.58776743E-03  0.13447494E-02  0.64467138E-03 
   81    0.14177800E+01  0.25208886E+00  0.26395828E-03  0.23778205E+00  0.50865872E-02  0.10667284E-02  0.59506889E-03  0.13614543E-02  0.65267972E-03 
   82    0.14351761E+01  0.25518198E+00  0.26719703E-03  0.24069962E+00  0.51489993E-02  0.10798171E-02  0.60237034E-03  0.13781593E-02  0.66068806E-03 
   83    0.14525721E+01  0.25827509E+00  0.27043578E-03  0.24361719E+00  0.52114114E-02  0.10929058E-02  0.60967180E-03  0.13948642E-02  0.66869640E-03 
   84    0.14699682E+01  0.26136821E+00  0.27367453E-03  0.24653476E+00  0.52738235E-02  0.11059945E-02  0.61697326E-03  0.14115692E-02  0.67670474E-03 
   85    0.14873643E+01  0.26446132E+00  0.27691329E-03  0.24945234E+00  0.53362356E-02  0.11190832E-02  0.62427472E-03  0.14282742E-02  0.68471308E-03 
   86    0.15047604E+01  0.26755444E+00  0.28015204E-03  0.25236991E+00  0.53986477E-02  0.11321719E-02  0.63157618E-03  0.14449791E-02  0.69272142E-03 
   87    0.15221564E+01  0.27064755E+00  0.28339079E-03  0.25528748E+00  0.54610599E-02  0.11452606E-02  0.63887764E-03  0.14616841E-02  0.70072976E-03 
   88    0.15395525E+01  0.27374067E+00  0.28662954E-03  0.25820505E+00  0.55234720E-02  0.11583492E-02  0.64617910E-03  0.14783890E-02  0.70873810E-03 
   89    0.15569486E+01  0.27683378E+00  0.28986829E-03  0.26112262E+00  0.55858841E-02  0.11714379E-02  0.65348056E-03  0.14950940E-02  0.71674644E-03 
   90    0.15743447E+01  0.27992689E+00  0.29310705E-03  0.26404019E+00  0.56482962E-02  0.11845266E-02  0.66078201E-03  0.15117990E-02  0.72475478E-03 
   91    0.15917407E+01  0.28302001E+00  0.29634580E-03  0.26695776E+00  0.57107083E-02  0.11976153E-02  0.66808347E-03  0.15285039E-02  0.73276312E-03 
   92    0.16091368E+01  0.28611312E+00  0.29958455E-03  0.26987533E+00  0.57731204E-02  0.12107040E-02  0.67538493E-03  0.15452089E-02  0.74077146E-03 
   93    0.16265329E+01  0.28920624E+00  0.30282330E-03  0.27279290E+00  0.58355325E-02  0.12237927E-02  0.68268639E-03  0.15619138E-02  0.74877980E-03 
   94    0.16439290E+01  0.29229935E+00  0.30606205E-03  0.27571048E+00  0.58979446E-02  0.12368814E-02  0.68998785E-03  0.15786188E-02  0.75678814E-03 
   95    0.21756898E+01  0.31746143E-01  0.13211395E-02  0.29876726E-01  0.50147006E-02  0.29117165E-03  0.14789722E-02  0.33264942E-03  0.17133603E-03 
   96    0.21984719E+01  0.32078563E-01  0.13349734E-02  0.30189572E-01  0.50672106E-02  0.29422057E-03  0.14944588E-02  0.33613266E-03  0.17313012E-03 
   97    0.22212540E+01  0.32410984E-01  0.13488073E-02  0.30502417E-01  0.51197205E-02  0.29726949E-03  0.15099454E-02  0.33961590E-03  0.17492422E-03 
   98    0.22440361E+01  0.32743404E-01  0.13626412E-02  0.30815262E-01  0.51722305E-02  0.30031841E-03  0.15254320E-02  0.34309914E-03  0.17671831E-03 
   99    0.22668182E+01  0.33075824E-01  0.13764752E-02  0.31128108E-01  0.52247404E-02  0.30336732E-03  0.15409186E-02  0.34658238E-03  0.17851241E-03 
  100    0.22896003E+01  0.33408245E-01  0.13903091E-02  0.31440953E-01  0.52772504E-02  0.30641624E-03  0.15564052E-02  0.35006562E-03  0.18030650E-03 
  101    0.23123824E+01  0.33740665E-01  0.14041430E-02  0.31753798E-01  0.53297603E-02  0.30946516E-03  0.15718919E-02  0.35354886E-03  0.18210060E-03 
  102    0.23351645E+01  0.34073085E-01  0.14179769E-02  0.32066644E-01  0.53822703E-02  0.31251408E-03  0.15873785E-02  0.35703210E-03  0.18389469E-03 
  103    0.23579466E+01  0.34405506E-01  0.14318109E-02  0.32379489E-01  0.54347802E-02  0.31556300E-03  0.16028651E-02  0.36051534E-03  0.18568879E-03 
  104    0.23807287E+01  0.34737926E-01  0.14456448E-02  0.32692334E-01  0.54872902E-02  0.31861191E-03  0.16183517E-02  0.36399858E-03  0.18748288E-03 
  105    0.24035108E+01  0.35070346E-01  0.14594787E-02  0.33005179E-01  0.55398002E-02  0.32166083E-03  0.16338383E-02  0.36748182E-03  0.18927697E-03 
  106    0.24262928E+01  0.35402767E-01  0.14733126E-02  0.33318025E-01  0.55923101E-02  0.32470975E-03  0.16493250E-02  0.37096506E-03  0.19107107E-03 
  107    0.24490749E+01  0.35735187E-01  0.14871465E-02  0.33630870E-01  0.56448201E-02  0.32775867E-03  0.16648116E-02  0.37444830E-03  0.19286516E-03 
  108    0.24718570E+01  0.36067607E-01  0.15009805E-02  0.33943715E-01  0.56973300E-02  0.33080758E-03  0.16802982E-02  0.37793154E-03  0.19465926E-03 
  109    0.24946391E+01  0.36400028E-01  0.15148144E-02  0.34256561E-01  0.57498400E-02  0.33385650E-03  0.16957848E-02  0.38141478E-03  0.19645335E-03 
  110    0.25174212E+01  0.36732448E-01  0.15286483E-02  0.34569406E-01  0.58023499E-02  0.33690542E-03  0.17112714E-02  0.38489802E-03  0.19824745E-03 
  111    0.25402033E+01  0.37064868E-01  0.15424822E-02  0.34882251E-01  0.58548599E-02  0.33995434E-03  0.17267581E-02  0.38838126E-03  0.20004154E-03 
  112    0.25629854E+01  0.37397289E-01  0.15563161E-02  0.35195097E-01  0.59073698E-02  0.34300326E-03  0.17422447E-02  0.39186450E-03  0.20183564E-03 
  113    0.25857675E+01  0.37729709E-01  0.15701501E-02  0.35507942E-01  0.59598798E-02  0.34605217E-03  0.17577313E-02  0.39534774E-03  0.20362973E-03 
  114    0.26770530E+01  0.69547549E-03  0.73055636E-03  0.91432903E-03  0.12454221E-01  0.62310772E-04  0.74411754E-03  0.88385828E-04  0.13103708E-04 
  115    0.27004333E+01  0.70154951E-03  0.73693676E-03  0.92231443E-03  0.12562992E-01  0.62854971E-04  0.75061638E-03  0.89157757E-04  0.13218151E-04 
  116    0.27238137E+01  0.70762353E-03  0.74331717E-03  0.93029984E-03  0.12671762E-01  0.63399170E-04  0.75711522E-03  0.89929685E-04  0.13332594E-04 
  117    0.27471941E+01  0.71369755E-03  0.74969757E-03  0.93828525E-03  0.12780533E-01  0.63943369E-04  0.76361406E-03  0.90701614E-04  0.13447036E-04 
  118    0.27705745E+01  0.71977158E-03  0.75607798E-03  0.94627065E-03  0.12889303E-01  0.64487567E-04  0.77011291E-03  0.91473542E-04  0.13561479E-04 
  119    0.27939548E+01  0.72584560E-03  0.76245838E-03  0.95425606E-03  0.12998074E-01  0.65031766E-04  0.77661175E-03  0.92245471E-04  0.13675922E-04 
  120    0.28173352E+01  0.73191962E-03  0.76883879E-03  0.96224146E-03  0.13106844E-01  0.65575965E-04  0.78311059E-03  0.93017400E-04  0.13790365E-04 
  121    0.28407156E+01  0.73799364E-03  0.77521919E-03  0.97022687E-03  0.13215615E-01  0.66120164E-04  0.78960944E-03  0.93789328E-04  0.13904808E-04 
  122    0.28640960E+01  0.74406766E-03  0.78159960E-03  0.97821228E-03  0.13324385E-01  0.66664363E-04  0.79610828E-03  0.94561257E-04  0.14019251E-04 
  123    0.28874763E+01  0.75014168E-03  0.78798000E-03  0.98619768E-03  0.13433156E-01  0.67208562E-04  0.80260712E-03  0.95333186E-04  0.14133694E-04 
  124    0.29108567E+01  0.75621571E-03  0.79436041E-03  0.99418309E-03  0.13541926E-01  0.67752761E-04  0.80910597E-03  0.96105114E-04  0.14248136E-04 
  125    0.29342371E+01  0.76228973E-03  0.80074081E-03  0.10021685E-02  0.13650697E-01  0.68296960E-04  0.81560481E-03  0.96877043E-04  0.14362579E-04 
  126    0.29576175E+01  0.76836375E-03  0.80712122E-03  0.10101539E-02  0.13759467E-01  0.68841158E-04  0.82210365E-03  0.97648971E-04  0.14477022E-04 
  127    0.29809978E+01  0.77443777E-03  0.81350162E-03  0.10181393E-02  0.13868238E-01  0.69385357E-04  0.82860250E-03  0.98420900E-04  0.14591465E-04 
  128    0.30043782E+01  0.78051179E-03  0.81988203E-03  0.10261247E-02  0.13977008E-01  0.69929556E-04  0.83510134E-03  0.99192829E-04  0.14705908E-04 
  129    0.30277586E+01  0.78658581E-03  0.82626243E-03  0.10341101E-02  0.14085779E-01  0.70473755E-04  0.84160018E-03  0.99964757E-04  0.14820351E-04 
  130    0.30511390E+01  0.79265984E-03  0.83264284E-03  0.10420955E-02  0.14194549E-01  0.71017954E-04  0.84809902E-03  0.10073669E-03  0.14934794E-04 
  131    0.30745193E+01  0.79873386E-03  0.83902324E-03  0.10500809E-02  0.14303320E-01  0.71562153E-04  0.85459787E-03  0.10150861E-03  0.15049236E-04 
  132    0.30978997E+01  0.80480788E-03  0.84540365E-03  0.10580663E-02  0.14412090E-01  0.72106352E-04  0.86109671E-03  0.10228054E-03  0.15163679E-04 
  133    0.31293609E+01  0.43139557E-04  0.13113760E-02  0.82319316E-05  0.74517483E-02  0.12437729E-04  0.13172773E-02  0.80564178E-04  0.25636064E-05 
  134    0.31528018E+01  0.43462700E-04  0.13211990E-02  0.82935941E-05  0.75075667E-02  0.12530895E-04  0.13271446E-02  0.81167655E-04  0.25828095E-05 
  135    0.31762427E+01  0.43785843E-04  0.13310221E-02  0.83552565E-05  0.75633850E-02  0.12624062E-04  0.13370118E-02  0.81771132E-04  0.26020125E-05 
  136    0.31996836E+01  0.44108985E-04  0.13408451E-02  0.84169189E-05  0.76192034E-02  0.12717228E-04  0.13468791E-02  0.82374609E-04  0.26212156E-05 
  137    0.32231245E+01  0.44432128E-04  0.13506682E-02  0.84785813E-05  0.76750217E-02  0.12810395E-04  0.13567463E-02  0.82978086E-04  0.26404186E-05 
  138    0.32465654E+01  0.44755271E-04  0.13604912E-02  0.85402437E-05  0.77308400E-02  0.12903561E-04  0.13666135E-02  0.83581563E-04  0.26596216E-05 
  139    0.32700063E+01  0.45078414E-04  0.13703143E-02  0.86019061E-05  0.77866584E-02  0.12996728E-04  0.13764808E-02  0.84185040E-04  0.26788247E-05 
  140    0.32934472E+01  0.45401556E-04  0.13801373E-02  0.86635685E-05  0.78424767E-02  0.13089894E-04  0.13863480E-02  0.84788517E-04  0.26980277E-05 
  141    0.33168881E+01  0.45724699E-04  0.13899603E-02  0.87252309E-05  0.78982951E-02  0.13183061E-04  0.13962153E-02  0.85391994E-04  0.27172308E-05 
  142    0.33403291E+01  0.46047842E-04  0.13997834E-02  0.87868933E-05  0.79541134E-02  0.13276227E-04  0.14060825E-02  0.85995471E-04  0.27364338E-05 
  143    0.33637700E+01  0.46370985E-04  0.14096064E-02  0.88485557E-05  0.80099317E-02  0.13369394E-04  0.14159498E-02  0.86598948E-04  0.27556369E-05 
  144    0.33872109E+01  0.46694127E-04  0.14194295E-02  0.89102181E-05  0.80657501E-02  0.13462560E-04  0.14258170E-02  0.87202425E-04  0.27748399E-05 
  145    0.34106518E+01  0.47017270E-04  0.14292525E-02  0.89718806E-05  0.81215684E-02  0.13555727E-04  0.14356843E-02  0.87805902E-04  0.27940430E-05 
  146    0.34340927E+01  0.47340413E-04  0.14390755E-02  0.90335430E-05  0.81773868E-02  0.13648893E-04  0.14455515E-02  0.88409379E-04  0.28132460E-05 
  147    0.34575336E+01  0.47663556E-04  0.14488986E-02  0.90952054E-05  0.82332051E-02  0.13742060E-04  0.14554188E-02  0.89012856E-04  0.28324490E-05 
  148    0.34809745E+01  0.47986698E-04  0.14587216E-02  0.91568678E-05  0.82890234E-02  0.13835226E-04  0.14652860E-02  0.89616333E-04  0.28516521E-05 
  149    0.35044154E+01  0.48309841E-04  0.14685447E-02  0.92185302E-05  0.83448418E-02  0.13928393E-04  0.14751532E-02  0.90219810E-04  0.28708551E-05 
  150    0.35278563E+01  0.48632984E-04  0.14783677E-02  0.92801926E-05  0.84006601E-02  0.14021559E-04  0.14850205E-02  0.90823287E-04  0.28900582E-05 
  151    0.35512972E+01  0.48956127E-04  0.14881908E-02  0.93418550E-05  0.84564785E-02  0.14114726E-04  0.14948877E-02  0.91426764E-04  0.29092612E-05 
  152    0.35682611E+01  0.42675922E-05  0.15482306E-02  0.68047480E-05  0.14974850E-01  0.48159355E-05  0.15745346E-02  0.43030562E-04  0.34117557E-05 
  153    0.35916595E+01  0.42955764E-05  0.15583830E-02  0.68493693E-05  0.15073046E-01  0.48475154E-05  0.15848594E-02  0.43312730E-04  0.34341278E-05 
  154    0.36150579E+01  0.43235606E-05  0.15685353E-02  0.68939906E-05  0.15171241E-01  0.48790953E-05  0.15951842E-02  0.43594898E-04  0.34565000E-05 
  155    0.36384564E+01  0.43515448E-05  0.15786876E-02  0.69386119E-05  0.15269437E-01  0.49106753E-05  0.16055090E-02  0.43877065E-04  0.34788722E-05 
  156    0.36618548E+01  0.43795290E-05  0.15888400E-02  0.69832332E-05  0.15367633E-01  0.49422552E-05  0.16158339E-02  0.44159233E-04  0.35012443E-05 
  157    0.36852532E+01  0.44075132E-05  0.15989923E-02  0.70278545E-05  0.15465829E-01  0.49738351E-05  0.16261587E-02  0.44441401E-04  0.35236165E-05 
  158    0.37086517E+01  0.44354974E-05  0.16091446E-02  0.70724758E-05  0.15564024E-01  0.50054150E-05  0.16364835E-02  0.44723568E-04  0.35459887E-05 
  159    0.37320501E+01  0.44634816E-05  0.16192970E-02  0.71170971E-05  0.15662220E-01  0.50369949E-05  0.16468083E-02  0.45005736E-04  0.35683608E-05 
  160    0.37554485E+01  0.44914659E-05  0.16294493E-02  0.71617184E-05  0.15760416E-01  0.50685748E-05  0.16571331E-02  0.45287903E-04  0.35907330E-05 
  161    0.37788470E+01  0.45194501E-05  0.16396016E-02  0.72063397E-05  0.15858611E-01  0.51001547E-05  0.16674579E-02  0.45570071E-04  0.36131052E-05 
  162    0.38022454E+01  0.45474343E-05  0.16497540E-02  0.72509610E-05  0.15956807E-01  0.51317346E-05  0.16777828E-02  0.45852239E-04  0.36354773E-05 
  163    0.38256438E+01  0.45754185E-05  0.16599063E-02  0.72955823E-05  0.16055003E-01  0.51633145E-05  0.16881076E-02  0.46134406E-04  0.36578495E-05 
  164    0.38490423E+01  0.46034027E-05  0.16700586E-02  0.73402036E-05  0.16153199E-01  0.51948944E-05  0.16984324E-02  0.46416574E-04  0.36802217E-05 
  165    0.38724407E+01  0.46313869E-05  0.16802110E-02  0.73848249E-05  0.16251394E-01  0.52264743E-05  0.17087572E-02  0.46698742E-04  0.37025939E-05 
  166    0.38958391E+01  0.46593711E-05  0.16903633E-02  0.74294462E-05  0.16349590E-01  0.52580542E-05  0.17190820E-02  0.46980909E-04  0.37249660E-05 
  167    0.39192376E+01  0.46873553E-05  0.17005156E-02  0.74740675E-05  0.16447786E-01  0.52896341E-05  0.17294068E-02  0.47263077E-04  0.37473382E-05 
  168    0.39426360E+01  0.47153395E-05  0.17106680E-02  0.75186888E-05  0.16545982E-01  0.53212140E-05  0.17397317E-02  0.47545244E-04  0.37697104E-05 
  169    0.39660344E+01  0.47433237E-05  0.17208203E-02  0.75633101E-05  0.16644177E-01  0.53527939E-05  0.17500565E-02  0.47827412E-04  0.37920825E-05 
  170    0.39894329E+01  0.47713080E-05  0.17309726E-02  0.76079314E-05  0.16742373E-01  0.53843738E-05  0.17603813E-02  0.48109580E-04  0.38144547E-05 
  171    0.40213610E+01  0.12443344E-05  0.14092806E-02  0.39052102E-06  0.89728079E-02  0.30385455E-05  0.14217639E-02  0.80013946E-04  0.43081678E-05 
  172    0.40448091E+01  0.12515900E-05  0.14174980E-02  0.39279811E-06  0.90251275E-02  0.30562630E-05  0.14300541E-02  0.80480499E-04  0.43332883E-05 
  173    0.40682573E+01  0.12588456E-05  0.14257154E-02  0.39507520E-06  0.90774470E-02  0.30739805E-05  0.14383442E-02  0.80947053E-04  0.43584088E-05 
  174    0.40917055E+01  0.12661012E-05  0.14339328E-02  0.39735229E-06  0.91297666E-02  0.30916979E-05  0.14466344E-02  0.81413607E-04  0.43835293E-05 
  175    0.41151536E+01  0.12733568E-05  0.14421502E-02  0.39962938E-06  0.91820862E-02  0.31094154E-05  0.14549246E-02  0.81880160E-04  0.44086498E-05 
  176    0.41386018E+01  0.12806124E-05  0.14503675E-02  0.40190647E-06  0.92344058E-02  0.31271329E-05  0.14632147E-02  0.82346714E-04  0.44337703E-05 
  177    0.41620500E+01  0.12878680E-05  0.14585849E-02  0.40418356E-06  0.92867254E-02  0.31448504E-05  0.14715049E-02  0.82813267E-04  0.44588908E-05 
  178    0.41854981E+01  0.12951236E-05  0.14668023E-02  0.40646065E-06  0.93390449E-02  0.31625678E-05  0.14797951E-02  0.83279821E-04  0.44840113E-05 
  179    0.42089463E+01  0.13023792E-05  0.14750197E-02  0.40873774E-06  0.93913645E-02  0.31802853E-05  0.14880853E-02  0.83746375E-04  0.45091319E-05 
  180    0.42323945E+01  0.13096348E-05  0.14832371E-02  0.41101483E-06  0.94436841E-02  0.31980028E-05  0.14963754E-02  0.84212928E-04  0.45342524E-05 
  181    0.42558426E+01  0.13168904E-05  0.14914544E-02  0.41329192E-06  0.94960037E-02  0.32157202E-05  0.15046656E-02  0.84679482E-04  0.45593729E-05 
  182    0.42792908E+01  0.13241460E-05  0.14996718E-02  0.41556901E-06  0.95483232E-02  0.32334377E-05  0.15129558E-02  0.85146036E-04  0.45844934E-05 
  183    0.43027390E+01  0.13314016E-05  0.15078892E-02  0.41784610E-06  0.96006428E-02  0.32511552E-05  0.15212459E-02  0.85612589E-04  0.46096139E-05 
  184    0.43261872E+01  0.13386572E-05  0.15161066E-02  0.42012319E-06  0.96529624E-02  0.32688726E-05  0.15295361E-02  0.86079143E-04  0.46347344E-05 
  185    0.43496353E+01  0.13459128E-05  0.15243240E-02  0.42240028E-06  0.97052820E-02  0.32865901E-05  0.15378263E-02  0.86545696E-04  0.46598549E-05 
  186    0.43730835E+01  0.13531684E-05  0.15325413E-02  0.42467737E-06  0.97576016E-02  0.33043076E-05  0.15461164E-02  0.87012250E-04  0.46849754E-05 
  187    0.43965317E+01  0.13604240E-05  0.15407587E-02  0.42695446E-06  0.98099211E-02  0.33220250E-05  0.15544066E-02  0.87478804E-04  0.47100959E-05 
  188    0.44199798E+01  0.13676796E-05  0.15489761E-02  0.42923155E-06  0.98622407E-02  0.33397425E-05  0.15626968E-02  0.87945357E-04  0.47352165E-05 
  189    0.44434280E+01  0.13749351E-05  0.15571935E-02  0.43150864E-06  0.99145603E-02  0.33574600E-05  0.15709869E-02  0.88411911E-04  0.47603370E-05 
  190    0.44537444E+01  0.36130152E-06  0.85939298E-03  0.59846512E-07  0.24544034E-01  0.20473946E-05  0.86499478E-03  0.69626281E-04  0.16847171E-05 
  191    0.44771236E+01  0.36319812E-06  0.86390423E-03  0.60160667E-07  0.24672874E-01  0.20581421E-05  0.86953544E-03  0.69991773E-04  0.16935608E-05 
  192    0.45005029E+01  0.36509471E-06  0.86841548E-03  0.60474822E-07  0.24801714E-01  0.20688895E-05  0.87407609E-03  0.70357266E-04  0.17024045E-05 
  193    0.45238821E+01  0.36699131E-06  0.87292673E-03  0.60788977E-07  0.24930554E-01  0.20796370E-05  0.87861675E-03  0.70722758E-04  0.17112481E-05 
  194    0.45472613E+01  0.36888790E-06  0.87743798E-03  0.61103132E-07  0.25059395E-01  0.20903845E-05  0.88315740E-03  0.71088250E-04  0.17200918E-05 
  195    0.45706406E+01  0.37078450E-06  0.88194923E-03  0.61417287E-07  0.25188235E-01  0.21011320E-05  0.88769806E-03  0.71453743E-04  0.17289354E-05 
  196    0.45940198E+01  0.37268110E-06  0.88646048E-03  0.61731442E-07  0.25317075E-01  0.21118794E-05  0.89223871E-03  0.71819235E-04  0.17377791E-05 
  197    0.46173990E+01  0.37457769E-06  0.89097173E-03  0.62045596E-07  0.25445915E-01  0.21226269E-05  0.89677937E-03  0.72184727E-04  0.17466228E-05 
  198    0.46407783E+01  0.37647429E-06  0.89548298E-03  0.62359751E-07  0.25574755E-01  0.21333744E-05  0.90132002E-03  0.72550219E-04  0.17554664E-05 
  199    0.46641575E+01  0.37837088E-06  0.89999422E-03  0.62673906E-07  0.25703595E-01  0.21441219E-05  0.90586068E-03  0.72915712E-04  0.17643101E-05 
  200    0.46875367E+01  0.38026748E-06  0.90450547E-03  0.62988061E-07  0.25832435E-01  0.21548694E-05  0.91040133E-03  0.73281204E-04  0.17731537E-05 
  201    0.47109160E+01  0.38216408E-06  0.90901672E-03  0.63302216E-07  0.25961275E-01  0.21656168E-05  0.91494199E-03  0.73646696E-04  0.17819974E-05 
  202    0.47342952E+01  0.38406067E-06  0.91352797E-03  0.63616371E-07  0.26090115E-01  0.21763643E-05  0.91948264E-03  0.74012189E-04  0.17908411E-05 
  203    0.47576744E+01  0.38595727E-06  0.91803922E-03  0.63930526E-07  0.26218955E-01  0.21871118E-05  0.92402330E-03  0.74377681E-04  0.17996847E-05 
  204    0.47810537E+01  0.38785386E-06  0.92255047E-03  0.64244681E-07  0.26347795E-01  0.21978593E-05  0.92856395E-03  0.74743173E-04  0.18085284E-05 
  205    0.48044329E+01  0.38975046E-06  0.92706172E-03  0.64558836E-07  0.26476635E-01  0.22086067E-05  0.93310461E-03  0.75108665E-04  0.18173720E-05 
  206    0.48278122E+01  0.39164706E-06  0.93157297E-03  0.64872991E-07  0.26605475E-01  0.22193542E-05  0.93764526E-03  0.75474158E-04  0.18262157E-05 
  207    0.48511914E+01  0.39354365E-06  0.93608422E-03  0.65187146E-07  0.26734316E-01  0.22301017E-05  0.94218592E-03  0.75839650E-04  0.18350594E-05 
  208    0.48745706E+01  0.39544025E-06  0.94059547E-03  0.65501301E-07  0.26863156E-01  0.22408492E-05  0.94672657E-03  0.76205142E-04  0.18439030E-05 
  209    0.49085499E+01  0.76137807E-07  0.62409128E-03  0.18681567E-06  0.17020493E-01  0.13173168E-05  0.61784805E-03  0.99869774E-04  0.55570883E-05 
  210    0.49319798E+01  0.76501233E-07  0.62707023E-03  0.18770739E-06  0.17101737E-01  0.13236047E-05  0.62079720E-03  0.10034648E-03  0.55836138E-05 
  211    0.49554096E+01  0.76864660E-07  0.63004919E-03  0.18859911E-06  0.17182980E-01  0.13298926E-05  0.62374636E-03  0.10082318E-03  0.56101392E-05 
  212    0.49788394E+01  0.77228086E-07  0.63302814E-03  0.18949083E-06  0.17264224E-01  0.13361805E-05  0.62669551E-03  0.10129989E-03  0.56366647E-05 
  213    0.50022693E+01  0.77591512E-07  0.63600710E-03  0.19038255E-06  0.17345467E-01  0.13424685E-05  0.62964467E-03  0.10177660E-03  0.56631902E-05 
  214    0.50256991E+01  0.77954939E-07  0.63898606E-03  0.19127428E-06  0.17426710E-01  0.13487564E-05  0.63259382E-03  0.10225330E-03  0.56897157E-05 
  215    0.50491289E+01  0.78318365E-07  0.64196501E-03  0.19216600E-06  0.17507954E-01  0.13550443E-05  0.63554298E-03  0.10273001E-03  0.57162412E-05 
  216    0.50725588E+01  0.78681791E-07  0.64494397E-03  0.19305772E-06  0.17589197E-01  0.13613322E-05  0.63849213E-03  0.10320671E-03  0.57427666E-05 
  217    0.50959886E+01  0.79045217E-07  0.64792292E-03  0.19394944E-06  0.17670441E-01  0.13676201E-05  0.64144129E-03  0.10368342E-03  0.57692921E-05 
  218    0.51194184E+01  0.79408644E-07  0.65090188E-03  0.19484116E-06  0.17751684E-01  0.13739080E-05  0.64439044E-03  0.10416012E-03  0.57958176E-05 
  219    0.51428483E+01  0.79772070E-07  0.65388084E-03  0.19573288E-06  0.17832927E-01  0.13801959E-05  0.64733960E-03  0.10463683E-03  0.58223431E-05 
  220    0.51662781E+01  0.80135496E-07  0.65685979E-03  0.19662460E-06  0.17914171E-01  0.13864838E-05  0.65028875E-03  0.10511353E-03  0.58488686E-05 
  221    0.51897079E+01  0.80498923E-07  0.65983875E-03  0.19751633E-06  0.17995414E-01  0.13927717E-05  0.65323791E-03  0.10559024E-03  0.58753940E-05 
  222    0.52131378E+01  0.80862349E-07  0.66281770E-03  0.19840805E-06  0.18076658E-01  0.13990596E-05  0.65618706E-03  0.10606694E-03  0.59019195E-05 
  223    0.52365676E+01  0.81225775E-07  0.66579666E-03  0.19929977E-06  0.18157901E-01  0.14053475E-05  0.65913622E-03  0.10654365E-03  0.59284450E-05 
  224    0.52599974E+01  0.81589201E-07  0.66877562E-03  0.20019149E-06  0.18239144E-01  0.14116354E-05  0.66208538E-03  0.10702035E-03  0.59549705E-05 
  225    0.52834273E+01  0.81952628E-07  0.67175457E-03  0.20108321E-06  0.18320388E-01  0.14179234E-05  0.66503453E-03  0.10749706E-03  0.59814960E-05 
  226    0.53068571E+01  0.82316054E-07  0.67473353E-03  0.20197493E-06  0.18401631E-01  0.14242113E-05  0.66798369E-03  0.10797377E-03  0.60080215E-05 
  227    0.53302869E+01  0.82679480E-07  0.67771248E-03  0.20286666E-06  0.18482875E-01  0.14304992E-05  0.67093284E-03  0.10845047E-03  0.60345469E-05 
  228    0.53473394E+01  0.77019866E-07  0.36200708E-03  0.26233248E-06  0.25610535E-01  0.71019306E-06  0.35217010E-03  0.83027042E-04  0.39714003E-05 
  229    0.53707413E+01  0.77356933E-07  0.36359135E-03  0.26348055E-06  0.25722616E-01  0.71330112E-06  0.35371132E-03  0.83390398E-04  0.39887806E-05 
  230    0.53941432E+01  0.77694000E-07  0.36517563E-03  0.26462861E-06  0.25834697E-01  0.71640919E-06  0.35525255E-03  0.83753755E-04  0.40061609E-05 
  231    0.54175452E+01  0.78031068E-07  0.36675991E-03  0.26577667E-06  0.25946778E-01  0.71951725E-06  0.35679378E-03  0.84117112E-04  0.40235412E-05 
  232    0.54409471E+01  0.78368135E-07  0.36834418E-03  0.26692474E-06  0.26058859E-01  0.72262532E-06  0.35833500E-03  0.84480469E-04  0.40409215E-05 
  233    0.54643490E+01  0.78705202E-07  0.36992846E-03  0.26807280E-06  0.26170940E-01  0.72573339E-06  0.35987623E-03  0.84843826E-04  0.40583018E-05 
  234    0.54877509E+01  0.79042269E-07  0.37151273E-03  0.26922086E-06  0.26283021E-01  0.72884145E-06  0.36141745E-03  0.85207183E-04  0.40756821E-05 
  235    0.55111529E+01  0.79379337E-07  0.37309701E-03  0.27036893E-06  0.26395103E-01  0.73194952E-06  0.36295868E-03  0.85570540E-04  0.40930624E-05 
  236    0.55345548E+01  0.79716404E-07  0.37468129E-03  0.27151699E-06  0.26507184E-01  0.73505758E-06  0.36449991E-03  0.85933896E-04  0.41104427E-05 
  237    0.55579567E+01  0.80053471E-07  0.37626556E-03  0.27266505E-06  0.26619265E-01  0.73816565E-06  0.36604113E-03  0.86297253E-04  0.41278230E-05 
  238    0.55813586E+01  0.80390538E-07  0.37784984E-03  0.27381312E-06  0.26731346E-01  0.74127371E-06  0.36758236E-03  0.86660610E-04  0.41452033E-05 
  239    0.56047605E+01  0.80727606E-07  0.37943411E-03  0.27496118E-06  0.26843427E-01  0.74438178E-06  0.36912358E-03  0.87023967E-04  0.41625836E-05 
  240    0.56281625E+01  0.81064673E-07  0.38101839E-03  0.27610924E-06  0.26955508E-01  0.74748985E-06  0.37066481E-03  0.87387324E-04  0.41799640E-05 
  241    0.56515644E+01  0.81401740E-07  0.38260267E-03  0.27725731E-06  0.27067589E-01  0.75059791E-06  0.37220603E-03  0.87750681E-04  0.41973443E-05 
  242    0.56749663E+01  0.81738807E-07  0.38418694E-03  0.27840537E-06  0.27179670E-01  0.75370598E-06  0.37374726E-03  0.88114038E-04  0.42147246E-05 
  243    0.56983682E+01  0.82075875E-07  0.38577122E-03  0.27955343E-06  0.27291751E-01  0.75681404E-06  0.37528849E-03  0.88477394E-04  0.42321049E-05 
  244    0.57217702E+01  0.82412942E-07  0.38735549E-03  0.28070150E-06  0.27403833E-01  0.75992211E-06  0.37682971E-03  0.88840751E-04  0.42494852E-05 
  245    0.57451721E+01  0.82750009E-07  0.38893977E-03  0.28184956E-06  0.27515914E-01  0.76303018E-06  0.37837094E-03  0.89204108E-04  0.42668655E-05 
  246    0.57685740E+01  0.83087076E-07  0.39052405E-03  0.28299762E-06  0.27627995E-01  0.76613824E-06  0.37991216E-03  0.89567465E-04  0.42842458E-05 
  247    0.58131767E+01  0.54792048E-07  0.95221264E-04  0.88809999E-06  0.70684406E-02  0.91954106E-07  0.89145968E-04  0.14977674E-03  0.46086806E-05 
  248    0.58366643E+01  0.55013430E-07  0.95605996E-04  0.89168827E-06  0.70970000E-02  0.92325637E-07  0.89506153E-04  0.15038190E-03  0.46273016E-05 
  249    0.58601519E+01  0.55234812E-07  0.95990729E-04  0.89527655E-06  0.71255593E-02  0.92697169E-07  0.89866339E-04  0.15098706E-03  0.46459225E-05 
  250    0.58836395E+01  0.55456194E-07  0.96375461E-04  0.89886484E-06  0.71541187E-02  0.93068701E-07  0.90226525E-04  0.15159221E-03  0.46645434E-05 
  251    0.59071270E+01  0.55677576E-07  0.96760193E-04  0.90245312E-06  0.71826780E-02  0.93440233E-07  0.90586711E-04  0.15219737E-03  0.46831644E-05 
  252    0.59306146E+01  0.55898958E-07  0.97144926E-04  0.90604140E-06  0.72112374E-02  0.93811764E-07  0.90946896E-04  0.15280253E-03  0.47017853E-05 
  253    0.59541022E+01  0.56120340E-07  0.97529658E-04  0.90962968E-06  0.72397968E-02  0.94183296E-07  0.91307082E-04  0.15340769E-03  0.47204062E-05 
  254    0.59775898E+01  0.56341722E-07  0.97914390E-04  0.91321797E-06  0.72683561E-02  0.94554828E-07  0.91667268E-04  0.15401285E-03  0.47390272E-05 
  255    0.60010774E+01  0.56563104E-07  0.98299123E-04  0.91680625E-06  0.72969155E-02  0.94926360E-07  0.92027453E-04  0.15461801E-03  0.47576481E-05 
  256    0.60245650E+01  0.56784486E-07  0.98683855E-04  0.92039453E-06  0.73254748E-02  0.95297891E-07  0.92387639E-04  0.15522317E-03  0.47762690E-05 
  257    0.60480525E+01  0.57005868E-07  0.99068588E-04  0.92398281E-06  0.73540342E-02  0.95669423E-07  0.92747825E-04  0.15582832E-03  0.47948900E-05 
  258    0.60715401E+01  0.57227250E-07  0.99453320E-04  0.92757110E-06  0.73825935E-02  0.96040955E-07  0.93108011E-04  0.15643348E-03  0.48135109E-05 
  259    0.60950277E+01  0.57448632E-07  0.99838052E-04  0.93115938E-06  0.74111529E-02  0.96412486E-07  0.93468196E-04  0.15703864E-03  0.48321318E-05 
