 MPI INITIALIZED
 PARSERING OF USER INPUT
 rows in Input          52
 ARRAY_INI_STARTED
 STATES_SIZE_FOUND          81
 number_of_channels           9
 jmax_included           2
 BASIS ARRAYS CREATED
ARRAYS ALLOCATION TOOK TIME, s =             0.000
 TOTAL_SIZE_OF_M =          594
THE SIZE OF THE Mij COMPUTED BY EACH PROCESSOR= 594
 MATRIX_INI_STARTED
 COMPUTING MATRIX ELEMENTS STARTED
proc_id =     0, Progress =     0%, Time(sec.) =        0.000
 USER TERM FILE IS BEING READ 
 TERMS ARE BEING READ
 TERMS HAVE BEEN READ
 TERM MATRIX CREATED 
Truncation #1 at #R = 20, R = 6.000, and #2 at #R = 29, R = 8.090
proc_id =     0, Progress =     9%, Time(sec.) =        1.417
proc_id =     0, Progress =    19%, Time(sec.) =        6.044
proc_id =     0, Progress =    29%, Time(sec.) =        9.675
proc_id =     0, Progress =    39%, Time(sec.) =       20.787
proc_id =     0, Progress =    49%, Time(sec.) =       34.826
proc_id =     0, Progress =    59%, Time(sec.) =       66.098
proc_id =     0, Progress =    69%, Time(sec.) =      114.070
proc_id =     0, Progress =    79%, Time(sec.) =      164.770
proc_id =     0, Progress =    89%, Time(sec.) =      216.639
proc_id =     0, Progress =    99%, Time(sec.) =      282.334
proc_id =     0, Progress =   100%, Time(sec.) =      283.947
 SPLINING OF Mij STARTED
 SPLINING OF Mij FINISHED
 TERMS ARE BEING READ
 TERMS HAVE BEEN READ
 SYSTEM_SETUP_DONE
MATRIX HAS BEEN SAVED INTO THE FILE  "   MTRX.DAT "
 MPI TASK PER TRAJECTORY WILL BE USED
MPI TASKS WHICH ARE ASSOCIATED WITH ONE TRAJECTORY =     1
 Mij ROOT PROC DISTRIBUTION STARTED
 Mij ROOT PROC DISTRIBUTION DONE
 Mij ALL PROC DISTRIBUTION STARTED
 Mij ALL PROC DISTRIBUTION DONE
 MPI_COMMUNICATORS_CREATION STARTED
 MPI_COMMUNICATORS_CREATION DONE
TIME SPENT ON MATRIX Mij READING/COMPUTING/SAVING ON DISK ,s     285.0
        TIME SPENT ON MATRIX Mij SAVING ON DISK ,s       0.8
  
 SCATTERING CALCULATIONS STARTED
TOTAL J RANGE: FROM    0 TO  259
TOTAL L RANGE: FROM    0 TO  259
 NUMBER OF TRAJECTORIES PER PROC_GROUP MAX          14
 NUMBER OF TRAJECTORIES PER PROC_GROUP MIN          14
 TOTAL NUMBER OF TRAJECTORIES          14
TIME IT TOOK TO SETUP ARRAYS, s     0
CALCULATIONS START FOR M =    0
TRAJECTORY DONE FOR L=     9 TIME_SPENT=        0.387 SEC.
TRAJECTORY DONE FOR L=    28 TIME_SPENT=        0.405 SEC.
TRAJECTORY DONE FOR L=    47 TIME_SPENT=        0.404 SEC.
TRAJECTORY DONE FOR L=    66 TIME_SPENT=        0.461 SEC.
TRAJECTORY DONE FOR L=    85 TIME_SPENT=        0.431 SEC.
TRAJECTORY DONE FOR L=   104 TIME_SPENT=        0.421 SEC.
TRAJECTORY DONE FOR L=   123 TIME_SPENT=        0.411 SEC.
TRAJECTORY DONE FOR L=   142 TIME_SPENT=        0.390 SEC.
TRAJECTORY DONE FOR L=   161 TIME_SPENT=        0.367 SEC.
TRAJECTORY DONE FOR L=   180 TIME_SPENT=        0.333 SEC.
TRAJECTORY DONE FOR L=   199 TIME_SPENT=        0.285 SEC.
TRAJECTORY DONE FOR L=   218 TIME_SPENT=        0.244 SEC.
TRAJECTORY DONE FOR L=   237 TIME_SPENT=        0.190 SEC.
TRAJECTORY DONE FOR L=   256 TIME_SPENT=        0.055 SEC.
ALL TRAJECTORIES DONE FOR ENER_NUM =   1 AND M12 =    0  J12=     0
TIME IT TOOK TO PROPOGATE,s          4
 DATA FROM ALL TRAJECTORIES GATHERED
 INELASTIC CROSS SECTION CALCULATED FOR M           0
  
 CROSS SECTION CALCULATED FOR ENERGY=           1
  
 Trajectory Propagation Time:   4.89503013699999     
  
TOTAL TIME SPENT ON PROPAGATION,sec =  4.897
THE AVERAGE TIME PER MPI TASK SPENT ON PROPAGATION =    0  h   0   m  4.9  s
TIME SPENT ON INITIALIZATION TOOK WALL CLOCK TIME =    0  h   4   m 45.0  s
TIME SPENT ON MIJ DISTRIBUTION TOOK WALL CLOCK TIME =    0  h   4   m 45.0  s
TIME SPENT ON MIJ REALLOCATION TOOK WALL CLOCK TIME =    0  h   0   m  0.0  s
 ALL WORK DONE

real	4m50.482s
user	2m23.359s
sys	0m1.819s
