Loading openmpi-geib-cuda10.2-intel/4.0.5
  Loading requirement: hpcx/2.10 intel/psxe/intel64/2020.4
    cuda10.2/toolkit/10.2.89
 MPI INITIALIZED
 PARSERING OF USER INPUT
 rows in Input          52
 ARRAY_INI_STARTED
 STATES_SIZE_FOUND          81
 number_of_channels           9
 jmax_included           2
 BASIS ARRAYS CREATED
ARRAYS ALLOCATION TOOK TIME, s =             0.000
 TOTAL_SIZE_OF_M =          594
THE SIZE OF THE Mij COMPUTED BY EACH PROCESSOR= 594
 MATRIX_INI_STARTED
 COMPUTING MATRIX ELEMENTS STARTED
 USER TERM FILE IS BEING READ 
 TERMS ARE BEING READ
 TERMS HAVE BEEN READ
 TERM MATRIX CREATED 
Trucation #1 at #R = 20, R = 6.000, and #2 at #R = 29, R = 8.090
 SPLINING OF Mij STARTED
 SPLINING OF Mij FINISHED
 TERMS ARE BEING READ
 TERMS HAVE BEEN READ
 SYSTEM_SETUP_DONE
MATRIX HAS BEEN SAVED INTO THE FILE  "   MTRX.DAT "
 MPI TASK PER TRAJECTORY WILL BE USED
MPI TASKS WHICH ARE ASSOCIATED WITH ONE TRAJECTORY =     1
 Mij ROOT PROC DISTRIBUTION STARTED
 Mij ROOT PROC DISTRIBUTION DONE
 Mij ALL PROC DISTRIBUTION STARTED
 Mij ALL PROC DISTRIBUTION DONE
 MPI_COMMUNICATORS_CREATION STARTED
 MPI_COMMUNICATORS_CREATION DONE
TIME SPENT ON MATRIX Mij READING/COMPUTING/SAVING ON DISK ,s     264.4
        TIME SPENT ON MATRIX Mij SAVING ON DISK ,s       0.8
  
 SCATTERING CALCULATIONS STARTED
TOTAL J RANGE: FROM    0 TO  259
TOTAL L RANGE: FROM    0 TO  259
 NUMBER OF TRAJECTORIES PER PROC_GROUP MAX          14
 NUMBER OF TRAJECTORIES PER PROC_GROUP MIN          14
 TOTAL NUMBER OF TRAJECTORIES          14
TIME IT TOOK TO SETUP ARRAYS, s     0
CALCULATIONS START FOR M =    0
TRAJECTORY DONE FOR L=     9 TIME_SPENT=        0.374 SEC.
TRAJECTORY DONE FOR L=    28 TIME_SPENT=        0.370 SEC.
TRAJECTORY DONE FOR L=    47 TIME_SPENT=        0.414 SEC.
TRAJECTORY DONE FOR L=    66 TIME_SPENT=        0.440 SEC.
TRAJECTORY DONE FOR L=    85 TIME_SPENT=        0.443 SEC.
TRAJECTORY DONE FOR L=   104 TIME_SPENT=        0.397 SEC.
TRAJECTORY DONE FOR L=   123 TIME_SPENT=        0.382 SEC.
TRAJECTORY DONE FOR L=   142 TIME_SPENT=        0.377 SEC.
TRAJECTORY DONE FOR L=   161 TIME_SPENT=        0.345 SEC.
TRAJECTORY DONE FOR L=   180 TIME_SPENT=        0.318 SEC.
TRAJECTORY DONE FOR L=   199 TIME_SPENT=        0.280 SEC.
TRAJECTORY DONE FOR L=   218 TIME_SPENT=        0.239 SEC.
TRAJECTORY DONE FOR L=   237 TIME_SPENT=        0.178 SEC.
TRAJECTORY DONE FOR L=   256 TIME_SPENT=        0.064 SEC.
ALL TRAJECTORIES DONE FOR ENER_NUM =   1 AND M12 =    0  J12=     0
TIME IT TOOK TO PROPOGATE,s          4
 DATA FROM ALL TRAJECTORIES GATHERED
 INELASTIC CROSS SECTION CALCULATED FOR M           0
  
 CROSS SECTION CALCULATED FOR ENERGY=           1
  
 Trajectory Propagation Time:   4.64832724300004     
  
TOTAL TIME SPENT ON PROPAGATION,sec =  4.651
THE AVERAGE TIME PER MPI TASK SPENT ON PROPAGATION =    0  h   0   m  4.7  s
TIME SPENT ON INITIALIZATION TOOK WALL CLOCK TIME =    0  h   4   m 24.5  s
TIME SPENT ON MIJ DISTRIBUTION TOOK WALL CLOCK TIME =    0  h   4   m 24.4  s
TIME SPENT ON MIJ REALLOCATION TOOK WALL CLOCK TIME =    0  h   0   m  0.0  s
 ALL WORK DONE

real	4m29.601s
user	2m13.567s
sys	0m1.448s
