 FOR ENERGY=           1
 MAXIMUM PROBABILITY ERROR
 B_IMP  0.000000000000000E+000
 L_ORB  0.000000000000000E+000
 R_FIN   42.4049024611104     
 PHI_FIN  0.000000000000000E+000
 PROBAB_SURV  0.995897746848764     
 ERROR_ENERG   99.9925659059821     
 ERROR_PROBAB  4.018760879631600E-008
 STATE           1
 #NTRAJECT           1
 #NPROC           0
 
 MAXIMUM ENERGY ERROR
 B_IMP  0.000000000000000E+000
 L_ORB  0.000000000000000E+000
 R_FIN   42.4049024611104     
 PHI_FIN  0.000000000000000E+000
 PROBAB_SURV  0.995897746848764     
 ERROR_ENERG   99.9925659059821     
 ERROR_PROBAB  4.018760879631600E-008
 STATE           1
 #NTRAJECT           1
 #NPROC           0
 -------------------------
