|----------------------------------------------------------|
|                      	    MQCT                           |
|          THE PROGRAM IS TO PERFORM ROTATIONALLY          |
|   AND VIBRATIONALLY INELASTIC SCATTERING CALCULATIONS.   |
|      	     TO SITE THIS WORK, PLEASE REFER TO:           |
|          A. SEMENOV, B. MANDAL, and D. BABIKOV,          |
|          COMPUTER PHYSICS COMMUNICATIONS, 2020           |
|----------------------------------------------------------|
 
THIS RUN PERFORMED ON 12/18/2022 at  12 a.m. 34 minutes, LOCAL MACHINE TIME
YOUR JOB NAME: H2O+He
 
REDUCED MASS,A.M.U.: MASS =    3.752
 
THE POTENTIAL RANGE: FROM Rmin =   3.00 TO Rmax = 42.40 BOHR
 
COLLISIONAL ENERGIES, CM-1:
E(   1)=   50.000;
 
MAX IMPACT PARAMETER IS,a.u =     20.000
ORBITAL ANGULAR MOMENTUM STEP_SIZE:=   1
 
 
ALL TRAJECTORIES WILL BE STOPPED AFTER TIME_LIMT=  0.3500E+07
 
TRAPPED TRAJECTIRY WILL STOP AFTER   1 ROUNDS AND    1 OSCILLATIONS
 
PROPAGATOR TYPE: RUNGE-KUTTA 4-TH ORDER
TIME STEP IN RUNGE-KUTTA 4TH ORDER        10.00
 
COUPLED STATES APPROXIMATION WILL BE USED
THE COLLISIONAL SYSTEM: RIGID ASYMMETRIC TOP + ATOM
ROTATIONAL CONSTANTS ARE, CM-1: A =   0.67 ; B =    0.18; C =    0.23 ;
CHANNELS ENERGIES, CM-1:
#N =           J         KA         KC          E
    1          0          0          0      0.0000000
    2          1          0          1      0.4075859
    3          1          1          1      0.8435908
INITIAL STATE IS:J =    0; KA =    0; KC =    0
 
THE POTENTIAL R-UNITS ARE ANGSTROMS
THE POTENTIAL ENERGY IS IN CM-1
 
COULPING MATRIX WILL BE COMPUTED USING NUMERICAL  INTEGRATION OF POTENTIAL OVER THE WAVEFUNCTIONS
SCATTERING CALCULATIONS WILL BE PERFORMED
 
THE SYSTEM SETUP DONE SUCCESFULLY
