STATE= 1
j12= 0
m12= 0
ENERGY#1, U(i)= 50.000 cm^-1
    B_IMPACT        L   CHANNEL=     1  CHANNEL=     2  CHANNEL=     3  
 0.00000000E+00      0  0.99589775E+00  0.46891307E-08  0.41022485E-02 
 0.56644441E+00      1  0.99594310E+00  0.46375670E-08  0.40568980E-02 
 0.11328888E+01      2  0.99603337E+00  0.45349300E-08  0.39666213E-02 
 0.16993332E+01      3  0.99616774E+00  0.43821874E-08  0.38322558E-02 
 0.22657777E+01      4  0.99634496E+00  0.41807604E-08  0.36550325E-02 
 0.28322221E+01      5  0.99656345E+00  0.39324918E-08  0.34365500E-02 
 0.33986665E+01      6  0.99682124E+00  0.36396216E-08  0.31787573E-02 
 0.39651109E+01      7  0.99711602E+00  0.33048082E-08  0.28839774E-02 
 0.45315553E+01      8  0.99744491E+00  0.29313174E-08  0.25550842E-02 
 0.50979997E+01      9  0.99780369E+00  0.25239232E-08  0.21963095E-02 
 0.56644441E+01     10  0.99818464E+00  0.20912913E-08  0.18153538E-02 
 0.62308886E+01     11  0.99858027E+00  0.16417675E-08  0.14197254E-02 
 0.67973330E+01     12  0.99898130E+00  0.11855051E-08  0.10187027E-02 
 0.73637774E+01     13  0.99937094E+00  0.74079728E-09  0.62905938E-03 
 0.79302218E+01     14  0.99971586E+00  0.34411256E-09  0.28414049E-03 
 0.84966662E+01     15  0.99995759E+00  0.58724683E-10  0.42407855E-04 
 0.90631106E+01     16  0.99994532E+00  0.48377823E-10  0.54678921E-04 
 0.96295551E+01     17  0.99913533E+00  0.90500588E-09  0.86467051E-03 
 0.10195999E+02     18  0.99911528E+00  0.95351297E-09  0.88471845E-03 
 0.10762444E+02     19  0.99989716E+00  0.11036697E-09  0.10283820E-03 
 0.11328888E+02     20  0.99997174E+00  0.30316492E-10  0.28264728E-04 
 0.11895333E+02     21  0.99999001E+00  0.10724660E-10  0.99858578E-05 
 0.12461777E+02     22  0.99999599E+00  0.43146532E-11  0.40078547E-05 
 0.13028222E+02     23  0.99999825E+00  0.18850737E-11  0.17457299E-05 
 0.13594666E+02     24  0.99999919E+00  0.87446165E-12  0.80704573E-06 
 0.14161110E+02     25  0.99999961E+00  0.42509046E-12  0.39086760E-06 
 0.14727555E+02     26  0.99999980E+00  0.21468227E-12  0.19662641E-06 
 0.15293999E+02     27  0.99999990E+00  0.11194376E-12  0.10210673E-06 
 0.15860444E+02     28  0.99999995E+00  0.59988131E-13  0.54479696E-07 
 0.16426888E+02     29  0.99999997E+00  0.32916021E-13  0.29756882E-07 
 0.16993332E+02     30  0.99999998E+00  0.18439770E-13  0.16589380E-07 
 0.17559777E+02     31  0.99999999E+00  0.10521351E-13  0.94169904E-08 
 0.18126221E+02     32  0.99999999E+00  0.61022707E-14  0.54319695E-08 
 0.18692666E+02     33  0.10000000E+01  0.35915715E-14  0.31785045E-08 
 0.19259110E+02     34  0.10000000E+01  0.21420112E-14  0.18839428E-08 
 0.19825555E+02     35  0.10000000E+01  0.12928648E-14  0.11296124E-08 
 
