|----------------------------------------------------------------------------------------------------|
|                                              MQCT_2022                                             |
|                               THE PROGRAM IS TO PERFORM ROTATIONALLY                               |
|                        AND VIBRATIONALLY INELASTIC SCATTERING CALCULATIONS.                        |
|                                 TO CITE MQCT_2022 PLEASE REFER TO:                                 |
|                        B. MANDAL, C. JOY, D. BOSTAN, A. ENG and D. BABIKOV,                        |
|                          JOURNAL OF CHEMICAL THEORY AND COMPUTATION, 2022                          |
|----------------------------------------------------------------------------------------------------|
 
THIS RUN PERFORMED ON  9/ 4/2023 at   6 p.m. 48 minutes, LOCAL MACHINE TIME
YOUR JOB NAME: CO+H2
 
REDUCED MASS,A.M.U.: MASS =    1.880
 
THE POTENTIAL RANGE: FROM Rmin =   4.00 TO Rmax = 30.00 BOHR
 
COLLISIONAL ENERGIES, CM-1:
E(   1)=   10.000;
 
MAX IMPACT PARAMETER IS,a.u =     25.000
ORBITAL ANGULAR MOMENTUM STEP_SIZE:=   1
 
 
 
TRAPPED TRAJECTIRY WILL STOP AFTER   1 ROUNDS AND    1 OSCILLATIONS
 
PROPAGATOR TYPE: RUNGE-KUTTA 4-TH ORDER
TIME STEP IN RUNGE-KUTTA 4TH ORDER        10.00
 
THE COLLISIONAL SYSTEM: VIBRATING DIATOMIC TOP + DIATOMC TOP
#1 MOLECULAR REDUCED MASS,A.M.U =    6.8571429
#2 MOLECULAR REDUCED MASS,A.M.U =    0.5000000
RMIN FOR MORSE POTENTIAL, a.u. =     1.6322     0.9011
RMAX FOR MORSE POTENTIAL, a.u. =     2.6322     1.9011
ROTATIONAL CONSTANT, CM-1, BE1 =    1.9225
DISTORTION, CM-1, DE1 =   0.0000000
VIBRATIONAL CONSTANT, CM-1, WE1 = 2169.8100
ANHARMONICITY, <1, XE1 =  13.2900000
ROTATIONAL CONSTANT, CM-1, BE2 =   59.3220
DISTORTION, CM-1, DE2 =   0.0000000
VIBRATIONAL CONSTANT, CM-1, WE2 = 4401.2100
ANHARMONICITY, <1, XE2 = 121.3400000
CHANNELS ENERGIES, CM-1:
#N =          J1         V1         J2         V2          E
    1          0          0          0          0   3251.852
    2          1          0          0          0   3255.698
    3          0          1          0          0   5395.083
    4          1          1          0          0   5398.927
 
INITIAL STATE IS:J1 =   0; V1 =   0J2 =   0; V2 =   0
 
THE POTENTIAL R-UNITS ARE BOHRS
THE POTENTIAL ENERGY IS IN HARTREE
 
COULPING MATRIX WILL BE COMPUTED USING NUMERICAL   INTEGRATION OF POTENTIAL OVER THE WAVEFUNCTIONS
NUMBER OF THETA-GRID OF #1 MOLECULE POINTS IS N_THETHA1 =   5
NUMBER OF THETA-GRID OF #2 MOLECULE POINTS IS N_THETHA2 =   5
NUMBER OF PHI-GRID OF  MOLECULES POINTS IS N_PHI =   5
NUMBER OF R_VIB-GRID OF #1 MOLECULE POINTS IS N_VIB =  10
NUMBER OF R_VIB-GRID OF #2 MOLECULE POINTS IS N_VIB =  10
 
THE SYSTEM SETUP DONE SUCCESFULLY
