 R1(i),J1(i)
   1.68220000000000       0.100000000000000     
   1.78220000000000       0.100000000000000     
   1.88220000000000       0.100000000000000     
   1.98220000000000       0.100000000000000     
   2.08220000000000       0.100000000000000     
   2.18220000000000       0.100000000000000     
   2.28220000000000       0.100000000000000     
   2.38220000000000       0.100000000000000     
   2.48220000000000       0.100000000000000     
   2.58220000000000       0.100000000000000     
 R2(i),J2(i)
  0.951100000000000       0.100000000000000     
   1.05110000000000       0.100000000000000     
   1.15110000000000       0.100000000000000     
   1.25110000000000       0.100000000000000     
   1.35110000000000       0.100000000000000     
   1.45110000000000       0.100000000000000     
   1.55110000000000       0.100000000000000     
   1.65110000000000       0.100000000000000     
   1.75110000000000       0.100000000000000     
   1.85110000000000       0.100000000000000     
 WAVEFUNCTIONS ARE LISTED BELOW
 MOLECULE#1,CHANNEL=           1
  3.383943896744562E-007
  2.376006283320445E-004
  2.459471610578647E-002
  0.468446928380943     
   1.99716758320965     
   2.26653286787036     
  0.798083278790163     
  9.984226371327595E-002
  5.002532630395288E-003
  1.116042178072026E-004
 
 MOLECULE#1,CHANNEL=           2
  3.383943896744562E-007
  2.376006283320445E-004
  2.459471610578647E-002
  0.468446928380943     
   1.99716758320965     
   2.26653286787036     
  0.798083278790163     
  9.984226371327595E-002
  5.002532630395288E-003
  1.116042178072026E-004
 
 MOLECULE#1,CHANNEL=           3
 -1.865663634930045E-006
 -1.087647557913620E-003
 -8.656046335435726E-002
  -1.08809795775615     
  -1.93605559532596     
   1.27191036353599     
   1.82931401462486     
  0.424302552625693     
  3.233450044761957E-002
  1.000797749409281E-003
 
 MOLECULE#1,CHANNEL=           4
 -1.865663634930045E-006
 -1.087647557913620E-003
 -8.656046335435726E-002
  -1.08809795775615     
  -1.93605559532596     
   1.27191036353599     
   1.82931401462486     
  0.424302552625693     
  3.233450044761957E-002
  1.000797749409281E-003
 
 MOLECULE#2,CHANNEL=           1
  0.107626870279899     
  0.297303494211807     
  0.629343453037178     
   1.04718795434859     
   1.40151261669112     
   1.54041322202600     
   1.41682097593879     
   1.10922478105975     
  0.750644883267053     
  0.445251124366650     
 
 MOLECULE#2,CHANNEL=           2
  0.107626870279899     
  0.297303494211807     
  0.629343453037178     
   1.04718795434859     
   1.40151261669112     
   1.54041322202600     
   1.41682097593879     
   1.10922478105975     
  0.750644883267053     
  0.445251124366650     
 
 MOLECULE#2,CHANNEL=           3
  0.107626870279899     
  0.297303494211807     
  0.629343453037178     
   1.04718795434859     
   1.40151261669112     
   1.54041322202600     
   1.41682097593879     
   1.10922478105975     
  0.750644883267053     
  0.445251124366650     
 
 MOLECULE#2,CHANNEL=           4
  0.107626870279899     
  0.297303494211807     
  0.629343453037178     
   1.04718795434859     
   1.40151261669112     
   1.54041322202600     
   1.41682097593879     
   1.10922478105975     
  0.750644883267053     
  0.445251124366650     
 
