Loading openmpi-geib-cuda10.2-intel/4.0.5
  Loading requirement: hpcx/2.10 intel/psxe/intel64/2020.4
    cuda10.2/toolkit/10.2.89
 MPI INITIALIZED
 PARSERING OF USER INPUT
 Molecule #1
 Equilibrium bond distance is not specified in the input
 Equilibrium bond distance:   2.13693044538053      a.u.
 Molecule #2
 Equilibrium bond distance is not specified in the input
 Equilibrium bond distance:   1.42463058904386      a.u.
 ARRAY_INI_STARTED
 STATES_SIZE_FOUND           8
 number_of_channels           4
 jmax_included           1
 BASIS ARRAYS CREATED
ARRAYS ALLOCATION TOOK TIME, s =             0.000
 TOTAL_SIZE_OF_M =           16
 Matrix Info Reading Started
 Current size of the non-zero Matrix =           16
 MPI TASK PER TRAJECTORY WILL BE USED
MPI TASKS WHICH ARE ASSOCIATED WITH ONE TRAJECTORY =     1
 Mij ROOT PROC DISTRIBUTION STARTED
 Parallel Matrix Reading Started
 Matrix Reading Finished
 Mij_Splining_Started
 Mij_Splining_finished
 Mij ROOT PROC DISTRIBUTION DONE
 Mij ALL PROC DISTRIBUTION STARTED
 Mij ALL PROC DISTRIBUTION DONE
 MPI_COMMUNICATORS_CREATION STARTED
 MPI_COMMUNICATORS_CREATION DONE
  
 SCATTERING CALCULATIONS STARTED
 NUMBER OF TRAJECTORIES PER PROC_GROUP MIN           4
TOTAL J RANGE: FROM    0 TO  139
TOTAL L RANGE: FROM    0 TO  139
 NUMBER OF TRAJECTORIES PER PROC_GROUP MAX           5
 TOTAL NUMBER OF TRAJECTORIES          47
TIME IT TOOK TO SETUP ARRAYS, s     0
CALCULATIONS START FOR M =    0
TRAJECTORY DONE FOR L=     4 TIME_SPENT=        0.099 SEC.
TRAJECTORY DONE FOR L=     7 TIME_SPENT=        0.100 SEC.
TRAJECTORY DONE FOR L=     1 TIME_SPENT=        0.099 SEC.
TRAJECTORY DONE FOR L=    10 TIME_SPENT=        0.101 SEC.
TRAJECTORY DONE FOR L=    25 TIME_SPENT=        0.101 SEC.
TRAJECTORY DONE FOR L=    13 TIME_SPENT=        0.101 SEC.
TRAJECTORY DONE FOR L=    16 TIME_SPENT=        0.102 SEC.
TRAJECTORY DONE FOR L=    28 TIME_SPENT=        0.103 SEC.
TRAJECTORY DONE FOR L=    19 TIME_SPENT=        0.103 SEC.
TRAJECTORY DONE FOR L=    22 TIME_SPENT=        0.104 SEC.
TRAJECTORY DONE FOR L=    31 TIME_SPENT=        0.104 SEC.
TRAJECTORY DONE FOR L=    34 TIME_SPENT=        0.106 SEC.
TRAJECTORY DONE FOR L=    37 TIME_SPENT=        0.108 SEC.
TRAJECTORY DONE FOR L=    40 TIME_SPENT=        0.111 SEC.
TRAJECTORY DONE FOR L=    58 TIME_SPENT=        0.111 SEC.
TRAJECTORY DONE FOR L=    55 TIME_SPENT=        0.112 SEC.
TRAJECTORY DONE FOR L=    43 TIME_SPENT=        0.115 SEC.
TRAJECTORY DONE FOR L=    46 TIME_SPENT=        0.117 SEC.
TRAJECTORY DONE FOR L=    52 TIME_SPENT=        0.116 SEC.
TRAJECTORY DONE FOR L=    49 TIME_SPENT=        0.117 SEC.
TRAJECTORY DONE FOR L=    88 TIME_SPENT=        0.097 SEC.
TRAJECTORY DONE FOR L=    85 TIME_SPENT=        0.098 SEC.
TRAJECTORY DONE FOR L=    64 TIME_SPENT=        0.107 SEC.
TRAJECTORY DONE FOR L=    67 TIME_SPENT=        0.106 SEC.
TRAJECTORY DONE FOR L=    61 TIME_SPENT=        0.110 SEC.
TRAJECTORY DONE FOR L=    70 TIME_SPENT=        0.105 SEC.
TRAJECTORY DONE FOR L=    73 TIME_SPENT=        0.104 SEC.
TRAJECTORY DONE FOR L=    82 TIME_SPENT=        0.100 SEC.
TRAJECTORY DONE FOR L=    79 TIME_SPENT=        0.101 SEC.
TRAJECTORY DONE FOR L=    76 TIME_SPENT=        0.102 SEC.
TRAJECTORY DONE FOR L=   118 TIME_SPENT=        0.082 SEC.
TRAJECTORY DONE FOR L=   115 TIME_SPENT=        0.085 SEC.
TRAJECTORY DONE FOR L=   112 TIME_SPENT=        0.088 SEC.
TRAJECTORY DONE FOR L=    94 TIME_SPENT=        0.097 SEC.
TRAJECTORY DONE FOR L=    97 TIME_SPENT=        0.096 SEC.
TRAJECTORY DONE FOR L=   109 TIME_SPENT=        0.089 SEC.
TRAJECTORY DONE FOR L=   100 TIME_SPENT=        0.094 SEC.
TRAJECTORY DONE FOR L=   103 TIME_SPENT=        0.093 SEC.
TRAJECTORY DONE FOR L=   106 TIME_SPENT=        0.091 SEC.
TRAJECTORY DONE FOR L=    91 TIME_SPENT=        0.099 SEC.
TRAJECTORY DONE FOR L=   139 TIME_SPENT=        0.065 SEC.
TRAJECTORY DONE FOR L=   136 TIME_SPENT=        0.068 SEC.
TRAJECTORY DONE FOR L=   133 TIME_SPENT=        0.071 SEC.
TRAJECTORY DONE FOR L=   130 TIME_SPENT=        0.074 SEC.
TRAJECTORY DONE FOR L=   127 TIME_SPENT=        0.076 SEC.
TRAJECTORY DONE FOR L=   124 TIME_SPENT=        0.078 SEC.
TRAJECTORY DONE FOR L=   121 TIME_SPENT=        0.081 SEC.
ALL TRAJECTORIES DONE FOR ENER_NUM =   1 AND M12 =    0  J12=     0
TIME IT TOOK TO PROPOGATE,s          0
 DATA FROM ALL TRAJECTORIES GATHERED
 INELASTIC CROSS SECTION CALCULATED FOR M           0
  
 CROSS SECTION CALCULATED FOR ENERGY=           1
  
 Trajectory Propagation Time:  0.565564273000000     
  
TOTAL TIME SPENT ON PROPAGATION,sec =  5.690
THE AVERAGE TIME PER MPI TASK SPENT ON PROPAGATION =    0  h   0   m  0.6  s
TIME SPENT ON INITIALIZATION TOOK WALL CLOCK TIME =    0  h   0   m  0.1  s
TIME SPENT ON MIJ.DAT READING TOOK WALL CLOCK TIME =    0  h   0   m  0.0  s
TIME SPENT ON MIJ DISTRIBUTION TOOK WALL CLOCK TIME =    0  h   0   m  0.1  s
TIME SPENT ON MIJ REALLOCATION TOOK WALL CLOCK TIME =    0  h   0   m  0.0  s
 ALL WORK DONE

real	0m1.634s
user	0m6.594s
sys	0m2.874s
