B_IMPACT            L      DEF_FUNCTION  CHANNEL=     1  CHANNEL=     2  CHANNEL=     3  CHANNEL=     4  
 0.00000000E+00      0       3.1132      0.99999752E+00  0.30214297E-09  0.24838851E-05  0.95013658E-13 
 0.17893078E+00      1       3.0399      0.99999759E+00  0.29247194E-09  0.24051515E-05  0.91908955E-13 
 0.35786156E+00      2       2.9663      0.99999766E+00  0.28460632E-09  0.23408646E-05  0.89365833E-13 
 0.53679234E+00      3       2.8927      0.99999772E+00  0.27674070E-09  0.22765776E-05  0.86822710E-13 
 0.71572311E+00      4       2.8194      0.99999780E+00  0.26706966E-09  0.21978440E-05  0.83718007E-13 
 0.89465389E+00      5       2.7465      0.99999791E+00  0.25423402E-09  0.20938511E-05  0.79633409E-13 
 0.10735847E+01      6       2.6738      0.99999803E+00  0.23865956E-09  0.19683227E-05  0.74723664E-13 
 0.12525154E+01      7       2.6011      0.99999817E+00  0.22121828E-09  0.18286166E-05  0.69286784E-13 
 0.14314462E+01      8       2.5280      0.99999832E+00  0.20268014E-09  0.16812363E-05  0.63585349E-13 
 0.16103770E+01      9       2.4547      0.99999847E+00  0.18340670E-09  0.15292686E-05  0.57740206E-13 
 0.17893078E+01     10       2.3810      0.99999862E+00  0.16365748E-09  0.13749459E-05  0.51836768E-13 
 0.19682386E+01     11       2.3070      0.99999878E+00  0.14371775E-09  0.12206041E-05  0.45960833E-13 
 0.21471693E+01     12       2.2326      0.99999893E+00  0.12397592E-09  0.10689924E-05  0.40199741E-13 
 0.23261001E+01     13       2.1578      0.99999908E+00  0.10484615E-09  0.92296293E-06  0.34641216E-13 
 0.25050309E+01     14       2.0826      0.99999921E+00  0.86716973E-10  0.78513044E-06  0.29370962E-13 
 0.26839617E+01     15       2.0068      0.99999934E+00  0.69874248E-10  0.65715835E-06  0.24466606E-13 
 0.28628925E+01     16       1.9304      0.99999946E+00  0.54578184E-10  0.54047230E-06  0.20003754E-13 
 0.30418232E+01     17       1.8535      0.99999956E+00  0.41059746E-10  0.43630780E-06  0.16047242E-13 
 0.32207540E+01     18       1.7758      0.99999965E+00  0.29432930E-10  0.34513968E-06  0.12618825E-13 
 0.33996848E+01     19       1.6975      0.99999973E+00  0.19782490E-10  0.26725261E-06  0.97294912E-14 
 0.35786156E+01     20       1.6184      0.99999980E+00  0.12161685E-10  0.20263989E-06  0.73745106E-14 
 0.37575463E+01     21       1.5384      0.99999985E+00  0.64978011E-11  0.15012916E-06  0.54862965E-14 
 0.39364771E+01     22       1.4575      0.99999989E+00  0.26866283E-11  0.10825667E-06  0.39815471E-14 
 0.41154079E+01     23       1.3757      0.99999992E+00  0.60007026E-12  0.75598679E-07  0.27864583E-14 
 0.42943387E+01     24       1.2928      0.99999995E+00  0.14481669E-13  0.50891356E-07  0.18652172E-14 
 0.44732695E+01     25       1.2089      0.99999997E+00  0.68233007E-12  0.32910866E-07  0.11915089E-14 
 0.46522002E+01     26       1.1237      0.99999998E+00  0.23468837E-11  0.20431165E-07  0.73422137E-15 
 0.48311310E+01     27       1.0373      0.99999999E+00  0.47146139E-11  0.12217362E-07  0.44305497E-15 
 0.50100618E+01     28       0.9495      0.99999999E+00  0.74827927E-11  0.70323566E-08  0.26291318E-15 
 0.51889926E+01     29       0.8602      0.10000000E+01  0.10359494E-10  0.37706911E-08  0.14587177E-15 
 0.53679234E+01     30       0.7695      0.10000000E+01  0.13096001E-10  0.18534848E-08  0.72695628E-16 
 0.55468541E+01     31       0.6771      0.10000000E+01  0.15454397E-10  0.83350077E-09  0.31321961E-16 
 0.57257849E+01     32       0.5831      0.10000000E+01  0.17224617E-10  0.31371763E-09  0.10583756E-16 
 0.59047157E+01     33       0.4874      0.10000000E+01  0.18307989E-10  0.97975785E-10  0.28971967E-17 
 0.60836465E+01     34       0.3900      0.10000000E+01  0.18633692E-10  0.40331175E-10  0.15742611E-17 
 0.62625772E+01     35       0.2909      0.10000000E+01  0.18163691E-10  0.18694224E-10  0.10794892E-17 
 0.64415080E+01     36       0.1903      0.10000000E+01  0.16991096E-10  0.63933380E-11  0.48766101E-18 
 0.66204388E+01     37       0.0883      0.10000000E+01  0.15241808E-10  0.61141854E-12  0.26116195E-19 
 0.67993696E+01     38      -0.0146      0.10000000E+01  0.13057538E-10 -0.12537415E-11 -0.14063274E-18 
 0.69783004E+01     39      -0.1177      0.10000000E+01  0.10643264E-10 -0.94478499E-12 -0.99382815E-19 
 0.71572311E+01     40      -0.2199      0.10000000E+01  0.82197770E-11  0.10536504E-13  0.24160344E-21 
 0.73361619E+01     41      -0.3199      0.10000000E+01  0.59865852E-11  0.40093487E-12  0.39983122E-19 
 0.75150927E+01     42      -0.4144      0.10000000E+01  0.40580656E-11  0.28097663E-12  0.27052284E-19 
 0.76940235E+01     43      -0.4997      0.10000000E+01  0.25273119E-11  0.21691939E-13  0.26618447E-22 
 0.78729542E+01     44      -0.5720      0.10000000E+01  0.14546052E-11 -0.84006646E-13 -0.10670270E-19 
 0.80518850E+01     45      -0.6268      0.10000000E+01  0.76897631E-12 -0.55676914E-13 -0.72304684E-20 
 0.82308158E+01     46      -0.6593      0.10000000E+01  0.36664350E-12  0.90057512E-14  0.14186309E-25 
 0.84097466E+01     47      -0.6665      0.10000000E+01  0.15150013E-12  0.33012315E-13  0.28612677E-20 
 0.85886774E+01     48      -0.6521      0.10000000E+01  0.58140492E-13  0.21899137E-13  0.19377819E-20 
 0.87676081E+01     49      -0.6215      0.10000000E+01  0.28834068E-13  0.18689246E-14  0.14625861E-24 
 0.89465389E+01     50      -0.5799      0.10000000E+01  0.15267111E-13 -0.64420046E-14 -0.76653967E-21 
 0.91254697E+01     51      -0.5322      0.10000000E+01  0.67929124E-14 -0.46629004E-14 -0.51913593E-21 
 0.93044005E+01     52      -0.4830      0.10000000E+01  0.21815232E-14  0.10596377E-16  0.74591625E-26 
 0.94833313E+01     53      -0.4364      0.10000000E+01  0.23972787E-15  0.18851179E-14  0.20541589E-21 
 0.96622620E+01     54      -0.3933      0.10000000E+01 -0.78757687E-16  0.12763884E-14  0.13911632E-21 
 0.98411928E+01     55      -0.3540      0.10000000E+01  0.21651535E-15  0.24051385E-17  0.11056801E-25 
 0.10020124E+02     56      -0.3185      0.10000000E+01  0.31372101E-15 -0.50286812E-15 -0.55030288E-22 
 0.10199054E+02     57      -0.2867      0.10000000E+01  0.19193419E-15 -0.34160178E-15 -0.37269053E-22 
 0.10377985E+02     58      -0.2583      0.10000000E+01  0.27955013E-16  0.26491545E-21  0.69101316E-27 
 0.10556916E+02     59      -0.2330      0.10000000E+01 -0.40174524E-16  0.13818045E-15  0.14747123E-22 
 0.10735847E+02     60      -0.2104      0.10000000E+01 -0.29444893E-16  0.98966690E-16  0.99874143E-23 
 0.10914777E+02     61      -0.1903      0.10000000E+01  0.43953163E-17  0.10833230E-16  0.98320889E-27 
 0.11093708E+02     62      -0.1723      0.10000000E+01  0.17216158E-16 -0.24804943E-16 -0.39503429E-23 
 0.11272639E+02     63      -0.1562      0.10000000E+01  0.11362263E-16 -0.14769957E-16 -0.26751043E-23 
 0.11451570E+02     64      -0.1418      0.10000000E+01  0.79690706E-18  0.70567811E-17  0.56686014E-27 
 0.11630501E+02     65      -0.1288      0.10000000E+01 -0.34907759E-17  0.14057787E-16  0.10591039E-23 
 0.11809431E+02     66      -0.1171      0.10000000E+01 -0.24082182E-17  0.86712609E-17  0.71720235E-24 
 0.11988362E+02     67      -0.1066      0.10000000E+01  0.16300661E-18  0.59932638E-18  0.12321839E-27 
 0.12167293E+02     68      -0.0971      0.10000000E+01  0.11577422E-17 -0.25615899E-17 -0.28354623E-24 
 0.12346224E+02     69      -0.0886      0.10000000E+01  0.77650242E-18 -0.16378449E-17 -0.19191375E-24 
 0.12525154E+02     70      -0.0808      0.10000000E+01  0.36218274E-19  0.43850868E-18  0.23914169E-27 
 0.12704085E+02     71      -0.0738      0.10000000E+01 -0.26180696E-18  0.13435054E-17  0.76205519E-25 
 0.12883016E+02     72      -0.0674      0.10000000E+01 -0.17878183E-18  0.11855290E-17  0.51576732E-25 
 0.13061947E+02     73      -0.0616      0.10000000E+01  0.84571697E-20  0.68105078E-18  0.18711730E-28 
 0.13240878E+02     74      -0.0563      0.10000000E+01  0.81413688E-19  0.39709321E-18 -0.20372458E-25 
 0.13419808E+02     75      -0.0516      0.10000000E+01  0.54951908E-19  0.30288466E-18 -0.13780067E-25 
 0.13598739E+02     76      -0.0472      0.10000000E+01  0.22761470E-20  0.21820487E-18  0.42750585E-28 
 0.13777670E+02     77      -0.0432      0.10000000E+01 -0.18907830E-19  0.30587831E-19  0.55165067E-26 
 0.13956601E+02     78      -0.0396      0.10000000E+01 -0.12888469E-19 -0.10141567E-18  0.37562926E-26 
 0.14135531E+02     79      -0.0363      0.10000000E+01  0.54723262E-21  0.48499373E-19  0.50844472E-28 
 0.14314462E+02     80      -0.0333      0.10000000E+01  0.57845366E-20  0.59903133E-18 -0.14271774E-26 
 0.14493393E+02     81      -0.0305      0.10000000E+01  0.38977507E-20  0.12384520E-17 -0.96941808E-27 
 0.14672324E+02     82      -0.0280      0.10000000E+01  0.13344328E-21  0.15474267E-17  0.16401207E-28 
 0.14851255E+02     83      -0.0256      0.10000000E+01 -0.13730206E-20  0.12463119E-17  0.41854154E-27 
 0.15030185E+02     84      -0.0235      0.10000000E+01 -0.93109089E-21  0.61423024E-18  0.30919338E-27 
 0.15209116E+02     85      -0.0216      0.10000000E+01  0.38579047E-22  0.69995481E-19  0.56529565E-28 
 0.15388047E+02     86      -0.0198      0.10000000E+01  0.41527678E-21 -0.72897153E-19 -0.48550950E-28 
 0.15566978E+02     87      -0.0182      0.10000000E+01  0.27805419E-21  0.77772684E-19 -0.24244650E-28 
 0.15745908E+02     88      -0.0167      0.10000000E+01  0.59042365E-23  0.30890662E-18  0.33978114E-28 
 0.15924839E+02     89      -0.0153      0.10000000E+01 -0.10250324E-21  0.44801809E-18  0.51337613E-28 
 0.16103770E+02     90      -0.0141      0.10000000E+01 -0.69790743E-22  0.48506764E-18  0.35816587E-28 
 0.16282701E+02     91      -0.0129      0.10000000E+01  0.10960978E-23  0.45062761E-18  0.16088395E-28 
 0.16461632E+02     92      -0.0119      0.10000000E+01  0.28942211E-22  0.37333577E-18  0.14199213E-28 
 0.16640562E+02     93      -0.0109      0.10000000E+01  0.19454689E-22  0.27409152E-18  0.25686482E-28 
 0.16819493E+02     94      -0.0100      0.10000000E+01  0.71163717E-25  0.17185968E-18  0.39460457E-28 
 0.16998424E+02     95      -0.0092      0.10000000E+01 -0.75734588E-23  0.87371156E-19  0.46652009E-28 
 0.17177355E+02     96      -0.0084      0.10000000E+01 -0.50551783E-23  0.48421217E-19  0.47274458E-28 
 0.17356285E+02     97      -0.0078      0.10000000E+01  0.24727886E-24  0.84571211E-19  0.43561741E-28 
 0.17535216E+02     98      -0.0071      0.10000000E+01  0.25022567E-23  0.20996047E-18  0.37476931E-28 
 0.17714147E+02     99      -0.0065      0.10000000E+01  0.20663804E-23  0.37704021E-18  0.29899660E-28 
 0.17893078E+02    100      -0.0060      0.10000000E+01  0.84334526E-24  0.52283963E-18  0.21438700E-28 
 0.18072009E+02    101      -0.0055      0.10000000E+01  0.33448607E-24  0.59781751E-18  0.13014603E-28 
 0.18250939E+02    102      -0.0051      0.10000000E+01  0.43169463E-24  0.60615090E-18  0.67950464E-29 
 0.18429870E+02    103      -0.0047      0.10000000E+01  0.62450206E-24  0.56544642E-18  0.52594875E-29 
 0.18608801E+02    104      -0.0043      0.10000000E+01  0.52913618E-24  0.49263075E-18  0.98523706E-29 
 0.18787732E+02    105      -0.0039      0.10000000E+01  0.26861162E-24  0.40191077E-18  0.17878085E-28 
 0.18966663E+02    106      -0.0036      0.10000000E+01  0.92639727E-25  0.30681344E-18  0.25606005E-28 
 0.19145593E+02    107      -0.0033      0.10000000E+01  0.17862275E-24  0.21921839E-18  0.30161910E-28 
 0.19324524E+02    108      -0.0030      0.10000000E+01  0.41472663E-24  0.14441607E-18  0.32097197E-28 
 0.19503455E+02    109      -0.0028      0.10000000E+01  0.61680822E-24  0.86049617E-19  0.32819665E-28 
 0.19682386E+02    110      -0.0026      0.10000000E+01  0.64507020E-24  0.46392740E-19  0.33363279E-28 
 0.19861316E+02    111      -0.0024      0.10000000E+01  0.53709863E-24  0.22241452E-19  0.33266671E-28 
 0.20040247E+02    112      -0.0022      0.10000000E+01  0.37482538E-24  0.90223387E-20  0.31694634E-28 
 0.20219178E+02    113      -0.0020      0.10000000E+01  0.22650115E-24  0.25611142E-20  0.28247504E-28 
 0.20398109E+02    114      -0.0018      0.10000000E+01  0.10565178E-24  0.28001607E-21  0.24267781E-28 
 0.20577040E+02    115      -0.0017      0.10000000E+01  0.12121944E-25  0.41249062E-24  0.21533504E-28 
 0.20755970E+02    116      -0.0015      0.10000000E+01 -0.24400843E-25 -0.59671288E-22  0.21341279E-28 
 0.20934901E+02    117      -0.0014      0.10000000E+01  0.14514239E-24 -0.95580640E-22  0.23061982E-28 
 0.21113832E+02    118      -0.0013      0.10000000E+01  0.69965347E-24  0.93996381E-22  0.25585057E-28 
 0.21292763E+02    119      -0.0012      0.10000000E+01  0.17044709E-23  0.11332969E-20  0.27823061E-28 
 0.21471693E+02    120      -0.0011      0.10000000E+01  0.27706797E-23  0.53382586E-20  0.28780999E-28 
 0.21650624E+02    121      -0.0010      0.10000000E+01  0.33958018E-23  0.15447744E-19  0.27486990E-28 
 0.21829555E+02    122      -0.0009      0.10000000E+01  0.32450383E-23  0.34184598E-19  0.23491213E-28 
 0.22008486E+02    123      -0.0008      0.10000000E+01  0.26543088E-23  0.64207586E-19  0.18432086E-28 
 0.22187417E+02    124      -0.0008      0.10000000E+01  0.21272120E-23  0.10815946E-18  0.14470093E-28 
 0.22366347E+02    125      -0.0007      0.10000000E+01  0.20341432E-23  0.16685575E-18  0.13230191E-28 
 0.22545278E+02    126      -0.0007      0.10000000E+01  0.22126811E-23  0.23380320E-18  0.14195259E-28 
 0.22724209E+02    127      -0.0006      0.10000000E+01  0.23672011E-23  0.30068133E-18  0.16312651E-28 
 0.22903140E+02    128      -0.0006      0.10000000E+01  0.22859735E-23  0.35645216E-18  0.18673940E-28 
 0.23082070E+02    129      -0.0005      0.10000000E+01  0.20928508E-23  0.37920776E-18  0.20947566E-28 
 0.23261001E+02    130      -0.0005      0.10000000E+01  0.19955809E-23  0.34432270E-18  0.22946184E-28 
 0.23439932E+02    131      -0.0004      0.10000000E+01  0.21511889E-23  0.24185266E-18  0.24618477E-28 
 0.23618863E+02    132      -0.0004      0.10000000E+01  0.25138081E-23  0.12057771E-18  0.26457238E-28 
 0.23797794E+02    133      -0.0004      0.10000000E+01  0.29868487E-23  0.43959017E-19  0.29091287E-28 
 0.23976724E+02    134      -0.0003      0.10000000E+01  0.34620874E-23  0.55387963E-19  0.32699691E-28 
 0.24155655E+02    135      -0.0003      0.10000000E+01  0.37847653E-23  0.11797668E-18  0.35662509E-28 
 0.24334586E+02    136      -0.0003      0.10000000E+01  0.37884899E-23  0.17476749E-18  0.35910046E-28 
 0.24513517E+02    137      -0.0003      0.10000000E+01  0.33750462E-23  0.18352530E-18  0.32116305E-28 
 0.24692447E+02    138      -0.0002      0.10000000E+01  0.27189295E-23  0.16090532E-18  0.25930077E-28 
 0.24871378E+02    139      -0.0002      0.10000000E+01  0.20628127E-23  0.13828534E-18  0.19743848E-28 
 
