 FOR ENERGY=           1
 MAXIMUM PROBABILITY ERROR
 B_IMP  0.253046333453888     
 L_ORB   1.00000000000000     
 R_FIN   30.0080754980481     
 PHI_FIN  8.487392491777179E-002
 PROBAB_SURV  0.999997594273725     
 ERROR_ENERG  2.352249053015883E-006
 ERROR_PROBAB  4.730477121128729E-007
 STATE           1
 #NTRAJECT           1
 #NPROC           0
 
 MAXIMUM ENERGY ERROR
 B_IMP  0.253046333453888     
 L_ORB   1.00000000000000     
 R_FIN   30.0080754980481     
 PHI_FIN  8.487392491777179E-002
 PROBAB_SURV  0.999997594273725     
 ERROR_ENERG  2.352249053015883E-006
 ERROR_PROBAB  4.730477121128729E-007
 STATE           1
 #NTRAJECT           1
 #NPROC           0
 -------------------------
