STATE= 1
j12= 0
m12= 0
ENERGY#1, U(i)= 1000.000 cm^-1
B_IMPACT            L      CHANNEL=     1 CHANNEL=     2 CHANNEL=     3 CHANNEL=     4 
 0.17893078E+00      1  0.99999759E+00  0.29247194E-09  0.24051515E-05  0.91908955E-13 
 0.71572311E+00      4  0.99999780E+00  0.26706966E-09  0.21978440E-05  0.83718007E-13 
 0.12525154E+01      7  0.99999817E+00  0.22121828E-09  0.18286166E-05  0.69286784E-13 
 0.17893078E+01     10  0.99999862E+00  0.16365748E-09  0.13749459E-05  0.51836768E-13 
 0.23261001E+01     13  0.99999908E+00  0.10484615E-09  0.92296293E-06  0.34641216E-13 
 0.28628925E+01     16  0.99999946E+00  0.54578184E-10  0.54047230E-06  0.20003754E-13 
 0.33996848E+01     19  0.99999973E+00  0.19782490E-10  0.26725261E-06  0.97294912E-14 
 0.39364771E+01     22  0.99999989E+00  0.26866283E-11  0.10825667E-06  0.39815471E-14 
 0.44732695E+01     25  0.99999997E+00  0.68233007E-12  0.32910866E-07  0.11915089E-14 
 0.50100618E+01     28  0.99999999E+00  0.74827927E-11  0.70323566E-08  0.26291318E-15 
 0.55468541E+01     31  0.10000000E+01  0.15454397E-10  0.83350077E-09  0.31321961E-16 
 0.60836465E+01     34  0.10000000E+01  0.18633692E-10  0.40331175E-10  0.15742611E-17 
 0.66204388E+01     37  0.10000000E+01  0.15241808E-10  0.61141854E-12  0.26116195E-19 
 0.71572311E+01     40  0.10000000E+01  0.82197770E-11  0.10536504E-13  0.24160344E-21 
 0.76940235E+01     43  0.10000000E+01  0.25273119E-11  0.21691939E-13  0.26618447E-22 
 0.82308158E+01     46  0.10000000E+01  0.36664350E-12  0.90057512E-14  0.14186309E-25 
 0.87676081E+01     49  0.10000000E+01  0.28834068E-13  0.18689246E-14  0.14625861E-24 
 0.93044005E+01     52  0.10000000E+01  0.21815232E-14  0.10596377E-16  0.74591625E-26 
 0.98411928E+01     55  0.10000000E+01  0.21651535E-15  0.24051385E-17  0.11056801E-25 
 0.10377985E+02     58  0.10000000E+01  0.27955013E-16  0.26491545E-21  0.69101316E-27 
 0.10914777E+02     61  0.10000000E+01  0.43953163E-17  0.10833230E-16  0.98320889E-27 
 0.11451570E+02     64  0.10000000E+01  0.79690706E-18  0.70567811E-17  0.56686014E-27 
 0.11988362E+02     67  0.10000000E+01  0.16300661E-18  0.59932638E-18  0.12321839E-27 
 0.12525154E+02     70  0.10000000E+01  0.36218274E-19  0.43850868E-18  0.23914169E-27 
 0.13061947E+02     73  0.10000000E+01  0.84571697E-20  0.68105078E-18  0.18711730E-28 
 0.13598739E+02     76  0.10000000E+01  0.22761470E-20  0.21820487E-18  0.42750585E-28 
 0.14135531E+02     79  0.10000000E+01  0.54723262E-21  0.48499373E-19  0.50844472E-28 
 0.14672324E+02     82  0.10000000E+01  0.13344328E-21  0.15474267E-17  0.16401207E-28 
 0.15209116E+02     85  0.10000000E+01  0.38579047E-22  0.69995481E-19  0.56529565E-28 
 0.15745908E+02     88  0.10000000E+01  0.59042365E-23  0.30890662E-18  0.33978114E-28 
 0.16282701E+02     91  0.10000000E+01  0.10960978E-23  0.45062761E-18  0.16088395E-28 
 0.16819493E+02     94  0.10000000E+01  0.71163717E-25  0.17185968E-18  0.39460457E-28 
 0.17356285E+02     97  0.10000000E+01  0.24727886E-24  0.84571211E-19  0.43561741E-28 
 0.17893078E+02    100  0.10000000E+01  0.84334526E-24  0.52283963E-18  0.21438700E-28 
 0.18429870E+02    103  0.10000000E+01  0.62450206E-24  0.56544642E-18  0.52594875E-29 
 0.18966663E+02    106  0.10000000E+01  0.92639727E-25  0.30681344E-18  0.25606005E-28 
 0.19503455E+02    109  0.10000000E+01  0.61680822E-24  0.86049617E-19  0.32819665E-28 
 0.20040247E+02    112  0.10000000E+01  0.37482538E-24  0.90223387E-20  0.31694634E-28 
 0.20577040E+02    115  0.10000000E+01  0.12121944E-25  0.41249062E-24  0.21533504E-28 
 0.21113832E+02    118  0.10000000E+01  0.69965347E-24  0.93996381E-22  0.25585057E-28 
 0.21650624E+02    121  0.10000000E+01  0.33958018E-23  0.15447744E-19  0.27486990E-28 
 0.22187417E+02    124  0.10000000E+01  0.21272120E-23  0.10815946E-18  0.14470093E-28 
 0.22724209E+02    127  0.10000000E+01  0.23672011E-23  0.30068133E-18  0.16312651E-28 
 0.23261001E+02    130  0.10000000E+01  0.19955809E-23  0.34432270E-18  0.22946184E-28 
 0.23797794E+02    133  0.10000000E+01  0.29868487E-23  0.43959017E-19  0.29091287E-28 
 0.24334586E+02    136  0.10000000E+01  0.37884899E-23  0.17476749E-18  0.35910046E-28 
 0.24871378E+02    139  0.10000000E+01  0.20628127E-23  0.13828534E-18  0.19743848E-28 
 
