STATE= 1
j12= 0
m12= 0
ENERGY#1, U(i)= 1000.000 cm^-1
J_TOTAL     CHANNEL=  1  CHANNEL=  2  CHANNEL=  3  CHANNEL=  4  
    0    0.28166E-01  0.82377E-11  0.67743E-07  0.25887E-14 
    1    0.84497E-01  0.24713E-10  0.20323E-06  0.77661E-14 
    2    0.14083E+00  0.41189E-10  0.33872E-06  0.12943E-13 
    3    0.19716E+00  0.52656E-10  0.43333E-06  0.16506E-13 
    4    0.25349E+00  0.67700E-10  0.55714E-06  0.21222E-13 
    5    0.30982E+00  0.82745E-10  0.68094E-06  0.25938E-13 
    6    0.36615E+00  0.81000E-10  0.66956E-06  0.25370E-13 
    7    0.42249E+00  0.93462E-10  0.77257E-06  0.29273E-13 
    8    0.47882E+00  0.10592E-09  0.87558E-06  0.33176E-13 
    9    0.53515E+00  0.87581E-10  0.73580E-06  0.27740E-13 
   10    0.59148E+00  0.96800E-10  0.81326E-06  0.30661E-13 
   11    0.64781E+00  0.10602E-09  0.89071E-06  0.33581E-13 
   12    0.70414E+00  0.73827E-10  0.64990E-06  0.24392E-13 
   13    0.76048E+00  0.79733E-10  0.70189E-06  0.26344E-13 
   14    0.81681E+00  0.85639E-10  0.75388E-06  0.28295E-13 
   15    0.87314E+00  0.47654E-10  0.47191E-06  0.17466E-13 
   16    0.92947E+00  0.50729E-10  0.50235E-06  0.18593E-13 
   17    0.98580E+00  0.53803E-10  0.53280E-06  0.19720E-13 
   18    0.10421E+01  0.20616E-10  0.27851E-06  0.10139E-13 
   19    0.10985E+01  0.21730E-10  0.29357E-06  0.10688E-13 
   20    0.11548E+01  0.22845E-10  0.30862E-06  0.11236E-13 
   21    0.12111E+01  0.32539E-11  0.13111E-06  0.48222E-14 
   22    0.12675E+01  0.34052E-11  0.13721E-06  0.50465E-14 
   23    0.13238E+01  0.35565E-11  0.14331E-06  0.52707E-14 
   24    0.13801E+01  0.94170E-12  0.45421E-07  0.16444E-14 
   25    0.14365E+01  0.98014E-12  0.47275E-07  0.17116E-14 
   26    0.14928E+01  0.10186E-11  0.49129E-07  0.17787E-14 
   27    0.15491E+01  0.11592E-10  0.10894E-07  0.40728E-15 
   28    0.16055E+01  0.12013E-10  0.11290E-07  0.42209E-15 
   29    0.16618E+01  0.12435E-10  0.11686E-07  0.43690E-15 
   30    0.17181E+01  0.26552E-10  0.14320E-08  0.53815E-16 
   31    0.17744E+01  0.27423E-10  0.14790E-08  0.55579E-16 
   32    0.18308E+01  0.28294E-10  0.15260E-08  0.57344E-16 
   33    0.18871E+01  0.35164E-10  0.76109E-10  0.29708E-17 
   34    0.19434E+01  0.36213E-10  0.78381E-10  0.30595E-17 
   35    0.19998E+01  0.37263E-10  0.80653E-10  0.31482E-17 
   36    0.20561E+01  0.31339E-10  0.12571E-11  0.53698E-19 
   37    0.21124E+01  0.32197E-10  0.12916E-11  0.55169E-19 
   38    0.21688E+01  0.33056E-10  0.13260E-11  0.56640E-19 
   39    0.22251E+01  0.18290E-10  0.23445E-13  0.53759E-21 
   40    0.22814E+01  0.18753E-10  0.24038E-13  0.55120E-21 
   41    0.23378E+01  0.19216E-10  0.24632E-13  0.56481E-21 
   42    0.23941E+01  0.60506E-11  0.51933E-13  0.63727E-22 
   43    0.24504E+01  0.61930E-11  0.53154E-13  0.65227E-22 
   44    0.25068E+01  0.63354E-11  0.54376E-13  0.66726E-22 
   45    0.25631E+01  0.93974E-12  0.23083E-13  0.36361E-25 
   46    0.26194E+01  0.96039E-12  0.23590E-13  0.37160E-25 
   47    0.26758E+01  0.98105E-12  0.24097E-13  0.37959E-25 
   48    0.27321E+01  0.78777E-13  0.51061E-14  0.39959E-24 
   49    0.27884E+01  0.80401E-13  0.52113E-14  0.40783E-24 
   50    0.28447E+01  0.82026E-13  0.53166E-14  0.41607E-24 
   51    0.29011E+01  0.63288E-14  0.30741E-16  0.21640E-25 
   52    0.29574E+01  0.64517E-14  0.31338E-16  0.22060E-25 
   53    0.30137E+01  0.65745E-14  0.31935E-16  0.22480E-25 
   54    0.30701E+01  0.66472E-15  0.73840E-17  0.33945E-25 
   55    0.31264E+01  0.67691E-15  0.75194E-17  0.34568E-25 
   56    0.31827E+01  0.68911E-15  0.76549E-17  0.35191E-25 
   57    0.32391E+01  0.90548E-16  0.85808E-21  0.22382E-26 
   58    0.32954E+01  0.92123E-16  0.87300E-21  0.22772E-26 
   59    0.33517E+01  0.93698E-16  0.88793E-21  0.23161E-26 
   60    0.34081E+01  0.14980E-16  0.36920E-16  0.33508E-26 
   61    0.34644E+01  0.15227E-16  0.37531E-16  0.34062E-26 
   62    0.35207E+01  0.15475E-16  0.38141E-16  0.34616E-26 
   63    0.35771E+01  0.28506E-17  0.25243E-16  0.20277E-26 
   64    0.36334E+01  0.28955E-17  0.25640E-16  0.20596E-26 
   65    0.36897E+01  0.29404E-17  0.26038E-16  0.20916E-26 
   66    0.37461E+01  0.61063E-18  0.22451E-17  0.46158E-27 
   67    0.38024E+01  0.61981E-18  0.22789E-17  0.46852E-27 
   68    0.38587E+01  0.62900E-18  0.23126E-17  0.47546E-27 
   69    0.39150E+01  0.14180E-18  0.17168E-17  0.93625E-27 
   70    0.39714E+01  0.14384E-18  0.17415E-17  0.94972E-27 
   71    0.40277E+01  0.14588E-18  0.17662E-17  0.96319E-27 
   72    0.40840E+01  0.34539E-19  0.27814E-17  0.76419E-28 
   73    0.41404E+01  0.35016E-19  0.28198E-17  0.77474E-28 
   74    0.41967E+01  0.35492E-19  0.28582E-17  0.78528E-28 
   75    0.42530E+01  0.96805E-20  0.92803E-18  0.18182E-27 
   76    0.43094E+01  0.98088E-20  0.94033E-18  0.18423E-27 
   77    0.43657E+01  0.99370E-20  0.95262E-18  0.18664E-27 
   78    0.44220E+01  0.24199E-20  0.21447E-18  0.22484E-27 
   79    0.44784E+01  0.24507E-20  0.21720E-18  0.22770E-27 
   80    0.45347E+01  0.24815E-20  0.21993E-18  0.23056E-27 
   81    0.45910E+01  0.61264E-21  0.71043E-17  0.75298E-28 
   82    0.46474E+01  0.62016E-21  0.71914E-17  0.76222E-28 
   83    0.47037E+01  0.62768E-21  0.72786E-17  0.77146E-28 
   84    0.47600E+01  0.18364E-21  0.33318E-18  0.26908E-27 
   85    0.48164E+01  0.18581E-21  0.33712E-18  0.27227E-27 
   86    0.48727E+01  0.18798E-21  0.34107E-18  0.27545E-27 
   87    0.49290E+01  0.29102E-22  0.15226E-17  0.16748E-27 
   88    0.49853E+01  0.29435E-22  0.15400E-17  0.16939E-27 
   89    0.50417E+01  0.29767E-22  0.15574E-17  0.17131E-27 
   90    0.50980E+01  0.55879E-23  0.22973E-17  0.82019E-28 
   91    0.51543E+01  0.56497E-23  0.23227E-17  0.82925E-28 
   92    0.52107E+01  0.57114E-23  0.23481E-17  0.83831E-28 
   93    0.52670E+01  0.37482E-24  0.90519E-18  0.20784E-27 
   94    0.53233E+01  0.37883E-24  0.91487E-18  0.21006E-27 
   95    0.53797E+01  0.38284E-24  0.92455E-18  0.21228E-27 
   96    0.54360E+01  0.13442E-23  0.45973E-18  0.23680E-27 
   97    0.54923E+01  0.13581E-23  0.46449E-18  0.23926E-27 
   98    0.55487E+01  0.13721E-23  0.46926E-18  0.24171E-27 
   99    0.56050E+01  0.47269E-23  0.29305E-17  0.12016E-27 
  100    0.56613E+01  0.47745E-23  0.29600E-17  0.12137E-27 
  101    0.57177E+01  0.48220E-23  0.29894E-17  0.12258E-27 
  102    0.57740E+01  0.36059E-23  0.32649E-17  0.30368E-28 
  103    0.58303E+01  0.36410E-23  0.32967E-17  0.30665E-28 
  104    0.58867E+01  0.36762E-23  0.33286E-17  0.30961E-28 
  105    0.59430E+01  0.55056E-24  0.18234E-17  0.15218E-27 
  106    0.59993E+01  0.55578E-24  0.18407E-17  0.15362E-27 
  107    0.60556E+01  0.56099E-24  0.18580E-17  0.15506E-27 
  108    0.61120E+01  0.37699E-23  0.52593E-18  0.20059E-27 
  109    0.61683E+01  0.38047E-23  0.53078E-18  0.20244E-27 
  110    0.62246E+01  0.38394E-23  0.53563E-18  0.20429E-27 
  111    0.62810E+01  0.23543E-23  0.56669E-19  0.19907E-27 
  112    0.63373E+01  0.23754E-23  0.57177E-19  0.20086E-27 
  113    0.63936E+01  0.23965E-23  0.57686E-19  0.20264E-27 
  114    0.64500E+01  0.78186E-25  0.26606E-23  0.13889E-27 
  115    0.65063E+01  0.78869E-25  0.26838E-23  0.14010E-27 
  116    0.65626E+01  0.79552E-25  0.27070E-23  0.14132E-27 
  117    0.66190E+01  0.46310E-23  0.62216E-21  0.16935E-27 
  118    0.66753E+01  0.46704E-23  0.62745E-21  0.17079E-27 
  119    0.67316E+01  0.47098E-23  0.63275E-21  0.17223E-27 
  120    0.67880E+01  0.23051E-22  0.10486E-18  0.18658E-27 
  121    0.68443E+01  0.23242E-22  0.10573E-18  0.18813E-27 
  122    0.69006E+01  0.23433E-22  0.10660E-18  0.18968E-27 
  123    0.69570E+01  0.14799E-22  0.75246E-18  0.10067E-27 
  124    0.70133E+01  0.14919E-22  0.75855E-18  0.10148E-27 
  125    0.70696E+01  0.15039E-22  0.76465E-18  0.10230E-27 
  126    0.71259E+01  0.16869E-22  0.21426E-17  0.11624E-27 
  127    0.71823E+01  0.17002E-22  0.21596E-17  0.11716E-27 
  128    0.72386E+01  0.17135E-22  0.21765E-17  0.11808E-27 
  129    0.72949E+01  0.14558E-22  0.25118E-17  0.16739E-27 
  130    0.73513E+01  0.14670E-22  0.25312E-17  0.16868E-27 
  131    0.74076E+01  0.14782E-22  0.25506E-17  0.16998E-27 
  132    0.74639E+01  0.22294E-22  0.32811E-18  0.21714E-27 
  133    0.75203E+01  0.22462E-22  0.33058E-18  0.21877E-27 
  134    0.75766E+01  0.22630E-22  0.33306E-18  0.22041E-27 
  135    0.76329E+01  0.28917E-22  0.13340E-17  0.27410E-27 
  136    0.76893E+01  0.29131E-22  0.13438E-17  0.27612E-27 
  137    0.77456E+01  0.29344E-22  0.13537E-17  0.27814E-27 
  138    0.78019E+01  0.16094E-22  0.10789E-17  0.15404E-27 
  139    0.78583E+01  0.16210E-22  0.10867E-17  0.15515E-27 
