Loading openmpi-geib-cuda10.2-intel/4.0.5
  Loading requirement: hpcx/2.10 intel/psxe/intel64/2020.4
    cuda10.2/toolkit/10.2.89
 MPI INITIALIZED
 PARSERING OF USER INPUT
=============================================================
UCCSD(T) H-CO interaction potential, April 2013.
Lei Song, Ad van der Avoird, Gerrit C. Groenenboom,
Theoretical Chemistry, IMM, Radboud University Nijmegen
http://www.theochem.ru.nl/, e-mail: gerritg@theochem.ru.nl.
=============================================================
=============================================================
UCCSD(T) H-CO interaction potential, April 2013.
Lei Song, Ad van der Avoird, Gerrit C. Groenenboom,
Theoretical Chemistry, IMM, Radboud University Nijmegen
http://www.theochem.ru.nl/, e-mail: gerritg@theochem.ru.nl.
=============================================================
=============================================================
UCCSD(T) H-CO interaction potential, April 2013.
Lei Song, Ad van der Avoird, Gerrit C. Groenenboom,
Theoretical Chemistry, IMM, Radboud University Nijmegen
http://www.theochem.ru.nl/, e-mail: gerritg@theochem.ru.nl.
=============================================================
=============================================================
UCCSD(T) H-CO interaction potential, April 2013.
Lei Song, Ad van der Avoird, Gerrit C. Groenenboom,
Theoretical Chemistry, IMM, Radboud University Nijmegen
http://www.theochem.ru.nl/, e-mail: gerritg@theochem.ru.nl.
=============================================================
=============================================================
UCCSD(T) H-CO interaction potential, April 2013.
Lei Song, Ad van der Avoird, Gerrit C. Groenenboom,
Theoretical Chemistry, IMM, Radboud University Nijmegen
http://www.theochem.ru.nl/, e-mail: gerritg@theochem.ru.nl.
=============================================================
=============================================================
UCCSD(T) H-CO interaction potential, April 2013.
Lei Song, Ad van der Avoird, Gerrit C. Groenenboom,
Theoretical Chemistry, IMM, Radboud University Nijmegen
http://www.theochem.ru.nl/, e-mail: gerritg@theochem.ru.nl.
=============================================================
=============================================================
UCCSD(T) H-CO interaction potential, April 2013.
Lei Song, Ad van der Avoird, Gerrit C. Groenenboom,
Theoretical Chemistry, IMM, Radboud University Nijmegen
http://www.theochem.ru.nl/, e-mail: gerritg@theochem.ru.nl.
=============================================================
=============================================================
UCCSD(T) H-CO interaction potential, April 2013.
Lei Song, Ad van der Avoird, Gerrit C. Groenenboom,
Theoretical Chemistry, IMM, Radboud University Nijmegen
http://www.theochem.ru.nl/, e-mail: gerritg@theochem.ru.nl.
=============================================================
=============================================================
UCCSD(T) H-CO interaction potential, April 2013.
Lei Song, Ad van der Avoird, Gerrit C. Groenenboom,
Theoretical Chemistry, IMM, Radboud University Nijmegen
http://www.theochem.ru.nl/, e-mail: gerritg@theochem.ru.nl.
=============================================================
 Equilibrium bond distance: morse_re =    2.13220000000000      a.u.
 ARRAY_INI_STARTED
 STATES_SIZE_FOUND           6
 number_of_channels           6
 jmax_included           0
 BASIS ARRAYS CREATED
ARRAYS ALLOCATION TOOK TIME, s =             0.000
 TOTAL_SIZE_OF_M =           21
  MAKING AN EQUIDIST GRID	
THE SIZE OF THE Mij COMPUTED BY EACH PROCESSOR= 2
 MATRIX_INI_STARTED
 COMPUTING MATRIX ELEMENTS STARTED
 THE GRID INI
 ARRAYS ALLOCATED
=============================================================
UCCSD(T) H-CO interaction potential, April 2013.
Lei Song, Ad van der Avoird, Gerrit C. Groenenboom,
Theoretical Chemistry, IMM, Radboud University Nijmegen
http://www.theochem.ru.nl/, e-mail: gerritg@theochem.ru.nl.
=============================================================
proc_id =     9, Progress =   100%, Time(sec.) =       20.928
proc_id =     8, Progress =   100%, Time(sec.) =       20.930
proc_id =     2, Progress =   100%, Time(sec.) =       21.245
proc_id =     3, Progress =   100%, Time(sec.) =       21.246
proc_id =     1, Progress =   100%, Time(sec.) =       21.247
proc_id =     5, Progress =   100%, Time(sec.) =       21.326
proc_id =     4, Progress =   100%, Time(sec.) =       21.328
proc_id =     7, Progress =   100%, Time(sec.) =       21.333
proc_id =     6, Progress =   100%, Time(sec.) =       21.335
 Morse Depth: morse_de =  0.403535691062146      a.u.
 Morse Width: morse_a =   1.23037900000000      a.u.
 COMPUTING VIBRATIONAL WAVE_FUNCTIONS
 GAUSS-LEGENDRE GRID DONE
Trucation #1 at #R = 19, R = 6.000, and #2 at #R = 29, R = 8.000
proc_id =     0, Progress =   100%, Time(sec.) =       43.187
 SPLINING OF Mij STARTED
 SPLINING OF Mij FINISHED
 COMPUTING THE RESIDUE OF Mij
 SPLINING RESIDUE OF Mij
 SYSTEM_SETUP_DONE
MATRIX HAS BEEN SAVED INTO THE FILE  "   MTRX.DAT "
TIME SPENT ON MATRIX Mij READING/COMPUTING/SAVING ON DISK ,s       4.3
        TIME SPENT ON MATRIX Mij SAVING ON DISK ,s       0.0
 ALL WORK ON MATRIX IS DONE

real	0m44.115s
user	6m50.647s
sys	0m2.868s
