 R(i),J(i)
   1.64886666666667       3.333333333333333E-002
   1.68220000000000       3.333333333333333E-002
   1.71553333333333       3.333333333333333E-002
   1.74886666666667       3.333333333333333E-002
   1.78220000000000       3.333333333333333E-002
   1.81553333333333       3.333333333333333E-002
   1.84886666666667       3.333333333333333E-002
   1.88220000000000       3.333333333333333E-002
   1.91553333333333       3.333333333333333E-002
   1.94886666666667       3.333333333333333E-002
   1.98220000000000       3.333333333333333E-002
   2.01553333333333       3.333333333333333E-002
   2.04886666666667       3.333333333333333E-002
   2.08220000000000       3.333333333333333E-002
   2.11553333333333       3.333333333333333E-002
   2.14886666666667       3.333333333333333E-002
   2.18220000000000       3.333333333333333E-002
   2.21553333333333       3.333333333333333E-002
   2.24886666666667       3.333333333333333E-002
   2.28220000000000       3.333333333333333E-002
   2.31553333333333       3.333333333333333E-002
   2.34886666666667       3.333333333333333E-002
   2.38220000000000       3.333333333333333E-002
   2.41553333333333       3.333333333333333E-002
   2.44886666666667       3.333333333333333E-002
   2.48220000000000       3.333333333333333E-002
   2.51553333333333       3.333333333333333E-002
   2.54886666666667       3.333333333333333E-002
   2.58220000000000       3.333333333333333E-002
   2.61553333333333       3.333333333333333E-002
 WAVEFUNCTIONS ARE LISTED BELOW
 CHANNEL=           1
  3.526935427989323E-008
  4.834173862388863E-007
  5.217865992792839E-006
  4.477943660469927E-005
  3.083763043844303E-004
  1.719257267012799E-003
  7.826087900958890E-003
  2.932452002226609E-002
  9.115817338942260E-002
  0.236863712308684     
  0.518165369065322     
  0.960966327642463     
   1.52089845568562     
   2.06733586270321     
   2.42826438874126     
   2.47915487273390     
   2.21248497482137     
   1.73529741678731     
   1.20236967653046     
  0.739665980030478     
  0.405922310566189     
  0.199642287148462     
  8.838470261440359E-002
  3.537141137319781E-002
  1.284814368200209E-002
  4.252382135458418E-003
  1.287215693882899E-003
  3.576477668726047E-004
  9.152511092515317E-005
  2.164416714501738E-005
 
 CHANNEL=           2
 -2.031662234330129E-007
 -2.645056511955690E-006
 -2.697974870359843E-005
 -2.174990244358508E-004
 -1.397087339454488E-003
 -7.203913965638849E-003
 -3.001736853095100E-002
 -0.101642550115788     
 -0.280880071958473     
 -0.634850436414275     
  -1.17231992756188     
  -1.75584035154554     
  -2.08919052607112     
  -1.86300803313262     
 -0.992895221111563     
  0.257809852165505     
   1.41232847749749     
   2.07380123142112     
   2.13432856290516     
   1.75997392129881     
   1.22143336199093     
  0.731690288849237     
  0.384335866006073     
  0.178996754006163     
  7.454944439239744E-002
  2.796055490883246E-002
  9.500352424399937E-003
  2.939697620290442E-003
  8.322969770159520E-004
  2.165359184916110E-004
 
 CHANNEL=           3
  8.299311052822832E-007
  1.025970823801482E-005
  9.883430924538178E-005
  7.477045709935969E-004
  4.472752438466857E-003
  2.127773927037169E-002
  8.083889729688744E-002
  0.245799666671789     
  0.597452204097848     
   1.15292736424015     
   1.73428763584846     
   1.94087896598757     
   1.39274338244721     
  0.141045834982735     
  -1.18063813538433     
  -1.75326814535279     
  -1.21757380833112     
  5.788973994123448E-002
   1.31975156575484     
   1.99827377920043     
   1.99314878124319     
   1.55613845734597     
   1.01051456087537     
  0.562808398210952     
  0.273964993241435     
  0.118096206579436     
  4.552806733402598E-002
  1.582215830071424E-002
  4.989663632607363E-003
  1.436069594671203E-003
 
 CHANNEL=           4
 -2.776151313786205E-006
 -3.257529196180474E-005
 -2.961765179465382E-004
 -2.100433920516259E-003
 -1.168087388695855E-002
 -5.112200334827550E-002
 -0.176273022044247     
 -0.477527670696704     
  -1.00664574214439     
  -1.61300797250005     
  -1.85247833205854     
  -1.25192193724673     
  0.112816608559597     
   1.36707480020213     
   1.48232881397713     
  0.321090312595429     
  -1.12137084361661     
  -1.63863841807651     
 -0.882680422181152     
  0.505952429553290     
   1.62444355161720     
   2.00947579048831     
   1.75897068365584     
   1.22906620261618     
  0.720623855564957     
  0.364398046123338     
  0.161758251269585     
  6.383807267525310E-002
  2.261726010736204E-002
  7.250376745775796E-003
 
 CHANNEL=           5
  8.065579780141448E-006
  8.979804931711607E-005
  7.700503996595419E-004
  5.113358706415963E-003
  2.638476836550225E-002
  0.105893273619271     
  0.329561609503302     
  0.787561640250789     
   1.41180074071372     
   1.79398242530270     
   1.35089697000446     
  6.974855682949027E-003
  -1.30414989010825     
  -1.32949748148304     
  2.904765895573709E-002
   1.35141771904950     
   1.21595558703989     
 -0.205568582834426     
  -1.44139358041050     
  -1.36343464184569     
 -0.154026394660911     
   1.19623831012074     
   1.90727054418048     
   1.86344166292877     
   1.39010942527754     
  0.852009377759437     
  0.444990159293238     
  0.202489422180503     
  8.151084225538541E-002
  2.935728328798583E-002
 
 CHANNEL=           6
 -2.102026583364829E-005
 -2.219627346421669E-004
 -1.793912017789111E-003
 -1.113944474134799E-002
 -5.321722112095757E-002
 -0.195134411989343     
 -0.544490327251864     
  -1.13297366275236     
  -1.67705643072997     
  -1.54491483720932     
 -0.374831603806255     
   1.08547698113873     
   1.35267465992475     
  2.737291319387244E-002
  -1.31683621993705     
 -0.967861685467515     
  0.627891065188388     
   1.44541588520850     
  0.519390075045288     
  -1.01802595848668     
  -1.52492115827545     
 -0.622748327352766     
  0.803513435411220     
   1.75570309527357     
   1.90311731465690     
   1.50334945825031     
  0.956710939422690     
  0.513371037032465     
  0.238489649345067     
  9.761380440260882E-002
 
