Loading openmpi-geib-cuda10.2-intel/4.0.5
  Loading requirement: hpcx/2.10 intel/psxe/intel64/2020.4
    cuda10.2/toolkit/10.2.89
 MPI INITIALIZED
 PARSERING OF USER INPUT
 rows in Input          27
 ARRAY_INI_STARTED
 STATES_SIZE_FOUND         192
 number_of_channels          12
 jmax_included          12
 BASIS ARRAYS CREATED
ARRAYS ALLOCATION TOOK TIME, s =             0.000
 TOTAL_SIZE_OF_M =          938
  MAKING AN EQUIDIST GRID	
 MTRX.DAT READING STARTED
 FORMATTED READING DONE
Trucation #1 at #R = 12, R = 6.000, and #2 at #R = 19, R = 7.909
THE SIZE OF NON_ZERO PART OF Mij =        938
 MPI TASK PER TRAJECTORY WILL BE USED
MPI TASKS WHICH ARE ASSOCIATED WITH ONE TRAJECTORY =     1
 Mij ROOT PROC DISTRIBUTION STARTED
 Mij ROOT PROC DISTRIBUTION DONE
 Mij ALL PROC DISTRIBUTION STARTED
 Mij ALL PROC DISTRIBUTION DONE
 MPI_COMMUNICATORS_CREATION STARTED
 MPI_COMMUNICATORS_CREATION DONE
TIME SPENT ON MATRIX Mij READING/COMPUTING/SAVING ON DISK ,s       0.2
  
 SCATTERING CALCULATIONS STARTED
TOTAL J RANGE: FROM    0 TO   75
TOTAL L RANGE: FROM    0 TO   75
 NUMBER OF TRAJECTORIES PER PROC_GROUP MAX          76
 NUMBER OF TRAJECTORIES PER PROC_GROUP MIN          76
 TOTAL NUMBER OF TRAJECTORIES          76
TIME IT TOOK TO SETUP ARRAYS, s     0
CALCULATIONS START FOR M =    0
TRAJECTORY DONE FOR L=     0 TIME_SPENT=        0.931 SEC.
TRAJECTORY DONE FOR L=     1 TIME_SPENT=        0.945 SEC.
TRAJECTORY DONE FOR L=     2 TIME_SPENT=        0.940 SEC.
TRAJECTORY DONE FOR L=     3 TIME_SPENT=        0.942 SEC.
TRAJECTORY DONE FOR L=     4 TIME_SPENT=        0.931 SEC.
TRAJECTORY DONE FOR L=     5 TIME_SPENT=        0.930 SEC.
TRAJECTORY DONE FOR L=     6 TIME_SPENT=        0.946 SEC.
TRAJECTORY DONE FOR L=     7 TIME_SPENT=        0.946 SEC.
TRAJECTORY DONE FOR L=     8 TIME_SPENT=        0.946 SEC.
TRAJECTORY DONE FOR L=     9 TIME_SPENT=        0.966 SEC.
TRAJECTORY DONE FOR L=    10 TIME_SPENT=        0.969 SEC.
TRAJECTORY DONE FOR L=    11 TIME_SPENT=        0.973 SEC.
TRAJECTORY DONE FOR L=    12 TIME_SPENT=        0.977 SEC.
TRAJECTORY DONE FOR L=    13 TIME_SPENT=        1.014 SEC.
TRAJECTORY DONE FOR L=    14 TIME_SPENT=        1.003 SEC.
TRAJECTORY DONE FOR L=    15 TIME_SPENT=        1.022 SEC.
TRAJECTORY DONE FOR L=    16 TIME_SPENT=        1.010 SEC.
TRAJECTORY DONE FOR L=    17 TIME_SPENT=        1.036 SEC.
TRAJECTORY DONE FOR L=    18 TIME_SPENT=        1.060 SEC.
TRAJECTORY DONE FOR L=    19 TIME_SPENT=        1.054 SEC.
TRAJECTORY DONE FOR L=    20 TIME_SPENT=        1.108 SEC.
TRAJECTORY DONE FOR L=    21 TIME_SPENT=        1.112 SEC.
TRAJECTORY DONE FOR L=    22 TIME_SPENT=        1.123 SEC.
TRAJECTORY DONE FOR L=    23 TIME_SPENT=        1.174 SEC.
TRAJECTORY DONE FOR L=    24 TIME_SPENT=        1.193 SEC.
TRAJECTORY DONE FOR L=    25 TIME_SPENT=        1.237 SEC.
TRAJECTORY DONE FOR L=    26 TIME_SPENT=        1.282 SEC.
TRAJECTORY DONE FOR L=    27 TIME_SPENT=        1.302 SEC.
TRAJECTORY DONE FOR L=    28 TIME_SPENT=        1.250 SEC.
TRAJECTORY DONE FOR L=    29 TIME_SPENT=        1.222 SEC.
TRAJECTORY DONE FOR L=    30 TIME_SPENT=        1.183 SEC.
TRAJECTORY DONE FOR L=    31 TIME_SPENT=        1.158 SEC.
TRAJECTORY DONE FOR L=    32 TIME_SPENT=        1.166 SEC.
TRAJECTORY DONE FOR L=    33 TIME_SPENT=        1.124 SEC.
TRAJECTORY DONE FOR L=    34 TIME_SPENT=        1.148 SEC.
TRAJECTORY DONE FOR L=    35 TIME_SPENT=        1.121 SEC.
TRAJECTORY DONE FOR L=    36 TIME_SPENT=        1.097 SEC.
TRAJECTORY DONE FOR L=    37 TIME_SPENT=        1.108 SEC.
TRAJECTORY DONE FOR L=    38 TIME_SPENT=        1.090 SEC.
TRAJECTORY DONE FOR L=    39 TIME_SPENT=        1.077 SEC.
TRAJECTORY DONE FOR L=    40 TIME_SPENT=        1.083 SEC.
TRAJECTORY DONE FOR L=    41 TIME_SPENT=        1.069 SEC.
TRAJECTORY DONE FOR L=    42 TIME_SPENT=        1.078 SEC.
TRAJECTORY DONE FOR L=    43 TIME_SPENT=        1.047 SEC.
TRAJECTORY DONE FOR L=    44 TIME_SPENT=        1.043 SEC.
TRAJECTORY DONE FOR L=    45 TIME_SPENT=        1.044 SEC.
TRAJECTORY DONE FOR L=    46 TIME_SPENT=        1.055 SEC.
TRAJECTORY DONE FOR L=    47 TIME_SPENT=        1.010 SEC.
TRAJECTORY DONE FOR L=    48 TIME_SPENT=        1.026 SEC.
TRAJECTORY DONE FOR L=    49 TIME_SPENT=        1.001 SEC.
TRAJECTORY DONE FOR L=    50 TIME_SPENT=        1.014 SEC.
TRAJECTORY DONE FOR L=    51 TIME_SPENT=        0.972 SEC.
TRAJECTORY DONE FOR L=    52 TIME_SPENT=        0.958 SEC.
TRAJECTORY DONE FOR L=    53 TIME_SPENT=        0.928 SEC.
TRAJECTORY DONE FOR L=    54 TIME_SPENT=        0.935 SEC.
TRAJECTORY DONE FOR L=    55 TIME_SPENT=        0.899 SEC.
TRAJECTORY DONE FOR L=    56 TIME_SPENT=        0.915 SEC.
TRAJECTORY DONE FOR L=    57 TIME_SPENT=        0.847 SEC.
TRAJECTORY DONE FOR L=    58 TIME_SPENT=        0.834 SEC.
TRAJECTORY DONE FOR L=    59 TIME_SPENT=        0.806 SEC.
TRAJECTORY DONE FOR L=    60 TIME_SPENT=        0.810 SEC.
TRAJECTORY DONE FOR L=    61 TIME_SPENT=        0.751 SEC.
TRAJECTORY DONE FOR L=    62 TIME_SPENT=        0.741 SEC.
TRAJECTORY DONE FOR L=    63 TIME_SPENT=        0.698 SEC.
TRAJECTORY DONE FOR L=    64 TIME_SPENT=        0.700 SEC.
TRAJECTORY DONE FOR L=    65 TIME_SPENT=        0.644 SEC.
TRAJECTORY DONE FOR L=    66 TIME_SPENT=        0.633 SEC.
TRAJECTORY DONE FOR L=    67 TIME_SPENT=        0.593 SEC.
TRAJECTORY DONE FOR L=    68 TIME_SPENT=        0.542 SEC.
TRAJECTORY DONE FOR L=    69 TIME_SPENT=        0.505 SEC.
TRAJECTORY DONE FOR L=    70 TIME_SPENT=        0.473 SEC.
TRAJECTORY DONE FOR L=    71 TIME_SPENT=        0.409 SEC.
TRAJECTORY DONE FOR L=    72 TIME_SPENT=        0.357 SEC.
TRAJECTORY DONE FOR L=    73 TIME_SPENT=        0.305 SEC.
TRAJECTORY DONE FOR L=    74 TIME_SPENT=        0.211 SEC.
WARNING: COLLISION IMPACT PARAMETER, b, EXCEEDS RMAX FOR TRAJECTORY L = 75. THIS TRAJECTORY IS NOT PROPAGATED.
TRAJECTORY DONE FOR L=    75 TIME_SPENT=        0.002 SEC.
ALL TRAJECTORIES DONE FOR ENER_NUM =   1 AND M12 =    0  J12=     0
TIME IT TOOK TO PROPOGATE,s         70
 DATA FROM ALL TRAJECTORIES GATHERED
 INELASTIC CROSS SECTION CALCULATED FOR M           0
  
 CROSS SECTION CALCULATED FOR ENERGY=           1
  
 Trajectory Propagation Time:   70.8986917280000     
  
TOTAL TIME SPENT ON PROPAGATION,sec =       70
THE AVERAGE TIME PER MPI TASK SPENT ON PROPAGATION =    0  h   1   m 10.9  s
TIME SPENT ON INITIALIZATION TOOK WALL CLOCK TIME =    0  h   0   m  0.3  s
TIME SPENT ON MIJ.DAT READING TOOK WALL CLOCK TIME =    0  h   0   m  0.2  s
TIME SPENT ON MIJ DISTRIBUTION TOOK WALL CLOCK TIME =    0  h   0   m  0.2  s
TIME SPENT ON MIJ REALLOCATION TOOK WALL CLOCK TIME =    0  h   0   m  0.2  s
 ALL WORK DONE

real	1m11.730s
user	0m23.673s
sys	0m0.195s
