 FOR ENERGY=           1
 MAXIMUM PROBABILITY ERROR
 B_IMP  0.000000000000000E+000
 L_ORB  0.000000000000000E+000
 R_FIN   30.0011312803414     
 PHI_FIN  0.000000000000000E+000
 PROBAB_SURV  0.693669229357652     
 ERROR_ENERG   5.51117103618306     
 ERROR_PROBAB  4.103019840773214E-004
 STATE           1
 #NTRAJECT           1
 #NPROC           0
 
 MAXIMUM ENERGY ERROR
 B_IMP   7.35355145048897     
 L_ORB   18.0000000000000     
 R_FIN   30.0036390090049     
 PHI_FIN   1.62812064673077     
 PROBAB_SURV  0.470538383581532     
 ERROR_ENERG   7.38481919060494     
 ERROR_PROBAB  2.630595152819382E-006
 STATE           1
 #NTRAJECT          19
 #NPROC           0
 -------------------------
