STATE= 1
j12= 0
m12= 0
ENERGY#1, U(i)= 100.000 cm^-1
B_IMPACT            L      CHANNEL=     1 CHANNEL=     2 CHANNEL=     3 CHANNEL=     4 CHANNEL=     5 CHANNEL=     6 CHANNEL=     7 CHANNEL=     8 CHANNEL=     9 CHANNEL=    10 CHANNEL=    11 CHANNEL=    12 
 0.00000000E+00      0  0.69366923E+00  0.27219740E-01  0.74857082E-02  0.15536203E-01  0.30243839E-01  0.38463706E-02  0.47197214E-01  0.19817185E-01  0.21559968E-01  0.39048626E-01  0.52404429E-01  0.41967384E-01 
 0.39763452E+00      1  0.68826612E+00  0.28883223E-01  0.80731690E-02  0.15867981E-01  0.33633597E-01  0.39325242E-02  0.48188026E-01  0.19538392E-01  0.21489864E-01  0.38641725E-01  0.51847047E-01  0.41634316E-01 
 0.79526904E+00      2  0.67733195E+00  0.32329389E-01  0.92877983E-02  0.16512879E-01  0.40450107E-01  0.41025251E-02  0.50085260E-01  0.18999589E-01  0.21328995E-01  0.37848102E-01  0.50746076E-01  0.40973477E-01 
 0.11929036E+01      3  0.66064606E+00  0.37777369E-01  0.11205373E-01  0.17431022E-01  0.50748265E-01  0.43502515E-02  0.52714781E-01  0.18238762E-01  0.21038932E-01  0.36709457E-01  0.49134333E-01  0.40001786E-01 
 0.15905381E+01      4  0.63796826E+00  0.45504933E-01  0.13929501E-01  0.18556870E-01  0.64561470E-01  0.46631538E-02  0.55804240E-01  0.17313684E-01  0.20569748E-01  0.35291148E-01  0.47073385E-01  0.38760300E-01 
 0.19881726E+01      5  0.60915462E+00  0.55780406E-01  0.17576965E-01  0.19794256E-01  0.81840101E-01  0.50193923E-02  0.58976039E-01  0.16302133E-01  0.19870453E-01  0.33684113E-01  0.44666129E-01  0.37332429E-01 
 0.23858071E+01      6  0.57431905E+00  0.68763121E-01  0.22254201E-01  0.21013071E-01  0.10236657E+00  0.53860296E-02  0.61748636E-01  0.15300996E-01  0.18904500E-01  0.32004986E-01  0.42069479E-01  0.35866773E-01 
 0.27834417E+01      7  0.53403843E+00  0.84371076E-01  0.28022418E-01  0.22050361E-01  0.12564820E+00  0.57200069E-02  0.63555133E-01  0.14423399E-01  0.17670842E-01  0.30392481E-01  0.39503096E-01  0.34602348E-01 
 0.31810762E+01      8  0.48958681E+00  0.10212312E+00  0.34849787E-01  0.22719001E-01  0.15079463E+00  0.59738414E-02  0.63789226E-01  0.13792926E-01  0.16229947E-01  0.28997880E-01  0.37248707E-01  0.33892299E-01 
 0.35787107E+01      9  0.44316305E+00  0.12097848E+00  0.42551761E-01  0.22826658E-01  0.17639577E+00  0.61077207E-02  0.61887563E-01  0.13534145E-01  0.14732218E-01  0.27967781E-01  0.35633623E-01  0.34219762E-01 
 0.39763452E+01     10  0.39804662E+00  0.13921974E+00  0.50725824E-01  0.22206072E-01  0.20043015E+00  0.61085595E-02  0.57452906E-01  0.13758973E-01  0.13443144E-01  0.27418176E-01  0.34992134E-01  0.36196561E-01 
 0.43739797E+01     11  0.35857949E+00  0.15445357E+00  0.58695520E-01  0.20754352E-01  0.22025165E+00  0.60142299E-02  0.50412349E-01  0.14548910E-01  0.12755402E-01  0.27400949E-01  0.35600650E-01  0.40532068E-01 
 0.47716143E+01     12  0.32983819E+00  0.16382956E+00  0.65491231E-01  0.18474000E-01  0.23272325E+00  0.59372396E-02  0.41187708E-01  0.15933757E-01  0.13173324E-01  0.27866989E-01  0.37587694E-01  0.47956440E-01 
 0.51692488E+01     13  0.31684816E+00  0.16458292E+00  0.69910857E-01  0.15502887E-01  0.23458400E+00  0.60766343E-02  0.30830811E-01  0.17868063E-01  0.15250793E-01  0.28634445E-01  0.40829315E-01  0.59080688E-01 
 0.55668833E+01     14  0.32323768E+00  0.15496142E+00  0.70718789E-01  0.12117274E-01  0.22314051E+00  0.67005529E-02  0.21047000E-01  0.20207073E-01  0.19462036E-01  0.29375669E-01  0.44854377E-01  0.74177329E-01 
 0.59645178E+01     15  0.34938595E+00  0.13545417E+00  0.67046470E-01  0.86961933E-02  0.19734647E+00  0.80769008E-02  0.14003149E-01  0.22684913E-01  0.25990048E-01  0.29641163E-01  0.48801962E-01  0.92872436E-01 
 0.63621524E+01     16  0.39043896E+00  0.10995713E+00  0.59035432E-01  0.56551553E-02  0.15926657E+00  0.10329713E-01  0.11806550E-01  0.24899830E-01  0.34431164E-01  0.28944124E-01  0.51493789E-01  0.11374148E+00 
 0.67597869E+01     17  0.43556233E+00  0.85814260E-01  0.48547133E-01  0.33601452E-02  0.11530802E+00  0.13244749E-01  0.15579054E-01  0.26342076E-01  0.43554736E-01  0.26913060E-01  0.51709761E-01  0.13406462E+00 
 0.71574214E+01     18  0.47053838E+00  0.71459660E-01  0.39342002E-01  0.21056256E-02  0.75914532E-01  0.16156330E-01  0.24593518E-01  0.26471976E-01  0.51354108E-01  0.23429558E-01  0.48567501E-01  0.15006678E+00 
 0.75550559E+01     19  0.48335780E+00  0.72116629E-01  0.36495233E-01  0.22732738E-02  0.53984384E-01  0.17970759E-01  0.35889212E-01  0.24804427E-01  0.55282825E-01  0.18733653E-01  0.41873456E-01  0.15721833E+00 
 0.79526904E+01     20  0.47292389E+00  0.84387543E-01  0.44313240E-01  0.44902018E-02  0.60653737E-01  0.17490438E-01  0.44671162E-01  0.21081439E-01  0.52968667E-01  0.13442909E-01  0.32395811E-01  0.15118095E+00 
 0.83503250E+01     21  0.45717899E+00  0.94077856E-01  0.62117168E-01  0.93765892E-02  0.97440397E-01  0.14212953E-01  0.46218805E-01  0.15592351E-01  0.43599573E-01  0.84427396E-02  0.21913490E-01  0.12982909E+00 
 0.87479595E+01     22  0.46921226E+00  0.86067100E-01  0.80281018E-01  0.16501844E-01  0.14858497E+00  0.91763554E-02  0.39117396E-01  0.93490661E-02  0.29181278E-01  0.44724777E-02  0.12468865E-01  0.95587367E-01 
 0.91455940E+01     23  0.53272625E+00  0.67425516E-01  0.81979493E-01  0.22827307E-01  0.18164467E+00  0.47795477E-02  0.26867256E-01  0.39335363E-02  0.14354166E-01  0.18461556E-02  0.55272463E-02  0.56088860E-01 
 0.95432285E+01     24  0.62200644E+00  0.84788261E-01  0.57828472E-01  0.22701227E-01  0.16330656E+00  0.29543313E-02  0.15847785E-01  0.88217736E-03  0.44334802E-02  0.48775647E-03  0.16259482E-02  0.23137554E-01 
 0.99408631E+01     25  0.66238345E+00  0.18398403E+00  0.27574179E-01  0.14026581E-01  0.94461884E-01  0.25391789E-02  0.85825892E-02  0.19304478E-03  0.87022342E-03  0.44511102E-04  0.20044583E-03  0.51398849E-02 
 0.10338498E+02     26  0.63403640E+00  0.30469136E+00  0.23919773E-01  0.54532596E-02  0.26519491E-01  0.13465939E-02  0.31244945E-02  0.20787648E-03  0.32007643E-03  0.18238837E-04  0.16303014E-04  0.34613438E-03 
 0.10736132E+02     27  0.68522051E+00  0.28657084E+00  0.22586613E-01  0.25115105E-02  0.22027486E-02  0.36753181E-03  0.39831902E-03  0.60626705E-04  0.63158631E-04  0.84431737E-05  0.69795258E-05  0.27202456E-05 
 0.11133767E+02     28  0.85313098E+00  0.13605569E+00  0.98792543E-02  0.74210933E-03  0.91022897E-04  0.67594642E-04  0.19472481E-04  0.75290611E-05  0.47735269E-05  0.87322714E-06  0.66240218E-06  0.33561045E-07 
 0.11531401E+02     29  0.95983029E+00  0.35251985E-01  0.46323827E-02  0.17519857E-03  0.95880606E-04  0.11445579E-04  0.14023420E-05  0.90198203E-06  0.36363238E-06  0.83762750E-07  0.59435601E-07  0.91457349E-08 
 0.11929036E+02     30  0.99360166E+00  0.38349446E-02  0.24370300E-02  0.61693313E-04  0.61126584E-04  0.24017426E-05  0.96011443E-06  0.12820678E-06  0.33041594E-07  0.10138139E-07  0.65553727E-08  0.25756278E-08 
 0.12326670E+02     31  0.99719676E+00  0.14585180E-02  0.12812436E-02  0.33688843E-04  0.28263408E-04  0.82297959E-06  0.66893549E-06  0.25282799E-07  0.10480381E-07  0.12908155E-08  0.65907237E-09  0.53343067E-09 
 0.12724305E+02     32  0.99222930E+00  0.70313675E-02  0.70559781E-03  0.21541857E-04  0.11364982E-04  0.45687634E-06  0.35379561E-06  0.97940308E-08  0.84472103E-08  0.21406836E-09  0.10825652E-09  0.97309007E-10 
 0.13121939E+02     33  0.98661216E+00  0.12919525E-01  0.44888693E-03  0.14696773E-04  0.42667134E-05  0.29966495E-06  0.15523106E-06  0.59236360E-08  0.54492230E-08  0.11017415E-09  0.10292832E-09  0.14926356E-10 
 0.13519574E+02     34  0.98283907E+00  0.16799990E-01  0.34817214E-03  0.10954014E-04  0.15486124E-05  0.19659056E-06  0.63071514E-07  0.40423215E-08  0.24373715E-08  0.70956340E-10  0.10650647E-09  0.30398717E-11 
 0.13917208E+02     35  0.98140393E+00  0.18268714E-01  0.31757428E-03  0.90945133E-05  0.53205896E-06  0.12625778E-06  0.27976354E-07  0.31874494E-08  0.81938994E-09  0.58649874E-10  0.50822819E-10  0.19637408E-11 
 0.14314843E+02     36  0.98205465E+00  0.17616299E-01  0.32058409E-03  0.82119073E-05  0.15274551E-06  0.85594634E-07  0.14784310E-07  0.28145601E-08  0.39398287E-09  0.45839350E-10  0.11798988E-10  0.68852945E-12 
 0.14712477E+02     37  0.98425331E+00  0.15392254E-01  0.34659823E-03  0.77127822E-05  0.36405950E-07  0.72351465E-07  0.81771055E-08  0.21973858E-08  0.38808450E-09  0.64055784E-10  0.11139398E-10  0.16475220E-12 
 0.15110112E+02     38  0.98735688E+00  0.12241566E-01  0.39417063E-03  0.72581263E-05  0.38084321E-07  0.78957613E-07  0.35916343E-08  0.16184207E-08  0.40978375E-09  0.10891040E-09  0.91794822E-11  0.16667354E-12 
 0.15507746E+02     39  0.99070744E+00  0.88254275E-02  0.46027523E-03  0.66930661E-05  0.68016090E-07  0.96426336E-07  0.14033420E-08  0.18283233E-08  0.27060365E-09  0.84818985E-10  0.16121613E-10  0.12295957E-12 
 0.15905381E+02     40  0.99369728E+00  0.57612557E-02  0.53521351E-03  0.60508034E-05  0.71642809E-07  0.12079364E-06  0.16403839E-08  0.23985627E-08  0.85359885E-10  0.35314171E-10  0.14901912E-10  0.78289005E-13 
 0.16303015E+02     41  0.99582768E+00  0.35636101E-02  0.60292637E-03  0.55838382E-05  0.46558455E-07  0.14746722E-06  0.21207914E-08  0.24568288E-08  0.41403023E-10  0.34957409E-10  0.46396770E-11  0.34646639E-14 
 0.16700650E+02     42  0.99676174E+00  0.25867546E-02  0.64564184E-03  0.56735940E-05  0.18899104E-07  0.16393368E-06  0.16338744E-08  0.22295478E-08  0.61557917E-10  0.53867022E-10  0.10249592E-11  0.13936415E-14 
 0.17098284E+02     43  0.99636205E+00  0.29807426E-02  0.65047562E-03  0.65674914E-05  0.41880555E-08  0.15884899E-06  0.79156606E-09  0.23876477E-08  0.55937096E-10  0.57545478E-10  0.12875309E-11  0.86374771E-15 
 0.17495919E+02     44  0.99470327E+00  0.46739093E-02  0.61455385E-03  0.81276244E-05  0.42332914E-09  0.13603175E-06  0.24036216E-09  0.29086161E-08  0.31469185E-10  0.49350156E-10  0.13581745E-11  0.21166316E-15 
 0.17893553E+02     45  0.99205151E+00  0.73928101E-02  0.54572375E-03  0.98408962E-05  0.78931234E-09  0.11226336E-06  0.45317020E-10  0.32493080E-08  0.11595258E-10  0.44700764E-10  0.87832802E-12  0.25365962E-16 
 0.18291188E+02     46  0.98880976E+00  0.10720380E-01  0.45866462E-03  0.11092723E-04  0.13387864E-08  0.10248437E-06  0.26096189E-10  0.30638811E-08  0.26249366E-11  0.48137878E-10  0.38780393E-12  0.14656589E-16 
 0.18688823E+02     47  0.98544007E+00  0.14179316E-01  0.36902283E-03  0.11475990E-04  0.12583677E-08  0.10921649E-06  0.41168579E-10  0.24860005E-08  0.60252743E-12  0.52060132E-10  0.11663857E-12  0.18151798E-16 
 0.19086457E+02     48  0.98238105E+00  0.17319217E-01  0.28868086E-03  0.10929882E-04  0.94703948E-09  0.12392754E-06  0.41906449E-10  0.18775030E-08  0.87263153E-12  0.49028760E-10  0.24540816E-13  0.13201991E-16 
 0.19484092E+02     49  0.97997960E+00  0.19786794E-01  0.22379395E-03  0.96757612E-05  0.77503250E-09  0.13540488E-06  0.30172279E-10  0.14843201E-08  0.11666501E-11  0.39178288E-10  0.13311631E-13  0.69583977E-17 
 0.19881726E+02     50  0.97845027E+00  0.21366148E-01  0.17539518E-03  0.80523892E-05  0.80009205E-09  0.13677931E-06  0.17762236E-10  0.13235920E-08  0.10352935E-11  0.27490596E-10  0.19800668E-13  0.30619163E-17 
 0.20279361E+02     51  0.97786616E+00  0.21986036E-01  0.14130496E-03  0.63685585E-05  0.90865793E-09  0.12732642E-06  0.10637659E-10  0.12797759E-08  0.69634739E-12  0.18226352E-10  0.21557589E-13  0.13157264E-17 
 0.20676995E+02     52  0.97817687E+00  0.21700112E-01  0.11807714E-03  0.48306772E-05  0.98251120E-09  0.11035635E-06  0.86169643E-11  0.12368633E-08  0.38755091E-12  0.12603537E-10  0.17244305E-13  0.68673161E-18 
 0.21074630E+02     53  0.97924318E+00  0.20650881E-01  0.10230860E-03  0.35385729E-05  0.96802069E-09  0.90223205E-07  0.91669198E-11  0.11409509E-08  0.20027713E-12  0.97144839E-11  0.11007116E-13  0.45958569E-18 
 0.21472264E+02     54  0.98087726E+00  0.19028919E-01  0.91233881E-04  0.25152036E-05  0.87049434E-09  0.70388079E-07  0.10067606E-10  0.99401809E-09  0.12140115E-12  0.81867299E-11  0.58793838E-14  0.32966066E-18 
 0.21869899E+02     55  0.98287889E+00  0.17036468E-01  0.82842039E-04  0.17406977E-05  0.72340255E-09  0.52843094E-07  0.10230620E-10  0.82254646E-09  0.10414365E-12  0.70946251E-11  0.27733438E-14  0.22115826E-18 
 0.22267533E+02     56  0.98506257E+00  0.14860433E-01  0.75778425E-04  0.11770291E-05  0.56261017E-09  0.38358084E-07  0.94853680E-11  0.65280721E-09  0.10850883E-12  0.60647235E-11  0.13523962E-14  0.13352250E-18 
 0.22665168E+02     57  0.98727375E+00  0.12656242E-01  0.69198833E-04  0.78189913E-06  0.41378402E-09  0.26959150E-07  0.81119222E-11  0.50103182E-09  0.11232539E-12  0.50451710E-11  0.92989903E-15  0.72603073E-19 
 0.23062802E+02     58  0.98939557E+00  0.10541252E-01  0.62640078E-04  0.51531223E-06  0.29011724E-09  0.18321480E-07  0.64856659E-11  0.37368133E-09  0.10799196E-12  0.40856833E-11  0.93173504E-15  0.35904930E-19 
 0.23460437E+02     59  0.99134859E+00  0.85951434E-02  0.55916204E-04  0.34233929E-06  0.19507009E-09  0.12000236E-07  0.49022326E-11  0.27115375E-09  0.95935193E-13  0.32305331E-11  0.10168816E-14  0.16304313E-19 
 0.23858071E+02     60  0.99308613E+00  0.68645959E-02  0.49033023E-04  0.23417436E-06  0.12631231E-09  0.75399340E-08  0.35325283E-11  0.19111443E-09  0.79482553E-13  0.24959252E-11  0.10391539E-14  0.68476189E-20 
 0.24255706E+02     61  0.99458784E+00  0.53698682E-02  0.42115115E-04  0.16833005E-06  0.78976108E-10  0.45187297E-08  0.24413121E-11  0.13038379E-09  0.62032332E-13  0.18799368E-11  0.96984518E-15  0.26740019E-20 
 0.24653340E+02     62  0.99585280E+00  0.41117192E-02  0.35345127E-04  0.12828281E-06  0.47742624E-10  0.25663609E-08  0.16245704E-11  0.85712564E-10  0.45964305E-13  0.13744916E-11  0.83307294E-15  0.97714806E-21 
 0.25050975E+02     63  0.99689333E+00  0.30776521E-02  0.28916508E-04  0.10271263E-06  0.27904247E-10  0.13720900E-08  0.10433401E-11  0.54013038E-10  0.32510089E-13  0.97056192E-12  0.66596550E-15  0.33992643E-21 
 0.25448609E+02     64  0.99772984E+00  0.22470722E-02  0.23000892E-04  0.84501287E-07  0.15746678E-10  0.68748784E-09  0.64716012E-12  0.32434441E-10  0.22018035E-13  0.65850176E-12  0.49973318E-15  0.11865257E-21 
 0.25846244E+02     65  0.99838697E+00  0.15952287E-02  0.17729027E-04  0.69658628E-07  0.85544520E-11  0.32453339E-09  0.38739348E-12  0.18428084E-10  0.14294437E-13  0.42710020E-12  0.35387304E-15  0.46846194E-22 
 0.26243878E+02     66  0.99889071E+00  0.10960460E-02  0.13183013E-04  0.56322767E-07  0.44523128E-11  0.14951824E-09  0.22323367E-12  0.98172401E-11  0.88864920E-14  0.26338342E-12  0.23697466E-15  0.23744232E-22 
 0.26641513E+02     67  0.99926654E+00  0.72402377E-03  0.93966936E-05  0.43927270E-07  0.22038172E-11  0.73986045E-10  0.12326048E-12  0.48442953E-11  0.52716949E-14  0.15343832E-12  0.14989930E-15  0.14896419E-22 
 0.27039148E+02     68  0.99953820E+00  0.45540815E-03  0.63611269E-05  0.32574326E-07  0.10261030E-11  0.44377761E-10  0.64724810E-13  0.21760725E-11  0.29641012E-14  0.83722781E-13  0.89115924E-16  0.99610071E-23 
 0.27436782E+02     69  0.99972712E+00  0.26882941E-03  0.40325418E-05  0.22610273E-07  0.44199815E-12  0.31907521E-10  0.31938174E-13  0.86713291E-12  0.15613426E-14  0.42257342E-13  0.49284895E-16  0.63874568E-23 
 0.27834417E+02     70  0.99985208E+00  0.14556406E-03  0.23408529E-05  0.14372890E-07  0.17161739E-12  0.23733675E-10  0.14525099E-13  0.29425965E-12  0.75541468E-15  0.19348625E-13  0.24897311E-16  0.37243080E-23 
 0.28232051E+02     71  0.99992925E+00  0.69549138E-04  0.11974816E-05  0.80675704E-08  0.57507712E-13  0.15985319E-10  0.58868812E-14  0.79296776E-13  0.32436114E-15  0.77767678E-14  0.11118221E-16  0.18925988E-23 
 0.28629686E+02     72  0.99997225E+00  0.27243057E-04  0.50177643E-06  0.37258824E-08  0.15343610E-13  0.88161077E-11  0.19911137E-14  0.14804466E-13  0.11592624E-15  0.25753881E-14  0.41108905E-17  0.78498547E-24 
 0.29027320E+02     73  0.99999245E+00  0.74000967E-05  0.14572779E-06  0.12010830E-08  0.27293655E-14  0.34009447E-11  0.48115134E-15  0.13637842E-14  0.29910904E-16  0.60604410E-15  0.10815868E-17  0.23042933E-24 
 0.29424955E+02     74  0.99999918E+00  0.80401165E-06  0.16922106E-07  0.15623934E-09  0.18414981E-15  0.54151725E-12  0.48711264E-16  0.13606892E-16  0.34115346E-17  0.63340902E-16  0.12650813E-18  0.29575702E-25 
 0.29822589E+02     75  0.10000000E+01  0.00000000E+00  0.00000000E+00  0.00000000E+00  0.00000000E+00  0.00000000E+00  0.00000000E+00  0.00000000E+00  0.00000000E+00  0.00000000E+00  0.00000000E+00  0.00000000E+00 
 
