STATE= 1
j12= 0
m12= 0
ENERGY#1, U(i)= 100.000 cm^-1
J_TOTAL     CHANNEL=  1  CHANNEL=  2  CHANNEL=  3  CHANNEL=  4  CHANNEL=  5  CHANNEL=  6  CHANNEL=  7  CHANNEL=  8  CHANNEL=  9  CHANNEL= 10  CHANNEL= 11  CHANNEL= 12  
    0    0.96488E-01  0.37862E-02  0.10412E-02  0.21611E-02  0.42069E-02  0.53502E-03  0.65650E-02  0.27565E-02  0.29989E-02  0.54316E-02  0.72893E-02  0.58376E-02 
    1    0.28721E+00  0.12053E-01  0.33689E-02  0.66216E-02  0.14035E-01  0.16410E-02  0.20109E-01  0.81532E-02  0.89676E-02  0.16125E-01  0.21635E-01  0.17374E-01 
    2    0.47108E+00  0.22485E-01  0.64596E-02  0.11485E-01  0.28133E-01  0.28533E-02  0.34834E-01  0.13214E-01  0.14834E-01  0.26323E-01  0.35293E-01  0.28497E-01 
    3    0.64326E+00  0.36783E-01  0.10910E-01  0.16972E-01  0.49413E-01  0.42358E-02  0.51328E-01  0.17759E-01  0.20485E-01  0.35743E-01  0.47841E-01  0.38949E-01 
    4    0.79866E+00  0.56967E-01  0.17438E-01  0.23231E-01  0.80823E-01  0.58377E-02  0.69860E-01  0.21675E-01  0.25751E-01  0.44180E-01  0.58930E-01  0.48523E-01 
    5    0.93205E+00  0.85348E-01  0.26894E-01  0.30287E-01  0.12522E+00  0.76801E-02  0.90238E-01  0.24944E-01  0.30403E-01  0.51539E-01  0.68343E-01  0.57121E-01 
    6    0.10385E+01  0.12434E+00  0.40242E-01  0.37997E-01  0.18511E+00  0.97394E-02  0.11166E+00  0.27668E-01  0.34184E-01  0.57874E-01  0.76073E-01  0.64857E-01 
    7    0.11143E+01  0.17604E+00  0.58468E-01  0.46007E-01  0.26216E+00  0.11935E-01  0.13261E+00  0.30094E-01  0.36870E-01  0.63413E-01  0.82422E-01  0.72197E-01 
    8    0.11577E+01  0.24149E+00  0.82408E-01  0.53723E-01  0.35658E+00  0.14126E-01  0.15084E+00  0.32616E-01  0.38378E-01  0.68570E-01  0.88081E-01  0.80144E-01 
    9    0.11712E+01  0.31973E+00  0.11246E+00  0.60328E-01  0.46619E+00  0.16142E-01  0.16356E+00  0.35769E-01  0.38935E-01  0.73915E-01  0.94175E-01  0.90438E-01 
   10    0.11627E+01  0.40667E+00  0.14817E+00  0.64865E-01  0.58547E+00  0.17843E-01  0.16782E+00  0.40191E-01  0.39268E-01  0.80090E-01  0.10221E+00  0.10573E+00 
   11    0.11472E+01  0.49414E+00  0.18778E+00  0.66398E-01  0.70464E+00  0.19241E-01  0.16128E+00  0.46546E-01  0.40808E-01  0.87662E-01  0.11390E+00  0.12967E+00 
   12    0.11470E+01  0.56971E+00  0.22774E+00  0.64242E-01  0.80928E+00  0.20646E-01  0.14323E+00  0.55409E-01  0.45810E-01  0.96906E-01  0.13071E+00  0.16677E+00 
   13    0.11900E+01  0.61811E+00  0.26256E+00  0.58223E-01  0.88101E+00  0.22822E-01  0.11579E+00  0.67106E-01  0.57277E-01  0.10754E+00  0.15334E+00  0.22189E+00 
   14    0.13039E+01  0.62509E+00  0.28527E+00  0.48879E-01  0.90011E+00  0.27029E-01  0.84900E-01  0.81512E-01  0.78507E-01  0.11850E+00  0.18094E+00  0.29922E+00 
   15    0.15066E+01  0.58408E+00  0.28911E+00  0.37498E-01  0.85096E+00  0.34828E-01  0.60382E-01  0.97818E-01  0.11207E+00  0.12781E+00  0.21044E+00  0.40047E+00 
   16    0.17922E+01  0.50473E+00  0.27099E+00  0.25958E-01  0.73107E+00  0.47416E-01  0.54195E-01  0.11430E+00  0.15805E+00  0.13286E+00  0.23637E+00  0.52210E+00 
   17    0.21205E+01  0.41778E+00  0.23635E+00  0.16359E-01  0.56137E+00  0.64481E-01  0.75845E-01  0.12824E+00  0.21204E+00  0.13102E+00  0.25175E+00  0.65268E+00 
   18    0.24217E+01  0.36778E+00  0.20248E+00  0.10837E-01  0.39070E+00  0.83150E-01  0.12657E+00  0.13624E+00  0.26430E+00  0.12058E+00  0.24996E+00  0.77234E+00 
   19    0.26221E+01  0.39122E+00  0.19798E+00  0.12332E-01  0.29286E+00  0.97488E-01  0.19469E+00  0.13456E+00  0.29990E+00  0.10163E+00  0.22716E+00  0.85288E+00 
   20    0.26971E+01  0.48126E+00  0.25272E+00  0.25608E-01  0.34591E+00  0.99748E-01  0.25476E+00  0.12023E+00  0.30208E+00  0.76665E-01  0.18475E+00  0.86219E+00 
   21    0.27345E+01  0.56270E+00  0.37154E+00  0.56083E-01  0.58281E+00  0.85011E-01  0.27644E+00  0.93261E-01  0.26078E+00  0.50498E-01  0.13107E+00  0.77653E+00 
   22    0.29370E+01  0.53873E+00  0.50251E+00  0.10329E+00  0.93005E+00  0.57438E-01  0.24485E+00  0.58520E-01  0.18266E+00  0.27995E-01  0.78048E-01  0.59832E+00 
   23    0.34827E+01  0.44080E+00  0.53595E+00  0.14924E+00  0.11875E+01  0.31247E-01  0.17565E+00  0.25716E-01  0.93842E-01  0.12069E-01  0.36135E-01  0.36669E+00 
   24    0.42395E+01  0.57790E+00  0.39415E+00  0.15473E+00  0.11131E+01  0.20136E-01  0.10802E+00  0.60127E-02  0.30218E-01  0.33244E-02  0.11082E-01  0.15770E+00 
   25    0.46989E+01  0.13052E+01  0.19561E+00  0.99504E-01  0.67011E+00  0.18013E-01  0.60885E-01  0.13695E-02  0.61734E-02  0.31576E-03  0.14220E-02  0.36462E-01 
   26    0.46742E+01  0.22462E+01  0.17634E+00  0.40202E-01  0.19551E+00  0.99273E-02  0.23034E-01  0.15325E-02  0.23597E-02  0.13446E-03  0.12019E-03  0.25518E-02 
   27    0.52422E+01  0.21924E+01  0.17280E+00  0.19214E-01  0.16852E-01  0.28118E-02  0.30473E-02  0.46382E-03  0.48319E-03  0.64593E-04  0.53396E-04  0.20811E-04 
   28    0.67641E+01  0.10787E+01  0.78328E-01  0.58839E-02  0.72168E-03  0.53593E-03  0.15439E-03  0.59695E-04  0.37847E-04  0.69234E-05  0.52519E-05  0.26609E-06 
   29    0.78771E+01  0.28930E+00  0.38017E-01  0.14378E-02  0.78687E-03  0.93931E-04  0.11509E-04  0.74024E-05  0.29842E-05  0.68742E-06  0.48777E-06  0.75057E-07 
   30    0.84307E+01  0.32539E-01  0.20678E-01  0.52347E-03  0.51866E-03  0.20379E-04  0.81465E-05  0.10878E-05  0.28036E-06  0.86022E-07  0.55622E-07  0.21854E-07 
   31    0.87386E+01  0.12781E-01  0.11228E-01  0.29522E-03  0.24768E-03  0.72119E-05  0.58620E-05  0.22156E-06  0.91841E-07  0.11312E-07  0.57756E-08  0.46745E-08 
   32    0.89711E+01  0.63573E-01  0.63796E-02  0.19477E-03  0.10275E-03  0.41308E-05  0.31988E-05  0.88551E-07  0.76374E-07  0.19355E-08  0.97879E-09  0.87981E-09 
   33    0.91948E+01  0.12040E+00  0.41834E-02  0.13697E-03  0.39764E-04  0.27927E-05  0.14467E-05  0.55206E-07  0.50784E-07  0.10268E-08  0.95925E-09  0.13911E-09 
   34    0.94330E+01  0.16124E+00  0.33417E-02  0.10513E-03  0.14863E-04  0.18868E-05  0.60534E-06  0.38797E-07  0.23393E-07  0.68102E-09  0.10222E-08  0.29176E-10 
   35    0.96923E+01  0.18042E+00  0.31363E-02  0.89817E-04  0.52546E-05  0.12469E-05  0.27629E-06  0.31479E-07  0.80922E-08  0.57922E-09  0.50192E-09  0.19394E-10 
   36    0.99719E+01  0.17888E+00  0.32553E-02  0.83385E-04  0.15510E-05  0.86914E-06  0.15012E-06  0.28579E-07  0.40006E-08  0.46546E-09  0.11981E-09  0.69914E-11 
   37    0.10268E+02  0.16058E+00  0.36158E-02  0.80462E-04  0.37980E-06  0.75479E-06  0.85306E-07  0.22924E-07  0.40486E-08  0.66825E-09  0.11621E-09  0.17188E-11 
   38    0.10575E+02  0.13111E+00  0.42218E-02  0.77738E-04  0.40790E-06  0.84568E-06  0.38468E-07  0.17334E-07  0.43890E-08  0.11665E-08  0.98317E-10  0.17852E-11 
   39    0.10887E+02  0.96980E-01  0.50578E-02  0.73548E-04  0.74741E-06  0.10596E-05  0.15421E-07  0.20091E-07  0.29736E-08  0.93205E-09  0.17716E-09  0.13512E-11 
   40    0.11196E+02  0.64912E-01  0.60302E-02  0.68174E-04  0.80719E-06  0.13610E-05  0.18482E-07  0.27024E-07  0.96174E-09  0.39788E-09  0.16790E-09  0.88208E-12 
   41    0.11497E+02  0.41142E-01  0.69609E-02  0.64466E-04  0.53752E-06  0.17025E-05  0.24485E-07  0.28364E-07  0.47800E-09  0.40359E-09  0.53566E-10  0.40000E-13 
   42    0.11785E+02  0.30584E-01  0.76336E-02  0.67081E-04  0.22345E-06  0.19382E-05  0.19318E-07  0.26361E-07  0.72782E-09  0.63689E-09  0.12118E-10  0.16477E-13 
   43    0.12057E+02  0.36071E-01  0.78717E-02  0.79477E-04  0.50682E-07  0.19223E-05  0.95791E-08  0.28894E-07  0.67692E-09  0.69639E-09  0.15581E-10  0.10453E-13 
   44    0.12314E+02  0.57862E-01  0.76080E-02  0.10062E-03  0.52407E-08  0.16840E-05  0.29756E-08  0.36008E-07  0.38958E-09  0.61094E-09  0.16814E-10  0.26203E-14 
   45    0.12557E+02  0.93577E-01  0.69077E-02  0.12457E-03  0.99910E-08  0.14210E-05  0.57362E-09  0.41129E-07  0.14677E-09  0.56582E-09  0.11118E-10  0.32108E-15 
   46    0.12791E+02  0.13868E+00  0.59333E-02  0.14350E-03  0.17319E-07  0.13257E-05  0.33758E-09  0.39635E-07  0.33956E-10  0.62272E-09  0.50167E-11  0.18960E-15 
   47    0.13022E+02  0.18737E+00  0.48764E-02  0.15165E-03  0.16628E-07  0.14432E-05  0.54401E-09  0.32851E-07  0.79620E-11  0.68794E-09  0.15413E-11  0.23986E-15 
   48    0.13255E+02  0.23368E+00  0.38950E-02  0.14747E-03  0.12778E-07  0.16721E-05  0.56542E-09  0.25332E-07  0.11774E-10  0.66152E-09  0.33112E-12  0.17813E-15 
   49    0.13495E+02  0.27248E+00  0.30818E-02  0.13324E-03  0.10673E-07  0.18646E-05  0.41549E-09  0.20440E-07  0.16066E-10  0.53951E-09  0.18331E-12  0.95822E-16 
   50    0.13746E+02  0.30017E+00  0.24641E-02  0.11313E-03  0.11240E-07  0.19216E-05  0.24954E-09  0.18595E-07  0.14545E-10  0.38621E-09  0.27818E-12  0.43016E-16 
   51    0.14010E+02  0.31500E+00  0.20245E-02  0.91243E-04  0.13018E-07  0.18242E-05  0.15241E-09  0.18335E-07  0.99766E-11  0.26113E-09  0.30886E-12  0.18851E-16 
   52    0.14287E+02  0.31694E+00  0.17245E-02  0.70553E-04  0.14350E-07  0.16118E-05  0.12585E-09  0.18065E-07  0.56603E-11  0.18408E-09  0.25186E-12  0.10030E-16 
   53    0.14575E+02  0.30736E+00  0.15227E-02  0.52666E-04  0.14408E-07  0.13428E-05  0.13644E-09  0.16981E-07  0.29808E-11  0.14459E-09  0.16382E-12  0.68402E-17 
   54    0.14872E+02  0.28851E+00  0.13833E-02  0.38135E-04  0.13198E-07  0.10672E-05  0.15264E-09  0.15071E-07  0.18406E-11  0.12412E-09  0.89141E-13  0.49982E-17 
   55    0.15176E+02  0.26304E+00  0.12791E-02  0.26876E-04  0.11169E-07  0.81589E-06  0.15796E-09  0.12700E-07  0.16080E-11  0.10954E-09  0.42820E-13  0.34147E-17 
   56    0.15483E+02  0.23358E+00  0.11911E-02  0.18501E-04  0.88431E-08  0.60291E-06  0.14909E-09  0.10261E-07  0.17055E-11  0.95326E-10  0.21257E-13  0.20987E-17 
   57    0.15793E+02  0.20245E+00  0.11069E-02  0.12507E-04  0.66190E-08  0.43125E-06  0.12976E-09  0.80146E-08  0.17968E-11  0.80704E-10  0.14875E-13  0.11614E-17 
   58    0.16102E+02  0.17155E+00  0.10194E-02  0.83864E-05  0.47215E-08  0.29817E-06  0.10555E-09  0.60815E-08  0.17575E-11  0.66492E-10  0.15163E-13  0.58433E-18 
   59    0.16409E+02  0.14227E+00  0.92556E-03  0.56666E-05  0.32289E-08  0.19864E-06  0.81145E-10  0.44883E-08  0.15880E-11  0.53474E-10  0.16832E-13  0.26988E-18 
   60    0.16714E+02  0.11554E+00  0.82527E-03  0.39414E-05  0.21259E-08  0.12690E-06  0.59455E-10  0.32166E-08  0.13378E-11  0.42009E-10  0.17490E-13  0.11525E-18 
   61    0.17016E+02  0.91873E-01  0.72055E-03  0.28800E-05  0.13512E-08  0.77311E-07  0.41768E-10  0.22307E-08  0.10613E-11  0.32164E-10  0.16593E-13  0.45750E-19 
   62    0.17315E+02  0.71491E-01  0.61455E-03  0.22305E-05  0.83011E-09  0.44622E-07  0.28247E-10  0.14903E-08  0.79919E-12  0.23899E-10  0.14485E-13  0.16990E-19 
   63    0.17611E+02  0.54368E-01  0.51082E-03  0.18145E-05  0.49294E-09  0.24239E-07  0.18431E-10  0.95416E-09  0.57430E-12  0.17145E-10  0.11765E-13  0.60049E-20 
   64    0.17903E+02  0.40321E-01  0.41272E-03  0.15163E-05  0.28255E-09  0.12336E-07  0.11612E-10  0.58199E-09  0.39508E-12  0.11816E-10  0.89670E-14  0.21291E-20 
   65    0.18192E+02  0.29068E-01  0.32306E-03  0.12693E-05  0.15588E-09  0.59136E-08  0.70590E-11  0.33579E-09  0.26047E-12  0.77825E-11  0.64482E-14  0.85362E-21 
   66    0.18479E+02  0.20277E-01  0.24389E-03  0.10420E-05  0.82368E-10  0.27661E-08  0.41298E-11  0.18162E-09  0.16440E-12  0.48726E-11  0.43840E-14  0.43927E-21 
   67    0.18764E+02  0.13596E-01  0.17645E-03  0.82488E-06  0.41384E-10  0.13893E-08  0.23146E-11  0.90967E-10  0.98993E-13  0.28813E-11  0.28148E-14  0.27973E-21 
   68    0.19048E+02  0.86784E-02  0.12122E-03  0.62075E-06  0.19554E-10  0.84568E-09  0.12334E-11  0.41468E-10  0.56485E-13  0.15955E-11  0.16982E-14  0.18982E-21 
   69    0.19329E+02  0.51977E-02  0.77968E-04  0.43716E-06  0.85459E-11  0.61692E-09  0.61751E-12  0.16766E-10  0.30188E-13  0.81703E-12  0.95290E-15  0.12350E-21 
   70    0.19610E+02  0.28549E-02  0.45911E-04  0.28189E-06  0.33659E-11  0.46548E-09  0.28488E-12  0.57713E-11  0.14816E-13  0.37948E-12  0.48831E-15  0.73044E-22 
   71    0.19890E+02  0.13834E-02  0.23819E-04  0.16047E-06  0.11439E-11  0.31796E-09  0.11710E-12  0.15773E-11  0.64519E-14  0.15469E-12  0.22115E-15  0.37646E-22 
   72    0.20169E+02  0.54947E-03  0.10120E-04  0.75148E-07  0.30947E-12  0.17781E-09  0.40159E-13  0.29859E-12  0.23381E-14  0.51943E-13  0.82913E-16  0.15833E-22 
   73    0.20447E+02  0.15131E-03  0.29798E-05  0.24559E-07  0.55808E-13  0.69540E-10  0.98383E-14  0.27886E-13  0.61160E-15  0.12392E-13  0.22116E-16  0.47117E-23 
   74    0.20726E+02  0.16664E-04  0.35072E-06  0.32381E-08  0.38166E-14  0.11223E-10  0.10096E-14  0.28201E-15  0.70706E-16  0.13128E-14  0.26220E-17  0.61297E-24 
   75    0.21004E+02  0.00000E+00  0.00000E+00  0.00000E+00  0.00000E+00  0.00000E+00  0.00000E+00  0.00000E+00  0.00000E+00  0.00000E+00  0.00000E+00  0.00000E+00 
