Loading openmpi-geib-cuda10.2-intel/4.0.5
  Loading requirement: hpcx/2.10 intel/psxe/intel64/2020.4
    cuda10.2/toolkit/10.2.89
 MPI INITIALIZED
 PARSERING OF USER INPUT
 ARRAY_INI_STARTED
 STATES_SIZE_FOUND         441
 number_of_channels          21
 jmax_included          20
 BASIS ARRAYS CREATED
ARRAYS ALLOCATION TOOK TIME, s =             0.002
 TOTAL_SIZE_OF_M =         3311
  MAKING AN EQUIDIST GRID	
 MTRX.DAT READING STARTED
 FORMATTED READING DONE
Trucation #1 at #R = 19, R = 6.022, and #2 at #R = 29, R = 8.035
THE SIZE OF NON_ZERO PART OF Mij =       3311
 MPI TASK PER TRAJECTORY WILL BE USED
MPI TASKS WHICH ARE ASSOCIATED WITH ONE TRAJECTORY =     1
 Mij ROOT PROC DISTRIBUTION STARTED
 Mij ROOT PROC DISTRIBUTION DONE
 Mij ALL PROC DISTRIBUTION STARTED
 Mij ALL PROC DISTRIBUTION DONE
 MPI_COMMUNICATORS_CREATION STARTED
 MPI_COMMUNICATORS_CREATION DONE
TIME SPENT ON MATRIX Mij READING/COMPUTING/SAVING ON DISK ,s       0.6
 NUMBER OF TRAJECTORIES PER PROC_GROUP MIN           3
  
 SCATTERING CALCULATIONS STARTED
TOTAL J RANGE: FROM    0 TO   36
TOTAL L RANGE: FROM    0 TO   36
 NUMBER OF TRAJECTORIES PER PROC_GROUP MAX           4
 TOTAL NUMBER OF TRAJECTORIES          37
TIME IT TOOK TO SETUP ARRAYS, s     0
CALCULATIONS START FOR M =    0
TRAJECTORY DONE FOR L=     9 TIME_SPENT=       24.817 SEC.
TRAJECTORY DONE FOR L=     8 TIME_SPENT=       25.444 SEC.
TRAJECTORY DONE FOR L=     7 TIME_SPENT=       26.252 SEC.
TRAJECTORY DONE FOR L=     6 TIME_SPENT=       26.868 SEC.
TRAJECTORY DONE FOR L=     5 TIME_SPENT=       27.609 SEC.
TRAJECTORY DONE FOR L=     4 TIME_SPENT=       28.281 SEC.
TRAJECTORY DONE FOR L=     3 TIME_SPENT=       28.894 SEC.
TRAJECTORY DONE FOR L=     2 TIME_SPENT=       29.427 SEC.
TRAJECTORY DONE FOR L=     1 TIME_SPENT=       29.786 SEC.
TRAJECTORY DONE FOR L=     0 TIME_SPENT=       30.752 SEC.
TRAJECTORY DONE FOR L=    19 TIME_SPENT=       22.423 SEC.
TRAJECTORY DONE FOR L=    18 TIME_SPENT=       22.210 SEC.
TRAJECTORY DONE FOR L=    17 TIME_SPENT=       22.112 SEC.
TRAJECTORY DONE FOR L=    16 TIME_SPENT=       22.059 SEC.
TRAJECTORY DONE FOR L=    15 TIME_SPENT=       22.150 SEC.
TRAJECTORY DONE FOR L=    14 TIME_SPENT=       22.341 SEC.
TRAJECTORY DONE FOR L=    13 TIME_SPENT=       22.612 SEC.
TRAJECTORY DONE FOR L=    12 TIME_SPENT=       22.925 SEC.
TRAJECTORY DONE FOR L=    11 TIME_SPENT=       23.289 SEC.
TRAJECTORY DONE FOR L=    10 TIME_SPENT=       24.309 SEC.
TRAJECTORY DONE FOR L=    29 TIME_SPENT=       20.345 SEC.
TRAJECTORY DONE FOR L=    28 TIME_SPENT=       20.430 SEC.
TRAJECTORY DONE FOR L=    27 TIME_SPENT=       20.720 SEC.
TRAJECTORY DONE FOR L=    26 TIME_SPENT=       20.807 SEC.
TRAJECTORY DONE FOR L=    25 TIME_SPENT=       20.932 SEC.
TRAJECTORY DONE FOR L=    24 TIME_SPENT=       21.057 SEC.
TRAJECTORY DONE FOR L=    23 TIME_SPENT=       21.182 SEC.
TRAJECTORY DONE FOR L=    22 TIME_SPENT=       21.372 SEC.
TRAJECTORY DONE FOR L=    21 TIME_SPENT=       21.553 SEC.
TRAJECTORY DONE FOR L=    20 TIME_SPENT=       22.385 SEC.
TRAJECTORY DONE FOR L=    36 TIME_SPENT=       20.078 SEC.
TRAJECTORY DONE FOR L=    35 TIME_SPENT=       20.242 SEC.
TRAJECTORY DONE FOR L=    34 TIME_SPENT=       20.371 SEC.
TRAJECTORY DONE FOR L=    33 TIME_SPENT=       20.577 SEC.
TRAJECTORY DONE FOR L=    32 TIME_SPENT=       20.725 SEC.
TRAJECTORY DONE FOR L=    31 TIME_SPENT=       20.845 SEC.
TRAJECTORY DONE FOR L=    30 TIME_SPENT=       21.530 SEC.
ALL TRAJECTORIES DONE FOR ENER_NUM =   1 AND M12 =    0  J12=     0
TIME IT TOOK TO PROPOGATE,s         98
 DATA FROM ALL TRAJECTORIES GATHERED
 INELASTIC CROSS SECTION CALCULATED FOR M           0
  
 CROSS SECTION CALCULATED FOR ENERGY=           1
  
 Trajectory Propagation Time:   99.0417521270000     
  
TOTAL TIME SPENT ON PROPAGATION,sec =      990
THE AVERAGE TIME PER MPI TASK SPENT ON PROPAGATION =    0  h   1   m 39.1  s
TIME SPENT ON INITIALIZATION TOOK WALL CLOCK TIME =    0  h   0   m  0.6  s
TIME SPENT ON MIJ.DAT READING TOOK WALL CLOCK TIME =    0  h   0   m  0.5  s
TIME SPENT ON MIJ DISTRIBUTION TOOK WALL CLOCK TIME =    0  h   0   m  0.6  s
TIME SPENT ON MIJ REALLOCATION TOOK WALL CLOCK TIME =    0  h   0   m  0.5  s
 ALL WORK DONE

real	1m41.725s
user	16m34.834s
sys	0m9.952s
