 FOR ENERGY=           1
 MAXIMUM PROBABILITY ERROR
 B_IMP  0.000000000000000E+000
 L_ORB  0.000000000000000E+000
 R_FIN   35.0020128390721     
 PHI_FIN  0.000000000000000E+000
 PROBAB_SURV  0.386131914562011     
 ERROR_ENERG  2.426639782135338E-006
 ERROR_PROBAB  1.289169881957264E-007
 STATE           1
 #NTRAJECT           1
 #NPROC           0
 
 MAXIMUM ENERGY ERROR
 B_IMP  0.586351833129256     
 L_ORB   1.00000000000000     
 R_FIN   35.0008148678162     
 PHI_FIN  0.258872752315308     
 PROBAB_SURV  0.387846897930733     
 ERROR_ENERG  2.522735457626553E-006
 ERROR_PROBAB  1.238376734491453E-007
 STATE           1
 #NTRAJECT           1
 #NPROC           1
 -------------------------
