 M RESOLVED CROSSECTIONS WITHOUT BILLING CORRECTION
INI_STATE#    1
   ENERGY#    1
 j12=           0
 m12=           0
CHANNEL# CROSSSECTIONS,ANG^2
   1       0.18384475834E+03
   2       0.66964132961E+01
   3       0.37622838912E+01
   4       0.31661475707E+01
   5       0.11849352521E+01
   6       0.15273489344E+01
   7       0.12410255241E+01
   8       0.98839758677E+00
   9       0.90650262904E+00
  10       0.72482276512E+00
  11       0.64204167444E+00
  12       0.53410354740E+00
  13       0.45207534734E+00
  14       0.38189318314E+00
  15       0.32593785113E+00
  16       0.26096134748E+00
  17       0.17282780020E+00
  18       0.10720398158E+00
  19       0.74591135801E-01
  20       0.26117578625E-01
  21       0.13845387134E-01
