STATE= 1
j12= 0
m12= 0
ENERGY#1, U(i)= 100.000 cm^-1
J_TOTAL     CHANNEL=  1  CHANNEL=  2  CHANNEL=  3  CHANNEL=  4  CHANNEL=  5  CHANNEL=  6  CHANNEL=  7  CHANNEL=  8  CHANNEL=  9  CHANNEL= 10  CHANNEL= 11  CHANNEL= 12  CHANNEL= 13  CHANNEL= 14  CHANNEL= 15  CHANNEL= 16  CHANNEL= 17  CHANNEL= 18  CHANNEL= 19  CHANNEL= 20  CHANNEL= 21  
    0    0.58395E-01  0.17567E-01  0.13121E-01  0.17070E-01  0.20824E-02  0.61017E-02  0.47836E-02  0.31089E-02  0.40546E-02  0.30069E-02  0.32922E-02  0.27102E-02  0.21606E-02  0.17215E-02  0.20772E-02  0.27498E-02  0.24132E-02  0.18241E-02  0.18185E-02  0.76261E-03  0.40917E-03 
    1    0.17596E+00  0.52943E-01  0.38999E-01  0.50957E-01  0.63702E-02  0.18182E-01  0.14279E-01  0.93256E-02  0.12185E-01  0.90897E-02  0.98512E-02  0.80215E-02  0.63854E-02  0.52284E-02  0.63954E-02  0.83016E-02  0.71995E-02  0.54085E-02  0.52629E-02  0.21760E-02  0.11692E-02 
    2    0.29583E+00  0.89058E-01  0.63821E-01  0.84083E-01  0.11013E-01  0.29869E-01  0.23561E-01  0.15570E-01  0.20403E-01  0.15359E-01  0.16284E-01  0.12993E-01  0.10373E-01  0.89820E-02  0.11196E-01  0.13970E-01  0.11832E-01  0.87703E-02  0.81436E-02  0.32749E-02  0.17643E-02 
    3    0.41941E+00  0.12648E+00  0.87040E-01  0.11592E+00  0.16187E-01  0.40819E-01  0.32527E-01  0.21972E-01  0.28824E-01  0.21845E-01  0.22349E-01  0.17394E-01  0.14157E-01  0.13304E-01  0.16742E-01  0.19692E-01  0.16104E-01  0.11674E-01  0.10138E-01  0.39173E-02  0.21172E-02 
    4    0.54791E+00  0.16591E+00  0.10841E+00  0.14577E+00  0.21948E-01  0.50614E-01  0.41218E-01  0.28853E-01  0.37543E-01  0.28360E-01  0.27626E-01  0.21109E-01  0.18083E-01  0.18659E-01  0.23130E-01  0.25186E-01  0.19673E-01  0.13801E-01  0.11022E-01  0.40510E-02  0.21950E-02 
    5    0.68228E+00  0.20825E+00  0.12819E+00  0.17253E+00  0.28154E-01  0.58905E-01  0.50002E-01  0.36727E-01  0.46379E-01  0.34348E-01  0.31651E-01  0.24410E-01  0.22902E-01  0.25479E-01  0.30087E-01  0.29887E-01  0.22072E-01  0.14812E-01  0.10732E-01  0.37238E-02  0.20158E-02 
    6    0.82349E+00  0.25436E+00  0.14705E+00  0.19439E+00  0.34553E-01  0.65864E-01  0.59676E-01  0.46016E-01  0.54477E-01  0.38922E-01  0.34383E-01  0.28276E-01  0.29608E-01  0.33775E-01  0.36766E-01  0.32976E-01  0.22819E-01  0.14469E-01  0.94125E-02  0.30696E-02  0.16463E-02 
    7    0.97347E+00  0.30427E+00  0.16532E+00  0.20918E+00  0.41251E-01  0.72795E-01  0.71024E-01  0.56269E-01  0.60132E-01  0.41470E-01  0.36925E-01  0.34382E-01  0.38801E-01  0.42618E-01  0.41727E-01  0.33588E-01  0.21602E-01  0.12779E-01  0.74036E-02  0.22649E-02  0.11856E-02 
    8    0.11364E+01  0.35583E+00  0.18157E+00  0.21606E+00  0.49530E-01  0.82077E-01  0.83423E-01  0.65286E-01  0.61681E-01  0.42946E-01  0.41886E-01  0.44253E-01  0.49681E-01  0.49893E-01  0.43286E-01  0.31171E-01  0.18480E-01  0.10063E-01  0.51548E-02  0.14774E-02  0.73792E-03 
    9    0.13182E+01  0.40450E+00  0.19265E+00  0.21818E+00  0.61839E-01  0.95026E-01  0.93167E-01  0.69689E-01  0.60038E-01  0.47014E-01  0.52238E-01  0.57438E-01  0.59275E-01  0.52755E-01  0.40246E-01  0.25860E-01  0.13998E-01  0.69123E-02  0.31049E-02  0.83102E-03  0.38422E-03 
   10    0.15205E+01  0.44780E+00  0.19918E+00  0.22196E+00  0.78622E-01  0.10775E+00  0.94679E-01  0.69027E-01  0.61247E-01  0.58700E-01  0.67974E-01  0.69771E-01  0.63011E-01  0.48980E-01  0.32709E-01  0.18662E-01  0.91022E-02  0.40037E-02  0.15600E-02  0.38664E-03  0.15952E-03 
   11    0.17345E+01  0.49328E+00  0.21357E+00  0.22692E+00  0.92565E-01  0.11112E+00  0.88589E-01  0.71639E-01  0.73697E-01  0.78562E-01  0.82607E-01  0.74082E-01  0.57291E-01  0.38651E-01  0.22466E-01  0.11264E-01  0.48586E-02  0.18626E-02  0.62015E-03  0.14000E-03  0.49445E-04 
   12    0.19568E+01  0.55075E+00  0.24816E+00  0.21566E+00  0.92363E-01  0.10466E+00  0.90337E-01  0.90848E-01  0.96317E-01  0.96369E-01  0.85086E-01  0.65049E-01  0.42768E-01  0.24865E-01  0.12434E-01  0.53752E-02  0.19987E-02  0.65010E-03  0.18110E-03  0.36240E-04  0.10453E-04 
   13    0.22310E+01  0.59475E+00  0.27816E+00  0.17627E+00  0.86280E-01  0.11284E+00  0.11631E+00  0.12328E+00  0.11055E+00  0.95513E-01  0.69124E-01  0.44537E-01  0.24727E-01  0.12149E-01  0.51041E-02  0.18433E-02  0.57046E-03  0.15203E-03  0.34336E-04  0.58491E-05  0.13069E-05 
   14    0.26028E+01  0.57178E+00  0.26916E+00  0.14642E+00  0.10890E+00  0.16014E+00  0.14740E+00  0.13456E+00  0.95830E-01  0.69661E-01  0.41163E-01  0.21891E-01  0.10099E-01  0.40268E-02  0.13674E-02  0.39415E-03  0.96874E-04  0.20183E-04  0.35297E-05  0.48287E-06  0.78256E-07 
   15    0.29823E+01  0.52946E+00  0.29757E+00  0.17305E+00  0.15501E+00  0.20230E+00  0.13406E+00  0.97031E-01  0.57436E-01  0.33648E-01  0.16051E-01  0.67252E-02  0.24760E-02  0.74764E-03  0.19342E-03  0.41793E-04  0.76368E-05  0.11634E-05  0.14698E-06  0.14836E-07  0.15956E-08 
   16    0.33887E+01  0.53990E+00  0.38729E+00  0.22037E+00  0.15235E+00  0.15320E+00  0.73464E-01  0.40085E-01  0.21523E-01  0.90322E-02  0.33153E-02  0.10136E-02  0.27087E-03  0.56097E-04  0.10108E-04  0.15049E-05  0.18505E-06  0.18646E-07  0.15257E-08  0.99699E-10  0.62223E-11 
   17    0.42859E+01  0.35347E+00  0.26127E+00  0.21520E+00  0.93848E-01  0.49240E-01  0.20521E-01  0.83906E-02  0.39481E-02  0.95613E-03  0.23467E-03  0.47441E-04  0.73168E-05  0.95745E-06  0.10501E-06  0.96730E-08  0.68756E-09  0.39097E-10  0.17211E-11  0.58457E-13  0.16066E-14 
   18    0.53591E+01  0.30268E-01  0.43147E-01  0.11592E+00  0.39629E-01  0.45806E-02  0.19197E-02  0.70171E-03  0.22806E-03  0.21933E-04  0.20888E-05  0.25534E-06  0.13544E-07  0.18277E-08  0.10560E-09  0.46402E-11  0.15913E-12  0.37830E-14  0.66912E-16  0.62333E-18  0.15042E-17 
   19    0.57092E+01  0.72964E-01  0.81532E-01  0.23360E-01  0.98508E-02  0.97257E-03  0.65863E-04  0.12134E-04  0.11736E-04  0.15207E-06  0.86378E-08  0.40885E-09  0.32662E-10  0.69978E-12  0.19974E-13  0.16351E-15  0.23229E-17  0.18375E-18  0.60358E-18  0.95885E-20  0.47508E-18 
   20    0.58931E+01  0.17433E+00  0.12699E+00  0.38031E-02  0.19734E-02  0.23541E-03  0.20779E-04  0.22967E-05  0.19683E-05  0.17287E-07  0.50967E-09  0.24350E-10  0.19273E-12  0.95228E-16  0.38372E-17  0.56073E-18  0.57083E-19  0.23639E-19  0.64657E-19  0.21364E-20  0.74868E-19 
   21    0.62615E+01  0.14373E+00  0.95639E-01  0.15471E-02  0.46346E-03  0.37980E-04  0.40727E-05  0.23165E-06  0.22989E-06  0.26955E-08  0.13347E-10  0.52034E-12  0.34877E-14  0.50939E-17  0.32930E-18  0.86638E-19  0.83754E-20  0.54065E-20  0.99975E-20  0.57661E-21  0.92002E-20 
   22    0.66584E+01  0.88969E-01  0.57073E-01  0.75712E-03  0.11222E-03  0.61877E-05  0.73354E-06  0.13452E-07  0.25031E-07  0.33788E-09  0.47744E-12  0.17506E-13  0.15954E-15  0.32393E-18  0.27069E-19  0.96108E-20  0.12609E-20  0.76970E-21  0.14920E-20  0.15559E-21  0.22743E-20 
   23    0.70241E+01  0.51205E-01  0.32123E-01  0.37295E-03  0.29037E-04  0.10299E-05  0.12837E-06  0.59506E-09  0.29435E-08  0.41953E-10  0.25581E-13  0.81569E-15  0.43973E-17  0.34602E-19  0.41398E-20  0.18627E-20  0.13441E-21  0.85751E-22  0.39238E-21  0.22374E-22  0.42775E-21 
   24    0.73626E+01  0.29347E-01  0.18108E-01  0.18517E-03  0.84735E-05  0.17792E-06  0.21044E-07  0.17066E-10  0.37820E-09  0.53781E-11  0.20167E-14  0.46561E-16  0.25066E-18  0.17768E-19  0.44458E-21  0.13201E-21  0.10689E-22  0.23373E-22  0.30750E-22  0.83150E-23  0.77720E-22 
   25    0.76851E+01  0.17136E-01  0.10435E-01  0.93095E-04  0.28066E-05  0.35559E-07  0.30884E-08  0.19863E-12  0.51868E-10  0.71008E-12  0.20271E-15  0.30931E-17  0.58971E-19  0.17946E-20  0.35286E-22  0.83912E-23  0.28344E-24  0.26391E-23  0.69433E-23  0.20137E-23  0.10365E-22 
   26    0.79987E+01  0.10265E-01  0.61830E-02  0.47621E-04  0.10292E-05  0.96618E-08  0.37394E-09  0.12167E-12  0.74033E-11  0.95649E-13  0.22572E-16  0.20585E-18  0.99748E-20  0.97110E-21  0.22167E-23  0.12079E-23  0.18159E-24  0.31710E-24  0.90387E-24  0.47360E-24  0.23877E-23 
   27    0.83076E+01  0.63151E-02  0.37688E-02  0.24878E-04  0.40550E-06  0.35573E-08  0.34056E-10  0.50108E-13  0.10780E-11  0.13047E-13  0.26153E-17  0.12261E-19  0.11928E-20  0.24767E-21  0.74578E-24  0.22195E-23  0.24556E-24  0.38875E-25  0.45311E-25  0.14671E-24  0.49205E-24 
   28    0.86138E+01  0.39837E-02  0.23588E-02  0.13301E-04  0.16788E-06  0.14990E-08  0.61532E-11  0.14517E-13  0.15764E-12  0.17922E-14  0.30878E-18  0.61098E-21  0.36621E-21  0.41541E-22  0.32687E-24  0.16995E-23  0.16999E-24  0.24122E-26  0.26864E-26  0.48693E-25  0.88329E-25 
   29    0.89185E+01  0.25710E-02  0.15120E-02  0.72800E-05  0.72049E-07  0.64089E-09  0.51613E-11  0.51632E-14  0.22849E-13  0.24695E-15  0.37028E-19  0.38941E-22  0.15376E-21  0.14147E-22  0.88310E-25  0.89079E-24  0.12126E-24  0.94127E-28  0.63996E-26  0.16637E-25  0.17221E-25 
   30    0.92224E+01  0.16935E-02  0.99004E-03  0.40749E-05  0.31810E-07  0.26630E-09  0.36636E-11  0.24177E-14  0.32414E-14  0.34038E-16  0.45626E-20  0.85637E-23  0.47624E-22  0.76858E-23  0.15210E-25  0.34760E-24  0.79457E-25  0.79376E-28  0.57686E-26  0.60469E-26  0.34083E-26 
   31    0.95257E+01  0.11359E-02  0.66056E-03  0.23284E-05  0.14380E-07  0.10642E-09  0.20216E-11  0.11918E-14  0.44351E-15  0.46829E-17  0.59469E-21  0.20888E-23  0.11633E-22  0.32319E-23  0.16204E-26  0.11048E-24  0.43131E-25  0.14057E-28  0.33147E-26  0.23850E-26  0.62680E-27 
   32    0.98287E+01  0.77423E-03  0.44813E-03  0.13553E-05  0.66327E-08  0.40828E-10  0.95852E-12  0.55343E-15  0.57400E-16  0.64175E-18  0.85410E-22  0.32303E-24  0.25164E-23  0.10142E-23  0.41657E-27  0.35962E-25  0.19418E-25  0.70396E-29  0.15634E-26  0.95477E-27  0.11652E-27 
   33    0.10132E+02  0.53535E-03  0.30855E-03  0.80187E-06  0.31128E-08  0.15016E-10  0.41266E-12  0.23856E-15  0.68160E-17  0.87369E-19  0.14129E-22  0.25645E-25  0.56910E-24  0.25327E-24  0.16115E-26  0.12779E-25  0.78016E-26  0.23180E-28  0.65181E-27  0.36938E-27  0.26685E-28 
   34    0.10434E+02  0.37499E-03  0.21529E-03  0.48127E-06  0.14825E-08  0.52759E-11  0.16618E-12  0.96424E-16  0.70253E-18  0.11768E-19  0.27701E-23  0.14717E-26  0.16288E-24  0.59227E-25  0.20919E-26  0.41783E-26  0.29936E-26  0.31144E-28  0.24115E-27  0.14316E-27  0.81425E-29 
   35    0.10737E+02  0.26574E-03  0.15202E-03  0.29251E-06  0.71465E-09  0.17580E-11  0.63669E-13  0.36992E-16  0.55648E-19  0.15607E-20  0.63272E-24  0.75744E-26  0.48765E-25  0.16959E-25  0.17285E-26  0.12041E-26  0.10858E-26  0.28488E-28  0.80300E-28  0.54858E-28  0.32400E-29 
   36    0.11040E+02  0.19034E-03  0.10852E-03  0.17977E-06  0.34786E-09  0.54893E-12  0.23448E-13  0.13603E-16  0.24231E-20  0.20283E-21  0.15986E-24  0.93054E-26  0.12076E-25  0.67621E-26  0.10953E-26  0.29760E-27  0.37605E-27  0.21263E-28  0.23748E-28  0.20574E-28  0.15228E-29 
