 MPI INITIALIZED
 PARSERING OF USER INPUT
 Equilibrium bond distance: morse_re =    2.13220000000000      a.u.
 ARRAY_INI_STARTED
 STATES_SIZE_FOUND          72
 number_of_channels          12
 jmax_included           5
 BASIS ARRAYS CREATED
ARRAYS ALLOCATION TOOK TIME, s =             0.000
 TOTAL_SIZE_OF_M =          328
  MAKING AN EQUIDIST GRID	
THE SIZE OF THE Mij COMPUTED BY EACH PROCESSOR= 9
 MATRIX_INI_STARTED
 COMPUTING MATRIX ELEMENTS STARTED
 THE GRID INI
 ARRAYS ALLOCATED
 Morse Depth: morse_de =  0.403535691062146      a.u.
 Morse Width: morse_a =   1.23037900000000      a.u.
 COMPUTING VIBRATIONAL WAVE_FUNCTIONS
 GAUSS-LEGENDRE GRID DONE
Trucation #1 at #R = 19, R = 6.000, and #2 at #R = 29, R = 8.000
 SPLINING OF Mij STARTED
 SPLINING OF Mij FINISHED
 COMPUTING THE RESIDUE OF Mij
 SPLINING RESIDUE OF Mij
 SYSTEM_SETUP_DONE
MATRIX HAS BEEN SAVED INTO THE FILE  "   MTRX.DAT "
TIME SPENT ON MATRIX Mij READING/COMPUTING/SAVING ON DISK ,s       0.2
        TIME SPENT ON MATRIX Mij SAVING ON DISK ,s       0.7
 ALL WORK ON MATRIX IS DONE

real	0m11.345s
user	0m0.431s
sys	0m0.190s
