 R(i),J(i)
   1.64886666666667       3.333333333333333E-002
   1.68220000000000       3.333333333333333E-002
   1.71553333333333       3.333333333333333E-002
   1.74886666666667       3.333333333333333E-002
   1.78220000000000       3.333333333333333E-002
   1.81553333333333       3.333333333333333E-002
   1.84886666666667       3.333333333333333E-002
   1.88220000000000       3.333333333333333E-002
   1.91553333333333       3.333333333333333E-002
   1.94886666666667       3.333333333333333E-002
   1.98220000000000       3.333333333333333E-002
   2.01553333333333       3.333333333333333E-002
   2.04886666666667       3.333333333333333E-002
   2.08220000000000       3.333333333333333E-002
   2.11553333333333       3.333333333333333E-002
   2.14886666666667       3.333333333333333E-002
   2.18220000000000       3.333333333333333E-002
   2.21553333333333       3.333333333333333E-002
   2.24886666666667       3.333333333333333E-002
   2.28220000000000       3.333333333333333E-002
   2.31553333333333       3.333333333333333E-002
   2.34886666666667       3.333333333333333E-002
   2.38220000000000       3.333333333333333E-002
   2.41553333333333       3.333333333333333E-002
   2.44886666666667       3.333333333333333E-002
   2.48220000000000       3.333333333333333E-002
   2.51553333333333       3.333333333333333E-002
   2.54886666666667       3.333333333333333E-002
   2.58220000000000       3.333333333333333E-002
   2.61553333333333       3.333333333333333E-002
 WAVEFUNCTIONS ARE LISTED BELOW
 CHANNEL=           1
  3.526935427989522E-008
  4.834173862388863E-007
  5.217865992792691E-006
  4.477943660469609E-005
  3.083763043844259E-004
  1.719257267012677E-003
  7.826087900959334E-003
  2.932452002226692E-002
  9.115817338941740E-002
  0.236863712308671     
  0.518165369065308     
  0.960966327642436     
   1.52089845568560     
   2.06733586270300     
   2.42826438874122     
   2.47915487273379     
   2.21248497482144     
   1.73529741678734     
   1.20236967653042     
  0.739665980030446     
  0.405922310566149     
  0.199642287148464     
  8.838470261439921E-002
  3.537141137319757E-002
  1.284814368200209E-002
  4.252382135458388E-003
  1.287215693882890E-003
  3.576477668725767E-004
  9.152511092515186E-005
  2.164416714501615E-005
 
 CHANNEL=           2
  3.526935427989522E-008
  4.834173862388863E-007
  5.217865992792691E-006
  4.477943660469609E-005
  3.083763043844259E-004
  1.719257267012677E-003
  7.826087900959334E-003
  2.932452002226692E-002
  9.115817338941740E-002
  0.236863712308671     
  0.518165369065308     
  0.960966327642436     
   1.52089845568560     
   2.06733586270300     
   2.42826438874122     
   2.47915487273379     
   2.21248497482144     
   1.73529741678734     
   1.20236967653042     
  0.739665980030446     
  0.405922310566149     
  0.199642287148464     
  8.838470261439921E-002
  3.537141137319757E-002
  1.284814368200209E-002
  4.252382135458388E-003
  1.287215693882890E-003
  3.576477668725767E-004
  9.152511092515186E-005
  2.164416714501615E-005
 
 CHANNEL=           3
  3.526935427989522E-008
  4.834173862388863E-007
  5.217865992792691E-006
  4.477943660469609E-005
  3.083763043844259E-004
  1.719257267012677E-003
  7.826087900959334E-003
  2.932452002226692E-002
  9.115817338941740E-002
  0.236863712308671     
  0.518165369065308     
  0.960966327642436     
   1.52089845568560     
   2.06733586270300     
   2.42826438874122     
   2.47915487273379     
   2.21248497482144     
   1.73529741678734     
   1.20236967653042     
  0.739665980030446     
  0.405922310566149     
  0.199642287148464     
  8.838470261439921E-002
  3.537141137319757E-002
  1.284814368200209E-002
  4.252382135458388E-003
  1.287215693882890E-003
  3.576477668725767E-004
  9.152511092515186E-005
  2.164416714501615E-005
 
 CHANNEL=           4
  3.526935427989522E-008
  4.834173862388863E-007
  5.217865992792691E-006
  4.477943660469609E-005
  3.083763043844259E-004
  1.719257267012677E-003
  7.826087900959334E-003
  2.932452002226692E-002
  9.115817338941740E-002
  0.236863712308671     
  0.518165369065308     
  0.960966327642436     
   1.52089845568560     
   2.06733586270300     
   2.42826438874122     
   2.47915487273379     
   2.21248497482144     
   1.73529741678734     
   1.20236967653042     
  0.739665980030446     
  0.405922310566149     
  0.199642287148464     
  8.838470261439921E-002
  3.537141137319757E-002
  1.284814368200209E-002
  4.252382135458388E-003
  1.287215693882890E-003
  3.576477668725767E-004
  9.152511092515186E-005
  2.164416714501615E-005
 
 CHANNEL=           5
  3.526935427989522E-008
  4.834173862388863E-007
  5.217865992792691E-006
  4.477943660469609E-005
  3.083763043844259E-004
  1.719257267012677E-003
  7.826087900959334E-003
  2.932452002226692E-002
  9.115817338941740E-002
  0.236863712308671     
  0.518165369065308     
  0.960966327642436     
   1.52089845568560     
   2.06733586270300     
   2.42826438874122     
   2.47915487273379     
   2.21248497482144     
   1.73529741678734     
   1.20236967653042     
  0.739665980030446     
  0.405922310566149     
  0.199642287148464     
  8.838470261439921E-002
  3.537141137319757E-002
  1.284814368200209E-002
  4.252382135458388E-003
  1.287215693882890E-003
  3.576477668725767E-004
  9.152511092515186E-005
  2.164416714501615E-005
 
 CHANNEL=           6
  3.526935427989522E-008
  4.834173862388863E-007
  5.217865992792691E-006
  4.477943660469609E-005
  3.083763043844259E-004
  1.719257267012677E-003
  7.826087900959334E-003
  2.932452002226692E-002
  9.115817338941740E-002
  0.236863712308671     
  0.518165369065308     
  0.960966327642436     
   1.52089845568560     
   2.06733586270300     
   2.42826438874122     
   2.47915487273379     
   2.21248497482144     
   1.73529741678734     
   1.20236967653042     
  0.739665980030446     
  0.405922310566149     
  0.199642287148464     
  8.838470261439921E-002
  3.537141137319757E-002
  1.284814368200209E-002
  4.252382135458388E-003
  1.287215693882890E-003
  3.576477668725767E-004
  9.152511092515186E-005
  2.164416714501615E-005
 
 CHANNEL=           7
 -2.031662234330215E-007
 -2.645056511955766E-006
 -2.697974870359730E-005
 -2.174990244358384E-004
 -1.397087339454507E-003
 -7.203913965638334E-003
 -3.001736853095188E-002
 -0.101642550115791     
 -0.280880071958449     
 -0.634850436414221     
  -1.17231992756184     
  -1.75584035154554     
  -2.08919052607109     
  -1.86300803313249     
 -0.992895221111559     
  0.257809852165488     
   1.41232847749749     
   2.07380123142116     
   2.13432856290516     
   1.75997392129873     
   1.22143336199083     
  0.731690288849226     
  0.384335866006035     
  0.178996754006158     
  7.454944439239747E-002
  2.796055490883287E-002
  9.500352424399807E-003
  2.939697620290254E-003
  8.322969770159400E-004
  2.165359184915987E-004
 
 CHANNEL=           8
 -2.031662234330215E-007
 -2.645056511955766E-006
 -2.697974870359730E-005
 -2.174990244358384E-004
 -1.397087339454507E-003
 -7.203913965638334E-003
 -3.001736853095188E-002
 -0.101642550115791     
 -0.280880071958449     
 -0.634850436414221     
  -1.17231992756184     
  -1.75584035154554     
  -2.08919052607109     
  -1.86300803313249     
 -0.992895221111559     
  0.257809852165488     
   1.41232847749749     
   2.07380123142116     
   2.13432856290516     
   1.75997392129873     
   1.22143336199083     
  0.731690288849226     
  0.384335866006035     
  0.178996754006158     
  7.454944439239747E-002
  2.796055490883287E-002
  9.500352424399807E-003
  2.939697620290254E-003
  8.322969770159400E-004
  2.165359184915987E-004
 
 CHANNEL=           9
 -2.031662234330215E-007
 -2.645056511955766E-006
 -2.697974870359730E-005
 -2.174990244358384E-004
 -1.397087339454507E-003
 -7.203913965638334E-003
 -3.001736853095188E-002
 -0.101642550115791     
 -0.280880071958449     
 -0.634850436414221     
  -1.17231992756184     
  -1.75584035154554     
  -2.08919052607109     
  -1.86300803313249     
 -0.992895221111559     
  0.257809852165488     
   1.41232847749749     
   2.07380123142116     
   2.13432856290516     
   1.75997392129873     
   1.22143336199083     
  0.731690288849226     
  0.384335866006035     
  0.178996754006158     
  7.454944439239747E-002
  2.796055490883287E-002
  9.500352424399807E-003
  2.939697620290254E-003
  8.322969770159400E-004
  2.165359184915987E-004
 
 CHANNEL=          10
 -2.031662234330215E-007
 -2.645056511955766E-006
 -2.697974870359730E-005
 -2.174990244358384E-004
 -1.397087339454507E-003
 -7.203913965638334E-003
 -3.001736853095188E-002
 -0.101642550115791     
 -0.280880071958449     
 -0.634850436414221     
  -1.17231992756184     
  -1.75584035154554     
  -2.08919052607109     
  -1.86300803313249     
 -0.992895221111559     
  0.257809852165488     
   1.41232847749749     
   2.07380123142116     
   2.13432856290516     
   1.75997392129873     
   1.22143336199083     
  0.731690288849226     
  0.384335866006035     
  0.178996754006158     
  7.454944439239747E-002
  2.796055490883287E-002
  9.500352424399807E-003
  2.939697620290254E-003
  8.322969770159400E-004
  2.165359184915987E-004
 
 CHANNEL=          11
 -2.031662234330215E-007
 -2.645056511955766E-006
 -2.697974870359730E-005
 -2.174990244358384E-004
 -1.397087339454507E-003
 -7.203913965638334E-003
 -3.001736853095188E-002
 -0.101642550115791     
 -0.280880071958449     
 -0.634850436414221     
  -1.17231992756184     
  -1.75584035154554     
  -2.08919052607109     
  -1.86300803313249     
 -0.992895221111559     
  0.257809852165488     
   1.41232847749749     
   2.07380123142116     
   2.13432856290516     
   1.75997392129873     
   1.22143336199083     
  0.731690288849226     
  0.384335866006035     
  0.178996754006158     
  7.454944439239747E-002
  2.796055490883287E-002
  9.500352424399807E-003
  2.939697620290254E-003
  8.322969770159400E-004
  2.165359184915987E-004
 
 CHANNEL=          12
 -2.031662234330215E-007
 -2.645056511955766E-006
 -2.697974870359730E-005
 -2.174990244358384E-004
 -1.397087339454507E-003
 -7.203913965638334E-003
 -3.001736853095188E-002
 -0.101642550115791     
 -0.280880071958449     
 -0.634850436414221     
  -1.17231992756184     
  -1.75584035154554     
  -2.08919052607109     
  -1.86300803313249     
 -0.992895221111559     
  0.257809852165488     
   1.41232847749749     
   2.07380123142116     
   2.13432856290516     
   1.75997392129873     
   1.22143336199083     
  0.731690288849226     
  0.384335866006035     
  0.178996754006158     
  7.454944439239747E-002
  2.796055490883287E-002
  9.500352424399807E-003
  2.939697620290254E-003
  8.322969770159400E-004
  2.165359184915987E-004
 
